/home/wangjh/code/06imu_cube_calib/cube_imu_calibration/src/data_recorder_node.cpp: In constructor ‘cube_imu_calibration::DataRecorderNode::DataRecorderNode()’:
/home/wangjh/code/06imu_cube_calib/cube_imu_calibration/src/data_recorder_node.cpp:67:60: warning: ‘typename rclcpp::Service<ServiceT>::SharedPtr rclcpp::Node::create_service(const std::string&, CallbackT&&, const rmw_qos_profile_t&, rclcpp::CallbackGroup::SharedPtr) [with ServiceT = std_srvs::srv::Trigger; CallbackT = cube_imu_calibration::DataRecorderNode::DataRecorderNode()::<lambda(std::shared_ptr<std_srvs::srv::Trigger_Request_<std::allocator<void> > >, std::shared_ptr<std_srvs::srv::Trigger_Response_<std::allocator<void> > >)>; typename rclcpp::Service<ServiceT>::SharedPtr = std::shared_ptr<rclcpp::Service<std_srvs::srv::Trigger> >; std::string = std::__cxx11::basic_string<char>; rmw_qos_profile_t = rmw_qos_profile_s; rclcpp::CallbackGroup::SharedPtr = std::shared_ptr<rclcpp::CallbackGroup>]’ is deprecated: use rclcpp::QoS instead of rmw_qos_profile_t [-Wdeprecated-declarations]
   67 |     start_service_ = create_service<std_srvs::srv::Trigger>(
      |                      ~~~~~~~~~~~~~~~~~~~~~~~~~~~~~~~~~~~~~~^
   68 |       "~/start_recording",
      |       ~~~~~~~~~~~~~~~~~~~~                                  
   69 |       [this](
      |       ~~~~~~~                                               
   70 |         const std::shared_ptr<std_srvs::srv::Trigger::Request> request,
      |         ~~~~~~~~~~~~~~~~~~~~~~~~~~~~~~~~~~~~~~~~~~~~~~~~~~~~~~~~~~~~~~~
   71 |         std::shared_ptr<std_srvs::srv::Trigger::Response> response) {
      |         ~~~~~~~~~~~~~~~~~~~~~~~~~~~~~~~~~~~~~~~~~~~~~~~~~~~~~~~~~~~~~
   72 |         (void)request;
      |         ~~~~~~~~~~~~~~                                      
   73 |         startRecording(*response);
      |         ~~~~~~~~~~~~~~~~~~~~~~~~~~                          
   74 |       },
      |       ~~                                                    
   75 |       rmw_qos_profile_services_default,
      |       ~~~~~~~~~~~~~~~~~~~~~~~~~~~~~~~~~                     
   76 |       control_callback_group_);
      |       ~~~~~~~~~~~~~~~~~~~~~~~~                              
In file included from /opt/ros/jazzy/include/rclcpp/rclcpp/node.hpp:1663,
                 from /opt/ros/jazzy/include/rclcpp/rclcpp/executors/single_threaded_executor.hpp:28,
                 from /opt/ros/jazzy/include/rclcpp/rclcpp/executors.hpp:22,
                 from /opt/ros/jazzy/include/rclcpp/rclcpp/rclcpp.hpp:172,
                 from /home/wangjh/code/06imu_cube_calib/cube_imu_calibration/src/data_recorder_node.cpp:11:
/opt/ros/jazzy/include/rclcpp/rclcpp/node_impl.hpp:192:1: note: declared here
  192 | Node::create_service(
      | ^~~~
/home/wangjh/code/06imu_cube_calib/cube_imu_calibration/src/data_recorder_node.cpp:78:59: warning: ‘typename rclcpp::Service<ServiceT>::SharedPtr rclcpp::Node::create_service(const std::string&, CallbackT&&, const rmw_qos_profile_t&, rclcpp::CallbackGroup::SharedPtr) [with ServiceT = std_srvs::srv::Trigger; CallbackT = cube_imu_calibration::DataRecorderNode::DataRecorderNode()::<lambda(std::shared_ptr<std_srvs::srv::Trigger_Request_<std::allocator<void> > >, std::shared_ptr<std_srvs::srv::Trigger_Response_<std::allocator<void> > >)>; typename rclcpp::Service<ServiceT>::SharedPtr = std::shared_ptr<rclcpp::Service<std_srvs::srv::Trigger> >; std::string = std::__cxx11::basic_string<char>; rmw_qos_profile_t = rmw_qos_profile_s; rclcpp::CallbackGroup::SharedPtr = std::shared_ptr<rclcpp::CallbackGroup>]’ is deprecated: use rclcpp::QoS instead of rmw_qos_profile_t [-Wdeprecated-declarations]
   78 |     stop_service_ = create_service<std_srvs::srv::Trigger>(
      |                     ~~~~~~~~~~~~~~~~~~~~~~~~~~~~~~~~~~~~~~^
   79 |       "~/stop_recording",
      |       ~~~~~~~~~~~~~~~~~~~                                  
   80 |       [this](
      |       ~~~~~~~                                              
   81 |         const std::shared_ptr<std_srvs::srv::Trigger::Request> request,
      |         ~~~~~~~~~~~~~~~~~~~~~~~~~~~~~~~~~~~~~~~~~~~~~~~~~~~~~~~~~~~~~~~
   82 |         std::shared_ptr<std_srvs::srv::Trigger::Response> response) {
      |         ~~~~~~~~~~~~~~~~~~~~~~~~~~~~~~~~~~~~~~~~~~~~~~~~~~~~~~~~~~~~~
   83 |         (void)request;
      |         ~~~~~~~~~~~~~~                                     
   84 |         stopRecording(*response);
      |         ~~~~~~~~~~~~~~~~~~~~~~~~~                          
   85 |       },
      |       ~~                                                   
   86 |       rmw_qos_profile_services_default,
      |       ~~~~~~~~~~~~~~~~~~~~~~~~~~~~~~~~~                    
   87 |       control_callback_group_);
      |       ~~~~~~~~~~~~~~~~~~~~~~~~                             
/opt/ros/jazzy/include/rclcpp/rclcpp/node_impl.hpp:192:1: note: declared here
  192 | Node::create_service(
      | ^~~~
