[0.007s] Invoking command in '/home/wangjh/code/06imu_cube_calib/build/cube_imu_calibration': CMAKE_PREFIX_PATH=${CMAKE_PREFIX_PATH}:/opt/ros/jazzy DEBUGINFOD_URLS=https://debuginfod.ubuntu.com /usr/bin/cmake --build /home/wangjh/code/06imu_cube_calib/build/cube_imu_calibration -- -j24 -l24
[0.041s] [  1%] Built target cube_imu_calibration__rs
[0.041s] [  3%] Built target cube_imu_calibration__rosidl_generator_type_description
[0.047s] [  5%] Built target ament_cmake_python_copy_cube_imu_calibration
[0.047s] [  7%] Built target simulated_sensor_node
[0.047s] [ 13%] Built target real_sensor_node
[0.054s] [ 15%] Built target cube_imu_calibration__cpp
[0.055s] [ 30%] Built target cube_imu_calibration__rosidl_generator_c
[0.073s] [ 75%] Built target cube_imu_calibration__rosidl_typesupport_fastrtps_c
[0.073s] [ 75%] Built target cube_imu_calibration__rosidl_typesupport_introspection_c
[0.073s] [ 75%] Built target cube_imu_calibration__rosidl_typesupport_c
[0.073s] [ 76%] Built target cube_imu_calibration__rosidl_typesupport_cpp
[0.073s] [ 75%] Built target cube_imu_calibration__rosidl_typesupport_introspection_cpp
[0.073s] [ 75%] Built target cube_imu_calibration__rosidl_typesupport_fastrtps_cpp
[0.086s] [ 76%] Built target cube_imu_calibration
[0.091s] [ 78%] Building CXX object CMakeFiles/data_recorder_node.dir/src/data_recorder_node.cpp.o
[0.098s] [ 80%] Built target cube_imu_calibration__py
[0.118s] [ 86%] Built target cube_imu_calibration__rosidl_generator_py
[0.137s] [ 98%] Built target cube_imu_calibration_s__rosidl_typesupport_fastrtps_c
[0.137s] [ 98%] Built target cube_imu_calibration_s__rosidl_typesupport_introspection_c
[0.138s] [ 98%] Built target cube_imu_calibration_s__rosidl_typesupport_c
[0.181s] running egg_info
[0.189s] writing cube_imu_calibration.egg-info/PKG-INFO
[0.189s] writing dependency_links to cube_imu_calibration.egg-info/dependency_links.txt
[0.189s] writing top-level names to cube_imu_calibration.egg-info/top_level.txt
[0.211s] reading manifest file 'cube_imu_calibration.egg-info/SOURCES.txt'
[0.211s] writing manifest file 'cube_imu_calibration.egg-info/SOURCES.txt'
[0.226s] [ 98%] Built target ament_cmake_python_build_cube_imu_calibration_egg
[1.471s] /home/wangjh/code/06imu_cube_calib/cube_imu_calibration/src/data_recorder_node.cpp: In constructor ‘cube_imu_calibration::DataRecorderNode::DataRecorderNode()’:
[1.471s] /home/wangjh/code/06imu_cube_calib/cube_imu_calibration/src/data_recorder_node.cpp:67:60: warning: ‘typename rclcpp::Service<ServiceT>::SharedPtr rclcpp::Node::create_service(const std::string&, CallbackT&&, const rmw_qos_profile_t&, rclcpp::CallbackGroup::SharedPtr) [with ServiceT = std_srvs::srv::Trigger; CallbackT = cube_imu_calibration::DataRecorderNode::DataRecorderNode()::<lambda(std::shared_ptr<std_srvs::srv::Trigger_Request_<std::allocator<void> > >, std::shared_ptr<std_srvs::srv::Trigger_Response_<std::allocator<void> > >)>; typename rclcpp::Service<ServiceT>::SharedPtr = std::shared_ptr<rclcpp::Service<std_srvs::srv::Trigger> >; std::string = std::__cxx11::basic_string<char>; rmw_qos_profile_t = rmw_qos_profile_s; rclcpp::CallbackGroup::SharedPtr = std::shared_ptr<rclcpp::CallbackGroup>]’ is deprecated: use rclcpp::QoS instead of rmw_qos_profile_t [-Wdeprecated-declarations]
[1.471s]    67 |     start_service_ = create_service<std_srvs::srv::Trigger>(
[1.471s]       |                      ~~~~~~~~~~~~~~~~~~~~~~~~~~~~~~~~~~~~~~^
[1.471s]    68 |       "~/start_recording",
[1.471s]       |       ~~~~~~~~~~~~~~~~~~~~                                  
[1.471s]    69 |       [this](
[1.472s]       |       ~~~~~~~                                               
[1.472s]    70 |         const std::shared_ptr<std_srvs::srv::Trigger::Request> request,
[1.472s]       |         ~~~~~~~~~~~~~~~~~~~~~~~~~~~~~~~~~~~~~~~~~~~~~~~~~~~~~~~~~~~~~~~
[1.472s]    71 |         std::shared_ptr<std_srvs::srv::Trigger::Response> response) {
[1.472s]       |         ~~~~~~~~~~~~~~~~~~~~~~~~~~~~~~~~~~~~~~~~~~~~~~~~~~~~~~~~~~~~~
[1.472s]    72 |         (void)request;
[1.472s]       |         ~~~~~~~~~~~~~~                                      
[1.472s]    73 |         startRecording(*response);
[1.472s]       |         ~~~~~~~~~~~~~~~~~~~~~~~~~~                          
[1.472s]    74 |       },
[1.472s]       |       ~~                                                    
[1.472s]    75 |       rmw_qos_profile_services_default,
[1.472s]       |       ~~~~~~~~~~~~~~~~~~~~~~~~~~~~~~~~~                     
[1.472s]    76 |       control_callback_group_);
[1.472s]       |       ~~~~~~~~~~~~~~~~~~~~~~~~                              
[1.472s] In file included from /opt/ros/jazzy/include/rclcpp/rclcpp/node.hpp:1663,
[1.472s]                  from /opt/ros/jazzy/include/rclcpp/rclcpp/executors/single_threaded_executor.hpp:28,
[1.472s]                  from /opt/ros/jazzy/include/rclcpp/rclcpp/executors.hpp:22,
[1.472s]                  from /opt/ros/jazzy/include/rclcpp/rclcpp/rclcpp.hpp:172,
[1.472s]                  from /home/wangjh/code/06imu_cube_calib/cube_imu_calibration/src/data_recorder_node.cpp:11:
[1.472s] /opt/ros/jazzy/include/rclcpp/rclcpp/node_impl.hpp:192:1: note: declared here
[1.472s]   192 | Node::create_service(
[1.472s]       | ^~~~
[1.472s] /home/wangjh/code/06imu_cube_calib/cube_imu_calibration/src/data_recorder_node.cpp:78:59: warning: ‘typename rclcpp::Service<ServiceT>::SharedPtr rclcpp::Node::create_service(const std::string&, CallbackT&&, const rmw_qos_profile_t&, rclcpp::CallbackGroup::SharedPtr) [with ServiceT = std_srvs::srv::Trigger; CallbackT = cube_imu_calibration::DataRecorderNode::DataRecorderNode()::<lambda(std::shared_ptr<std_srvs::srv::Trigger_Request_<std::allocator<void> > >, std::shared_ptr<std_srvs::srv::Trigger_Response_<std::allocator<void> > >)>; typename rclcpp::Service<ServiceT>::SharedPtr = std::shared_ptr<rclcpp::Service<std_srvs::srv::Trigger> >; std::string = std::__cxx11::basic_string<char>; rmw_qos_profile_t = rmw_qos_profile_s; rclcpp::CallbackGroup::SharedPtr = std::shared_ptr<rclcpp::CallbackGroup>]’ is deprecated: use rclcpp::QoS instead of rmw_qos_profile_t [-Wdeprecated-declarations]
[1.472s]    78 |     stop_service_ = create_service<std_srvs::srv::Trigger>(
[1.472s]       |                     ~~~~~~~~~~~~~~~~~~~~~~~~~~~~~~~~~~~~~~^
[1.472s]    79 |       "~/stop_recording",
[1.472s]       |       ~~~~~~~~~~~~~~~~~~~                                  
[1.472s]    80 |       [this](
[1.472s]       |       ~~~~~~~                                              
[1.472s]    81 |         const std::shared_ptr<std_srvs::srv::Trigger::Request> request,
[1.472s]       |         ~~~~~~~~~~~~~~~~~~~~~~~~~~~~~~~~~~~~~~~~~~~~~~~~~~~~~~~~~~~~~~~
[1.472s]    82 |         std::shared_ptr<std_srvs::srv::Trigger::Response> response) {
[1.472s]       |         ~~~~~~~~~~~~~~~~~~~~~~~~~~~~~~~~~~~~~~~~~~~~~~~~~~~~~~~~~~~~~
[1.473s]    83 |         (void)request;
[1.473s]       |         ~~~~~~~~~~~~~~                                     
[1.473s]    84 |         stopRecording(*response);
[1.473s]       |         ~~~~~~~~~~~~~~~~~~~~~~~~~                          
[1.473s]    85 |       },
[1.473s]       |       ~~                                                   
[1.473s]    86 |       rmw_qos_profile_services_default,
[1.473s]       |       ~~~~~~~~~~~~~~~~~~~~~~~~~~~~~~~~~                    
[1.473s]    87 |       control_callback_group_);
[1.473s]       |       ~~~~~~~~~~~~~~~~~~~~~~~~                             
[1.473s] /opt/ros/jazzy/include/rclcpp/rclcpp/node_impl.hpp:192:1: note: declared here
[1.473s]   192 | Node::create_service(
[1.473s]       | ^~~~
[9.354s] [100%] Linking CXX executable data_recorder_node
[9.473s] [100%] Built target data_recorder_node
[9.480s] Invoked command in '/home/wangjh/code/06imu_cube_calib/build/cube_imu_calibration' returned '0': CMAKE_PREFIX_PATH=${CMAKE_PREFIX_PATH}:/opt/ros/jazzy DEBUGINFOD_URLS=https://debuginfod.ubuntu.com /usr/bin/cmake --build /home/wangjh/code/06imu_cube_calib/build/cube_imu_calibration -- -j24 -l24
[9.485s] Invoking command in '/home/wangjh/code/06imu_cube_calib/build/cube_imu_calibration': CMAKE_PREFIX_PATH=${CMAKE_PREFIX_PATH}:/opt/ros/jazzy DEBUGINFOD_URLS=https://debuginfod.ubuntu.com /usr/bin/cmake --install /home/wangjh/code/06imu_cube_calib/build/cube_imu_calibration
[9.489s] -- Install configuration: "Release"
[9.490s] -- Up-to-date: /home/wangjh/code/06imu_cube_calib/install/cube_imu_calibration/share/ament_index/resource_index/rosidl_interfaces/cube_imu_calibration
[9.490s] -- Up-to-date: /home/wangjh/code/06imu_cube_calib/install/cube_imu_calibration/share/cube_imu_calibration/msg/CubePose.json
[9.490s] -- Up-to-date: /home/wangjh/code/06imu_cube_calib/install/cube_imu_calibration/share/cube_imu_calibration/msg/RecorderStatus.json
[9.490s] -- Up-to-date: /home/wangjh/code/06imu_cube_calib/install/cube_imu_calibration/include/cube_imu_calibration/cube_imu_calibration
[9.490s] -- Up-to-date: /home/wangjh/code/06imu_cube_calib/install/cube_imu_calibration/include/cube_imu_calibration/cube_imu_calibration/msg
[9.490s] -- Up-to-date: /home/wangjh/code/06imu_cube_calib/install/cube_imu_calibration/include/cube_imu_calibration/cube_imu_calibration/msg/detail
[9.490s] -- Up-to-date: /home/wangjh/code/06imu_cube_calib/install/cube_imu_calibration/include/cube_imu_calibration/cube_imu_calibration/msg/detail/cube_pose__type_support.c
[9.490s] -- Up-to-date: /home/wangjh/code/06imu_cube_calib/install/cube_imu_calibration/include/cube_imu_calibration/cube_imu_calibration/msg/detail/recorder_status__struct.h
[9.490s] -- Up-to-date: /home/wangjh/code/06imu_cube_calib/install/cube_imu_calibration/include/cube_imu_calibration/cube_imu_calibration/msg/detail/cube_pose__functions.h
[9.490s] -- Up-to-date: /home/wangjh/code/06imu_cube_calib/install/cube_imu_calibration/include/cube_imu_calibration/cube_imu_calibration/msg/detail/recorder_status__functions.h
[9.490s] -- Up-to-date: /home/wangjh/code/06imu_cube_calib/install/cube_imu_calibration/include/cube_imu_calibration/cube_imu_calibration/msg/detail/recorder_status__type_support.c
[9.490s] -- Up-to-date: /home/wangjh/code/06imu_cube_calib/install/cube_imu_calibration/include/cube_imu_calibration/cube_imu_calibration/msg/detail/recorder_status__description.c
[9.490s] -- Up-to-date: /home/wangjh/code/06imu_cube_calib/install/cube_imu_calibration/include/cube_imu_calibration/cube_imu_calibration/msg/detail/cube_pose__description.c
[9.490s] -- Up-to-date: /home/wangjh/code/06imu_cube_calib/install/cube_imu_calibration/include/cube_imu_calibration/cube_imu_calibration/msg/detail/cube_pose__struct.h
[9.490s] -- Up-to-date: /home/wangjh/code/06imu_cube_calib/install/cube_imu_calibration/include/cube_imu_calibration/cube_imu_calibration/msg/detail/cube_pose__type_support.h
[9.490s] -- Up-to-date: /home/wangjh/code/06imu_cube_calib/install/cube_imu_calibration/include/cube_imu_calibration/cube_imu_calibration/msg/detail/cube_pose__functions.c
[9.490s] -- Up-to-date: /home/wangjh/code/06imu_cube_calib/install/cube_imu_calibration/include/cube_imu_calibration/cube_imu_calibration/msg/detail/recorder_status__type_support.h
[9.490s] -- Up-to-date: /home/wangjh/code/06imu_cube_calib/install/cube_imu_calibration/include/cube_imu_calibration/cube_imu_calibration/msg/detail/recorder_status__functions.c
[9.490s] -- Up-to-date: /home/wangjh/code/06imu_cube_calib/install/cube_imu_calibration/include/cube_imu_calibration/cube_imu_calibration/msg/rosidl_generator_c__visibility_control.h
[9.491s] -- Up-to-date: /home/wangjh/code/06imu_cube_calib/install/cube_imu_calibration/include/cube_imu_calibration/cube_imu_calibration/msg/cube_pose.h
[9.491s] -- Up-to-date: /home/wangjh/code/06imu_cube_calib/install/cube_imu_calibration/include/cube_imu_calibration/cube_imu_calibration/msg/recorder_status.h
[9.491s] -- Up-to-date: /home/wangjh/code/06imu_cube_calib/install/cube_imu_calibration/share/cube_imu_calibration/environment/library_path.sh
[9.491s] -- Up-to-date: /home/wangjh/code/06imu_cube_calib/install/cube_imu_calibration/share/cube_imu_calibration/environment/library_path.dsv
[9.491s] -- Up-to-date: /home/wangjh/code/06imu_cube_calib/install/cube_imu_calibration/lib/libcube_imu_calibration__rosidl_generator_c.so
[9.491s] -- Up-to-date: /home/wangjh/code/06imu_cube_calib/install/cube_imu_calibration/include/cube_imu_calibration/cube_imu_calibration
[9.491s] -- Up-to-date: /home/wangjh/code/06imu_cube_calib/install/cube_imu_calibration/include/cube_imu_calibration/cube_imu_calibration/msg
[9.491s] -- Up-to-date: /home/wangjh/code/06imu_cube_calib/install/cube_imu_calibration/include/cube_imu_calibration/cube_imu_calibration/msg/detail
[9.491s] -- Up-to-date: /home/wangjh/code/06imu_cube_calib/install/cube_imu_calibration/include/cube_imu_calibration/cube_imu_calibration/msg/detail/recorder_status__rosidl_typesupport_fastrtps_c.h
[9.491s] -- Up-to-date: /home/wangjh/code/06imu_cube_calib/install/cube_imu_calibration/include/cube_imu_calibration/cube_imu_calibration/msg/detail/cube_pose__rosidl_typesupport_fastrtps_c.h
[9.491s] -- Up-to-date: /home/wangjh/code/06imu_cube_calib/install/cube_imu_calibration/include/cube_imu_calibration/cube_imu_calibration/msg/rosidl_typesupport_fastrtps_c__visibility_control.h
[9.491s] -- Up-to-date: /home/wangjh/code/06imu_cube_calib/install/cube_imu_calibration/lib/libcube_imu_calibration__rosidl_typesupport_fastrtps_c.so
[9.491s] -- Up-to-date: /home/wangjh/code/06imu_cube_calib/install/cube_imu_calibration/include/cube_imu_calibration/cube_imu_calibration
[9.491s] -- Up-to-date: /home/wangjh/code/06imu_cube_calib/install/cube_imu_calibration/include/cube_imu_calibration/cube_imu_calibration/msg
[9.491s] -- Up-to-date: /home/wangjh/code/06imu_cube_calib/install/cube_imu_calibration/include/cube_imu_calibration/cube_imu_calibration/msg/detail
[9.491s] -- Up-to-date: /home/wangjh/code/06imu_cube_calib/install/cube_imu_calibration/include/cube_imu_calibration/cube_imu_calibration/msg/detail/cube_pose__struct.hpp
[9.491s] -- Up-to-date: /home/wangjh/code/06imu_cube_calib/install/cube_imu_calibration/include/cube_imu_calibration/cube_imu_calibration/msg/detail/cube_pose__traits.hpp
[9.491s] -- Up-to-date: /home/wangjh/code/06imu_cube_calib/install/cube_imu_calibration/include/cube_imu_calibration/cube_imu_calibration/msg/detail/recorder_status__type_support.hpp
[9.491s] -- Up-to-date: /home/wangjh/code/06imu_cube_calib/install/cube_imu_calibration/include/cube_imu_calibration/cube_imu_calibration/msg/detail/cube_pose__builder.hpp
[9.491s] -- Up-to-date: /home/wangjh/code/06imu_cube_calib/install/cube_imu_calibration/include/cube_imu_calibration/cube_imu_calibration/msg/detail/recorder_status__traits.hpp
[9.491s] -- Up-to-date: /home/wangjh/code/06imu_cube_calib/install/cube_imu_calibration/include/cube_imu_calibration/cube_imu_calibration/msg/detail/recorder_status__struct.hpp
[9.491s] -- Up-to-date: /home/wangjh/code/06imu_cube_calib/install/cube_imu_calibration/include/cube_imu_calibration/cube_imu_calibration/msg/detail/cube_pose__type_support.hpp
[9.491s] -- Up-to-date: /home/wangjh/code/06imu_cube_calib/install/cube_imu_calibration/include/cube_imu_calibration/cube_imu_calibration/msg/detail/recorder_status__builder.hpp
[9.491s] -- Up-to-date: /home/wangjh/code/06imu_cube_calib/install/cube_imu_calibration/include/cube_imu_calibration/cube_imu_calibration/msg/cube_pose.hpp
[9.491s] -- Up-to-date: /home/wangjh/code/06imu_cube_calib/install/cube_imu_calibration/include/cube_imu_calibration/cube_imu_calibration/msg/recorder_status.hpp
[9.492s] -- Up-to-date: /home/wangjh/code/06imu_cube_calib/install/cube_imu_calibration/include/cube_imu_calibration/cube_imu_calibration/msg/rosidl_generator_cpp__visibility_control.hpp
[9.492s] -- Up-to-date: /home/wangjh/code/06imu_cube_calib/install/cube_imu_calibration/include/cube_imu_calibration/cube_imu_calibration
[9.492s] -- Up-to-date: /home/wangjh/code/06imu_cube_calib/install/cube_imu_calibration/include/cube_imu_calibration/cube_imu_calibration/msg
[9.492s] -- Up-to-date: /home/wangjh/code/06imu_cube_calib/install/cube_imu_calibration/include/cube_imu_calibration/cube_imu_calibration/msg/detail
[9.492s] -- Up-to-date: /home/wangjh/code/06imu_cube_calib/install/cube_imu_calibration/include/cube_imu_calibration/cube_imu_calibration/msg/detail/dds_fastrtps
[9.492s] -- Up-to-date: /home/wangjh/code/06imu_cube_calib/install/cube_imu_calibration/include/cube_imu_calibration/cube_imu_calibration/msg/detail/cube_pose__rosidl_typesupport_fastrtps_cpp.hpp
[9.492s] -- Up-to-date: /home/wangjh/code/06imu_cube_calib/install/cube_imu_calibration/include/cube_imu_calibration/cube_imu_calibration/msg/detail/recorder_status__rosidl_typesupport_fastrtps_cpp.hpp
[9.492s] -- Up-to-date: /home/wangjh/code/06imu_cube_calib/install/cube_imu_calibration/include/cube_imu_calibration/cube_imu_calibration/msg/rosidl_typesupport_fastrtps_cpp__visibility_control.h
[9.492s] -- Up-to-date: /home/wangjh/code/06imu_cube_calib/install/cube_imu_calibration/lib/libcube_imu_calibration__rosidl_typesupport_fastrtps_cpp.so
[9.492s] -- Up-to-date: /home/wangjh/code/06imu_cube_calib/install/cube_imu_calibration/include/cube_imu_calibration/cube_imu_calibration
[9.492s] -- Up-to-date: /home/wangjh/code/06imu_cube_calib/install/cube_imu_calibration/include/cube_imu_calibration/cube_imu_calibration/msg
[9.492s] -- Up-to-date: /home/wangjh/code/06imu_cube_calib/install/cube_imu_calibration/include/cube_imu_calibration/cube_imu_calibration/msg/rosidl_typesupport_introspection_c__visibility_control.h
[9.492s] -- Up-to-date: /home/wangjh/code/06imu_cube_calib/install/cube_imu_calibration/include/cube_imu_calibration/cube_imu_calibration/msg/detail
[9.492s] -- Up-to-date: /home/wangjh/code/06imu_cube_calib/install/cube_imu_calibration/include/cube_imu_calibration/cube_imu_calibration/msg/detail/recorder_status__rosidl_typesupport_introspection_c.h
[9.492s] -- Up-to-date: /home/wangjh/code/06imu_cube_calib/install/cube_imu_calibration/include/cube_imu_calibration/cube_imu_calibration/msg/detail/cube_pose__type_support.c
[9.492s] -- Up-to-date: /home/wangjh/code/06imu_cube_calib/install/cube_imu_calibration/include/cube_imu_calibration/cube_imu_calibration/msg/detail/recorder_status__type_support.c
[9.492s] -- Up-to-date: /home/wangjh/code/06imu_cube_calib/install/cube_imu_calibration/include/cube_imu_calibration/cube_imu_calibration/msg/detail/cube_pose__rosidl_typesupport_introspection_c.h
[9.492s] -- Up-to-date: /home/wangjh/code/06imu_cube_calib/install/cube_imu_calibration/lib/libcube_imu_calibration__rosidl_typesupport_introspection_c.so
[9.492s] -- Up-to-date: /home/wangjh/code/06imu_cube_calib/install/cube_imu_calibration/lib/libcube_imu_calibration__rosidl_typesupport_c.so
[9.492s] -- Up-to-date: /home/wangjh/code/06imu_cube_calib/install/cube_imu_calibration/include/cube_imu_calibration/cube_imu_calibration
[9.492s] -- Up-to-date: /home/wangjh/code/06imu_cube_calib/install/cube_imu_calibration/include/cube_imu_calibration/cube_imu_calibration/msg
[9.492s] -- Up-to-date: /home/wangjh/code/06imu_cube_calib/install/cube_imu_calibration/include/cube_imu_calibration/cube_imu_calibration/msg/detail
[9.492s] -- Up-to-date: /home/wangjh/code/06imu_cube_calib/install/cube_imu_calibration/include/cube_imu_calibration/cube_imu_calibration/msg/detail/cube_pose__rosidl_typesupport_introspection_cpp.hpp
[9.492s] -- Up-to-date: /home/wangjh/code/06imu_cube_calib/install/cube_imu_calibration/include/cube_imu_calibration/cube_imu_calibration/msg/detail/recorder_status__rosidl_typesupport_introspection_cpp.hpp
[9.492s] -- Up-to-date: /home/wangjh/code/06imu_cube_calib/install/cube_imu_calibration/include/cube_imu_calibration/cube_imu_calibration/msg/detail/cube_pose__type_support.cpp
[9.492s] -- Up-to-date: /home/wangjh/code/06imu_cube_calib/install/cube_imu_calibration/include/cube_imu_calibration/cube_imu_calibration/msg/detail/recorder_status__type_support.cpp
[9.492s] -- Up-to-date: /home/wangjh/code/06imu_cube_calib/install/cube_imu_calibration/lib/libcube_imu_calibration__rosidl_typesupport_introspection_cpp.so
[9.492s] -- Up-to-date: /home/wangjh/code/06imu_cube_calib/install/cube_imu_calibration/lib/libcube_imu_calibration__rosidl_typesupport_cpp.so
[9.492s] -- Up-to-date: /home/wangjh/code/06imu_cube_calib/install/cube_imu_calibration/share/cube_imu_calibration/environment/pythonpath.sh
[9.492s] -- Up-to-date: /home/wangjh/code/06imu_cube_calib/install/cube_imu_calibration/share/cube_imu_calibration/environment/pythonpath.dsv
[9.492s] -- Up-to-date: /home/wangjh/code/06imu_cube_calib/install/cube_imu_calibration/lib/python3.12/site-packages/cube_imu_calibration-0.1.0-py3.12.egg-info
[9.492s] -- Installing: /home/wangjh/code/06imu_cube_calib/install/cube_imu_calibration/lib/python3.12/site-packages/cube_imu_calibration-0.1.0-py3.12.egg-info/dependency_links.txt
[9.492s] -- Installing: /home/wangjh/code/06imu_cube_calib/install/cube_imu_calibration/lib/python3.12/site-packages/cube_imu_calibration-0.1.0-py3.12.egg-info/SOURCES.txt
[9.492s] -- Installing: /home/wangjh/code/06imu_cube_calib/install/cube_imu_calibration/lib/python3.12/site-packages/cube_imu_calibration-0.1.0-py3.12.egg-info/top_level.txt
[9.492s] -- Installing: /home/wangjh/code/06imu_cube_calib/install/cube_imu_calibration/lib/python3.12/site-packages/cube_imu_calibration-0.1.0-py3.12.egg-info/PKG-INFO
[9.492s] -- Up-to-date: /home/wangjh/code/06imu_cube_calib/install/cube_imu_calibration/lib/python3.12/site-packages/cube_imu_calibration
[9.493s] -- Up-to-date: /home/wangjh/code/06imu_cube_calib/install/cube_imu_calibration/lib/python3.12/site-packages/cube_imu_calibration/_cube_imu_calibration_s.ep.rosidl_typesupport_c.c
[9.493s] -- Up-to-date: /home/wangjh/code/06imu_cube_calib/install/cube_imu_calibration/lib/python3.12/site-packages/cube_imu_calibration/_cube_imu_calibration_s.ep.rosidl_typesupport_introspection_c.c
[9.493s] -- Up-to-date: /home/wangjh/code/06imu_cube_calib/install/cube_imu_calibration/lib/python3.12/site-packages/cube_imu_calibration/__init__.py
[9.493s] -- Up-to-date: /home/wangjh/code/06imu_cube_calib/install/cube_imu_calibration/lib/python3.12/site-packages/cube_imu_calibration/cube_imu_calibration_s__rosidl_typesupport_fastrtps_c.so
[9.493s] -- Up-to-date: /home/wangjh/code/06imu_cube_calib/install/cube_imu_calibration/lib/python3.12/site-packages/cube_imu_calibration/msg
[9.493s] -- Up-to-date: /home/wangjh/code/06imu_cube_calib/install/cube_imu_calibration/lib/python3.12/site-packages/cube_imu_calibration/msg/_cube_pose.py
[9.493s] -- Up-to-date: /home/wangjh/code/06imu_cube_calib/install/cube_imu_calibration/lib/python3.12/site-packages/cube_imu_calibration/msg/_cube_pose_s.c
[9.493s] -- Up-to-date: /home/wangjh/code/06imu_cube_calib/install/cube_imu_calibration/lib/python3.12/site-packages/cube_imu_calibration/msg/__init__.py
[9.493s] -- Up-to-date: /home/wangjh/code/06imu_cube_calib/install/cube_imu_calibration/lib/python3.12/site-packages/cube_imu_calibration/msg/_recorder_status.py
[9.493s] -- Up-to-date: /home/wangjh/code/06imu_cube_calib/install/cube_imu_calibration/lib/python3.12/site-packages/cube_imu_calibration/msg/_recorder_status_s.c
[9.493s] -- Up-to-date: /home/wangjh/code/06imu_cube_calib/install/cube_imu_calibration/lib/python3.12/site-packages/cube_imu_calibration/cube_imu_calibration_s__rosidl_typesupport_introspection_c.so
[9.493s] -- Up-to-date: /home/wangjh/code/06imu_cube_calib/install/cube_imu_calibration/lib/python3.12/site-packages/cube_imu_calibration/cube_imu_calibration_s__rosidl_typesupport_c.so
[9.493s] -- Up-to-date: /home/wangjh/code/06imu_cube_calib/install/cube_imu_calibration/lib/python3.12/site-packages/cube_imu_calibration/_cube_imu_calibration_s.ep.rosidl_typesupport_fastrtps_c.c
[9.512s] Listing '/home/wangjh/code/06imu_cube_calib/install/cube_imu_calibration/lib/python3.12/site-packages/cube_imu_calibration'...
[9.513s] Listing '/home/wangjh/code/06imu_cube_calib/install/cube_imu_calibration/lib/python3.12/site-packages/cube_imu_calibration/msg'...
[9.516s] -- Up-to-date: /home/wangjh/code/06imu_cube_calib/install/cube_imu_calibration/lib/python3.12/site-packages/cube_imu_calibration/cube_imu_calibration_s__rosidl_typesupport_fastrtps_c.so
[9.516s] -- Up-to-date: /home/wangjh/code/06imu_cube_calib/install/cube_imu_calibration/lib/python3.12/site-packages/cube_imu_calibration/cube_imu_calibration_s__rosidl_typesupport_introspection_c.so
[9.516s] -- Up-to-date: /home/wangjh/code/06imu_cube_calib/install/cube_imu_calibration/lib/python3.12/site-packages/cube_imu_calibration/cube_imu_calibration_s__rosidl_typesupport_c.so
[9.516s] -- Up-to-date: /home/wangjh/code/06imu_cube_calib/install/cube_imu_calibration/lib/libcube_imu_calibration__rosidl_generator_py.so
[9.517s] -- Up-to-date: /home/wangjh/code/06imu_cube_calib/install/cube_imu_calibration/share/ament_index/resource_index/rust_packages/cube_imu_calibration
[9.517s] -- Up-to-date: /home/wangjh/code/06imu_cube_calib/install/cube_imu_calibration/share/cube_imu_calibration/rust
[9.517s] -- Up-to-date: /home/wangjh/code/06imu_cube_calib/install/cube_imu_calibration/share/cube_imu_calibration/rust/Cargo.toml
[9.517s] -- Up-to-date: /home/wangjh/code/06imu_cube_calib/install/cube_imu_calibration/share/cube_imu_calibration/rust/build.rs
[9.517s] -- Up-to-date: /home/wangjh/code/06imu_cube_calib/install/cube_imu_calibration/share/cube_imu_calibration/rust/src
[9.517s] -- Up-to-date: /home/wangjh/code/06imu_cube_calib/install/cube_imu_calibration/share/cube_imu_calibration/rust/src/lib.rs
[9.517s] -- Up-to-date: /home/wangjh/code/06imu_cube_calib/install/cube_imu_calibration/share/cube_imu_calibration/rust/src/msg
[9.517s] -- Up-to-date: /home/wangjh/code/06imu_cube_calib/install/cube_imu_calibration/share/cube_imu_calibration/rust/src/msg/rmw.rs
[9.517s] -- Up-to-date: /home/wangjh/code/06imu_cube_calib/install/cube_imu_calibration/share/cube_imu_calibration/rust/src/msg.rs
[9.517s] -- Up-to-date: /home/wangjh/code/06imu_cube_calib/install/cube_imu_calibration/share/cube_imu_calibration/msg/CubePose.idl
[9.517s] -- Up-to-date: /home/wangjh/code/06imu_cube_calib/install/cube_imu_calibration/share/cube_imu_calibration/msg/RecorderStatus.idl
[9.517s] -- Up-to-date: /home/wangjh/code/06imu_cube_calib/install/cube_imu_calibration/share/cube_imu_calibration/msg/CubePose.msg
[9.517s] -- Up-to-date: /home/wangjh/code/06imu_cube_calib/install/cube_imu_calibration/share/cube_imu_calibration/msg/RecorderStatus.msg
[9.517s] -- Installing: /home/wangjh/code/06imu_cube_calib/install/cube_imu_calibration/lib/cube_imu_calibration/data_recorder_node
[9.518s] -- Set non-toolchain portion of runtime path of "/home/wangjh/code/06imu_cube_calib/install/cube_imu_calibration/lib/cube_imu_calibration/data_recorder_node" to ""
[9.518s] -- Up-to-date: /home/wangjh/code/06imu_cube_calib/install/cube_imu_calibration/lib/cube_imu_calibration/simulated_sensor_node
[9.519s] -- Up-to-date: /home/wangjh/code/06imu_cube_calib/install/cube_imu_calibration/lib/cube_imu_calibration/real_sensor_node
[9.519s] -- Installing: /home/wangjh/code/06imu_cube_calib/install/cube_imu_calibration/lib/cube_imu_calibration/calibration_gui.py
[9.519s] -- Up-to-date: /home/wangjh/code/06imu_cube_calib/install/cube_imu_calibration/lib/cube_imu_calibration/kalibr_workflow_check.py
[9.519s] -- Up-to-date: /home/wangjh/code/06imu_cube_calib/install/cube_imu_calibration/lib/cube_imu_calibration/solve_extrinsics.py
[9.519s] -- Up-to-date: /home/wangjh/code/06imu_cube_calib/install/cube_imu_calibration/lib/cube_imu_calibration/pose_imu_calibrator.py
[9.519s] -- Up-to-date: /home/wangjh/code/06imu_cube_calib/install/cube_imu_calibration/share/cube_imu_calibration/launch
[9.519s] -- Up-to-date: /home/wangjh/code/06imu_cube_calib/install/cube_imu_calibration/share/cube_imu_calibration/launch/sim_demo_launch.py
[9.519s] -- Up-to-date: /home/wangjh/code/06imu_cube_calib/install/cube_imu_calibration/share/cube_imu_calibration/launch/gui_launch.py
[9.519s] -- Up-to-date: /home/wangjh/code/06imu_cube_calib/install/cube_imu_calibration/share/cube_imu_calibration/launch/runtime_launch.py
[9.519s] -- Up-to-date: /home/wangjh/code/06imu_cube_calib/install/cube_imu_calibration/share/cube_imu_calibration/launch/calibration_launch.py
[9.519s] -- Up-to-date: /home/wangjh/code/06imu_cube_calib/install/cube_imu_calibration/share/cube_imu_calibration/launch/__pycache__
[9.519s] -- Up-to-date: /home/wangjh/code/06imu_cube_calib/install/cube_imu_calibration/share/cube_imu_calibration/launch/__pycache__/runtime_launch.cpython-312.pyc
[9.519s] -- Installing: /home/wangjh/code/06imu_cube_calib/install/cube_imu_calibration/share/cube_imu_calibration/launch/__pycache__/gui_launch.cpython-312.pyc
[9.520s] -- Up-to-date: /home/wangjh/code/06imu_cube_calib/install/cube_imu_calibration/share/cube_imu_calibration/launch/__pycache__/calibration_launch.cpython-312.pyc
[9.520s] -- Up-to-date: /home/wangjh/code/06imu_cube_calib/install/cube_imu_calibration/share/cube_imu_calibration/config
[9.520s] -- Up-to-date: /home/wangjh/code/06imu_cube_calib/install/cube_imu_calibration/share/cube_imu_calibration/config/apriltag_params.yaml
[9.520s] -- Up-to-date: /home/wangjh/code/06imu_cube_calib/install/cube_imu_calibration/share/cube_imu_calibration/README_JAZZY.txt
[9.520s] -- Up-to-date: /home/wangjh/code/06imu_cube_calib/install/cube_imu_calibration/share/ament_index/resource_index/package_run_dependencies/cube_imu_calibration
[9.520s] -- Up-to-date: /home/wangjh/code/06imu_cube_calib/install/cube_imu_calibration/share/ament_index/resource_index/parent_prefix_path/cube_imu_calibration
[9.520s] -- Up-to-date: /home/wangjh/code/06imu_cube_calib/install/cube_imu_calibration/share/cube_imu_calibration/environment/ament_prefix_path.sh
[9.520s] -- Up-to-date: /home/wangjh/code/06imu_cube_calib/install/cube_imu_calibration/share/cube_imu_calibration/environment/ament_prefix_path.dsv
[9.520s] -- Up-to-date: /home/wangjh/code/06imu_cube_calib/install/cube_imu_calibration/share/cube_imu_calibration/environment/path.sh
[9.520s] -- Up-to-date: /home/wangjh/code/06imu_cube_calib/install/cube_imu_calibration/share/cube_imu_calibration/environment/path.dsv
[9.520s] -- Up-to-date: /home/wangjh/code/06imu_cube_calib/install/cube_imu_calibration/share/cube_imu_calibration/local_setup.bash
[9.521s] -- Up-to-date: /home/wangjh/code/06imu_cube_calib/install/cube_imu_calibration/share/cube_imu_calibration/local_setup.sh
[9.521s] -- Up-to-date: /home/wangjh/code/06imu_cube_calib/install/cube_imu_calibration/share/cube_imu_calibration/local_setup.zsh
[9.521s] -- Up-to-date: /home/wangjh/code/06imu_cube_calib/install/cube_imu_calibration/share/cube_imu_calibration/local_setup.dsv
[9.521s] -- Installing: /home/wangjh/code/06imu_cube_calib/install/cube_imu_calibration/share/cube_imu_calibration/package.dsv
[9.521s] -- Up-to-date: /home/wangjh/code/06imu_cube_calib/install/cube_imu_calibration/share/ament_index/resource_index/packages/cube_imu_calibration
[9.521s] -- Up-to-date: /home/wangjh/code/06imu_cube_calib/install/cube_imu_calibration/share/cube_imu_calibration/cmake/export_cube_imu_calibration__rosidl_generator_cExport.cmake
[9.521s] -- Up-to-date: /home/wangjh/code/06imu_cube_calib/install/cube_imu_calibration/share/cube_imu_calibration/cmake/export_cube_imu_calibration__rosidl_generator_cExport-release.cmake
[9.521s] -- Up-to-date: /home/wangjh/code/06imu_cube_calib/install/cube_imu_calibration/share/cube_imu_calibration/cmake/export_cube_imu_calibration__rosidl_typesupport_fastrtps_cExport.cmake
[9.521s] -- Up-to-date: /home/wangjh/code/06imu_cube_calib/install/cube_imu_calibration/share/cube_imu_calibration/cmake/export_cube_imu_calibration__rosidl_typesupport_fastrtps_cExport-release.cmake
[9.521s] -- Up-to-date: /home/wangjh/code/06imu_cube_calib/install/cube_imu_calibration/share/cube_imu_calibration/cmake/export_cube_imu_calibration__rosidl_generator_cppExport.cmake
[9.521s] -- Up-to-date: /home/wangjh/code/06imu_cube_calib/install/cube_imu_calibration/share/cube_imu_calibration/cmake/export_cube_imu_calibration__rosidl_typesupport_fastrtps_cppExport.cmake
[9.521s] -- Up-to-date: /home/wangjh/code/06imu_cube_calib/install/cube_imu_calibration/share/cube_imu_calibration/cmake/export_cube_imu_calibration__rosidl_typesupport_fastrtps_cppExport-release.cmake
[9.521s] -- Up-to-date: /home/wangjh/code/06imu_cube_calib/install/cube_imu_calibration/share/cube_imu_calibration/cmake/cube_imu_calibration__rosidl_typesupport_introspection_cExport.cmake
[9.521s] -- Up-to-date: /home/wangjh/code/06imu_cube_calib/install/cube_imu_calibration/share/cube_imu_calibration/cmake/cube_imu_calibration__rosidl_typesupport_introspection_cExport-release.cmake
[9.521s] -- Up-to-date: /home/wangjh/code/06imu_cube_calib/install/cube_imu_calibration/share/cube_imu_calibration/cmake/cube_imu_calibration__rosidl_typesupport_cExport.cmake
[9.521s] -- Up-to-date: /home/wangjh/code/06imu_cube_calib/install/cube_imu_calibration/share/cube_imu_calibration/cmake/cube_imu_calibration__rosidl_typesupport_cExport-release.cmake
[9.521s] -- Up-to-date: /home/wangjh/code/06imu_cube_calib/install/cube_imu_calibration/share/cube_imu_calibration/cmake/cube_imu_calibration__rosidl_typesupport_introspection_cppExport.cmake
[9.521s] -- Up-to-date: /home/wangjh/code/06imu_cube_calib/install/cube_imu_calibration/share/cube_imu_calibration/cmake/cube_imu_calibration__rosidl_typesupport_introspection_cppExport-release.cmake
[9.522s] -- Up-to-date: /home/wangjh/code/06imu_cube_calib/install/cube_imu_calibration/share/cube_imu_calibration/cmake/cube_imu_calibration__rosidl_typesupport_cppExport.cmake
[9.522s] -- Up-to-date: /home/wangjh/code/06imu_cube_calib/install/cube_imu_calibration/share/cube_imu_calibration/cmake/cube_imu_calibration__rosidl_typesupport_cppExport-release.cmake
[9.522s] -- Up-to-date: /home/wangjh/code/06imu_cube_calib/install/cube_imu_calibration/share/cube_imu_calibration/cmake/export_cube_imu_calibration__rosidl_generator_pyExport.cmake
[9.522s] -- Up-to-date: /home/wangjh/code/06imu_cube_calib/install/cube_imu_calibration/share/cube_imu_calibration/cmake/export_cube_imu_calibration__rosidl_generator_pyExport-release.cmake
[9.522s] -- Up-to-date: /home/wangjh/code/06imu_cube_calib/install/cube_imu_calibration/share/cube_imu_calibration/cmake/rosidl_cmake-extras.cmake
[9.522s] -- Up-to-date: /home/wangjh/code/06imu_cube_calib/install/cube_imu_calibration/share/cube_imu_calibration/cmake/ament_cmake_export_dependencies-extras.cmake
[9.522s] -- Up-to-date: /home/wangjh/code/06imu_cube_calib/install/cube_imu_calibration/share/cube_imu_calibration/cmake/ament_cmake_export_include_directories-extras.cmake
[9.522s] -- Up-to-date: /home/wangjh/code/06imu_cube_calib/install/cube_imu_calibration/share/cube_imu_calibration/cmake/ament_cmake_export_libraries-extras.cmake
[9.522s] -- Up-to-date: /home/wangjh/code/06imu_cube_calib/install/cube_imu_calibration/share/cube_imu_calibration/cmake/ament_cmake_export_targets-extras.cmake
[9.522s] -- Up-to-date: /home/wangjh/code/06imu_cube_calib/install/cube_imu_calibration/share/cube_imu_calibration/cmake/rosidl_cmake_export_typesupport_targets-extras.cmake
[9.522s] -- Up-to-date: /home/wangjh/code/06imu_cube_calib/install/cube_imu_calibration/share/cube_imu_calibration/cmake/rosidl_cmake_export_typesupport_libraries-extras.cmake
[9.522s] -- Up-to-date: /home/wangjh/code/06imu_cube_calib/install/cube_imu_calibration/share/cube_imu_calibration/cmake/cube_imu_calibrationConfig.cmake
[9.522s] -- Up-to-date: /home/wangjh/code/06imu_cube_calib/install/cube_imu_calibration/share/cube_imu_calibration/cmake/cube_imu_calibrationConfig-version.cmake
[9.522s] -- Up-to-date: /home/wangjh/code/06imu_cube_calib/install/cube_imu_calibration/share/cube_imu_calibration/package.xml
[9.522s] Invoked command in '/home/wangjh/code/06imu_cube_calib/build/cube_imu_calibration' returned '0': CMAKE_PREFIX_PATH=${CMAKE_PREFIX_PATH}:/opt/ros/jazzy DEBUGINFOD_URLS=https://debuginfod.ubuntu.com /usr/bin/cmake --install /home/wangjh/code/06imu_cube_calib/build/cube_imu_calibration
