[0.007s] Invoking command in '/home/wangjh/code/06imu_cube_calib /build/cube_imu_calibration': CMAKE_PREFIX_PATH=${CMAKE_PREFIX_PATH}:/opt/ros/jazzy DEBUGINFOD_URLS=https://debuginfod.ubuntu.com /usr/bin/cmake --build /home/wangjh/code/06imu_cube_calib /build/cube_imu_calibration -- -j24 -l24
[0.026s] -- Found ament_cmake: 2.5.6 (/opt/ros/jazzy/share/ament_cmake/cmake)
[0.090s] -- Found rclcpp: 28.1.18 (/opt/ros/jazzy/share/rclcpp/cmake)
[0.106s] -- Found rosidl_generator_c: 4.6.7 (/opt/ros/jazzy/share/rosidl_generator_c/cmake)
[0.111s] -- Found rosidl_generator_cpp: 4.6.7 (/opt/ros/jazzy/share/rosidl_generator_cpp/cmake)
[0.117s] -- Using all available rosidl_typesupport_c: rosidl_typesupport_fastrtps_c;rosidl_typesupport_introspection_c
[0.124s] -- Using all available rosidl_typesupport_cpp: rosidl_typesupport_fastrtps_cpp;rosidl_typesupport_introspection_cpp
[0.156s] -- Found rmw_implementation_cmake: 7.3.3 (/opt/ros/jazzy/share/rmw_implementation_cmake/cmake)
[0.157s] -- Found rmw_fastrtps_cpp: 8.4.3 (/opt/ros/jazzy/share/rmw_fastrtps_cpp/cmake)
[0.189s] -- Using RMW implementation 'rmw_fastrtps_cpp' as default
[0.219s] -- Found sensor_msgs: 5.3.7 (/opt/ros/jazzy/share/sensor_msgs/cmake)
[0.246s] -- Found std_srvs: 5.3.7 (/opt/ros/jazzy/share/std_srvs/cmake)
[0.254s] -- Found cv_bridge: 4.1.0 (/opt/ros/jazzy/share/cv_bridge/cmake)
[0.259s] -- Found rosbag2_cpp: 0.26.10 (/opt/ros/jazzy/share/rosbag2_cpp/cmake)
[0.265s] -- Setting yaml-cpp_DIR to: '/opt/ros/jazzy/share/yaml_cpp_vendor/cmake/../../../opt/yaml_cpp_vendor/share/cmake/yaml-cpp'
[0.266s] -- Found rosidl_default_generators: 1.6.0 (/opt/ros/jazzy/share/rosidl_default_generators/cmake)
[0.271s] -- Found rosidl_adapter: 4.6.7 (/opt/ros/jazzy/share/rosidl_adapter/cmake)
[0.276s] -- Performing Test CMAKE_HAVE_LIBC_PTHREAD
[0.330s] -- Performing Test CMAKE_HAVE_LIBC_PTHREAD - Success
[0.331s] -- Found Threads: TRUE  
[0.492s] -- Found ament_cmake_ros: 0.12.0 (/opt/ros/jazzy/share/ament_cmake_ros/cmake)
[0.657s] -- Using all available rosidl_typesupport_c: rosidl_typesupport_fastrtps_c;rosidl_typesupport_introspection_c
[0.721s] -- Using all available rosidl_typesupport_cpp: rosidl_typesupport_fastrtps_cpp;rosidl_typesupport_introspection_cpp
[0.722s] -- Found python_cmake_module: 0.11.1 (/opt/ros/jazzy/share/python_cmake_module/cmake)
[0.873s] -- Found Python3: /usr/bin/python3 (found version "3.12.3") found components: Interpreter Development NumPy Development.Module Development.Embed 
[0.924s] -- Found Python3: /usr/bin/python3 (found version "3.12.3") found components: Interpreter 
[0.931s] -- Configuring done (0.9s)
[0.968s] -- Generating done (0.0s)
[0.977s] -- Build files have been written to: /home/wangjh/code/06imu_cube_calib /build/cube_imu_calibration
[1.003s] [  1%] Built target cube_imu_calibration__rosidl_generator_type_description
[1.004s] [  3%] Built target cube_imu_calibration__rs
[1.004s] [  5%] Building CXX object CMakeFiles/real_sensor_node.dir/src/real_sensor_node.cpp.o
[1.005s] [  7%] Building CXX object CMakeFiles/real_sensor_node.dir/src/serial_imu_reader.cpp.o
[1.009s] [  7%] Built target ament_cmake_python_copy_cube_imu_calibration
[1.011s] [ 11%] Built target simulated_sensor_node
[1.018s] [ 13%] Built target cube_imu_calibration__cpp
[1.020s] [ 28%] Built target cube_imu_calibration__rosidl_generator_c
[1.037s] [ 42%] Built target cube_imu_calibration__rosidl_typesupport_c
[1.037s] [ 44%] Built target cube_imu_calibration__rosidl_typesupport_introspection_c
[1.038s] [ 51%] Built target cube_imu_calibration__rosidl_typesupport_cpp
[1.038s] [ 75%] Built target cube_imu_calibration__rosidl_typesupport_introspection_cpp
[1.038s] [ 75%] Built target cube_imu_calibration__rosidl_typesupport_fastrtps_cpp
[1.038s] [ 75%] Built target cube_imu_calibration__rosidl_typesupport_fastrtps_c
[1.053s] [ 75%] Built target cube_imu_calibration
[1.059s] [ 78%] Built target data_recorder_node
[1.067s] [ 80%] Built target cube_imu_calibration__py
[1.082s] [ 86%] Built target cube_imu_calibration__rosidl_generator_py
[1.101s] [ 94%] Built target cube_imu_calibration_s__rosidl_typesupport_c
[1.101s] [ 98%] Built target cube_imu_calibration_s__rosidl_typesupport_fastrtps_c
[1.101s] [ 98%] Built target cube_imu_calibration_s__rosidl_typesupport_introspection_c
[1.142s] running egg_info
[1.152s] writing cube_imu_calibration.egg-info/PKG-INFO
[1.152s] writing dependency_links to cube_imu_calibration.egg-info/dependency_links.txt
[1.152s] writing top-level names to cube_imu_calibration.egg-info/top_level.txt
[1.177s] reading manifest file 'cube_imu_calibration.egg-info/SOURCES.txt'
[1.178s] writing manifest file 'cube_imu_calibration.egg-info/SOURCES.txt'
[1.196s] [ 98%] Built target ament_cmake_python_build_cube_imu_calibration_egg
[7.060s] [100%] Linking CXX executable real_sensor_node
[7.271s] [100%] Built target real_sensor_node
[7.280s] Invoked command in '/home/wangjh/code/06imu_cube_calib /build/cube_imu_calibration' returned '0': CMAKE_PREFIX_PATH=${CMAKE_PREFIX_PATH}:/opt/ros/jazzy DEBUGINFOD_URLS=https://debuginfod.ubuntu.com /usr/bin/cmake --build /home/wangjh/code/06imu_cube_calib /build/cube_imu_calibration -- -j24 -l24
[7.285s] Invoking command in '/home/wangjh/code/06imu_cube_calib /build/cube_imu_calibration': CMAKE_PREFIX_PATH=${CMAKE_PREFIX_PATH}:/opt/ros/jazzy DEBUGINFOD_URLS=https://debuginfod.ubuntu.com /usr/bin/cmake --install /home/wangjh/code/06imu_cube_calib /build/cube_imu_calibration
[7.289s] -- Install configuration: "Release"
[7.289s] -- Up-to-date: /home/wangjh/code/06imu_cube_calib /install/cube_imu_calibration/share/ament_index/resource_index/rosidl_interfaces/cube_imu_calibration
[7.290s] -- Up-to-date: /home/wangjh/code/06imu_cube_calib /install/cube_imu_calibration/share/cube_imu_calibration/msg/CubePose.json
[7.290s] -- Up-to-date: /home/wangjh/code/06imu_cube_calib /install/cube_imu_calibration/share/cube_imu_calibration/msg/RecorderStatus.json
[7.290s] -- Up-to-date: /home/wangjh/code/06imu_cube_calib /install/cube_imu_calibration/include/cube_imu_calibration/cube_imu_calibration
[7.290s] -- Up-to-date: /home/wangjh/code/06imu_cube_calib /install/cube_imu_calibration/include/cube_imu_calibration/cube_imu_calibration/msg
[7.290s] -- Up-to-date: /home/wangjh/code/06imu_cube_calib /install/cube_imu_calibration/include/cube_imu_calibration/cube_imu_calibration/msg/detail
[7.290s] -- Up-to-date: /home/wangjh/code/06imu_cube_calib /install/cube_imu_calibration/include/cube_imu_calibration/cube_imu_calibration/msg/detail/cube_pose__type_support.c
[7.290s] -- Up-to-date: /home/wangjh/code/06imu_cube_calib /install/cube_imu_calibration/include/cube_imu_calibration/cube_imu_calibration/msg/detail/recorder_status__struct.h
[7.290s] -- Up-to-date: /home/wangjh/code/06imu_cube_calib /install/cube_imu_calibration/include/cube_imu_calibration/cube_imu_calibration/msg/detail/cube_pose__functions.h
[7.290s] -- Up-to-date: /home/wangjh/code/06imu_cube_calib /install/cube_imu_calibration/include/cube_imu_calibration/cube_imu_calibration/msg/detail/recorder_status__functions.h
[7.290s] -- Up-to-date: /home/wangjh/code/06imu_cube_calib /install/cube_imu_calibration/include/cube_imu_calibration/cube_imu_calibration/msg/detail/recorder_status__type_support.c
[7.290s] -- Up-to-date: /home/wangjh/code/06imu_cube_calib /install/cube_imu_calibration/include/cube_imu_calibration/cube_imu_calibration/msg/detail/recorder_status__description.c
[7.290s] -- Up-to-date: /home/wangjh/code/06imu_cube_calib /install/cube_imu_calibration/include/cube_imu_calibration/cube_imu_calibration/msg/detail/cube_pose__description.c
[7.290s] -- Up-to-date: /home/wangjh/code/06imu_cube_calib /install/cube_imu_calibration/include/cube_imu_calibration/cube_imu_calibration/msg/detail/cube_pose__struct.h
[7.290s] -- Up-to-date: /home/wangjh/code/06imu_cube_calib /install/cube_imu_calibration/include/cube_imu_calibration/cube_imu_calibration/msg/detail/cube_pose__type_support.h
[7.291s] -- Up-to-date: /home/wangjh/code/06imu_cube_calib /install/cube_imu_calibration/include/cube_imu_calibration/cube_imu_calibration/msg/detail/cube_pose__functions.c
[7.291s] -- Up-to-date: /home/wangjh/code/06imu_cube_calib /install/cube_imu_calibration/include/cube_imu_calibration/cube_imu_calibration/msg/detail/recorder_status__type_support.h
[7.291s] -- Up-to-date: /home/wangjh/code/06imu_cube_calib /install/cube_imu_calibration/include/cube_imu_calibration/cube_imu_calibration/msg/detail/recorder_status__functions.c
[7.291s] -- Up-to-date: /home/wangjh/code/06imu_cube_calib /install/cube_imu_calibration/include/cube_imu_calibration/cube_imu_calibration/msg/rosidl_generator_c__visibility_control.h
[7.291s] -- Up-to-date: /home/wangjh/code/06imu_cube_calib /install/cube_imu_calibration/include/cube_imu_calibration/cube_imu_calibration/msg/cube_pose.h
[7.291s] -- Up-to-date: /home/wangjh/code/06imu_cube_calib /install/cube_imu_calibration/include/cube_imu_calibration/cube_imu_calibration/msg/recorder_status.h
[7.291s] -- Up-to-date: /home/wangjh/code/06imu_cube_calib /install/cube_imu_calibration/share/cube_imu_calibration/environment/library_path.sh
[7.291s] -- Up-to-date: /home/wangjh/code/06imu_cube_calib /install/cube_imu_calibration/share/cube_imu_calibration/environment/library_path.dsv
[7.291s] -- Up-to-date: /home/wangjh/code/06imu_cube_calib /install/cube_imu_calibration/lib/libcube_imu_calibration__rosidl_generator_c.so
[7.291s] -- Up-to-date: /home/wangjh/code/06imu_cube_calib /install/cube_imu_calibration/include/cube_imu_calibration/cube_imu_calibration
[7.291s] -- Up-to-date: /home/wangjh/code/06imu_cube_calib /install/cube_imu_calibration/include/cube_imu_calibration/cube_imu_calibration/msg
[7.291s] -- Up-to-date: /home/wangjh/code/06imu_cube_calib /install/cube_imu_calibration/include/cube_imu_calibration/cube_imu_calibration/msg/detail
[7.291s] -- Up-to-date: /home/wangjh/code/06imu_cube_calib /install/cube_imu_calibration/include/cube_imu_calibration/cube_imu_calibration/msg/detail/recorder_status__rosidl_typesupport_fastrtps_c.h
[7.291s] -- Up-to-date: /home/wangjh/code/06imu_cube_calib /install/cube_imu_calibration/include/cube_imu_calibration/cube_imu_calibration/msg/detail/cube_pose__rosidl_typesupport_fastrtps_c.h
[7.291s] -- Up-to-date: /home/wangjh/code/06imu_cube_calib /install/cube_imu_calibration/include/cube_imu_calibration/cube_imu_calibration/msg/rosidl_typesupport_fastrtps_c__visibility_control.h
[7.291s] -- Up-to-date: /home/wangjh/code/06imu_cube_calib /install/cube_imu_calibration/lib/libcube_imu_calibration__rosidl_typesupport_fastrtps_c.so
[7.291s] -- Up-to-date: /home/wangjh/code/06imu_cube_calib /install/cube_imu_calibration/include/cube_imu_calibration/cube_imu_calibration
[7.291s] -- Up-to-date: /home/wangjh/code/06imu_cube_calib /install/cube_imu_calibration/include/cube_imu_calibration/cube_imu_calibration/msg
[7.291s] -- Up-to-date: /home/wangjh/code/06imu_cube_calib /install/cube_imu_calibration/include/cube_imu_calibration/cube_imu_calibration/msg/detail
[7.291s] -- Up-to-date: /home/wangjh/code/06imu_cube_calib /install/cube_imu_calibration/include/cube_imu_calibration/cube_imu_calibration/msg/detail/cube_pose__struct.hpp
[7.292s] -- Up-to-date: /home/wangjh/code/06imu_cube_calib /install/cube_imu_calibration/include/cube_imu_calibration/cube_imu_calibration/msg/detail/cube_pose__traits.hpp
[7.292s] -- Up-to-date: /home/wangjh/code/06imu_cube_calib /install/cube_imu_calibration/include/cube_imu_calibration/cube_imu_calibration/msg/detail/recorder_status__type_support.hpp
[7.292s] -- Up-to-date: /home/wangjh/code/06imu_cube_calib /install/cube_imu_calibration/include/cube_imu_calibration/cube_imu_calibration/msg/detail/cube_pose__builder.hpp
[7.292s] -- Up-to-date: /home/wangjh/code/06imu_cube_calib /install/cube_imu_calibration/include/cube_imu_calibration/cube_imu_calibration/msg/detail/recorder_status__traits.hpp
[7.292s] -- Up-to-date: /home/wangjh/code/06imu_cube_calib /install/cube_imu_calibration/include/cube_imu_calibration/cube_imu_calibration/msg/detail/recorder_status__struct.hpp
[7.292s] -- Up-to-date: /home/wangjh/code/06imu_cube_calib /install/cube_imu_calibration/include/cube_imu_calibration/cube_imu_calibration/msg/detail/cube_pose__type_support.hpp
[7.292s] -- Up-to-date: /home/wangjh/code/06imu_cube_calib /install/cube_imu_calibration/include/cube_imu_calibration/cube_imu_calibration/msg/detail/recorder_status__builder.hpp
[7.292s] -- Up-to-date: /home/wangjh/code/06imu_cube_calib /install/cube_imu_calibration/include/cube_imu_calibration/cube_imu_calibration/msg/cube_pose.hpp
[7.292s] -- Up-to-date: /home/wangjh/code/06imu_cube_calib /install/cube_imu_calibration/include/cube_imu_calibration/cube_imu_calibration/msg/recorder_status.hpp
[7.292s] -- Up-to-date: /home/wangjh/code/06imu_cube_calib /install/cube_imu_calibration/include/cube_imu_calibration/cube_imu_calibration/msg/rosidl_generator_cpp__visibility_control.hpp
[7.292s] -- Up-to-date: /home/wangjh/code/06imu_cube_calib /install/cube_imu_calibration/include/cube_imu_calibration/cube_imu_calibration
[7.292s] -- Up-to-date: /home/wangjh/code/06imu_cube_calib /install/cube_imu_calibration/include/cube_imu_calibration/cube_imu_calibration/msg
[7.292s] -- Up-to-date: /home/wangjh/code/06imu_cube_calib /install/cube_imu_calibration/include/cube_imu_calibration/cube_imu_calibration/msg/detail
[7.292s] -- Up-to-date: /home/wangjh/code/06imu_cube_calib /install/cube_imu_calibration/include/cube_imu_calibration/cube_imu_calibration/msg/detail/dds_fastrtps
[7.292s] -- Up-to-date: /home/wangjh/code/06imu_cube_calib /install/cube_imu_calibration/include/cube_imu_calibration/cube_imu_calibration/msg/detail/cube_pose__rosidl_typesupport_fastrtps_cpp.hpp
[7.292s] -- Up-to-date: /home/wangjh/code/06imu_cube_calib /install/cube_imu_calibration/include/cube_imu_calibration/cube_imu_calibration/msg/detail/recorder_status__rosidl_typesupport_fastrtps_cpp.hpp
[7.292s] -- Up-to-date: /home/wangjh/code/06imu_cube_calib /install/cube_imu_calibration/include/cube_imu_calibration/cube_imu_calibration/msg/rosidl_typesupport_fastrtps_cpp__visibility_control.h
[7.292s] -- Up-to-date: /home/wangjh/code/06imu_cube_calib /install/cube_imu_calibration/lib/libcube_imu_calibration__rosidl_typesupport_fastrtps_cpp.so
[7.292s] -- Up-to-date: /home/wangjh/code/06imu_cube_calib /install/cube_imu_calibration/include/cube_imu_calibration/cube_imu_calibration
[7.292s] -- Up-to-date: /home/wangjh/code/06imu_cube_calib /install/cube_imu_calibration/include/cube_imu_calibration/cube_imu_calibration/msg
[7.292s] -- Up-to-date: /home/wangjh/code/06imu_cube_calib /install/cube_imu_calibration/include/cube_imu_calibration/cube_imu_calibration/msg/rosidl_typesupport_introspection_c__visibility_control.h
[7.292s] -- Up-to-date: /home/wangjh/code/06imu_cube_calib /install/cube_imu_calibration/include/cube_imu_calibration/cube_imu_calibration/msg/detail
[7.292s] -- Up-to-date: /home/wangjh/code/06imu_cube_calib /install/cube_imu_calibration/include/cube_imu_calibration/cube_imu_calibration/msg/detail/recorder_status__rosidl_typesupport_introspection_c.h
[7.292s] -- Up-to-date: /home/wangjh/code/06imu_cube_calib /install/cube_imu_calibration/include/cube_imu_calibration/cube_imu_calibration/msg/detail/cube_pose__type_support.c
[7.292s] -- Up-to-date: /home/wangjh/code/06imu_cube_calib /install/cube_imu_calibration/include/cube_imu_calibration/cube_imu_calibration/msg/detail/recorder_status__type_support.c
[7.292s] -- Up-to-date: /home/wangjh/code/06imu_cube_calib /install/cube_imu_calibration/include/cube_imu_calibration/cube_imu_calibration/msg/detail/cube_pose__rosidl_typesupport_introspection_c.h
[7.293s] -- Up-to-date: /home/wangjh/code/06imu_cube_calib /install/cube_imu_calibration/lib/libcube_imu_calibration__rosidl_typesupport_introspection_c.so
[7.293s] -- Up-to-date: /home/wangjh/code/06imu_cube_calib /install/cube_imu_calibration/lib/libcube_imu_calibration__rosidl_typesupport_c.so
[7.293s] -- Up-to-date: /home/wangjh/code/06imu_cube_calib /install/cube_imu_calibration/include/cube_imu_calibration/cube_imu_calibration
[7.293s] -- Up-to-date: /home/wangjh/code/06imu_cube_calib /install/cube_imu_calibration/include/cube_imu_calibration/cube_imu_calibration/msg
[7.293s] -- Up-to-date: /home/wangjh/code/06imu_cube_calib /install/cube_imu_calibration/include/cube_imu_calibration/cube_imu_calibration/msg/detail
[7.293s] -- Up-to-date: /home/wangjh/code/06imu_cube_calib /install/cube_imu_calibration/include/cube_imu_calibration/cube_imu_calibration/msg/detail/cube_pose__rosidl_typesupport_introspection_cpp.hpp
[7.293s] -- Up-to-date: /home/wangjh/code/06imu_cube_calib /install/cube_imu_calibration/include/cube_imu_calibration/cube_imu_calibration/msg/detail/recorder_status__rosidl_typesupport_introspection_cpp.hpp
[7.293s] -- Up-to-date: /home/wangjh/code/06imu_cube_calib /install/cube_imu_calibration/include/cube_imu_calibration/cube_imu_calibration/msg/detail/cube_pose__type_support.cpp
[7.293s] -- Up-to-date: /home/wangjh/code/06imu_cube_calib /install/cube_imu_calibration/include/cube_imu_calibration/cube_imu_calibration/msg/detail/recorder_status__type_support.cpp
[7.293s] -- Up-to-date: /home/wangjh/code/06imu_cube_calib /install/cube_imu_calibration/lib/libcube_imu_calibration__rosidl_typesupport_introspection_cpp.so
[7.293s] -- Up-to-date: /home/wangjh/code/06imu_cube_calib /install/cube_imu_calibration/lib/libcube_imu_calibration__rosidl_typesupport_cpp.so
[7.293s] -- Up-to-date: /home/wangjh/code/06imu_cube_calib /install/cube_imu_calibration/share/cube_imu_calibration/environment/pythonpath.sh
[7.293s] -- Up-to-date: /home/wangjh/code/06imu_cube_calib /install/cube_imu_calibration/share/cube_imu_calibration/environment/pythonpath.dsv
[7.293s] -- Up-to-date: /home/wangjh/code/06imu_cube_calib /install/cube_imu_calibration/lib/python3.12/site-packages/cube_imu_calibration-0.1.0-py3.12.egg-info
[7.293s] -- Installing: /home/wangjh/code/06imu_cube_calib /install/cube_imu_calibration/lib/python3.12/site-packages/cube_imu_calibration-0.1.0-py3.12.egg-info/dependency_links.txt
[7.293s] -- Installing: /home/wangjh/code/06imu_cube_calib /install/cube_imu_calibration/lib/python3.12/site-packages/cube_imu_calibration-0.1.0-py3.12.egg-info/SOURCES.txt
[7.293s] -- Installing: /home/wangjh/code/06imu_cube_calib /install/cube_imu_calibration/lib/python3.12/site-packages/cube_imu_calibration-0.1.0-py3.12.egg-info/top_level.txt
[7.293s] -- Installing: /home/wangjh/code/06imu_cube_calib /install/cube_imu_calibration/lib/python3.12/site-packages/cube_imu_calibration-0.1.0-py3.12.egg-info/PKG-INFO
[7.293s] -- Up-to-date: /home/wangjh/code/06imu_cube_calib /install/cube_imu_calibration/lib/python3.12/site-packages/cube_imu_calibration
[7.293s] -- Up-to-date: /home/wangjh/code/06imu_cube_calib /install/cube_imu_calibration/lib/python3.12/site-packages/cube_imu_calibration/_cube_imu_calibration_s.ep.rosidl_typesupport_c.c
[7.293s] -- Up-to-date: /home/wangjh/code/06imu_cube_calib /install/cube_imu_calibration/lib/python3.12/site-packages/cube_imu_calibration/_cube_imu_calibration_s.ep.rosidl_typesupport_introspection_c.c
[7.293s] -- Installing: /home/wangjh/code/06imu_cube_calib /install/cube_imu_calibration/lib/python3.12/site-packages/cube_imu_calibration/__init__.py
[7.293s] -- Up-to-date: /home/wangjh/code/06imu_cube_calib /install/cube_imu_calibration/lib/python3.12/site-packages/cube_imu_calibration/cube_imu_calibration_s__rosidl_typesupport_fastrtps_c.so
[7.293s] -- Up-to-date: /home/wangjh/code/06imu_cube_calib /install/cube_imu_calibration/lib/python3.12/site-packages/cube_imu_calibration/msg
[7.293s] -- Up-to-date: /home/wangjh/code/06imu_cube_calib /install/cube_imu_calibration/lib/python3.12/site-packages/cube_imu_calibration/msg/_cube_pose.py
[7.293s] -- Up-to-date: /home/wangjh/code/06imu_cube_calib /install/cube_imu_calibration/lib/python3.12/site-packages/cube_imu_calibration/msg/_cube_pose_s.c
[7.293s] -- Up-to-date: /home/wangjh/code/06imu_cube_calib /install/cube_imu_calibration/lib/python3.12/site-packages/cube_imu_calibration/msg/__init__.py
[7.293s] -- Up-to-date: /home/wangjh/code/06imu_cube_calib /install/cube_imu_calibration/lib/python3.12/site-packages/cube_imu_calibration/msg/_recorder_status.py
[7.294s] -- Up-to-date: /home/wangjh/code/06imu_cube_calib /install/cube_imu_calibration/lib/python3.12/site-packages/cube_imu_calibration/msg/_recorder_status_s.c
[7.294s] -- Up-to-date: /home/wangjh/code/06imu_cube_calib /install/cube_imu_calibration/lib/python3.12/site-packages/cube_imu_calibration/cube_imu_calibration_s__rosidl_typesupport_introspection_c.so
[7.294s] -- Up-to-date: /home/wangjh/code/06imu_cube_calib /install/cube_imu_calibration/lib/python3.12/site-packages/cube_imu_calibration/cube_imu_calibration_s__rosidl_typesupport_c.so
[7.294s] -- Up-to-date: /home/wangjh/code/06imu_cube_calib /install/cube_imu_calibration/lib/python3.12/site-packages/cube_imu_calibration/_cube_imu_calibration_s.ep.rosidl_typesupport_fastrtps_c.c
[7.313s] Listing '/home/wangjh/code/06imu_cube_calib /install/cube_imu_calibration/lib/python3.12/site-packages/cube_imu_calibration'...
[7.313s] Compiling '/home/wangjh/code/06imu_cube_calib /install/cube_imu_calibration/lib/python3.12/site-packages/cube_imu_calibration/__init__.py'...
[7.313s] Listing '/home/wangjh/code/06imu_cube_calib /install/cube_imu_calibration/lib/python3.12/site-packages/cube_imu_calibration/msg'...
[7.316s] -- Up-to-date: /home/wangjh/code/06imu_cube_calib /install/cube_imu_calibration/lib/python3.12/site-packages/cube_imu_calibration/cube_imu_calibration_s__rosidl_typesupport_fastrtps_c.so
[7.316s] -- Up-to-date: /home/wangjh/code/06imu_cube_calib /install/cube_imu_calibration/lib/python3.12/site-packages/cube_imu_calibration/cube_imu_calibration_s__rosidl_typesupport_introspection_c.so
[7.316s] -- Up-to-date: /home/wangjh/code/06imu_cube_calib /install/cube_imu_calibration/lib/python3.12/site-packages/cube_imu_calibration/cube_imu_calibration_s__rosidl_typesupport_c.so
[7.316s] -- Up-to-date: /home/wangjh/code/06imu_cube_calib /install/cube_imu_calibration/lib/libcube_imu_calibration__rosidl_generator_py.so
[7.317s] -- Up-to-date: /home/wangjh/code/06imu_cube_calib /install/cube_imu_calibration/share/ament_index/resource_index/rust_packages/cube_imu_calibration
[7.317s] -- Up-to-date: /home/wangjh/code/06imu_cube_calib /install/cube_imu_calibration/share/cube_imu_calibration/rust
[7.317s] -- Up-to-date: /home/wangjh/code/06imu_cube_calib /install/cube_imu_calibration/share/cube_imu_calibration/rust/Cargo.toml
[7.317s] -- Up-to-date: /home/wangjh/code/06imu_cube_calib /install/cube_imu_calibration/share/cube_imu_calibration/rust/build.rs
[7.317s] -- Up-to-date: /home/wangjh/code/06imu_cube_calib /install/cube_imu_calibration/share/cube_imu_calibration/rust/src
[7.317s] -- Up-to-date: /home/wangjh/code/06imu_cube_calib /install/cube_imu_calibration/share/cube_imu_calibration/rust/src/lib.rs
[7.317s] -- Up-to-date: /home/wangjh/code/06imu_cube_calib /install/cube_imu_calibration/share/cube_imu_calibration/rust/src/msg
[7.317s] -- Up-to-date: /home/wangjh/code/06imu_cube_calib /install/cube_imu_calibration/share/cube_imu_calibration/rust/src/msg/rmw.rs
[7.317s] -- Up-to-date: /home/wangjh/code/06imu_cube_calib /install/cube_imu_calibration/share/cube_imu_calibration/rust/src/msg.rs
[7.317s] -- Up-to-date: /home/wangjh/code/06imu_cube_calib /install/cube_imu_calibration/share/cube_imu_calibration/msg/CubePose.idl
[7.317s] -- Up-to-date: /home/wangjh/code/06imu_cube_calib /install/cube_imu_calibration/share/cube_imu_calibration/msg/RecorderStatus.idl
[7.317s] -- Up-to-date: /home/wangjh/code/06imu_cube_calib /install/cube_imu_calibration/share/cube_imu_calibration/msg/CubePose.msg
[7.317s] -- Up-to-date: /home/wangjh/code/06imu_cube_calib /install/cube_imu_calibration/share/cube_imu_calibration/msg/RecorderStatus.msg
[7.317s] -- Up-to-date: /home/wangjh/code/06imu_cube_calib /install/cube_imu_calibration/lib/cube_imu_calibration/data_recorder_node
[7.317s] -- Up-to-date: /home/wangjh/code/06imu_cube_calib /install/cube_imu_calibration/lib/cube_imu_calibration/simulated_sensor_node
[7.317s] -- Installing: /home/wangjh/code/06imu_cube_calib /install/cube_imu_calibration/lib/cube_imu_calibration/real_sensor_node
[7.317s] -- Set non-toolchain portion of runtime path of "/home/wangjh/code/06imu_cube_calib /install/cube_imu_calibration/lib/cube_imu_calibration/real_sensor_node" to "/home/wangjh/code/01历史代码/00历史代码/orbslam3_light/hardware/camera/orbbec_gemini_335/linux/third_party/pyorbbecsdk/sdk/lib/linux_x64"
[7.317s] -- Installing: /home/wangjh/code/06imu_cube_calib /install/cube_imu_calibration/lib/cube_imu_calibration/calibration_gui.py
[7.318s] -- Up-to-date: /home/wangjh/code/06imu_cube_calib /install/cube_imu_calibration/lib/cube_imu_calibration/solve_extrinsics.py
[7.318s] -- Up-to-date: /home/wangjh/code/06imu_cube_calib /install/cube_imu_calibration/lib/cube_imu_calibration/pose_imu_calibrator.py
[7.318s] -- Up-to-date: /home/wangjh/code/06imu_cube_calib /install/cube_imu_calibration/share/cube_imu_calibration/launch
[7.318s] -- Up-to-date: /home/wangjh/code/06imu_cube_calib /install/cube_imu_calibration/share/cube_imu_calibration/launch/sim_demo_launch.py
[7.318s] -- Installing: /home/wangjh/code/06imu_cube_calib /install/cube_imu_calibration/share/cube_imu_calibration/launch/gui_launch.py
[7.318s] -- Installing: /home/wangjh/code/06imu_cube_calib /install/cube_imu_calibration/share/cube_imu_calibration/launch/runtime_launch.py
[7.318s] -- Installing: /home/wangjh/code/06imu_cube_calib /install/cube_imu_calibration/share/cube_imu_calibration/launch/calibration_launch.py
[7.318s] -- Up-to-date: /home/wangjh/code/06imu_cube_calib /install/cube_imu_calibration/share/cube_imu_calibration/config
[7.318s] -- Installing: /home/wangjh/code/06imu_cube_calib /install/cube_imu_calibration/share/cube_imu_calibration/config/apriltag_params.yaml
[7.318s] -- Up-to-date: /home/wangjh/code/06imu_cube_calib /install/cube_imu_calibration/share/cube_imu_calibration/README_JAZZY.txt
[7.318s] -- Installing: /home/wangjh/code/06imu_cube_calib /install/cube_imu_calibration/share/ament_index/resource_index/package_run_dependencies/cube_imu_calibration
[7.318s] -- Up-to-date: /home/wangjh/code/06imu_cube_calib /install/cube_imu_calibration/share/ament_index/resource_index/parent_prefix_path/cube_imu_calibration
[7.318s] -- Up-to-date: /home/wangjh/code/06imu_cube_calib /install/cube_imu_calibration/share/cube_imu_calibration/environment/ament_prefix_path.sh
[7.318s] -- Up-to-date: /home/wangjh/code/06imu_cube_calib /install/cube_imu_calibration/share/cube_imu_calibration/environment/ament_prefix_path.dsv
[7.318s] -- Up-to-date: /home/wangjh/code/06imu_cube_calib /install/cube_imu_calibration/share/cube_imu_calibration/environment/path.sh
[7.318s] -- Up-to-date: /home/wangjh/code/06imu_cube_calib /install/cube_imu_calibration/share/cube_imu_calibration/environment/path.dsv
[7.318s] -- Up-to-date: /home/wangjh/code/06imu_cube_calib /install/cube_imu_calibration/share/cube_imu_calibration/local_setup.bash
[7.318s] -- Up-to-date: /home/wangjh/code/06imu_cube_calib /install/cube_imu_calibration/share/cube_imu_calibration/local_setup.sh
[7.318s] -- Up-to-date: /home/wangjh/code/06imu_cube_calib /install/cube_imu_calibration/share/cube_imu_calibration/local_setup.zsh
[7.319s] -- Up-to-date: /home/wangjh/code/06imu_cube_calib /install/cube_imu_calibration/share/cube_imu_calibration/local_setup.dsv
[7.319s] -- Installing: /home/wangjh/code/06imu_cube_calib /install/cube_imu_calibration/share/cube_imu_calibration/package.dsv
[7.319s] -- Up-to-date: /home/wangjh/code/06imu_cube_calib /install/cube_imu_calibration/share/ament_index/resource_index/packages/cube_imu_calibration
[7.319s] -- Up-to-date: /home/wangjh/code/06imu_cube_calib /install/cube_imu_calibration/share/cube_imu_calibration/cmake/export_cube_imu_calibration__rosidl_generator_cExport.cmake
[7.319s] -- Up-to-date: /home/wangjh/code/06imu_cube_calib /install/cube_imu_calibration/share/cube_imu_calibration/cmake/export_cube_imu_calibration__rosidl_generator_cExport-release.cmake
[7.319s] -- Up-to-date: /home/wangjh/code/06imu_cube_calib /install/cube_imu_calibration/share/cube_imu_calibration/cmake/export_cube_imu_calibration__rosidl_typesupport_fastrtps_cExport.cmake
[7.319s] -- Up-to-date: /home/wangjh/code/06imu_cube_calib /install/cube_imu_calibration/share/cube_imu_calibration/cmake/export_cube_imu_calibration__rosidl_typesupport_fastrtps_cExport-release.cmake
[7.319s] -- Up-to-date: /home/wangjh/code/06imu_cube_calib /install/cube_imu_calibration/share/cube_imu_calibration/cmake/export_cube_imu_calibration__rosidl_generator_cppExport.cmake
[7.319s] -- Up-to-date: /home/wangjh/code/06imu_cube_calib /install/cube_imu_calibration/share/cube_imu_calibration/cmake/export_cube_imu_calibration__rosidl_typesupport_fastrtps_cppExport.cmake
[7.319s] -- Up-to-date: /home/wangjh/code/06imu_cube_calib /install/cube_imu_calibration/share/cube_imu_calibration/cmake/export_cube_imu_calibration__rosidl_typesupport_fastrtps_cppExport-release.cmake
[7.319s] -- Up-to-date: /home/wangjh/code/06imu_cube_calib /install/cube_imu_calibration/share/cube_imu_calibration/cmake/cube_imu_calibration__rosidl_typesupport_introspection_cExport.cmake
[7.319s] -- Up-to-date: /home/wangjh/code/06imu_cube_calib /install/cube_imu_calibration/share/cube_imu_calibration/cmake/cube_imu_calibration__rosidl_typesupport_introspection_cExport-release.cmake
[7.319s] -- Up-to-date: /home/wangjh/code/06imu_cube_calib /install/cube_imu_calibration/share/cube_imu_calibration/cmake/cube_imu_calibration__rosidl_typesupport_cExport.cmake
[7.319s] -- Up-to-date: /home/wangjh/code/06imu_cube_calib /install/cube_imu_calibration/share/cube_imu_calibration/cmake/cube_imu_calibration__rosidl_typesupport_cExport-release.cmake
[7.319s] -- Up-to-date: /home/wangjh/code/06imu_cube_calib /install/cube_imu_calibration/share/cube_imu_calibration/cmake/cube_imu_calibration__rosidl_typesupport_introspection_cppExport.cmake
[7.319s] -- Up-to-date: /home/wangjh/code/06imu_cube_calib /install/cube_imu_calibration/share/cube_imu_calibration/cmake/cube_imu_calibration__rosidl_typesupport_introspection_cppExport-release.cmake
[7.319s] -- Up-to-date: /home/wangjh/code/06imu_cube_calib /install/cube_imu_calibration/share/cube_imu_calibration/cmake/cube_imu_calibration__rosidl_typesupport_cppExport.cmake
[7.319s] -- Up-to-date: /home/wangjh/code/06imu_cube_calib /install/cube_imu_calibration/share/cube_imu_calibration/cmake/cube_imu_calibration__rosidl_typesupport_cppExport-release.cmake
[7.319s] -- Up-to-date: /home/wangjh/code/06imu_cube_calib /install/cube_imu_calibration/share/cube_imu_calibration/cmake/export_cube_imu_calibration__rosidl_generator_pyExport.cmake
[7.319s] -- Up-to-date: /home/wangjh/code/06imu_cube_calib /install/cube_imu_calibration/share/cube_imu_calibration/cmake/export_cube_imu_calibration__rosidl_generator_pyExport-release.cmake
[7.319s] -- Up-to-date: /home/wangjh/code/06imu_cube_calib /install/cube_imu_calibration/share/cube_imu_calibration/cmake/rosidl_cmake-extras.cmake
[7.319s] -- Up-to-date: /home/wangjh/code/06imu_cube_calib /install/cube_imu_calibration/share/cube_imu_calibration/cmake/ament_cmake_export_dependencies-extras.cmake
[7.319s] -- Up-to-date: /home/wangjh/code/06imu_cube_calib /install/cube_imu_calibration/share/cube_imu_calibration/cmake/ament_cmake_export_include_directories-extras.cmake
[7.319s] -- Up-to-date: /home/wangjh/code/06imu_cube_calib /install/cube_imu_calibration/share/cube_imu_calibration/cmake/ament_cmake_export_libraries-extras.cmake
[7.320s] -- Up-to-date: /home/wangjh/code/06imu_cube_calib /install/cube_imu_calibration/share/cube_imu_calibration/cmake/ament_cmake_export_targets-extras.cmake
[7.320s] -- Up-to-date: /home/wangjh/code/06imu_cube_calib /install/cube_imu_calibration/share/cube_imu_calibration/cmake/rosidl_cmake_export_typesupport_targets-extras.cmake
[7.320s] -- Up-to-date: /home/wangjh/code/06imu_cube_calib /install/cube_imu_calibration/share/cube_imu_calibration/cmake/rosidl_cmake_export_typesupport_libraries-extras.cmake
[7.320s] -- Up-to-date: /home/wangjh/code/06imu_cube_calib /install/cube_imu_calibration/share/cube_imu_calibration/cmake/cube_imu_calibrationConfig.cmake
[7.320s] -- Up-to-date: /home/wangjh/code/06imu_cube_calib /install/cube_imu_calibration/share/cube_imu_calibration/cmake/cube_imu_calibrationConfig-version.cmake
[7.320s] -- Installing: /home/wangjh/code/06imu_cube_calib /install/cube_imu_calibration/share/cube_imu_calibration/package.xml
[7.320s] Invoked command in '/home/wangjh/code/06imu_cube_calib /build/cube_imu_calibration' returned '0': CMAKE_PREFIX_PATH=${CMAKE_PREFIX_PATH}:/opt/ros/jazzy DEBUGINFOD_URLS=https://debuginfod.ubuntu.com /usr/bin/cmake --install /home/wangjh/code/06imu_cube_calib /build/cube_imu_calibration
