[0.004s] Invoking command in '/home/wangjh/code/06imu_cube_calib /build/cube_imu_calibration': CMAKE_PREFIX_PATH=${CMAKE_PREFIX_PATH}:/opt/ros/jazzy DEBUGINFOD_URLS=https://debuginfod.ubuntu.com /usr/bin/cmake --build /home/wangjh/code/06imu_cube_calib /build/cube_imu_calibration -- -j24 -l24
[0.021s] -- Found ament_cmake: 2.5.6 (/opt/ros/jazzy/share/ament_cmake/cmake)
[0.082s] -- Found rclcpp: 28.1.18 (/opt/ros/jazzy/share/rclcpp/cmake)
[0.098s] -- Found rosidl_generator_c: 4.6.7 (/opt/ros/jazzy/share/rosidl_generator_c/cmake)
[0.103s] -- Found rosidl_generator_cpp: 4.6.7 (/opt/ros/jazzy/share/rosidl_generator_cpp/cmake)
[0.109s] -- Using all available rosidl_typesupport_c: rosidl_typesupport_fastrtps_c;rosidl_typesupport_introspection_c
[0.117s] -- Using all available rosidl_typesupport_cpp: rosidl_typesupport_fastrtps_cpp;rosidl_typesupport_introspection_cpp
[0.153s] -- Found rmw_implementation_cmake: 7.3.3 (/opt/ros/jazzy/share/rmw_implementation_cmake/cmake)
[0.153s] -- Found rmw_fastrtps_cpp: 8.4.3 (/opt/ros/jazzy/share/rmw_fastrtps_cpp/cmake)
[0.186s] -- Using RMW implementation 'rmw_fastrtps_cpp' as default
[0.216s] -- Found sensor_msgs: 5.3.7 (/opt/ros/jazzy/share/sensor_msgs/cmake)
[0.243s] -- Found std_srvs: 5.3.7 (/opt/ros/jazzy/share/std_srvs/cmake)
[0.251s] -- Found tf2: 0.36.20 (/opt/ros/jazzy/share/tf2/cmake)
[0.252s] -- Found tf2_ros: 0.36.20 (/opt/ros/jazzy/share/tf2_ros/cmake)
[0.308s] -- Found cv_bridge: 4.1.0 (/opt/ros/jazzy/share/cv_bridge/cmake)
[0.313s] -- Found image_transport: 5.1.7 (/opt/ros/jazzy/share/image_transport/cmake)
[0.316s] -- Found rosbag2_cpp: 0.26.10 (/opt/ros/jazzy/share/rosbag2_cpp/cmake)
[0.320s] -- Setting yaml-cpp_DIR to: '/opt/ros/jazzy/share/yaml_cpp_vendor/cmake/../../../opt/yaml_cpp_vendor/share/cmake/yaml-cpp'
[0.321s] -- Found rosidl_default_generators: 1.6.0 (/opt/ros/jazzy/share/rosidl_default_generators/cmake)
[0.326s] -- Found rosidl_adapter: 4.6.7 (/opt/ros/jazzy/share/rosidl_adapter/cmake)
[0.498s] -- Found ament_cmake_ros: 0.12.0 (/opt/ros/jazzy/share/ament_cmake_ros/cmake)
[0.663s] -- Using all available rosidl_typesupport_c: rosidl_typesupport_fastrtps_c;rosidl_typesupport_introspection_c
[0.727s] -- Using all available rosidl_typesupport_cpp: rosidl_typesupport_fastrtps_cpp;rosidl_typesupport_introspection_cpp
[0.728s] -- Found python_cmake_module: 0.11.1 (/opt/ros/jazzy/share/python_cmake_module/cmake)
[0.871s] -- Found Python3: /usr/bin/python3 (found version "3.12.3") found components: Interpreter Development NumPy Development.Module Development.Embed 
[0.916s] -- Found Python3: /usr/bin/python3 (found version "3.12.3") found components: Interpreter 
[0.922s] -- Configuring done (0.9s)
[0.958s] -- Generating done (0.0s)
[0.966s] -- Build files have been written to: /home/wangjh/code/06imu_cube_calib /build/cube_imu_calibration
[0.991s] [  1%] Generating type hashes for ROS interfaces
[0.992s] [  3%] Generating Rust code for ROS interfaces
[0.996s] [  3%] Built target ament_cmake_python_copy_cube_imu_calibration
[0.997s] [  7%] Built target simulated_sensor_node
[1.121s] running egg_info
[1.132s] writing cube_imu_calibration.egg-info/PKG-INFO
[1.132s] writing dependency_links to cube_imu_calibration.egg-info/dependency_links.txt
[1.132s] writing top-level names to cube_imu_calibration.egg-info/top_level.txt
[1.138s] [  7%] Built target cube_imu_calibration__rosidl_generator_type_description
[1.146s] [  9%] Generating C code for ROS interfaces
[1.146s] [  9%] Built target cube_imu_calibration__rs
[1.154s] [ 11%] Generating C++ code for ROS interfaces
[1.168s] reading manifest file 'cube_imu_calibration.egg-info/SOURCES.txt'
[1.168s] writing manifest file 'cube_imu_calibration.egg-info/SOURCES.txt'
[1.199s] [ 11%] Built target ament_cmake_python_build_cube_imu_calibration_egg
[1.352s] [ 11%] Built target cube_imu_calibration__cpp
[1.372s] [ 13%] Building C object CMakeFiles/cube_imu_calibration__rosidl_generator_c.dir/rosidl_generator_c/cube_imu_calibration/msg/detail/cube_pose__description.c.o
[1.372s] [ 15%] Building C object CMakeFiles/cube_imu_calibration__rosidl_generator_c.dir/rosidl_generator_c/cube_imu_calibration/msg/detail/cube_pose__type_support.c.o
[1.372s] [ 17%] Building C object CMakeFiles/cube_imu_calibration__rosidl_generator_c.dir/rosidl_generator_c/cube_imu_calibration/msg/detail/cube_pose__functions.c.o
[1.372s] [ 19%] Building C object CMakeFiles/cube_imu_calibration__rosidl_generator_c.dir/rosidl_generator_c/cube_imu_calibration/msg/detail/recorder_status__description.c.o
[1.373s] [ 21%] Building C object CMakeFiles/cube_imu_calibration__rosidl_generator_c.dir/rosidl_generator_c/cube_imu_calibration/msg/detail/recorder_status__functions.c.o
[1.373s] [ 23%] Building C object CMakeFiles/cube_imu_calibration__rosidl_generator_c.dir/rosidl_generator_c/cube_imu_calibration/msg/detail/recorder_status__type_support.c.o
[1.444s] [ 25%] Linking C shared library libcube_imu_calibration__rosidl_generator_c.so
[1.468s] [ 25%] Built target cube_imu_calibration__rosidl_generator_c
[1.475s] [ 37%] Generating C++ type support dispatch for ROS interfaces
[1.475s] [ 37%] Generating C introspection for ROS interfaces
[1.475s] [ 37%] Generating C++ type support for eProsima Fast-RTPS
[1.475s] [ 37%] Generating C type support dispatch for ROS interfaces
[1.475s] [ 37%] Generating C type support for eProsima Fast-RTPS
[1.475s] [ 37%] Generating C++ introspection for ROS interfaces
[1.702s] [ 41%] Building CXX object CMakeFiles/cube_imu_calibration__rosidl_typesupport_c.dir/rosidl_typesupport_c/cube_imu_calibration/msg/cube_pose__type_support.cpp.o
[1.703s] [ 41%] Building CXX object CMakeFiles/cube_imu_calibration__rosidl_typesupport_c.dir/rosidl_typesupport_c/cube_imu_calibration/msg/recorder_status__type_support.cpp.o
[1.711s] [ 45%] Building C object CMakeFiles/cube_imu_calibration__rosidl_typesupport_introspection_c.dir/rosidl_typesupport_introspection_c/cube_imu_calibration/msg/detail/recorder_status__type_support.c.o
[1.711s] [ 45%] Building C object CMakeFiles/cube_imu_calibration__rosidl_typesupport_introspection_c.dir/rosidl_typesupport_introspection_c/cube_imu_calibration/msg/detail/cube_pose__type_support.c.o
[1.711s] [ 47%] Building CXX object CMakeFiles/cube_imu_calibration__rosidl_typesupport_cpp.dir/rosidl_typesupport_cpp/cube_imu_calibration/msg/cube_pose__type_support.cpp.o
[1.711s] [ 49%] Building CXX object CMakeFiles/cube_imu_calibration__rosidl_typesupport_cpp.dir/rosidl_typesupport_cpp/cube_imu_calibration/msg/recorder_status__type_support.cpp.o
[1.728s] [ 52%] Building CXX object CMakeFiles/cube_imu_calibration__rosidl_typesupport_introspection_cpp.dir/rosidl_typesupport_introspection_cpp/cube_imu_calibration/msg/detail/cube_pose__type_support.cpp.o
[1.728s] [ 52%] Building CXX object CMakeFiles/cube_imu_calibration__rosidl_typesupport_introspection_cpp.dir/rosidl_typesupport_introspection_cpp/cube_imu_calibration/msg/detail/recorder_status__type_support.cpp.o
[1.750s] [ 54%] Linking CXX shared library libcube_imu_calibration__rosidl_typesupport_c.so
[1.755s] [ 56%] Building CXX object CMakeFiles/cube_imu_calibration__rosidl_typesupport_fastrtps_cpp.dir/rosidl_typesupport_fastrtps_cpp/cube_imu_calibration/msg/detail/dds_fastrtps/cube_pose__type_support.cpp.o
[1.755s] [ 58%] Building CXX object CMakeFiles/cube_imu_calibration__rosidl_typesupport_fastrtps_cpp.dir/rosidl_typesupport_fastrtps_cpp/cube_imu_calibration/msg/detail/dds_fastrtps/recorder_status__type_support.cpp.o
[1.759s] [ 60%] Linking C shared library libcube_imu_calibration__rosidl_typesupport_introspection_c.so
[1.762s] [ 62%] Building CXX object CMakeFiles/cube_imu_calibration__rosidl_typesupport_fastrtps_c.dir/rosidl_typesupport_fastrtps_c/cube_imu_calibration/msg/detail/cube_pose__type_support_c.cpp.o
[1.763s] [ 64%] Building CXX object CMakeFiles/cube_imu_calibration__rosidl_typesupport_fastrtps_c.dir/rosidl_typesupport_fastrtps_c/cube_imu_calibration/msg/detail/recorder_status__type_support_c.cpp.o
[1.791s] [ 64%] Built target cube_imu_calibration__rosidl_typesupport_introspection_c
[1.791s] [ 64%] Built target cube_imu_calibration__rosidl_typesupport_c
[1.981s] [ 66%] Linking CXX shared library libcube_imu_calibration__rosidl_typesupport_cpp.so
[2.018s] [ 66%] Built target cube_imu_calibration__rosidl_typesupport_cpp
[2.025s] [ 68%] Linking CXX shared library libcube_imu_calibration__rosidl_typesupport_introspection_cpp.so
[2.046s] [ 72%] Building CXX object CMakeFiles/data_recorder_node.dir/src/data_recorder_node.cpp.o
[2.046s] [ 72%] Building CXX object CMakeFiles/apriltag_pose_node.dir/src/apriltag_pose_node.cpp.o
[2.082s] [ 72%] Built target cube_imu_calibration__rosidl_typesupport_introspection_cpp
[2.204s] [ 74%] Linking CXX shared library libcube_imu_calibration__rosidl_typesupport_fastrtps_cpp.so
[2.231s] [ 76%] Linking CXX shared library libcube_imu_calibration__rosidl_typesupport_fastrtps_c.so
[2.259s] [ 76%] Built target cube_imu_calibration__rosidl_typesupport_fastrtps_cpp
[2.284s] [ 76%] Built target cube_imu_calibration__rosidl_typesupport_fastrtps_c
[2.298s] [ 76%] Built target cube_imu_calibration
[2.313s] [ 78%] Generating Python code for ROS interfaces
[2.562s] [ 78%] Built target cube_imu_calibration__py
[2.580s] [ 80%] Building C object CMakeFiles/cube_imu_calibration__rosidl_generator_py.dir/rosidl_generator_py/cube_imu_calibration/msg/_cube_pose_s.c.o
[2.580s] [ 82%] Building C object CMakeFiles/cube_imu_calibration__rosidl_generator_py.dir/rosidl_generator_py/cube_imu_calibration/msg/_recorder_status_s.c.o
[2.692s] [ 84%] Linking C shared library libcube_imu_calibration__rosidl_generator_py.so
[2.726s] [ 84%] Built target cube_imu_calibration__rosidl_generator_py
[2.745s] [ 90%] Building C object CMakeFiles/cube_imu_calibration_s__rosidl_typesupport_fastrtps_c.dir/rosidl_generator_py/cube_imu_calibration/_cube_imu_calibration_s.ep.rosidl_typesupport_fastrtps_c.c.o
[2.745s] [ 90%] Building C object CMakeFiles/cube_imu_calibration_s__rosidl_typesupport_c.dir/rosidl_generator_py/cube_imu_calibration/_cube_imu_calibration_s.ep.rosidl_typesupport_c.c.o
[2.745s] [ 90%] Building C object CMakeFiles/cube_imu_calibration_s__rosidl_typesupport_introspection_c.dir/rosidl_generator_py/cube_imu_calibration/_cube_imu_calibration_s.ep.rosidl_typesupport_introspection_c.c.o
[2.839s] [ 92%] Linking C shared module rosidl_generator_py/cube_imu_calibration/cube_imu_calibration_s__rosidl_typesupport_introspection_c.so
[2.839s] [ 94%] Linking C shared module rosidl_generator_py/cube_imu_calibration/cube_imu_calibration_s__rosidl_typesupport_fastrtps_c.so
[2.842s] [ 96%] Linking C shared module rosidl_generator_py/cube_imu_calibration/cube_imu_calibration_s__rosidl_typesupport_c.so
[2.862s] [ 96%] Built target cube_imu_calibration_s__rosidl_typesupport_fastrtps_c
[2.862s] [ 96%] Built target cube_imu_calibration_s__rosidl_typesupport_introspection_c
[2.863s] [ 96%] Built target cube_imu_calibration_s__rosidl_typesupport_c
[11.526s] [ 98%] Linking CXX executable data_recorder_node
[11.630s] [ 98%] Built target data_recorder_node
[13.141s] [100%] Linking CXX executable apriltag_pose_node
[13.379s] [100%] Built target apriltag_pose_node
[13.387s] Invoked command in '/home/wangjh/code/06imu_cube_calib /build/cube_imu_calibration' returned '0': CMAKE_PREFIX_PATH=${CMAKE_PREFIX_PATH}:/opt/ros/jazzy DEBUGINFOD_URLS=https://debuginfod.ubuntu.com /usr/bin/cmake --build /home/wangjh/code/06imu_cube_calib /build/cube_imu_calibration -- -j24 -l24
[13.392s] Invoking command in '/home/wangjh/code/06imu_cube_calib /build/cube_imu_calibration': CMAKE_PREFIX_PATH=${CMAKE_PREFIX_PATH}:/opt/ros/jazzy DEBUGINFOD_URLS=https://debuginfod.ubuntu.com /usr/bin/cmake --install /home/wangjh/code/06imu_cube_calib /build/cube_imu_calibration
[13.397s] -- Install configuration: "Release"
[13.397s] -- Up-to-date: /home/wangjh/code/06imu_cube_calib /install/cube_imu_calibration/share/ament_index/resource_index/rosidl_interfaces/cube_imu_calibration
[13.397s] -- Installing: /home/wangjh/code/06imu_cube_calib /install/cube_imu_calibration/share/cube_imu_calibration/msg/CubePose.json
[13.397s] -- Installing: /home/wangjh/code/06imu_cube_calib /install/cube_imu_calibration/share/cube_imu_calibration/msg/RecorderStatus.json
[13.397s] -- Up-to-date: /home/wangjh/code/06imu_cube_calib /install/cube_imu_calibration/include/cube_imu_calibration/cube_imu_calibration
[13.397s] -- Up-to-date: /home/wangjh/code/06imu_cube_calib /install/cube_imu_calibration/include/cube_imu_calibration/cube_imu_calibration/msg
[13.397s] -- Up-to-date: /home/wangjh/code/06imu_cube_calib /install/cube_imu_calibration/include/cube_imu_calibration/cube_imu_calibration/msg/detail
[13.397s] -- Installing: /home/wangjh/code/06imu_cube_calib /install/cube_imu_calibration/include/cube_imu_calibration/cube_imu_calibration/msg/detail/cube_pose__type_support.c
[13.397s] -- Installing: /home/wangjh/code/06imu_cube_calib /install/cube_imu_calibration/include/cube_imu_calibration/cube_imu_calibration/msg/detail/recorder_status__struct.h
[13.398s] -- Installing: /home/wangjh/code/06imu_cube_calib /install/cube_imu_calibration/include/cube_imu_calibration/cube_imu_calibration/msg/detail/cube_pose__functions.h
[13.398s] -- Installing: /home/wangjh/code/06imu_cube_calib /install/cube_imu_calibration/include/cube_imu_calibration/cube_imu_calibration/msg/detail/recorder_status__functions.h
[13.398s] -- Installing: /home/wangjh/code/06imu_cube_calib /install/cube_imu_calibration/include/cube_imu_calibration/cube_imu_calibration/msg/detail/recorder_status__type_support.c
[13.398s] -- Installing: /home/wangjh/code/06imu_cube_calib /install/cube_imu_calibration/include/cube_imu_calibration/cube_imu_calibration/msg/detail/recorder_status__description.c
[13.398s] -- Installing: /home/wangjh/code/06imu_cube_calib /install/cube_imu_calibration/include/cube_imu_calibration/cube_imu_calibration/msg/detail/cube_pose__description.c
[13.398s] -- Installing: /home/wangjh/code/06imu_cube_calib /install/cube_imu_calibration/include/cube_imu_calibration/cube_imu_calibration/msg/detail/cube_pose__struct.h
[13.398s] -- Installing: /home/wangjh/code/06imu_cube_calib /install/cube_imu_calibration/include/cube_imu_calibration/cube_imu_calibration/msg/detail/cube_pose__type_support.h
[13.398s] -- Installing: /home/wangjh/code/06imu_cube_calib /install/cube_imu_calibration/include/cube_imu_calibration/cube_imu_calibration/msg/detail/cube_pose__functions.c
[13.398s] -- Installing: /home/wangjh/code/06imu_cube_calib /install/cube_imu_calibration/include/cube_imu_calibration/cube_imu_calibration/msg/detail/recorder_status__type_support.h
[13.398s] -- Installing: /home/wangjh/code/06imu_cube_calib /install/cube_imu_calibration/include/cube_imu_calibration/cube_imu_calibration/msg/detail/recorder_status__functions.c
[13.398s] -- Up-to-date: /home/wangjh/code/06imu_cube_calib /install/cube_imu_calibration/include/cube_imu_calibration/cube_imu_calibration/msg/rosidl_generator_c__visibility_control.h
[13.398s] -- Installing: /home/wangjh/code/06imu_cube_calib /install/cube_imu_calibration/include/cube_imu_calibration/cube_imu_calibration/msg/cube_pose.h
[13.398s] -- Installing: /home/wangjh/code/06imu_cube_calib /install/cube_imu_calibration/include/cube_imu_calibration/cube_imu_calibration/msg/recorder_status.h
[13.398s] -- Up-to-date: /home/wangjh/code/06imu_cube_calib /install/cube_imu_calibration/share/cube_imu_calibration/environment/library_path.sh
[13.398s] -- Up-to-date: /home/wangjh/code/06imu_cube_calib /install/cube_imu_calibration/share/cube_imu_calibration/environment/library_path.dsv
[13.398s] -- Installing: /home/wangjh/code/06imu_cube_calib /install/cube_imu_calibration/lib/libcube_imu_calibration__rosidl_generator_c.so
[13.398s] -- Set non-toolchain portion of runtime path of "/home/wangjh/code/06imu_cube_calib /install/cube_imu_calibration/lib/libcube_imu_calibration__rosidl_generator_c.so" to ""
[13.398s] -- Up-to-date: /home/wangjh/code/06imu_cube_calib /install/cube_imu_calibration/include/cube_imu_calibration/cube_imu_calibration
[13.398s] -- Up-to-date: /home/wangjh/code/06imu_cube_calib /install/cube_imu_calibration/include/cube_imu_calibration/cube_imu_calibration/msg
[13.398s] -- Up-to-date: /home/wangjh/code/06imu_cube_calib /install/cube_imu_calibration/include/cube_imu_calibration/cube_imu_calibration/msg/detail
[13.398s] -- Installing: /home/wangjh/code/06imu_cube_calib /install/cube_imu_calibration/include/cube_imu_calibration/cube_imu_calibration/msg/detail/recorder_status__rosidl_typesupport_fastrtps_c.h
[13.398s] -- Installing: /home/wangjh/code/06imu_cube_calib /install/cube_imu_calibration/include/cube_imu_calibration/cube_imu_calibration/msg/detail/cube_pose__rosidl_typesupport_fastrtps_c.h
[13.399s] -- Up-to-date: /home/wangjh/code/06imu_cube_calib /install/cube_imu_calibration/include/cube_imu_calibration/cube_imu_calibration/msg/rosidl_typesupport_fastrtps_c__visibility_control.h
[13.399s] -- Installing: /home/wangjh/code/06imu_cube_calib /install/cube_imu_calibration/lib/libcube_imu_calibration__rosidl_typesupport_fastrtps_c.so
[13.399s] -- Set non-toolchain portion of runtime path of "/home/wangjh/code/06imu_cube_calib /install/cube_imu_calibration/lib/libcube_imu_calibration__rosidl_typesupport_fastrtps_c.so" to ""
[13.399s] -- Up-to-date: /home/wangjh/code/06imu_cube_calib /install/cube_imu_calibration/include/cube_imu_calibration/cube_imu_calibration
[13.399s] -- Up-to-date: /home/wangjh/code/06imu_cube_calib /install/cube_imu_calibration/include/cube_imu_calibration/cube_imu_calibration/msg
[13.399s] -- Up-to-date: /home/wangjh/code/06imu_cube_calib /install/cube_imu_calibration/include/cube_imu_calibration/cube_imu_calibration/msg/detail
[13.399s] -- Installing: /home/wangjh/code/06imu_cube_calib /install/cube_imu_calibration/include/cube_imu_calibration/cube_imu_calibration/msg/detail/cube_pose__struct.hpp
[13.399s] -- Installing: /home/wangjh/code/06imu_cube_calib /install/cube_imu_calibration/include/cube_imu_calibration/cube_imu_calibration/msg/detail/cube_pose__traits.hpp
[13.399s] -- Installing: /home/wangjh/code/06imu_cube_calib /install/cube_imu_calibration/include/cube_imu_calibration/cube_imu_calibration/msg/detail/recorder_status__type_support.hpp
[13.399s] -- Installing: /home/wangjh/code/06imu_cube_calib /install/cube_imu_calibration/include/cube_imu_calibration/cube_imu_calibration/msg/detail/cube_pose__builder.hpp
[13.399s] -- Installing: /home/wangjh/code/06imu_cube_calib /install/cube_imu_calibration/include/cube_imu_calibration/cube_imu_calibration/msg/detail/recorder_status__traits.hpp
[13.399s] -- Installing: /home/wangjh/code/06imu_cube_calib /install/cube_imu_calibration/include/cube_imu_calibration/cube_imu_calibration/msg/detail/recorder_status__struct.hpp
[13.399s] -- Installing: /home/wangjh/code/06imu_cube_calib /install/cube_imu_calibration/include/cube_imu_calibration/cube_imu_calibration/msg/detail/cube_pose__type_support.hpp
[13.399s] -- Installing: /home/wangjh/code/06imu_cube_calib /install/cube_imu_calibration/include/cube_imu_calibration/cube_imu_calibration/msg/detail/recorder_status__builder.hpp
[13.399s] -- Installing: /home/wangjh/code/06imu_cube_calib /install/cube_imu_calibration/include/cube_imu_calibration/cube_imu_calibration/msg/cube_pose.hpp
[13.399s] -- Installing: /home/wangjh/code/06imu_cube_calib /install/cube_imu_calibration/include/cube_imu_calibration/cube_imu_calibration/msg/recorder_status.hpp
[13.399s] -- Installing: /home/wangjh/code/06imu_cube_calib /install/cube_imu_calibration/include/cube_imu_calibration/cube_imu_calibration/msg/rosidl_generator_cpp__visibility_control.hpp
[13.400s] -- Up-to-date: /home/wangjh/code/06imu_cube_calib /install/cube_imu_calibration/include/cube_imu_calibration/cube_imu_calibration
[13.400s] -- Up-to-date: /home/wangjh/code/06imu_cube_calib /install/cube_imu_calibration/include/cube_imu_calibration/cube_imu_calibration/msg
[13.400s] -- Up-to-date: /home/wangjh/code/06imu_cube_calib /install/cube_imu_calibration/include/cube_imu_calibration/cube_imu_calibration/msg/detail
[13.400s] -- Up-to-date: /home/wangjh/code/06imu_cube_calib /install/cube_imu_calibration/include/cube_imu_calibration/cube_imu_calibration/msg/detail/dds_fastrtps
[13.400s] -- Installing: /home/wangjh/code/06imu_cube_calib /install/cube_imu_calibration/include/cube_imu_calibration/cube_imu_calibration/msg/detail/cube_pose__rosidl_typesupport_fastrtps_cpp.hpp
[13.400s] -- Installing: /home/wangjh/code/06imu_cube_calib /install/cube_imu_calibration/include/cube_imu_calibration/cube_imu_calibration/msg/detail/recorder_status__rosidl_typesupport_fastrtps_cpp.hpp
[13.400s] -- Up-to-date: /home/wangjh/code/06imu_cube_calib /install/cube_imu_calibration/include/cube_imu_calibration/cube_imu_calibration/msg/rosidl_typesupport_fastrtps_cpp__visibility_control.h
[13.400s] -- Installing: /home/wangjh/code/06imu_cube_calib /install/cube_imu_calibration/lib/libcube_imu_calibration__rosidl_typesupport_fastrtps_cpp.so
[13.400s] -- Set non-toolchain portion of runtime path of "/home/wangjh/code/06imu_cube_calib /install/cube_imu_calibration/lib/libcube_imu_calibration__rosidl_typesupport_fastrtps_cpp.so" to ""
[13.400s] -- Up-to-date: /home/wangjh/code/06imu_cube_calib /install/cube_imu_calibration/include/cube_imu_calibration/cube_imu_calibration
[13.400s] -- Up-to-date: /home/wangjh/code/06imu_cube_calib /install/cube_imu_calibration/include/cube_imu_calibration/cube_imu_calibration/msg
[13.400s] -- Up-to-date: /home/wangjh/code/06imu_cube_calib /install/cube_imu_calibration/include/cube_imu_calibration/cube_imu_calibration/msg/rosidl_typesupport_introspection_c__visibility_control.h
[13.400s] -- Up-to-date: /home/wangjh/code/06imu_cube_calib /install/cube_imu_calibration/include/cube_imu_calibration/cube_imu_calibration/msg/detail
[13.400s] -- Installing: /home/wangjh/code/06imu_cube_calib /install/cube_imu_calibration/include/cube_imu_calibration/cube_imu_calibration/msg/detail/recorder_status__rosidl_typesupport_introspection_c.h
[13.400s] -- Up-to-date: /home/wangjh/code/06imu_cube_calib /install/cube_imu_calibration/include/cube_imu_calibration/cube_imu_calibration/msg/detail/cube_pose__type_support.c
[13.400s] -- Up-to-date: /home/wangjh/code/06imu_cube_calib /install/cube_imu_calibration/include/cube_imu_calibration/cube_imu_calibration/msg/detail/recorder_status__type_support.c
[13.400s] -- Installing: /home/wangjh/code/06imu_cube_calib /install/cube_imu_calibration/include/cube_imu_calibration/cube_imu_calibration/msg/detail/cube_pose__rosidl_typesupport_introspection_c.h
[13.400s] -- Installing: /home/wangjh/code/06imu_cube_calib /install/cube_imu_calibration/lib/libcube_imu_calibration__rosidl_typesupport_introspection_c.so
[13.400s] -- Set non-toolchain portion of runtime path of "/home/wangjh/code/06imu_cube_calib /install/cube_imu_calibration/lib/libcube_imu_calibration__rosidl_typesupport_introspection_c.so" to ""
[13.400s] -- Installing: /home/wangjh/code/06imu_cube_calib /install/cube_imu_calibration/lib/libcube_imu_calibration__rosidl_typesupport_c.so
[13.400s] -- Set non-toolchain portion of runtime path of "/home/wangjh/code/06imu_cube_calib /install/cube_imu_calibration/lib/libcube_imu_calibration__rosidl_typesupport_c.so" to ""
[13.401s] -- Up-to-date: /home/wangjh/code/06imu_cube_calib /install/cube_imu_calibration/include/cube_imu_calibration/cube_imu_calibration
[13.401s] -- Up-to-date: /home/wangjh/code/06imu_cube_calib /install/cube_imu_calibration/include/cube_imu_calibration/cube_imu_calibration/msg
[13.401s] -- Up-to-date: /home/wangjh/code/06imu_cube_calib /install/cube_imu_calibration/include/cube_imu_calibration/cube_imu_calibration/msg/detail
[13.401s] -- Installing: /home/wangjh/code/06imu_cube_calib /install/cube_imu_calibration/include/cube_imu_calibration/cube_imu_calibration/msg/detail/cube_pose__rosidl_typesupport_introspection_cpp.hpp
[13.401s] -- Installing: /home/wangjh/code/06imu_cube_calib /install/cube_imu_calibration/include/cube_imu_calibration/cube_imu_calibration/msg/detail/recorder_status__rosidl_typesupport_introspection_cpp.hpp
[13.401s] -- Installing: /home/wangjh/code/06imu_cube_calib /install/cube_imu_calibration/include/cube_imu_calibration/cube_imu_calibration/msg/detail/cube_pose__type_support.cpp
[13.401s] -- Installing: /home/wangjh/code/06imu_cube_calib /install/cube_imu_calibration/include/cube_imu_calibration/cube_imu_calibration/msg/detail/recorder_status__type_support.cpp
[13.401s] -- Installing: /home/wangjh/code/06imu_cube_calib /install/cube_imu_calibration/lib/libcube_imu_calibration__rosidl_typesupport_introspection_cpp.so
[13.401s] -- Set non-toolchain portion of runtime path of "/home/wangjh/code/06imu_cube_calib /install/cube_imu_calibration/lib/libcube_imu_calibration__rosidl_typesupport_introspection_cpp.so" to ""
[13.401s] -- Installing: /home/wangjh/code/06imu_cube_calib /install/cube_imu_calibration/lib/libcube_imu_calibration__rosidl_typesupport_cpp.so
[13.401s] -- Set non-toolchain portion of runtime path of "/home/wangjh/code/06imu_cube_calib /install/cube_imu_calibration/lib/libcube_imu_calibration__rosidl_typesupport_cpp.so" to ""
[13.401s] -- Up-to-date: /home/wangjh/code/06imu_cube_calib /install/cube_imu_calibration/share/cube_imu_calibration/environment/pythonpath.sh
[13.401s] -- Up-to-date: /home/wangjh/code/06imu_cube_calib /install/cube_imu_calibration/share/cube_imu_calibration/environment/pythonpath.dsv
[13.401s] -- Up-to-date: /home/wangjh/code/06imu_cube_calib /install/cube_imu_calibration/lib/python3.12/site-packages/cube_imu_calibration-0.1.0-py3.12.egg-info
[13.401s] -- Installing: /home/wangjh/code/06imu_cube_calib /install/cube_imu_calibration/lib/python3.12/site-packages/cube_imu_calibration-0.1.0-py3.12.egg-info/dependency_links.txt
[13.401s] -- Installing: /home/wangjh/code/06imu_cube_calib /install/cube_imu_calibration/lib/python3.12/site-packages/cube_imu_calibration-0.1.0-py3.12.egg-info/SOURCES.txt
[13.401s] -- Installing: /home/wangjh/code/06imu_cube_calib /install/cube_imu_calibration/lib/python3.12/site-packages/cube_imu_calibration-0.1.0-py3.12.egg-info/top_level.txt
[13.401s] -- Installing: /home/wangjh/code/06imu_cube_calib /install/cube_imu_calibration/lib/python3.12/site-packages/cube_imu_calibration-0.1.0-py3.12.egg-info/PKG-INFO
[13.402s] -- Up-to-date: /home/wangjh/code/06imu_cube_calib /install/cube_imu_calibration/lib/python3.12/site-packages/cube_imu_calibration
[13.402s] -- Installing: /home/wangjh/code/06imu_cube_calib /install/cube_imu_calibration/lib/python3.12/site-packages/cube_imu_calibration/_cube_imu_calibration_s.ep.rosidl_typesupport_c.c
[13.402s] -- Installing: /home/wangjh/code/06imu_cube_calib /install/cube_imu_calibration/lib/python3.12/site-packages/cube_imu_calibration/_cube_imu_calibration_s.ep.rosidl_typesupport_introspection_c.c
[13.402s] -- Installing: /home/wangjh/code/06imu_cube_calib /install/cube_imu_calibration/lib/python3.12/site-packages/cube_imu_calibration/__init__.py
[13.402s] -- Installing: /home/wangjh/code/06imu_cube_calib /install/cube_imu_calibration/lib/python3.12/site-packages/cube_imu_calibration/cube_imu_calibration_s__rosidl_typesupport_fastrtps_c.so
[13.402s] -- Up-to-date: /home/wangjh/code/06imu_cube_calib /install/cube_imu_calibration/lib/python3.12/site-packages/cube_imu_calibration/msg
[13.402s] -- Installing: /home/wangjh/code/06imu_cube_calib /install/cube_imu_calibration/lib/python3.12/site-packages/cube_imu_calibration/msg/_cube_pose.py
[13.402s] -- Installing: /home/wangjh/code/06imu_cube_calib /install/cube_imu_calibration/lib/python3.12/site-packages/cube_imu_calibration/msg/_cube_pose_s.c
[13.402s] -- Installing: /home/wangjh/code/06imu_cube_calib /install/cube_imu_calibration/lib/python3.12/site-packages/cube_imu_calibration/msg/__init__.py
[13.402s] -- Installing: /home/wangjh/code/06imu_cube_calib /install/cube_imu_calibration/lib/python3.12/site-packages/cube_imu_calibration/msg/_recorder_status.py
[13.402s] -- Installing: /home/wangjh/code/06imu_cube_calib /install/cube_imu_calibration/lib/python3.12/site-packages/cube_imu_calibration/msg/_recorder_status_s.c
[13.402s] -- Installing: /home/wangjh/code/06imu_cube_calib /install/cube_imu_calibration/lib/python3.12/site-packages/cube_imu_calibration/cube_imu_calibration_s__rosidl_typesupport_introspection_c.so
[13.402s] -- Installing: /home/wangjh/code/06imu_cube_calib /install/cube_imu_calibration/lib/python3.12/site-packages/cube_imu_calibration/cube_imu_calibration_s__rosidl_typesupport_c.so
[13.402s] -- Installing: /home/wangjh/code/06imu_cube_calib /install/cube_imu_calibration/lib/python3.12/site-packages/cube_imu_calibration/_cube_imu_calibration_s.ep.rosidl_typesupport_fastrtps_c.c
[13.425s] Listing '/home/wangjh/code/06imu_cube_calib /install/cube_imu_calibration/lib/python3.12/site-packages/cube_imu_calibration'...
[13.425s] Compiling '/home/wangjh/code/06imu_cube_calib /install/cube_imu_calibration/lib/python3.12/site-packages/cube_imu_calibration/__init__.py'...
[13.425s] Listing '/home/wangjh/code/06imu_cube_calib /install/cube_imu_calibration/lib/python3.12/site-packages/cube_imu_calibration/msg'...
[13.425s] Compiling '/home/wangjh/code/06imu_cube_calib /install/cube_imu_calibration/lib/python3.12/site-packages/cube_imu_calibration/msg/__init__.py'...
[13.425s] Compiling '/home/wangjh/code/06imu_cube_calib /install/cube_imu_calibration/lib/python3.12/site-packages/cube_imu_calibration/msg/_cube_pose.py'...
[13.425s] Compiling '/home/wangjh/code/06imu_cube_calib /install/cube_imu_calibration/lib/python3.12/site-packages/cube_imu_calibration/msg/_recorder_status.py'...
[13.429s] -- Installing: /home/wangjh/code/06imu_cube_calib /install/cube_imu_calibration/lib/python3.12/site-packages/cube_imu_calibration/cube_imu_calibration_s__rosidl_typesupport_fastrtps_c.so
[13.429s] -- Set non-toolchain portion of runtime path of "/home/wangjh/code/06imu_cube_calib /install/cube_imu_calibration/lib/python3.12/site-packages/cube_imu_calibration/cube_imu_calibration_s__rosidl_typesupport_fastrtps_c.so" to ""
[13.429s] -- Installing: /home/wangjh/code/06imu_cube_calib /install/cube_imu_calibration/lib/python3.12/site-packages/cube_imu_calibration/cube_imu_calibration_s__rosidl_typesupport_introspection_c.so
[13.429s] -- Set non-toolchain portion of runtime path of "/home/wangjh/code/06imu_cube_calib /install/cube_imu_calibration/lib/python3.12/site-packages/cube_imu_calibration/cube_imu_calibration_s__rosidl_typesupport_introspection_c.so" to ""
[13.429s] -- Installing: /home/wangjh/code/06imu_cube_calib /install/cube_imu_calibration/lib/python3.12/site-packages/cube_imu_calibration/cube_imu_calibration_s__rosidl_typesupport_c.so
[13.429s] -- Set non-toolchain portion of runtime path of "/home/wangjh/code/06imu_cube_calib /install/cube_imu_calibration/lib/python3.12/site-packages/cube_imu_calibration/cube_imu_calibration_s__rosidl_typesupport_c.so" to ""
[13.429s] -- Installing: /home/wangjh/code/06imu_cube_calib /install/cube_imu_calibration/lib/libcube_imu_calibration__rosidl_generator_py.so
[13.430s] -- Set non-toolchain portion of runtime path of "/home/wangjh/code/06imu_cube_calib /install/cube_imu_calibration/lib/libcube_imu_calibration__rosidl_generator_py.so" to ""
[13.430s] -- Up-to-date: /home/wangjh/code/06imu_cube_calib /install/cube_imu_calibration/share/ament_index/resource_index/rust_packages/cube_imu_calibration
[13.430s] -- Up-to-date: /home/wangjh/code/06imu_cube_calib /install/cube_imu_calibration/share/cube_imu_calibration/rust
[13.430s] -- Installing: /home/wangjh/code/06imu_cube_calib /install/cube_imu_calibration/share/cube_imu_calibration/rust/Cargo.toml
[13.430s] -- Installing: /home/wangjh/code/06imu_cube_calib /install/cube_imu_calibration/share/cube_imu_calibration/rust/build.rs
[13.430s] -- Up-to-date: /home/wangjh/code/06imu_cube_calib /install/cube_imu_calibration/share/cube_imu_calibration/rust/src
[13.430s] -- Installing: /home/wangjh/code/06imu_cube_calib /install/cube_imu_calibration/share/cube_imu_calibration/rust/src/lib.rs
[13.430s] -- Up-to-date: /home/wangjh/code/06imu_cube_calib /install/cube_imu_calibration/share/cube_imu_calibration/rust/src/msg
[13.430s] -- Installing: /home/wangjh/code/06imu_cube_calib /install/cube_imu_calibration/share/cube_imu_calibration/rust/src/msg/rmw.rs
[13.430s] -- Installing: /home/wangjh/code/06imu_cube_calib /install/cube_imu_calibration/share/cube_imu_calibration/rust/src/msg.rs
[13.430s] -- Up-to-date: /home/wangjh/code/06imu_cube_calib /install/cube_imu_calibration/share/cube_imu_calibration/msg/CubePose.idl
[13.430s] -- Installing: /home/wangjh/code/06imu_cube_calib /install/cube_imu_calibration/share/cube_imu_calibration/msg/RecorderStatus.idl
[13.430s] -- Up-to-date: /home/wangjh/code/06imu_cube_calib /install/cube_imu_calibration/share/cube_imu_calibration/msg/CubePose.msg
[13.430s] -- Installing: /home/wangjh/code/06imu_cube_calib /install/cube_imu_calibration/share/cube_imu_calibration/msg/RecorderStatus.msg
[13.430s] -- Installing: /home/wangjh/code/06imu_cube_calib /install/cube_imu_calibration/lib/cube_imu_calibration/data_recorder_node
[13.431s] -- Set non-toolchain portion of runtime path of "/home/wangjh/code/06imu_cube_calib /install/cube_imu_calibration/lib/cube_imu_calibration/data_recorder_node" to ""
[13.431s] -- Installing: /home/wangjh/code/06imu_cube_calib /install/cube_imu_calibration/lib/cube_imu_calibration/apriltag_pose_node
[13.433s] -- Set non-toolchain portion of runtime path of "/home/wangjh/code/06imu_cube_calib /install/cube_imu_calibration/lib/cube_imu_calibration/apriltag_pose_node" to ""
[13.433s] -- Up-to-date: /home/wangjh/code/06imu_cube_calib /install/cube_imu_calibration/lib/cube_imu_calibration/simulated_sensor_node
[13.433s] -- Installing: /home/wangjh/code/06imu_cube_calib /install/cube_imu_calibration/lib/cube_imu_calibration/calibration_gui.py
[13.433s] -- Up-to-date: /home/wangjh/code/06imu_cube_calib /install/cube_imu_calibration/lib/cube_imu_calibration/solve_extrinsics.py
[13.433s] -- Up-to-date: /home/wangjh/code/06imu_cube_calib /install/cube_imu_calibration/share/cube_imu_calibration/launch
[13.433s] -- Installing: /home/wangjh/code/06imu_cube_calib /install/cube_imu_calibration/share/cube_imu_calibration/launch/sim_demo_launch.py
[13.433s] -- Up-to-date: /home/wangjh/code/06imu_cube_calib /install/cube_imu_calibration/share/cube_imu_calibration/launch/gui_launch.py
[13.433s] -- Installing: /home/wangjh/code/06imu_cube_calib /install/cube_imu_calibration/share/cube_imu_calibration/launch/calibration_launch.py
[13.433s] -- Up-to-date: /home/wangjh/code/06imu_cube_calib /install/cube_imu_calibration/share/cube_imu_calibration/config
[13.433s] -- Up-to-date: /home/wangjh/code/06imu_cube_calib /install/cube_imu_calibration/share/cube_imu_calibration/config/apriltag_params.yaml
[13.433s] -- Installing: /home/wangjh/code/06imu_cube_calib /install/cube_imu_calibration/share/cube_imu_calibration/README_JAZZY.txt
[13.433s] -- Up-to-date: /home/wangjh/code/06imu_cube_calib /install/cube_imu_calibration/share/ament_index/resource_index/package_run_dependencies/cube_imu_calibration
[13.433s] -- Up-to-date: /home/wangjh/code/06imu_cube_calib /install/cube_imu_calibration/share/ament_index/resource_index/parent_prefix_path/cube_imu_calibration
[13.433s] -- Up-to-date: /home/wangjh/code/06imu_cube_calib /install/cube_imu_calibration/share/cube_imu_calibration/environment/ament_prefix_path.sh
[13.433s] -- Up-to-date: /home/wangjh/code/06imu_cube_calib /install/cube_imu_calibration/share/cube_imu_calibration/environment/ament_prefix_path.dsv
[13.433s] -- Up-to-date: /home/wangjh/code/06imu_cube_calib /install/cube_imu_calibration/share/cube_imu_calibration/environment/path.sh
[13.433s] -- Up-to-date: /home/wangjh/code/06imu_cube_calib /install/cube_imu_calibration/share/cube_imu_calibration/environment/path.dsv
[13.434s] -- Up-to-date: /home/wangjh/code/06imu_cube_calib /install/cube_imu_calibration/share/cube_imu_calibration/local_setup.bash
[13.434s] -- Up-to-date: /home/wangjh/code/06imu_cube_calib /install/cube_imu_calibration/share/cube_imu_calibration/local_setup.sh
[13.434s] -- Up-to-date: /home/wangjh/code/06imu_cube_calib /install/cube_imu_calibration/share/cube_imu_calibration/local_setup.zsh
[13.434s] -- Up-to-date: /home/wangjh/code/06imu_cube_calib /install/cube_imu_calibration/share/cube_imu_calibration/local_setup.dsv
[13.434s] -- Installing: /home/wangjh/code/06imu_cube_calib /install/cube_imu_calibration/share/cube_imu_calibration/package.dsv
[13.434s] -- Up-to-date: /home/wangjh/code/06imu_cube_calib /install/cube_imu_calibration/share/ament_index/resource_index/packages/cube_imu_calibration
[13.434s] -- Up-to-date: /home/wangjh/code/06imu_cube_calib /install/cube_imu_calibration/share/cube_imu_calibration/cmake/export_cube_imu_calibration__rosidl_generator_cExport.cmake
[13.434s] -- Up-to-date: /home/wangjh/code/06imu_cube_calib /install/cube_imu_calibration/share/cube_imu_calibration/cmake/export_cube_imu_calibration__rosidl_generator_cExport-release.cmake
[13.434s] -- Up-to-date: /home/wangjh/code/06imu_cube_calib /install/cube_imu_calibration/share/cube_imu_calibration/cmake/export_cube_imu_calibration__rosidl_typesupport_fastrtps_cExport.cmake
[13.434s] -- Up-to-date: /home/wangjh/code/06imu_cube_calib /install/cube_imu_calibration/share/cube_imu_calibration/cmake/export_cube_imu_calibration__rosidl_typesupport_fastrtps_cExport-release.cmake
[13.434s] -- Up-to-date: /home/wangjh/code/06imu_cube_calib /install/cube_imu_calibration/share/cube_imu_calibration/cmake/export_cube_imu_calibration__rosidl_generator_cppExport.cmake
[13.434s] -- Up-to-date: /home/wangjh/code/06imu_cube_calib /install/cube_imu_calibration/share/cube_imu_calibration/cmake/export_cube_imu_calibration__rosidl_typesupport_fastrtps_cppExport.cmake
[13.434s] -- Up-to-date: /home/wangjh/code/06imu_cube_calib /install/cube_imu_calibration/share/cube_imu_calibration/cmake/export_cube_imu_calibration__rosidl_typesupport_fastrtps_cppExport-release.cmake
[13.434s] -- Up-to-date: /home/wangjh/code/06imu_cube_calib /install/cube_imu_calibration/share/cube_imu_calibration/cmake/cube_imu_calibration__rosidl_typesupport_introspection_cExport.cmake
[13.434s] -- Up-to-date: /home/wangjh/code/06imu_cube_calib /install/cube_imu_calibration/share/cube_imu_calibration/cmake/cube_imu_calibration__rosidl_typesupport_introspection_cExport-release.cmake
[13.434s] -- Up-to-date: /home/wangjh/code/06imu_cube_calib /install/cube_imu_calibration/share/cube_imu_calibration/cmake/cube_imu_calibration__rosidl_typesupport_cExport.cmake
[13.434s] -- Up-to-date: /home/wangjh/code/06imu_cube_calib /install/cube_imu_calibration/share/cube_imu_calibration/cmake/cube_imu_calibration__rosidl_typesupport_cExport-release.cmake
[13.434s] -- Up-to-date: /home/wangjh/code/06imu_cube_calib /install/cube_imu_calibration/share/cube_imu_calibration/cmake/cube_imu_calibration__rosidl_typesupport_introspection_cppExport.cmake
[13.434s] -- Up-to-date: /home/wangjh/code/06imu_cube_calib /install/cube_imu_calibration/share/cube_imu_calibration/cmake/cube_imu_calibration__rosidl_typesupport_introspection_cppExport-release.cmake
[13.434s] -- Up-to-date: /home/wangjh/code/06imu_cube_calib /install/cube_imu_calibration/share/cube_imu_calibration/cmake/cube_imu_calibration__rosidl_typesupport_cppExport.cmake
[13.434s] -- Up-to-date: /home/wangjh/code/06imu_cube_calib /install/cube_imu_calibration/share/cube_imu_calibration/cmake/cube_imu_calibration__rosidl_typesupport_cppExport-release.cmake
[13.434s] -- Up-to-date: /home/wangjh/code/06imu_cube_calib /install/cube_imu_calibration/share/cube_imu_calibration/cmake/export_cube_imu_calibration__rosidl_generator_pyExport.cmake
[13.435s] -- Up-to-date: /home/wangjh/code/06imu_cube_calib /install/cube_imu_calibration/share/cube_imu_calibration/cmake/export_cube_imu_calibration__rosidl_generator_pyExport-release.cmake
[13.435s] -- Up-to-date: /home/wangjh/code/06imu_cube_calib /install/cube_imu_calibration/share/cube_imu_calibration/cmake/rosidl_cmake-extras.cmake
[13.435s] -- Up-to-date: /home/wangjh/code/06imu_cube_calib /install/cube_imu_calibration/share/cube_imu_calibration/cmake/ament_cmake_export_dependencies-extras.cmake
[13.435s] -- Up-to-date: /home/wangjh/code/06imu_cube_calib /install/cube_imu_calibration/share/cube_imu_calibration/cmake/ament_cmake_export_include_directories-extras.cmake
[13.435s] -- Up-to-date: /home/wangjh/code/06imu_cube_calib /install/cube_imu_calibration/share/cube_imu_calibration/cmake/ament_cmake_export_libraries-extras.cmake
[13.435s] -- Up-to-date: /home/wangjh/code/06imu_cube_calib /install/cube_imu_calibration/share/cube_imu_calibration/cmake/ament_cmake_export_targets-extras.cmake
[13.435s] -- Up-to-date: /home/wangjh/code/06imu_cube_calib /install/cube_imu_calibration/share/cube_imu_calibration/cmake/rosidl_cmake_export_typesupport_targets-extras.cmake
[13.435s] -- Up-to-date: /home/wangjh/code/06imu_cube_calib /install/cube_imu_calibration/share/cube_imu_calibration/cmake/rosidl_cmake_export_typesupport_libraries-extras.cmake
[13.435s] -- Up-to-date: /home/wangjh/code/06imu_cube_calib /install/cube_imu_calibration/share/cube_imu_calibration/cmake/cube_imu_calibrationConfig.cmake
[13.436s] -- Up-to-date: /home/wangjh/code/06imu_cube_calib /install/cube_imu_calibration/share/cube_imu_calibration/cmake/cube_imu_calibrationConfig-version.cmake
[13.436s] -- Up-to-date: /home/wangjh/code/06imu_cube_calib /install/cube_imu_calibration/share/cube_imu_calibration/package.xml
[13.436s] Invoked command in '/home/wangjh/code/06imu_cube_calib /build/cube_imu_calibration' returned '0': CMAKE_PREFIX_PATH=${CMAKE_PREFIX_PATH}:/opt/ros/jazzy DEBUGINFOD_URLS=https://debuginfod.ubuntu.com /usr/bin/cmake --install /home/wangjh/code/06imu_cube_calib /build/cube_imu_calibration
