[0.005s] Invoking command in '/home/wangjh/code/06imu_cube_calib/build/cube_imu_calibration': CMAKE_PREFIX_PATH=${CMAKE_PREFIX_PATH}:/opt/ros/jazzy DEBUGINFOD_URLS=https://debuginfod.ubuntu.com VIRTUAL_ENV_PROMPT=(.venv) /usr/bin/cmake --build /home/wangjh/code/06imu_cube_calib/build/cube_imu_calibration -- -j24 -l24
[0.050s] [  3%] Built target cube_imu_calibration__rs
[0.050s] [  3%] Built target cube_imu_calibration__rosidl_generator_type_description
[0.052s] [  7%] Built target cube_imu_direct_sensor
[0.055s] [ 10%] Built target simulated_sensor_node
[0.057s] [ 15%] Built target real_sensor_node
[0.057s] [ 15%] Built target ament_cmake_python_copy_cube_imu_calibration
[0.065s] [ 16%] Built target cube_imu_calibration__cpp
[0.067s] [ 33%] Built target cube_imu_calibration__rosidl_generator_c
[0.082s] [ 49%] Built target cube_imu_calibration__rosidl_typesupport_introspection_c
[0.082s] [ 49%] Built target cube_imu_calibration__rosidl_typesupport_c
[0.082s] [ 64%] Built target cube_imu_calibration__rosidl_typesupport_introspection_cpp
[0.082s] [ 64%] Built target cube_imu_calibration__rosidl_typesupport_fastrtps_c
[0.082s] [ 72%] Built target cube_imu_calibration__rosidl_typesupport_fastrtps_cpp
[0.082s] [ 80%] Built target cube_imu_calibration__rosidl_typesupport_cpp
[0.095s] [ 80%] Built target cube_imu_calibration
[0.099s] [ 83%] Built target data_recorder_node
[0.107s] [ 84%] Built target cube_imu_calibration__py
[0.121s] [ 90%] Built target cube_imu_calibration__rosidl_generator_py
[0.135s] [ 96%] Built target cube_imu_calibration_s__rosidl_typesupport_fastrtps_c
[0.135s] [ 96%] Built target cube_imu_calibration_s__rosidl_typesupport_introspection_c
[0.135s] [100%] Built target cube_imu_calibration_s__rosidl_typesupport_c
[0.173s] running egg_info
[0.180s] writing cube_imu_calibration.egg-info/PKG-INFO
[0.180s] writing dependency_links to cube_imu_calibration.egg-info/dependency_links.txt
[0.180s] writing top-level names to cube_imu_calibration.egg-info/top_level.txt
[0.201s] reading manifest file 'cube_imu_calibration.egg-info/SOURCES.txt'
[0.201s] writing manifest file 'cube_imu_calibration.egg-info/SOURCES.txt'
[0.220s] [100%] Built target ament_cmake_python_build_cube_imu_calibration_egg
[0.228s] Invoked command in '/home/wangjh/code/06imu_cube_calib/build/cube_imu_calibration' returned '0': CMAKE_PREFIX_PATH=${CMAKE_PREFIX_PATH}:/opt/ros/jazzy DEBUGINFOD_URLS=https://debuginfod.ubuntu.com VIRTUAL_ENV_PROMPT=(.venv) /usr/bin/cmake --build /home/wangjh/code/06imu_cube_calib/build/cube_imu_calibration -- -j24 -l24
[0.235s] Invoking command in '/home/wangjh/code/06imu_cube_calib/build/cube_imu_calibration': CMAKE_PREFIX_PATH=${CMAKE_PREFIX_PATH}:/opt/ros/jazzy DEBUGINFOD_URLS=https://debuginfod.ubuntu.com VIRTUAL_ENV_PROMPT=(.venv) /usr/bin/cmake --install /home/wangjh/code/06imu_cube_calib/build/cube_imu_calibration
[0.239s] -- Install configuration: "Release"
[0.239s] -- Up-to-date: /home/wangjh/code/06imu_cube_calib/install/cube_imu_calibration/share/ament_index/resource_index/rosidl_interfaces/cube_imu_calibration
[0.239s] -- Up-to-date: /home/wangjh/code/06imu_cube_calib/install/cube_imu_calibration/share/cube_imu_calibration/msg/CubePose.json
[0.239s] -- Up-to-date: /home/wangjh/code/06imu_cube_calib/install/cube_imu_calibration/share/cube_imu_calibration/msg/CubePoseStatus.json
[0.239s] -- Up-to-date: /home/wangjh/code/06imu_cube_calib/install/cube_imu_calibration/share/cube_imu_calibration/msg/RecorderStatus.json
[0.239s] -- Up-to-date: /home/wangjh/code/06imu_cube_calib/install/cube_imu_calibration/include/cube_imu_calibration/cube_imu_calibration
[0.239s] -- Up-to-date: /home/wangjh/code/06imu_cube_calib/install/cube_imu_calibration/include/cube_imu_calibration/cube_imu_calibration/msg
[0.239s] -- Up-to-date: /home/wangjh/code/06imu_cube_calib/install/cube_imu_calibration/include/cube_imu_calibration/cube_imu_calibration/msg/detail
[0.239s] -- Up-to-date: /home/wangjh/code/06imu_cube_calib/install/cube_imu_calibration/include/cube_imu_calibration/cube_imu_calibration/msg/detail/cube_pose__type_support.c
[0.239s] -- Up-to-date: /home/wangjh/code/06imu_cube_calib/install/cube_imu_calibration/include/cube_imu_calibration/cube_imu_calibration/msg/detail/recorder_status__struct.h
[0.239s] -- Up-to-date: /home/wangjh/code/06imu_cube_calib/install/cube_imu_calibration/include/cube_imu_calibration/cube_imu_calibration/msg/detail/cube_pose__functions.h
[0.239s] -- Up-to-date: /home/wangjh/code/06imu_cube_calib/install/cube_imu_calibration/include/cube_imu_calibration/cube_imu_calibration/msg/detail/recorder_status__functions.h
[0.239s] -- Up-to-date: /home/wangjh/code/06imu_cube_calib/install/cube_imu_calibration/include/cube_imu_calibration/cube_imu_calibration/msg/detail/recorder_status__type_support.c
[0.239s] -- Up-to-date: /home/wangjh/code/06imu_cube_calib/install/cube_imu_calibration/include/cube_imu_calibration/cube_imu_calibration/msg/detail/recorder_status__description.c
[0.239s] -- Up-to-date: /home/wangjh/code/06imu_cube_calib/install/cube_imu_calibration/include/cube_imu_calibration/cube_imu_calibration/msg/detail/cube_pose__description.c
[0.240s] -- Up-to-date: /home/wangjh/code/06imu_cube_calib/install/cube_imu_calibration/include/cube_imu_calibration/cube_imu_calibration/msg/detail/cube_pose_status__type_support.h
[0.240s] -- Up-to-date: /home/wangjh/code/06imu_cube_calib/install/cube_imu_calibration/include/cube_imu_calibration/cube_imu_calibration/msg/detail/cube_pose__struct.h
[0.240s] -- Up-to-date: /home/wangjh/code/06imu_cube_calib/install/cube_imu_calibration/include/cube_imu_calibration/cube_imu_calibration/msg/detail/cube_pose_status__struct.h
[0.240s] -- Up-to-date: /home/wangjh/code/06imu_cube_calib/install/cube_imu_calibration/include/cube_imu_calibration/cube_imu_calibration/msg/detail/cube_pose_status__functions.c
[0.240s] -- Up-to-date: /home/wangjh/code/06imu_cube_calib/install/cube_imu_calibration/include/cube_imu_calibration/cube_imu_calibration/msg/detail/cube_pose__type_support.h
[0.240s] -- Up-to-date: /home/wangjh/code/06imu_cube_calib/install/cube_imu_calibration/include/cube_imu_calibration/cube_imu_calibration/msg/detail/cube_pose_status__type_support.c
[0.240s] -- Up-to-date: /home/wangjh/code/06imu_cube_calib/install/cube_imu_calibration/include/cube_imu_calibration/cube_imu_calibration/msg/detail/cube_pose__functions.c
[0.240s] -- Up-to-date: /home/wangjh/code/06imu_cube_calib/install/cube_imu_calibration/include/cube_imu_calibration/cube_imu_calibration/msg/detail/cube_pose_status__description.c
[0.240s] -- Up-to-date: /home/wangjh/code/06imu_cube_calib/install/cube_imu_calibration/include/cube_imu_calibration/cube_imu_calibration/msg/detail/recorder_status__type_support.h
[0.240s] -- Up-to-date: /home/wangjh/code/06imu_cube_calib/install/cube_imu_calibration/include/cube_imu_calibration/cube_imu_calibration/msg/detail/cube_pose_status__functions.h
[0.240s] -- Up-to-date: /home/wangjh/code/06imu_cube_calib/install/cube_imu_calibration/include/cube_imu_calibration/cube_imu_calibration/msg/detail/recorder_status__functions.c
[0.240s] -- Up-to-date: /home/wangjh/code/06imu_cube_calib/install/cube_imu_calibration/include/cube_imu_calibration/cube_imu_calibration/msg/rosidl_generator_c__visibility_control.h
[0.240s] -- Up-to-date: /home/wangjh/code/06imu_cube_calib/install/cube_imu_calibration/include/cube_imu_calibration/cube_imu_calibration/msg/cube_pose.h
[0.240s] -- Up-to-date: /home/wangjh/code/06imu_cube_calib/install/cube_imu_calibration/include/cube_imu_calibration/cube_imu_calibration/msg/recorder_status.h
[0.240s] -- Up-to-date: /home/wangjh/code/06imu_cube_calib/install/cube_imu_calibration/include/cube_imu_calibration/cube_imu_calibration/msg/cube_pose_status.h
[0.240s] -- Up-to-date: /home/wangjh/code/06imu_cube_calib/install/cube_imu_calibration/share/cube_imu_calibration/environment/library_path.sh
[0.240s] -- Up-to-date: /home/wangjh/code/06imu_cube_calib/install/cube_imu_calibration/share/cube_imu_calibration/environment/library_path.dsv
[0.240s] -- Up-to-date: /home/wangjh/code/06imu_cube_calib/install/cube_imu_calibration/lib/libcube_imu_calibration__rosidl_generator_c.so
[0.240s] -- Up-to-date: /home/wangjh/code/06imu_cube_calib/install/cube_imu_calibration/include/cube_imu_calibration/cube_imu_calibration
[0.240s] -- Up-to-date: /home/wangjh/code/06imu_cube_calib/install/cube_imu_calibration/include/cube_imu_calibration/cube_imu_calibration/msg
[0.240s] -- Up-to-date: /home/wangjh/code/06imu_cube_calib/install/cube_imu_calibration/include/cube_imu_calibration/cube_imu_calibration/msg/detail
[0.240s] -- Up-to-date: /home/wangjh/code/06imu_cube_calib/install/cube_imu_calibration/include/cube_imu_calibration/cube_imu_calibration/msg/detail/cube_pose_status__rosidl_typesupport_fastrtps_c.h
[0.241s] -- Up-to-date: /home/wangjh/code/06imu_cube_calib/install/cube_imu_calibration/include/cube_imu_calibration/cube_imu_calibration/msg/detail/recorder_status__rosidl_typesupport_fastrtps_c.h
[0.241s] -- Up-to-date: /home/wangjh/code/06imu_cube_calib/install/cube_imu_calibration/include/cube_imu_calibration/cube_imu_calibration/msg/detail/cube_pose__rosidl_typesupport_fastrtps_c.h
[0.241s] -- Up-to-date: /home/wangjh/code/06imu_cube_calib/install/cube_imu_calibration/include/cube_imu_calibration/cube_imu_calibration/msg/rosidl_typesupport_fastrtps_c__visibility_control.h
[0.241s] -- Up-to-date: /home/wangjh/code/06imu_cube_calib/install/cube_imu_calibration/lib/libcube_imu_calibration__rosidl_typesupport_fastrtps_c.so
[0.241s] -- Up-to-date: /home/wangjh/code/06imu_cube_calib/install/cube_imu_calibration/include/cube_imu_calibration/cube_imu_calibration
[0.241s] -- Up-to-date: /home/wangjh/code/06imu_cube_calib/install/cube_imu_calibration/include/cube_imu_calibration/cube_imu_calibration/msg
[0.241s] -- Up-to-date: /home/wangjh/code/06imu_cube_calib/install/cube_imu_calibration/include/cube_imu_calibration/cube_imu_calibration/msg/detail
[0.241s] -- Up-to-date: /home/wangjh/code/06imu_cube_calib/install/cube_imu_calibration/include/cube_imu_calibration/cube_imu_calibration/msg/detail/cube_pose__struct.hpp
[0.241s] -- Up-to-date: /home/wangjh/code/06imu_cube_calib/install/cube_imu_calibration/include/cube_imu_calibration/cube_imu_calibration/msg/detail/cube_pose__traits.hpp
[0.241s] -- Up-to-date: /home/wangjh/code/06imu_cube_calib/install/cube_imu_calibration/include/cube_imu_calibration/cube_imu_calibration/msg/detail/recorder_status__type_support.hpp
[0.241s] -- Up-to-date: /home/wangjh/code/06imu_cube_calib/install/cube_imu_calibration/include/cube_imu_calibration/cube_imu_calibration/msg/detail/cube_pose__builder.hpp
[0.241s] -- Up-to-date: /home/wangjh/code/06imu_cube_calib/install/cube_imu_calibration/include/cube_imu_calibration/cube_imu_calibration/msg/detail/cube_pose_status__traits.hpp
[0.241s] -- Up-to-date: /home/wangjh/code/06imu_cube_calib/install/cube_imu_calibration/include/cube_imu_calibration/cube_imu_calibration/msg/detail/recorder_status__traits.hpp
[0.241s] -- Up-to-date: /home/wangjh/code/06imu_cube_calib/install/cube_imu_calibration/include/cube_imu_calibration/cube_imu_calibration/msg/detail/cube_pose_status__builder.hpp
[0.241s] -- Up-to-date: /home/wangjh/code/06imu_cube_calib/install/cube_imu_calibration/include/cube_imu_calibration/cube_imu_calibration/msg/detail/cube_pose_status__type_support.hpp
[0.241s] -- Up-to-date: /home/wangjh/code/06imu_cube_calib/install/cube_imu_calibration/include/cube_imu_calibration/cube_imu_calibration/msg/detail/recorder_status__struct.hpp
[0.241s] -- Up-to-date: /home/wangjh/code/06imu_cube_calib/install/cube_imu_calibration/include/cube_imu_calibration/cube_imu_calibration/msg/detail/cube_pose_status__struct.hpp
[0.241s] -- Up-to-date: /home/wangjh/code/06imu_cube_calib/install/cube_imu_calibration/include/cube_imu_calibration/cube_imu_calibration/msg/detail/cube_pose__type_support.hpp
[0.242s] -- Up-to-date: /home/wangjh/code/06imu_cube_calib/install/cube_imu_calibration/include/cube_imu_calibration/cube_imu_calibration/msg/detail/recorder_status__builder.hpp
[0.242s] -- Up-to-date: /home/wangjh/code/06imu_cube_calib/install/cube_imu_calibration/include/cube_imu_calibration/cube_imu_calibration/msg/cube_pose.hpp
[0.242s] -- Up-to-date: /home/wangjh/code/06imu_cube_calib/install/cube_imu_calibration/include/cube_imu_calibration/cube_imu_calibration/msg/recorder_status.hpp
[0.242s] -- Up-to-date: /home/wangjh/code/06imu_cube_calib/install/cube_imu_calibration/include/cube_imu_calibration/cube_imu_calibration/msg/cube_pose_status.hpp
[0.242s] -- Up-to-date: /home/wangjh/code/06imu_cube_calib/install/cube_imu_calibration/include/cube_imu_calibration/cube_imu_calibration/msg/rosidl_generator_cpp__visibility_control.hpp
[0.242s] -- Up-to-date: /home/wangjh/code/06imu_cube_calib/install/cube_imu_calibration/include/cube_imu_calibration/cube_imu_calibration
[0.242s] -- Up-to-date: /home/wangjh/code/06imu_cube_calib/install/cube_imu_calibration/include/cube_imu_calibration/cube_imu_calibration/msg
[0.242s] -- Up-to-date: /home/wangjh/code/06imu_cube_calib/install/cube_imu_calibration/include/cube_imu_calibration/cube_imu_calibration/msg/detail
[0.242s] -- Up-to-date: /home/wangjh/code/06imu_cube_calib/install/cube_imu_calibration/include/cube_imu_calibration/cube_imu_calibration/msg/detail/dds_fastrtps
[0.242s] -- Up-to-date: /home/wangjh/code/06imu_cube_calib/install/cube_imu_calibration/include/cube_imu_calibration/cube_imu_calibration/msg/detail/cube_pose_status__rosidl_typesupport_fastrtps_cpp.hpp
[0.242s] -- Up-to-date: /home/wangjh/code/06imu_cube_calib/install/cube_imu_calibration/include/cube_imu_calibration/cube_imu_calibration/msg/detail/cube_pose__rosidl_typesupport_fastrtps_cpp.hpp
[0.242s] -- Up-to-date: /home/wangjh/code/06imu_cube_calib/install/cube_imu_calibration/include/cube_imu_calibration/cube_imu_calibration/msg/detail/recorder_status__rosidl_typesupport_fastrtps_cpp.hpp
[0.242s] -- Up-to-date: /home/wangjh/code/06imu_cube_calib/install/cube_imu_calibration/include/cube_imu_calibration/cube_imu_calibration/msg/rosidl_typesupport_fastrtps_cpp__visibility_control.h
[0.242s] -- Up-to-date: /home/wangjh/code/06imu_cube_calib/install/cube_imu_calibration/lib/libcube_imu_calibration__rosidl_typesupport_fastrtps_cpp.so
[0.242s] -- Up-to-date: /home/wangjh/code/06imu_cube_calib/install/cube_imu_calibration/include/cube_imu_calibration/cube_imu_calibration
[0.242s] -- Up-to-date: /home/wangjh/code/06imu_cube_calib/install/cube_imu_calibration/include/cube_imu_calibration/cube_imu_calibration/msg
[0.242s] -- Up-to-date: /home/wangjh/code/06imu_cube_calib/install/cube_imu_calibration/include/cube_imu_calibration/cube_imu_calibration/msg/rosidl_typesupport_introspection_c__visibility_control.h
[0.242s] -- Up-to-date: /home/wangjh/code/06imu_cube_calib/install/cube_imu_calibration/include/cube_imu_calibration/cube_imu_calibration/msg/detail
[0.242s] -- Up-to-date: /home/wangjh/code/06imu_cube_calib/install/cube_imu_calibration/include/cube_imu_calibration/cube_imu_calibration/msg/detail/recorder_status__rosidl_typesupport_introspection_c.h
[0.242s] -- Up-to-date: /home/wangjh/code/06imu_cube_calib/install/cube_imu_calibration/include/cube_imu_calibration/cube_imu_calibration/msg/detail/cube_pose__type_support.c
[0.242s] -- Up-to-date: /home/wangjh/code/06imu_cube_calib/install/cube_imu_calibration/include/cube_imu_calibration/cube_imu_calibration/msg/detail/recorder_status__type_support.c
[0.242s] -- Up-to-date: /home/wangjh/code/06imu_cube_calib/install/cube_imu_calibration/include/cube_imu_calibration/cube_imu_calibration/msg/detail/cube_pose__rosidl_typesupport_introspection_c.h
[0.242s] -- Up-to-date: /home/wangjh/code/06imu_cube_calib/install/cube_imu_calibration/include/cube_imu_calibration/cube_imu_calibration/msg/detail/cube_pose_status__type_support.c
[0.242s] -- Up-to-date: /home/wangjh/code/06imu_cube_calib/install/cube_imu_calibration/include/cube_imu_calibration/cube_imu_calibration/msg/detail/cube_pose_status__rosidl_typesupport_introspection_c.h
[0.242s] -- Up-to-date: /home/wangjh/code/06imu_cube_calib/install/cube_imu_calibration/lib/libcube_imu_calibration__rosidl_typesupport_introspection_c.so
[0.242s] -- Up-to-date: /home/wangjh/code/06imu_cube_calib/install/cube_imu_calibration/lib/libcube_imu_calibration__rosidl_typesupport_c.so
[0.242s] -- Up-to-date: /home/wangjh/code/06imu_cube_calib/install/cube_imu_calibration/include/cube_imu_calibration/cube_imu_calibration
[0.242s] -- Up-to-date: /home/wangjh/code/06imu_cube_calib/install/cube_imu_calibration/include/cube_imu_calibration/cube_imu_calibration/msg
[0.242s] -- Up-to-date: /home/wangjh/code/06imu_cube_calib/install/cube_imu_calibration/include/cube_imu_calibration/cube_imu_calibration/msg/detail
[0.242s] -- Up-to-date: /home/wangjh/code/06imu_cube_calib/install/cube_imu_calibration/include/cube_imu_calibration/cube_imu_calibration/msg/detail/cube_pose__rosidl_typesupport_introspection_cpp.hpp
[0.242s] -- Up-to-date: /home/wangjh/code/06imu_cube_calib/install/cube_imu_calibration/include/cube_imu_calibration/cube_imu_calibration/msg/detail/cube_pose_status__rosidl_typesupport_introspection_cpp.hpp
[0.242s] -- Up-to-date: /home/wangjh/code/06imu_cube_calib/install/cube_imu_calibration/include/cube_imu_calibration/cube_imu_calibration/msg/detail/recorder_status__rosidl_typesupport_introspection_cpp.hpp
[0.243s] -- Up-to-date: /home/wangjh/code/06imu_cube_calib/install/cube_imu_calibration/include/cube_imu_calibration/cube_imu_calibration/msg/detail/cube_pose__type_support.cpp
[0.243s] -- Up-to-date: /home/wangjh/code/06imu_cube_calib/install/cube_imu_calibration/include/cube_imu_calibration/cube_imu_calibration/msg/detail/recorder_status__type_support.cpp
[0.243s] -- Up-to-date: /home/wangjh/code/06imu_cube_calib/install/cube_imu_calibration/include/cube_imu_calibration/cube_imu_calibration/msg/detail/cube_pose_status__type_support.cpp
[0.243s] -- Up-to-date: /home/wangjh/code/06imu_cube_calib/install/cube_imu_calibration/lib/libcube_imu_calibration__rosidl_typesupport_introspection_cpp.so
[0.243s] -- Up-to-date: /home/wangjh/code/06imu_cube_calib/install/cube_imu_calibration/lib/libcube_imu_calibration__rosidl_typesupport_cpp.so
[0.243s] -- Up-to-date: /home/wangjh/code/06imu_cube_calib/install/cube_imu_calibration/share/cube_imu_calibration/environment/pythonpath.sh
[0.243s] -- Up-to-date: /home/wangjh/code/06imu_cube_calib/install/cube_imu_calibration/share/cube_imu_calibration/environment/pythonpath.dsv
[0.243s] -- Up-to-date: /home/wangjh/code/06imu_cube_calib/install/cube_imu_calibration/lib/python3.12/site-packages/cube_imu_calibration-0.1.0-py3.12.egg-info
[0.243s] -- Installing: /home/wangjh/code/06imu_cube_calib/install/cube_imu_calibration/lib/python3.12/site-packages/cube_imu_calibration-0.1.0-py3.12.egg-info/dependency_links.txt
[0.243s] -- Installing: /home/wangjh/code/06imu_cube_calib/install/cube_imu_calibration/lib/python3.12/site-packages/cube_imu_calibration-0.1.0-py3.12.egg-info/SOURCES.txt
[0.243s] -- Installing: /home/wangjh/code/06imu_cube_calib/install/cube_imu_calibration/lib/python3.12/site-packages/cube_imu_calibration-0.1.0-py3.12.egg-info/top_level.txt
[0.243s] -- Installing: /home/wangjh/code/06imu_cube_calib/install/cube_imu_calibration/lib/python3.12/site-packages/cube_imu_calibration-0.1.0-py3.12.egg-info/PKG-INFO
[0.243s] -- Up-to-date: /home/wangjh/code/06imu_cube_calib/install/cube_imu_calibration/lib/python3.12/site-packages/cube_imu_calibration
[0.243s] -- Up-to-date: /home/wangjh/code/06imu_cube_calib/install/cube_imu_calibration/lib/python3.12/site-packages/cube_imu_calibration/_cube_imu_calibration_s.ep.rosidl_typesupport_c.c
[0.243s] -- Up-to-date: /home/wangjh/code/06imu_cube_calib/install/cube_imu_calibration/lib/python3.12/site-packages/cube_imu_calibration/_cube_imu_calibration_s.ep.rosidl_typesupport_introspection_c.c
[0.243s] -- Up-to-date: /home/wangjh/code/06imu_cube_calib/install/cube_imu_calibration/lib/python3.12/site-packages/cube_imu_calibration/__init__.py
[0.243s] -- Up-to-date: /home/wangjh/code/06imu_cube_calib/install/cube_imu_calibration/lib/python3.12/site-packages/cube_imu_calibration/cube_imu_calibration_s__rosidl_typesupport_fastrtps_c.so
[0.243s] -- Up-to-date: /home/wangjh/code/06imu_cube_calib/install/cube_imu_calibration/lib/python3.12/site-packages/cube_imu_calibration/msg
[0.243s] -- Up-to-date: /home/wangjh/code/06imu_cube_calib/install/cube_imu_calibration/lib/python3.12/site-packages/cube_imu_calibration/msg/_cube_pose.py
[0.243s] -- Up-to-date: /home/wangjh/code/06imu_cube_calib/install/cube_imu_calibration/lib/python3.12/site-packages/cube_imu_calibration/msg/_cube_pose_s.c
[0.243s] -- Up-to-date: /home/wangjh/code/06imu_cube_calib/install/cube_imu_calibration/lib/python3.12/site-packages/cube_imu_calibration/msg/__init__.py
[0.243s] -- Up-to-date: /home/wangjh/code/06imu_cube_calib/install/cube_imu_calibration/lib/python3.12/site-packages/cube_imu_calibration/msg/_recorder_status.py
[0.243s] -- Up-to-date: /home/wangjh/code/06imu_cube_calib/install/cube_imu_calibration/lib/python3.12/site-packages/cube_imu_calibration/msg/_recorder_status_s.c
[0.243s] -- Up-to-date: /home/wangjh/code/06imu_cube_calib/install/cube_imu_calibration/lib/python3.12/site-packages/cube_imu_calibration/msg/_cube_pose_status.py
[0.243s] -- Up-to-date: /home/wangjh/code/06imu_cube_calib/install/cube_imu_calibration/lib/python3.12/site-packages/cube_imu_calibration/msg/_cube_pose_status_s.c
[0.243s] -- Up-to-date: /home/wangjh/code/06imu_cube_calib/install/cube_imu_calibration/lib/python3.12/site-packages/cube_imu_calibration/cube_imu_calibration_s__rosidl_typesupport_introspection_c.so
[0.243s] -- Up-to-date: /home/wangjh/code/06imu_cube_calib/install/cube_imu_calibration/lib/python3.12/site-packages/cube_imu_calibration/cube_imu_calibration_s__rosidl_typesupport_c.so
[0.243s] -- Up-to-date: /home/wangjh/code/06imu_cube_calib/install/cube_imu_calibration/lib/python3.12/site-packages/cube_imu_calibration/_cube_imu_calibration_s.ep.rosidl_typesupport_fastrtps_c.c
[0.263s] Listing '/home/wangjh/code/06imu_cube_calib/install/cube_imu_calibration/lib/python3.12/site-packages/cube_imu_calibration'...
[0.263s] Listing '/home/wangjh/code/06imu_cube_calib/install/cube_imu_calibration/lib/python3.12/site-packages/cube_imu_calibration/msg'...
[0.266s] -- Up-to-date: /home/wangjh/code/06imu_cube_calib/install/cube_imu_calibration/lib/python3.12/site-packages/cube_imu_calibration/cube_imu_calibration_s__rosidl_typesupport_fastrtps_c.so
[0.267s] -- Up-to-date: /home/wangjh/code/06imu_cube_calib/install/cube_imu_calibration/lib/python3.12/site-packages/cube_imu_calibration/cube_imu_calibration_s__rosidl_typesupport_introspection_c.so
[0.267s] -- Up-to-date: /home/wangjh/code/06imu_cube_calib/install/cube_imu_calibration/lib/python3.12/site-packages/cube_imu_calibration/cube_imu_calibration_s__rosidl_typesupport_c.so
[0.267s] -- Up-to-date: /home/wangjh/code/06imu_cube_calib/install/cube_imu_calibration/lib/libcube_imu_calibration__rosidl_generator_py.so
[0.267s] -- Up-to-date: /home/wangjh/code/06imu_cube_calib/install/cube_imu_calibration/share/ament_index/resource_index/rust_packages/cube_imu_calibration
[0.267s] -- Up-to-date: /home/wangjh/code/06imu_cube_calib/install/cube_imu_calibration/share/cube_imu_calibration/rust
[0.267s] -- Up-to-date: /home/wangjh/code/06imu_cube_calib/install/cube_imu_calibration/share/cube_imu_calibration/rust/Cargo.toml
[0.267s] -- Up-to-date: /home/wangjh/code/06imu_cube_calib/install/cube_imu_calibration/share/cube_imu_calibration/rust/build.rs
[0.267s] -- Up-to-date: /home/wangjh/code/06imu_cube_calib/install/cube_imu_calibration/share/cube_imu_calibration/rust/src
[0.267s] -- Up-to-date: /home/wangjh/code/06imu_cube_calib/install/cube_imu_calibration/share/cube_imu_calibration/rust/src/lib.rs
[0.267s] -- Up-to-date: /home/wangjh/code/06imu_cube_calib/install/cube_imu_calibration/share/cube_imu_calibration/rust/src/msg
[0.267s] -- Up-to-date: /home/wangjh/code/06imu_cube_calib/install/cube_imu_calibration/share/cube_imu_calibration/rust/src/msg/rmw.rs
[0.267s] -- Up-to-date: /home/wangjh/code/06imu_cube_calib/install/cube_imu_calibration/share/cube_imu_calibration/rust/src/msg.rs
[0.267s] -- Up-to-date: /home/wangjh/code/06imu_cube_calib/install/cube_imu_calibration/share/cube_imu_calibration/msg/CubePose.idl
[0.267s] -- Up-to-date: /home/wangjh/code/06imu_cube_calib/install/cube_imu_calibration/share/cube_imu_calibration/msg/CubePoseStatus.idl
[0.267s] -- Up-to-date: /home/wangjh/code/06imu_cube_calib/install/cube_imu_calibration/share/cube_imu_calibration/msg/RecorderStatus.idl
[0.267s] -- Up-to-date: /home/wangjh/code/06imu_cube_calib/install/cube_imu_calibration/share/cube_imu_calibration/msg/CubePose.msg
[0.267s] -- Up-to-date: /home/wangjh/code/06imu_cube_calib/install/cube_imu_calibration/share/cube_imu_calibration/msg/CubePoseStatus.msg
[0.267s] -- Up-to-date: /home/wangjh/code/06imu_cube_calib/install/cube_imu_calibration/share/cube_imu_calibration/msg/RecorderStatus.msg
[0.268s] -- Up-to-date: /home/wangjh/code/06imu_cube_calib/install/cube_imu_calibration/lib/cube_imu_calibration/data_recorder_node
[0.268s] -- Up-to-date: /home/wangjh/code/06imu_cube_calib/install/cube_imu_calibration/lib/cube_imu_calibration/simulated_sensor_node
[0.268s] -- Up-to-date: /home/wangjh/code/06imu_cube_calib/install/cube_imu_calibration/lib/cube_imu_calibration/libcube_imu_direct_sensor.so
[0.268s] -- Up-to-date: /home/wangjh/code/06imu_cube_calib/install/cube_imu_calibration/lib/cube_imu_calibration/real_sensor_node
[0.268s] -- Installing: /home/wangjh/code/06imu_cube_calib/install/cube_imu_calibration/lib/cube_imu_calibration/calibration_gui.py
[0.268s] -- Up-to-date: /home/wangjh/code/06imu_cube_calib/install/cube_imu_calibration/lib/cube_imu_calibration/kalibr_workflow_check.py
[0.268s] -- Up-to-date: /home/wangjh/code/06imu_cube_calib/install/cube_imu_calibration/lib/cube_imu_calibration/solve_extrinsics.py
[0.268s] -- Up-to-date: /home/wangjh/code/06imu_cube_calib/install/cube_imu_calibration/lib/cube_imu_calibration/pose_imu_calibrator.py
[0.268s] -- Up-to-date: /home/wangjh/code/06imu_cube_calib/install/cube_imu_calibration/share/cube_imu_calibration/launch
[0.268s] -- Up-to-date: /home/wangjh/code/06imu_cube_calib/install/cube_imu_calibration/share/cube_imu_calibration/launch/sim_demo_launch.py
[0.268s] -- Up-to-date: /home/wangjh/code/06imu_cube_calib/install/cube_imu_calibration/share/cube_imu_calibration/launch/gui_launch.py
[0.268s] -- Up-to-date: /home/wangjh/code/06imu_cube_calib/install/cube_imu_calibration/share/cube_imu_calibration/launch/runtime_launch.py
[0.268s] -- Up-to-date: /home/wangjh/code/06imu_cube_calib/install/cube_imu_calibration/share/cube_imu_calibration/launch/calibration_launch.py
[0.268s] -- Up-to-date: /home/wangjh/code/06imu_cube_calib/install/cube_imu_calibration/share/cube_imu_calibration/launch/__pycache__
[0.268s] -- Up-to-date: /home/wangjh/code/06imu_cube_calib/install/cube_imu_calibration/share/cube_imu_calibration/launch/__pycache__/runtime_launch.cpython-312.pyc
[0.268s] -- Up-to-date: /home/wangjh/code/06imu_cube_calib/install/cube_imu_calibration/share/cube_imu_calibration/launch/__pycache__/gui_launch.cpython-312.pyc
[0.268s] -- Up-to-date: /home/wangjh/code/06imu_cube_calib/install/cube_imu_calibration/share/cube_imu_calibration/launch/__pycache__/calibration_launch.cpython-312.pyc
[0.268s] -- Up-to-date: /home/wangjh/code/06imu_cube_calib/install/cube_imu_calibration/share/cube_imu_calibration/launch/__pycache__/raw_capture_launch.cpython-312.pyc
[0.268s] -- Up-to-date: /home/wangjh/code/06imu_cube_calib/install/cube_imu_calibration/share/cube_imu_calibration/launch/__pycache__/sim_demo_launch.cpython-312.pyc
[0.269s] -- Up-to-date: /home/wangjh/code/06imu_cube_calib/install/cube_imu_calibration/share/cube_imu_calibration/config
[0.269s] -- Up-to-date: /home/wangjh/code/06imu_cube_calib/install/cube_imu_calibration/share/cube_imu_calibration/config/apriltag_params.yaml
[0.269s] -- Up-to-date: /home/wangjh/code/06imu_cube_calib/install/cube_imu_calibration/share/cube_imu_calibration/README_JAZZY.txt
[0.269s] -- Up-to-date: /home/wangjh/code/06imu_cube_calib/install/cube_imu_calibration/share/ament_index/resource_index/package_run_dependencies/cube_imu_calibration
[0.269s] -- Up-to-date: /home/wangjh/code/06imu_cube_calib/install/cube_imu_calibration/share/ament_index/resource_index/parent_prefix_path/cube_imu_calibration
[0.269s] -- Up-to-date: /home/wangjh/code/06imu_cube_calib/install/cube_imu_calibration/share/cube_imu_calibration/environment/ament_prefix_path.sh
[0.269s] -- Up-to-date: /home/wangjh/code/06imu_cube_calib/install/cube_imu_calibration/share/cube_imu_calibration/environment/ament_prefix_path.dsv
[0.269s] -- Up-to-date: /home/wangjh/code/06imu_cube_calib/install/cube_imu_calibration/share/cube_imu_calibration/environment/path.sh
[0.269s] -- Up-to-date: /home/wangjh/code/06imu_cube_calib/install/cube_imu_calibration/share/cube_imu_calibration/environment/path.dsv
[0.269s] -- Up-to-date: /home/wangjh/code/06imu_cube_calib/install/cube_imu_calibration/share/cube_imu_calibration/local_setup.bash
[0.269s] -- Up-to-date: /home/wangjh/code/06imu_cube_calib/install/cube_imu_calibration/share/cube_imu_calibration/local_setup.sh
[0.269s] -- Up-to-date: /home/wangjh/code/06imu_cube_calib/install/cube_imu_calibration/share/cube_imu_calibration/local_setup.zsh
[0.269s] -- Up-to-date: /home/wangjh/code/06imu_cube_calib/install/cube_imu_calibration/share/cube_imu_calibration/local_setup.dsv
[0.269s] -- Installing: /home/wangjh/code/06imu_cube_calib/install/cube_imu_calibration/share/cube_imu_calibration/package.dsv
[0.269s] -- Up-to-date: /home/wangjh/code/06imu_cube_calib/install/cube_imu_calibration/share/ament_index/resource_index/packages/cube_imu_calibration
[0.269s] -- Up-to-date: /home/wangjh/code/06imu_cube_calib/install/cube_imu_calibration/share/cube_imu_calibration/cmake/export_cube_imu_calibration__rosidl_generator_cExport.cmake
[0.269s] -- Up-to-date: /home/wangjh/code/06imu_cube_calib/install/cube_imu_calibration/share/cube_imu_calibration/cmake/export_cube_imu_calibration__rosidl_generator_cExport-release.cmake
[0.269s] -- Up-to-date: /home/wangjh/code/06imu_cube_calib/install/cube_imu_calibration/share/cube_imu_calibration/cmake/export_cube_imu_calibration__rosidl_typesupport_fastrtps_cExport.cmake
[0.269s] -- Up-to-date: /home/wangjh/code/06imu_cube_calib/install/cube_imu_calibration/share/cube_imu_calibration/cmake/export_cube_imu_calibration__rosidl_typesupport_fastrtps_cExport-release.cmake
[0.269s] -- Up-to-date: /home/wangjh/code/06imu_cube_calib/install/cube_imu_calibration/share/cube_imu_calibration/cmake/export_cube_imu_calibration__rosidl_generator_cppExport.cmake
[0.269s] -- Up-to-date: /home/wangjh/code/06imu_cube_calib/install/cube_imu_calibration/share/cube_imu_calibration/cmake/export_cube_imu_calibration__rosidl_typesupport_fastrtps_cppExport.cmake
[0.270s] -- Up-to-date: /home/wangjh/code/06imu_cube_calib/install/cube_imu_calibration/share/cube_imu_calibration/cmake/export_cube_imu_calibration__rosidl_typesupport_fastrtps_cppExport-release.cmake
[0.270s] -- Up-to-date: /home/wangjh/code/06imu_cube_calib/install/cube_imu_calibration/share/cube_imu_calibration/cmake/cube_imu_calibration__rosidl_typesupport_introspection_cExport.cmake
[0.270s] -- Up-to-date: /home/wangjh/code/06imu_cube_calib/install/cube_imu_calibration/share/cube_imu_calibration/cmake/cube_imu_calibration__rosidl_typesupport_introspection_cExport-release.cmake
[0.270s] -- Up-to-date: /home/wangjh/code/06imu_cube_calib/install/cube_imu_calibration/share/cube_imu_calibration/cmake/cube_imu_calibration__rosidl_typesupport_cExport.cmake
[0.270s] -- Up-to-date: /home/wangjh/code/06imu_cube_calib/install/cube_imu_calibration/share/cube_imu_calibration/cmake/cube_imu_calibration__rosidl_typesupport_cExport-release.cmake
[0.270s] -- Up-to-date: /home/wangjh/code/06imu_cube_calib/install/cube_imu_calibration/share/cube_imu_calibration/cmake/cube_imu_calibration__rosidl_typesupport_introspection_cppExport.cmake
[0.270s] -- Up-to-date: /home/wangjh/code/06imu_cube_calib/install/cube_imu_calibration/share/cube_imu_calibration/cmake/cube_imu_calibration__rosidl_typesupport_introspection_cppExport-release.cmake
[0.270s] -- Up-to-date: /home/wangjh/code/06imu_cube_calib/install/cube_imu_calibration/share/cube_imu_calibration/cmake/cube_imu_calibration__rosidl_typesupport_cppExport.cmake
[0.270s] -- Up-to-date: /home/wangjh/code/06imu_cube_calib/install/cube_imu_calibration/share/cube_imu_calibration/cmake/cube_imu_calibration__rosidl_typesupport_cppExport-release.cmake
[0.270s] -- Up-to-date: /home/wangjh/code/06imu_cube_calib/install/cube_imu_calibration/share/cube_imu_calibration/cmake/export_cube_imu_calibration__rosidl_generator_pyExport.cmake
[0.270s] -- Up-to-date: /home/wangjh/code/06imu_cube_calib/install/cube_imu_calibration/share/cube_imu_calibration/cmake/export_cube_imu_calibration__rosidl_generator_pyExport-release.cmake
[0.270s] -- Up-to-date: /home/wangjh/code/06imu_cube_calib/install/cube_imu_calibration/share/cube_imu_calibration/cmake/rosidl_cmake-extras.cmake
[0.270s] -- Up-to-date: /home/wangjh/code/06imu_cube_calib/install/cube_imu_calibration/share/cube_imu_calibration/cmake/ament_cmake_export_dependencies-extras.cmake
[0.270s] -- Up-to-date: /home/wangjh/code/06imu_cube_calib/install/cube_imu_calibration/share/cube_imu_calibration/cmake/ament_cmake_export_include_directories-extras.cmake
[0.270s] -- Up-to-date: /home/wangjh/code/06imu_cube_calib/install/cube_imu_calibration/share/cube_imu_calibration/cmake/ament_cmake_export_libraries-extras.cmake
[0.270s] -- Up-to-date: /home/wangjh/code/06imu_cube_calib/install/cube_imu_calibration/share/cube_imu_calibration/cmake/ament_cmake_export_targets-extras.cmake
[0.270s] -- Up-to-date: /home/wangjh/code/06imu_cube_calib/install/cube_imu_calibration/share/cube_imu_calibration/cmake/rosidl_cmake_export_typesupport_targets-extras.cmake
[0.271s] -- Up-to-date: /home/wangjh/code/06imu_cube_calib/install/cube_imu_calibration/share/cube_imu_calibration/cmake/rosidl_cmake_export_typesupport_libraries-extras.cmake
[0.271s] -- Up-to-date: /home/wangjh/code/06imu_cube_calib/install/cube_imu_calibration/share/cube_imu_calibration/cmake/cube_imu_calibrationConfig.cmake
[0.271s] -- Up-to-date: /home/wangjh/code/06imu_cube_calib/install/cube_imu_calibration/share/cube_imu_calibration/cmake/cube_imu_calibrationConfig-version.cmake
[0.271s] -- Up-to-date: /home/wangjh/code/06imu_cube_calib/install/cube_imu_calibration/share/cube_imu_calibration/package.xml
[0.272s] Invoked command in '/home/wangjh/code/06imu_cube_calib/build/cube_imu_calibration' returned '0': CMAKE_PREFIX_PATH=${CMAKE_PREFIX_PATH}:/opt/ros/jazzy DEBUGINFOD_URLS=https://debuginfod.ubuntu.com VIRTUAL_ENV_PROMPT=(.venv) /usr/bin/cmake --install /home/wangjh/code/06imu_cube_calib/build/cube_imu_calibration
