[0.048s] DEBUG:colcon:Command line arguments: ['/usr/bin/colcon', 'build', '--packages-select', 'cube_imu_calibration']
[0.048s] DEBUG:colcon:Parsed command line arguments: Namespace(log_base=None, log_level=None, verb_name='build', build_base='build', install_base='install', merge_install=False, symlink_install=False, test_result_base=None, continue_on_error=False, executor='parallel', parallel_workers=24, event_handlers=None, ignore_user_meta=False, metas=['./colcon.meta'], base_paths=['.'], packages_ignore=None, packages_ignore_regex=None, paths=None, packages_up_to=None, packages_up_to_regex=None, packages_above=None, packages_above_and_dependencies=None, packages_above_depth=None, packages_select_by_dep=None, packages_skip_by_dep=None, packages_skip_up_to=None, packages_select_build_failed=False, packages_skip_build_finished=False, packages_select_test_failures=False, packages_skip_test_passed=False, packages_select=['cube_imu_calibration'], packages_skip=None, packages_select_regex=None, packages_skip_regex=None, packages_start=None, packages_end=None, allow_overriding=[], cmake_args=None, cmake_target=None, cmake_target_skip_unavailable=False, cmake_clean_cache=False, cmake_clean_first=False, cmake_force_configure=False, ament_cmake_args=None, catkin_cmake_args=None, catkin_skip_building_tests=False, verb_parser=<colcon_defaults.argument_parser.defaults.DefaultArgumentsDecorator object at 0x702e8d96b200>, verb_extension=<colcon_core.verb.build.BuildVerb object at 0x702e8da8daf0>, main=<bound method BuildVerb.main of <colcon_core.verb.build.BuildVerb object at 0x702e8da8daf0>>)
[0.065s] Level 1:colcon.colcon_core.package_discovery:discover_packages(colcon_meta) check parameters
[0.065s] Level 1:colcon.colcon_core.package_discovery:discover_packages(recursive) check parameters
[0.065s] Level 1:colcon.colcon_core.package_discovery:discover_packages(ignore) check parameters
[0.065s] Level 1:colcon.colcon_core.package_discovery:discover_packages(path) check parameters
[0.065s] Level 1:colcon.colcon_core.package_discovery:discover_packages(colcon_meta) discover
[0.065s] Level 1:colcon.colcon_core.package_discovery:discover_packages(recursive) discover
[0.065s] INFO:colcon.colcon_core.package_discovery:Crawling recursively for packages in '/home/wangjh/code/06imu_cube_calib'
[0.065s] Level 1:colcon.colcon_core.package_identification:_identify(.) by extensions ['ignore', 'ignore_ament_install']
[0.065s] Level 1:colcon.colcon_core.package_identification:_identify(.) by extension 'ignore'
[0.065s] Level 1:colcon.colcon_core.package_identification:_identify(.) by extension 'ignore_ament_install'
[0.065s] Level 1:colcon.colcon_core.package_identification:_identify(.) by extensions ['colcon_pkg']
[0.065s] Level 1:colcon.colcon_core.package_identification:_identify(.) by extension 'colcon_pkg'
[0.065s] Level 1:colcon.colcon_core.package_identification:_identify(.) by extensions ['colcon_meta']
[0.065s] Level 1:colcon.colcon_core.package_identification:_identify(.) by extension 'colcon_meta'
[0.065s] Level 1:colcon.colcon_core.package_identification:_identify(.) by extensions ['ros']
[0.065s] Level 1:colcon.colcon_core.package_identification:_identify(.) by extension 'ros'
[0.077s] Level 1:colcon.colcon_core.package_identification:_identify(.) by extensions ['cmake', 'python']
[0.077s] Level 1:colcon.colcon_core.package_identification:_identify(.) by extension 'cmake'
[0.077s] Level 1:colcon.colcon_core.package_identification:_identify(.) by extension 'python'
[0.077s] Level 1:colcon.colcon_core.package_identification:_identify(.) by extensions ['python_setup_py']
[0.077s] Level 1:colcon.colcon_core.package_identification:_identify(.) by extension 'python_setup_py'
[0.077s] Level 1:colcon.colcon_core.package_identification:_identify(Log) by extensions ['ignore', 'ignore_ament_install']
[0.077s] Level 1:colcon.colcon_core.package_identification:_identify(Log) by extension 'ignore'
[0.077s] Level 1:colcon.colcon_core.package_identification:_identify(Log) by extension 'ignore_ament_install'
[0.077s] Level 1:colcon.colcon_core.package_identification:_identify(Log) by extensions ['colcon_pkg']
[0.077s] Level 1:colcon.colcon_core.package_identification:_identify(Log) by extension 'colcon_pkg'
[0.077s] Level 1:colcon.colcon_core.package_identification:_identify(Log) by extensions ['colcon_meta']
[0.077s] Level 1:colcon.colcon_core.package_identification:_identify(Log) by extension 'colcon_meta'
[0.077s] Level 1:colcon.colcon_core.package_identification:_identify(Log) by extensions ['ros']
[0.077s] Level 1:colcon.colcon_core.package_identification:_identify(Log) by extension 'ros'
[0.077s] Level 1:colcon.colcon_core.package_identification:_identify(Log) by extensions ['cmake', 'python']
[0.077s] Level 1:colcon.colcon_core.package_identification:_identify(Log) by extension 'cmake'
[0.077s] Level 1:colcon.colcon_core.package_identification:_identify(Log) by extension 'python'
[0.077s] Level 1:colcon.colcon_core.package_identification:_identify(Log) by extensions ['python_setup_py']
[0.077s] Level 1:colcon.colcon_core.package_identification:_identify(Log) by extension 'python_setup_py'
[0.077s] Level 1:colcon.colcon_core.package_identification:_identify(build) by extensions ['ignore', 'ignore_ament_install']
[0.077s] Level 1:colcon.colcon_core.package_identification:_identify(build) by extension 'ignore'
[0.077s] Level 1:colcon.colcon_core.package_identification:_identify(build) ignored
[0.078s] Level 1:colcon.colcon_core.package_identification:_identify(cube_imu_calibration) by extensions ['ignore', 'ignore_ament_install']
[0.078s] Level 1:colcon.colcon_core.package_identification:_identify(cube_imu_calibration) by extension 'ignore'
[0.078s] Level 1:colcon.colcon_core.package_identification:_identify(cube_imu_calibration) by extension 'ignore_ament_install'
[0.078s] Level 1:colcon.colcon_core.package_identification:_identify(cube_imu_calibration) by extensions ['colcon_pkg']
[0.078s] Level 1:colcon.colcon_core.package_identification:_identify(cube_imu_calibration) by extension 'colcon_pkg'
[0.078s] Level 1:colcon.colcon_core.package_identification:_identify(cube_imu_calibration) by extensions ['colcon_meta']
[0.078s] Level 1:colcon.colcon_core.package_identification:_identify(cube_imu_calibration) by extension 'colcon_meta'
[0.078s] Level 1:colcon.colcon_core.package_identification:_identify(cube_imu_calibration) by extensions ['ros']
[0.078s] Level 1:colcon.colcon_core.package_identification:_identify(cube_imu_calibration) by extension 'ros'
[0.079s] DEBUG:colcon.colcon_core.package_identification:Package 'cube_imu_calibration' with type 'ros.ament_cmake' and name 'cube_imu_calibration'
[0.080s] Level 1:colcon.colcon_core.package_identification:_identify(install) by extensions ['ignore', 'ignore_ament_install']
[0.080s] Level 1:colcon.colcon_core.package_identification:_identify(install) by extension 'ignore'
[0.080s] Level 1:colcon.colcon_core.package_identification:_identify(install) ignored
[0.080s] Level 1:colcon.colcon_core.package_identification:_identify(log) by extensions ['ignore', 'ignore_ament_install']
[0.080s] Level 1:colcon.colcon_core.package_identification:_identify(log) by extension 'ignore'
[0.080s] Level 1:colcon.colcon_core.package_identification:_identify(log) ignored
[0.080s] Level 1:colcon.colcon_core.package_identification:_identify(output_bag) by extensions ['ignore', 'ignore_ament_install']
[0.080s] Level 1:colcon.colcon_core.package_identification:_identify(output_bag) by extension 'ignore'
[0.080s] Level 1:colcon.colcon_core.package_identification:_identify(output_bag) by extension 'ignore_ament_install'
[0.080s] Level 1:colcon.colcon_core.package_identification:_identify(output_bag) by extensions ['colcon_pkg']
[0.080s] Level 1:colcon.colcon_core.package_identification:_identify(output_bag) by extension 'colcon_pkg'
[0.080s] Level 1:colcon.colcon_core.package_identification:_identify(output_bag) by extensions ['colcon_meta']
[0.080s] Level 1:colcon.colcon_core.package_identification:_identify(output_bag) by extension 'colcon_meta'
[0.080s] Level 1:colcon.colcon_core.package_identification:_identify(output_bag) by extensions ['ros']
[0.080s] Level 1:colcon.colcon_core.package_identification:_identify(output_bag) by extension 'ros'
[0.080s] Level 1:colcon.colcon_core.package_identification:_identify(output_bag) by extensions ['cmake', 'python']
[0.080s] Level 1:colcon.colcon_core.package_identification:_identify(output_bag) by extension 'cmake'
[0.080s] Level 1:colcon.colcon_core.package_identification:_identify(output_bag) by extension 'python'
[0.080s] Level 1:colcon.colcon_core.package_identification:_identify(output_bag) by extensions ['python_setup_py']
[0.080s] Level 1:colcon.colcon_core.package_identification:_identify(output_bag) by extension 'python_setup_py'
[0.080s] Level 1:colcon.colcon_core.package_identification:_identify(output_bag_20260511_190733) by extensions ['ignore', 'ignore_ament_install']
[0.080s] Level 1:colcon.colcon_core.package_identification:_identify(output_bag_20260511_190733) by extension 'ignore'
[0.080s] Level 1:colcon.colcon_core.package_identification:_identify(output_bag_20260511_190733) by extension 'ignore_ament_install'
[0.080s] Level 1:colcon.colcon_core.package_identification:_identify(output_bag_20260511_190733) by extensions ['colcon_pkg']
[0.080s] Level 1:colcon.colcon_core.package_identification:_identify(output_bag_20260511_190733) by extension 'colcon_pkg'
[0.080s] Level 1:colcon.colcon_core.package_identification:_identify(output_bag_20260511_190733) by extensions ['colcon_meta']
[0.080s] Level 1:colcon.colcon_core.package_identification:_identify(output_bag_20260511_190733) by extension 'colcon_meta'
[0.080s] Level 1:colcon.colcon_core.package_identification:_identify(output_bag_20260511_190733) by extensions ['ros']
[0.080s] Level 1:colcon.colcon_core.package_identification:_identify(output_bag_20260511_190733) by extension 'ros'
[0.080s] Level 1:colcon.colcon_core.package_identification:_identify(output_bag_20260511_190733) by extensions ['cmake', 'python']
[0.080s] Level 1:colcon.colcon_core.package_identification:_identify(output_bag_20260511_190733) by extension 'cmake'
[0.080s] Level 1:colcon.colcon_core.package_identification:_identify(output_bag_20260511_190733) by extension 'python'
[0.080s] Level 1:colcon.colcon_core.package_identification:_identify(output_bag_20260511_190733) by extensions ['python_setup_py']
[0.080s] Level 1:colcon.colcon_core.package_identification:_identify(output_bag_20260511_190733) by extension 'python_setup_py'
[0.080s] Level 1:colcon.colcon_core.package_identification:_identify(output_bag_20260511_192453) by extensions ['ignore', 'ignore_ament_install']
[0.080s] Level 1:colcon.colcon_core.package_identification:_identify(output_bag_20260511_192453) by extension 'ignore'
[0.080s] Level 1:colcon.colcon_core.package_identification:_identify(output_bag_20260511_192453) by extension 'ignore_ament_install'
[0.080s] Level 1:colcon.colcon_core.package_identification:_identify(output_bag_20260511_192453) by extensions ['colcon_pkg']
[0.080s] Level 1:colcon.colcon_core.package_identification:_identify(output_bag_20260511_192453) by extension 'colcon_pkg'
[0.080s] Level 1:colcon.colcon_core.package_identification:_identify(output_bag_20260511_192453) by extensions ['colcon_meta']
[0.080s] Level 1:colcon.colcon_core.package_identification:_identify(output_bag_20260511_192453) by extension 'colcon_meta'
[0.080s] Level 1:colcon.colcon_core.package_identification:_identify(output_bag_20260511_192453) by extensions ['ros']
[0.080s] Level 1:colcon.colcon_core.package_identification:_identify(output_bag_20260511_192453) by extension 'ros'
[0.080s] Level 1:colcon.colcon_core.package_identification:_identify(output_bag_20260511_192453) by extensions ['cmake', 'python']
[0.080s] Level 1:colcon.colcon_core.package_identification:_identify(output_bag_20260511_192453) by extension 'cmake'
[0.080s] Level 1:colcon.colcon_core.package_identification:_identify(output_bag_20260511_192453) by extension 'python'
[0.081s] Level 1:colcon.colcon_core.package_identification:_identify(output_bag_20260511_192453) by extensions ['python_setup_py']
[0.081s] Level 1:colcon.colcon_core.package_identification:_identify(output_bag_20260511_192453) by extension 'python_setup_py'
[0.081s] Level 1:colcon.colcon_core.package_identification:_identify(output_bag_20260511_193922) by extensions ['ignore', 'ignore_ament_install']
[0.081s] Level 1:colcon.colcon_core.package_identification:_identify(output_bag_20260511_193922) by extension 'ignore'
[0.081s] Level 1:colcon.colcon_core.package_identification:_identify(output_bag_20260511_193922) by extension 'ignore_ament_install'
[0.081s] Level 1:colcon.colcon_core.package_identification:_identify(output_bag_20260511_193922) by extensions ['colcon_pkg']
[0.081s] Level 1:colcon.colcon_core.package_identification:_identify(output_bag_20260511_193922) by extension 'colcon_pkg'
[0.081s] Level 1:colcon.colcon_core.package_identification:_identify(output_bag_20260511_193922) by extensions ['colcon_meta']
[0.081s] Level 1:colcon.colcon_core.package_identification:_identify(output_bag_20260511_193922) by extension 'colcon_meta'
[0.081s] Level 1:colcon.colcon_core.package_identification:_identify(output_bag_20260511_193922) by extensions ['ros']
[0.081s] Level 1:colcon.colcon_core.package_identification:_identify(output_bag_20260511_193922) by extension 'ros'
[0.081s] Level 1:colcon.colcon_core.package_identification:_identify(output_bag_20260511_193922) by extensions ['cmake', 'python']
[0.081s] Level 1:colcon.colcon_core.package_identification:_identify(output_bag_20260511_193922) by extension 'cmake'
[0.081s] Level 1:colcon.colcon_core.package_identification:_identify(output_bag_20260511_193922) by extension 'python'
[0.081s] Level 1:colcon.colcon_core.package_identification:_identify(output_bag_20260511_193922) by extensions ['python_setup_py']
[0.081s] Level 1:colcon.colcon_core.package_identification:_identify(output_bag_20260511_193922) by extension 'python_setup_py'
[0.081s] Level 1:colcon.colcon_core.package_identification:_identify(output_bag_20260511_195923) by extensions ['ignore', 'ignore_ament_install']
[0.081s] Level 1:colcon.colcon_core.package_identification:_identify(output_bag_20260511_195923) by extension 'ignore'
[0.081s] Level 1:colcon.colcon_core.package_identification:_identify(output_bag_20260511_195923) by extension 'ignore_ament_install'
[0.081s] Level 1:colcon.colcon_core.package_identification:_identify(output_bag_20260511_195923) by extensions ['colcon_pkg']
[0.081s] Level 1:colcon.colcon_core.package_identification:_identify(output_bag_20260511_195923) by extension 'colcon_pkg'
[0.081s] Level 1:colcon.colcon_core.package_identification:_identify(output_bag_20260511_195923) by extensions ['colcon_meta']
[0.081s] Level 1:colcon.colcon_core.package_identification:_identify(output_bag_20260511_195923) by extension 'colcon_meta'
[0.081s] Level 1:colcon.colcon_core.package_identification:_identify(output_bag_20260511_195923) by extensions ['ros']
[0.081s] Level 1:colcon.colcon_core.package_identification:_identify(output_bag_20260511_195923) by extension 'ros'
[0.081s] Level 1:colcon.colcon_core.package_identification:_identify(output_bag_20260511_195923) by extensions ['cmake', 'python']
[0.081s] Level 1:colcon.colcon_core.package_identification:_identify(output_bag_20260511_195923) by extension 'cmake'
[0.081s] Level 1:colcon.colcon_core.package_identification:_identify(output_bag_20260511_195923) by extension 'python'
[0.081s] Level 1:colcon.colcon_core.package_identification:_identify(output_bag_20260511_195923) by extensions ['python_setup_py']
[0.081s] Level 1:colcon.colcon_core.package_identification:_identify(output_bag_20260511_195923) by extension 'python_setup_py'
[0.081s] Level 1:colcon.colcon_core.package_discovery:discover_packages(recursive) using defaults
[0.081s] Level 1:colcon.colcon_core.package_discovery:discover_packages(ignore) discover
[0.081s] Level 1:colcon.colcon_core.package_discovery:discover_packages(ignore) using defaults
[0.081s] Level 1:colcon.colcon_core.package_discovery:discover_packages(path) discover
[0.081s] Level 1:colcon.colcon_core.package_discovery:discover_packages(path) using defaults
[0.089s] Level 1:colcon.colcon_core.package_discovery:discover_packages(prefix_path) check parameters
[0.089s] Level 1:colcon.colcon_core.package_discovery:discover_packages(prefix_path) discover
[0.090s] DEBUG:colcon.colcon_installed_package_information.package_discovery:Found 287 installed packages in /opt/ros/jazzy
[0.090s] Level 1:colcon.colcon_core.package_discovery:discover_packages(prefix_path) using defaults
[0.108s] Level 5:colcon.colcon_core.verb:set package 'cube_imu_calibration' build argument 'cmake_args' from command line to 'None'
[0.108s] Level 5:colcon.colcon_core.verb:set package 'cube_imu_calibration' build argument 'cmake_target' from command line to 'None'
[0.108s] Level 5:colcon.colcon_core.verb:set package 'cube_imu_calibration' build argument 'cmake_target_skip_unavailable' from command line to 'False'
[0.108s] Level 5:colcon.colcon_core.verb:set package 'cube_imu_calibration' build argument 'cmake_clean_cache' from command line to 'False'
[0.108s] Level 5:colcon.colcon_core.verb:set package 'cube_imu_calibration' build argument 'cmake_clean_first' from command line to 'False'
[0.108s] Level 5:colcon.colcon_core.verb:set package 'cube_imu_calibration' build argument 'cmake_force_configure' from command line to 'False'
[0.108s] Level 5:colcon.colcon_core.verb:set package 'cube_imu_calibration' build argument 'ament_cmake_args' from command line to 'None'
[0.108s] Level 5:colcon.colcon_core.verb:set package 'cube_imu_calibration' build argument 'catkin_cmake_args' from command line to 'None'
[0.108s] Level 5:colcon.colcon_core.verb:set package 'cube_imu_calibration' build argument 'catkin_skip_building_tests' from command line to 'False'
[0.108s] DEBUG:colcon.colcon_core.verb:Building package 'cube_imu_calibration' with the following arguments: {'ament_cmake_args': None, 'build_base': '/home/wangjh/code/06imu_cube_calib/build/cube_imu_calibration', 'catkin_cmake_args': None, 'catkin_skip_building_tests': False, 'cmake_args': None, 'cmake_clean_cache': False, 'cmake_clean_first': False, 'cmake_force_configure': False, 'cmake_target': None, 'cmake_target_skip_unavailable': False, 'install_base': '/home/wangjh/code/06imu_cube_calib/install/cube_imu_calibration', 'merge_install': False, 'path': '/home/wangjh/code/06imu_cube_calib/cube_imu_calibration', 'symlink_install': False, 'test_result_base': None}
[0.109s] INFO:colcon.colcon_core.executor:Executing jobs using 'parallel' executor
[0.109s] DEBUG:colcon.colcon_parallel_executor.executor.parallel:run_until_complete
[0.110s] INFO:colcon.colcon_ros.task.ament_cmake.build:Building ROS package in '/home/wangjh/code/06imu_cube_calib/cube_imu_calibration' with build type 'ament_cmake'
[0.110s] INFO:colcon.colcon_cmake.task.cmake.build:Building CMake package in '/home/wangjh/code/06imu_cube_calib/cube_imu_calibration'
[0.111s] INFO:colcon.colcon_core.plugin_system:Skipping extension 'colcon_core.shell.bat': Not used on non-Windows systems
[0.111s] INFO:colcon.colcon_core.shell:Skip shell extension 'powershell' for command environment: Not usable outside of PowerShell
[0.111s] DEBUG:colcon.colcon_core.shell:Skip shell extension 'dsv' for command environment
[0.115s] DEBUG:colcon.colcon_core.event_handler.log_command:Invoking command in '/home/wangjh/code/06imu_cube_calib/build/cube_imu_calibration': CMAKE_PREFIX_PATH=${CMAKE_PREFIX_PATH}:/opt/ros/jazzy DEBUGINFOD_URLS=https://debuginfod.ubuntu.com /usr/bin/cmake --build /home/wangjh/code/06imu_cube_calib/build/cube_imu_calibration -- -j24 -l24
[13.574s] DEBUG:colcon.colcon_core.event_handler.log_command:Invoked command in '/home/wangjh/code/06imu_cube_calib/build/cube_imu_calibration' returned '0': CMAKE_PREFIX_PATH=${CMAKE_PREFIX_PATH}:/opt/ros/jazzy DEBUGINFOD_URLS=https://debuginfod.ubuntu.com /usr/bin/cmake --build /home/wangjh/code/06imu_cube_calib/build/cube_imu_calibration -- -j24 -l24
[13.579s] DEBUG:colcon.colcon_core.event_handler.log_command:Invoking command in '/home/wangjh/code/06imu_cube_calib/build/cube_imu_calibration': CMAKE_PREFIX_PATH=${CMAKE_PREFIX_PATH}:/opt/ros/jazzy DEBUGINFOD_URLS=https://debuginfod.ubuntu.com /usr/bin/cmake --install /home/wangjh/code/06imu_cube_calib/build/cube_imu_calibration
[13.617s] Level 1:colcon.colcon_core.environment:create_environment_scripts_only(cube_imu_calibration)
[13.619s] DEBUG:colcon.colcon_core.event_handler.log_command:Invoked command in '/home/wangjh/code/06imu_cube_calib/build/cube_imu_calibration' returned '0': CMAKE_PREFIX_PATH=${CMAKE_PREFIX_PATH}:/opt/ros/jazzy DEBUGINFOD_URLS=https://debuginfod.ubuntu.com /usr/bin/cmake --install /home/wangjh/code/06imu_cube_calib/build/cube_imu_calibration
[13.619s] Level 1:colcon.colcon_core.environment:checking '/home/wangjh/code/06imu_cube_calib/install/cube_imu_calibration' for CMake module files
[13.620s] Level 1:colcon.colcon_core.environment:checking '/home/wangjh/code/06imu_cube_calib/install/cube_imu_calibration' for CMake config files
[13.620s] Level 1:colcon.colcon_core.shell:create_environment_hook('cube_imu_calibration', 'cmake_prefix_path')
[13.620s] INFO:colcon.colcon_core.shell:Creating environment hook '/home/wangjh/code/06imu_cube_calib/install/cube_imu_calibration/share/cube_imu_calibration/hook/cmake_prefix_path.ps1'
[13.620s] INFO:colcon.colcon_core.shell:Creating environment descriptor '/home/wangjh/code/06imu_cube_calib/install/cube_imu_calibration/share/cube_imu_calibration/hook/cmake_prefix_path.dsv'
[13.621s] INFO:colcon.colcon_core.shell:Creating environment hook '/home/wangjh/code/06imu_cube_calib/install/cube_imu_calibration/share/cube_imu_calibration/hook/cmake_prefix_path.sh'
[13.621s] Level 1:colcon.colcon_core.environment:checking '/home/wangjh/code/06imu_cube_calib/install/cube_imu_calibration/lib'
[13.621s] Level 1:colcon.colcon_core.shell:create_environment_hook('cube_imu_calibration', 'ld_library_path_lib')
[13.621s] INFO:colcon.colcon_core.shell:Creating environment hook '/home/wangjh/code/06imu_cube_calib/install/cube_imu_calibration/share/cube_imu_calibration/hook/ld_library_path_lib.ps1'
[13.622s] INFO:colcon.colcon_core.shell:Creating environment descriptor '/home/wangjh/code/06imu_cube_calib/install/cube_imu_calibration/share/cube_imu_calibration/hook/ld_library_path_lib.dsv'
[13.622s] INFO:colcon.colcon_core.shell:Creating environment hook '/home/wangjh/code/06imu_cube_calib/install/cube_imu_calibration/share/cube_imu_calibration/hook/ld_library_path_lib.sh'
[13.622s] Level 1:colcon.colcon_core.environment:checking '/home/wangjh/code/06imu_cube_calib/install/cube_imu_calibration/bin'
[13.622s] Level 1:colcon.colcon_core.environment:checking '/home/wangjh/code/06imu_cube_calib/install/cube_imu_calibration/lib/pkgconfig/cube_imu_calibration.pc'
[13.622s] Level 1:colcon.colcon_core.environment:checking '/home/wangjh/code/06imu_cube_calib/install/cube_imu_calibration/lib/python3.12/site-packages'
[13.622s] Level 1:colcon.colcon_core.shell:create_environment_hook('cube_imu_calibration', 'pythonpath')
[13.622s] INFO:colcon.colcon_core.shell:Creating environment hook '/home/wangjh/code/06imu_cube_calib/install/cube_imu_calibration/share/cube_imu_calibration/hook/pythonpath.ps1'
[13.623s] INFO:colcon.colcon_core.shell:Creating environment descriptor '/home/wangjh/code/06imu_cube_calib/install/cube_imu_calibration/share/cube_imu_calibration/hook/pythonpath.dsv'
[13.623s] INFO:colcon.colcon_core.shell:Creating environment hook '/home/wangjh/code/06imu_cube_calib/install/cube_imu_calibration/share/cube_imu_calibration/hook/pythonpath.sh'
[13.623s] Level 1:colcon.colcon_core.environment:checking '/home/wangjh/code/06imu_cube_calib/install/cube_imu_calibration/bin'
[13.623s] INFO:colcon.colcon_core.shell:Creating package script '/home/wangjh/code/06imu_cube_calib/install/cube_imu_calibration/share/cube_imu_calibration/package.ps1'
[13.624s] INFO:colcon.colcon_core.shell:Creating package descriptor '/home/wangjh/code/06imu_cube_calib/install/cube_imu_calibration/share/cube_imu_calibration/package.dsv'
[13.624s] INFO:colcon.colcon_core.shell:Creating package script '/home/wangjh/code/06imu_cube_calib/install/cube_imu_calibration/share/cube_imu_calibration/package.sh'
[13.625s] INFO:colcon.colcon_core.shell:Creating package script '/home/wangjh/code/06imu_cube_calib/install/cube_imu_calibration/share/cube_imu_calibration/package.bash'
[13.625s] INFO:colcon.colcon_core.shell:Creating package script '/home/wangjh/code/06imu_cube_calib/install/cube_imu_calibration/share/cube_imu_calibration/package.zsh'
[13.625s] Level 1:colcon.colcon_core.environment:create_file_with_runtime_dependencies(/home/wangjh/code/06imu_cube_calib/install/cube_imu_calibration/share/colcon-core/packages/cube_imu_calibration)
[13.626s] Level 1:colcon.colcon_core.environment:create_environment_scripts_only(cube_imu_calibration)
[13.626s] Level 1:colcon.colcon_core.environment:checking '/home/wangjh/code/06imu_cube_calib/install/cube_imu_calibration' for CMake module files
[13.626s] Level 1:colcon.colcon_core.environment:checking '/home/wangjh/code/06imu_cube_calib/install/cube_imu_calibration' for CMake config files
[13.626s] Level 1:colcon.colcon_core.shell:create_environment_hook('cube_imu_calibration', 'cmake_prefix_path')
[13.626s] INFO:colcon.colcon_core.shell:Creating environment hook '/home/wangjh/code/06imu_cube_calib/install/cube_imu_calibration/share/cube_imu_calibration/hook/cmake_prefix_path.ps1'
[13.626s] INFO:colcon.colcon_core.shell:Creating environment descriptor '/home/wangjh/code/06imu_cube_calib/install/cube_imu_calibration/share/cube_imu_calibration/hook/cmake_prefix_path.dsv'
[13.627s] INFO:colcon.colcon_core.shell:Creating environment hook '/home/wangjh/code/06imu_cube_calib/install/cube_imu_calibration/share/cube_imu_calibration/hook/cmake_prefix_path.sh'
[13.627s] Level 1:colcon.colcon_core.environment:checking '/home/wangjh/code/06imu_cube_calib/install/cube_imu_calibration/lib'
[13.627s] Level 1:colcon.colcon_core.shell:create_environment_hook('cube_imu_calibration', 'ld_library_path_lib')
[13.627s] INFO:colcon.colcon_core.shell:Creating environment hook '/home/wangjh/code/06imu_cube_calib/install/cube_imu_calibration/share/cube_imu_calibration/hook/ld_library_path_lib.ps1'
[13.627s] INFO:colcon.colcon_core.shell:Creating environment descriptor '/home/wangjh/code/06imu_cube_calib/install/cube_imu_calibration/share/cube_imu_calibration/hook/ld_library_path_lib.dsv'
[13.627s] INFO:colcon.colcon_core.shell:Creating environment hook '/home/wangjh/code/06imu_cube_calib/install/cube_imu_calibration/share/cube_imu_calibration/hook/ld_library_path_lib.sh'
[13.628s] Level 1:colcon.colcon_core.environment:checking '/home/wangjh/code/06imu_cube_calib/install/cube_imu_calibration/bin'
[13.628s] Level 1:colcon.colcon_core.environment:checking '/home/wangjh/code/06imu_cube_calib/install/cube_imu_calibration/lib/pkgconfig/cube_imu_calibration.pc'
[13.628s] Level 1:colcon.colcon_core.environment:checking '/home/wangjh/code/06imu_cube_calib/install/cube_imu_calibration/lib/python3.12/site-packages'
[13.628s] Level 1:colcon.colcon_core.shell:create_environment_hook('cube_imu_calibration', 'pythonpath')
[13.628s] INFO:colcon.colcon_core.shell:Creating environment hook '/home/wangjh/code/06imu_cube_calib/install/cube_imu_calibration/share/cube_imu_calibration/hook/pythonpath.ps1'
[13.628s] INFO:colcon.colcon_core.shell:Creating environment descriptor '/home/wangjh/code/06imu_cube_calib/install/cube_imu_calibration/share/cube_imu_calibration/hook/pythonpath.dsv'
[13.628s] INFO:colcon.colcon_core.shell:Creating environment hook '/home/wangjh/code/06imu_cube_calib/install/cube_imu_calibration/share/cube_imu_calibration/hook/pythonpath.sh'
[13.628s] Level 1:colcon.colcon_core.environment:checking '/home/wangjh/code/06imu_cube_calib/install/cube_imu_calibration/bin'
[13.629s] INFO:colcon.colcon_core.shell:Creating package script '/home/wangjh/code/06imu_cube_calib/install/cube_imu_calibration/share/cube_imu_calibration/package.ps1'
[13.629s] INFO:colcon.colcon_core.shell:Creating package descriptor '/home/wangjh/code/06imu_cube_calib/install/cube_imu_calibration/share/cube_imu_calibration/package.dsv'
[13.629s] INFO:colcon.colcon_core.shell:Creating package script '/home/wangjh/code/06imu_cube_calib/install/cube_imu_calibration/share/cube_imu_calibration/package.sh'
[13.629s] INFO:colcon.colcon_core.shell:Creating package script '/home/wangjh/code/06imu_cube_calib/install/cube_imu_calibration/share/cube_imu_calibration/package.bash'
[13.630s] INFO:colcon.colcon_core.shell:Creating package script '/home/wangjh/code/06imu_cube_calib/install/cube_imu_calibration/share/cube_imu_calibration/package.zsh'
[13.630s] Level 1:colcon.colcon_core.environment:create_file_with_runtime_dependencies(/home/wangjh/code/06imu_cube_calib/install/cube_imu_calibration/share/colcon-core/packages/cube_imu_calibration)
[13.630s] DEBUG:colcon.colcon_parallel_executor.executor.parallel:closing loop
[13.630s] DEBUG:colcon.colcon_parallel_executor.executor.parallel:loop closed
[13.630s] DEBUG:colcon.colcon_parallel_executor.executor.parallel:run_until_complete finished with '0'
[13.630s] DEBUG:colcon.colcon_core.event_reactor:joining thread
[13.633s] INFO:colcon.colcon_core.plugin_system:Skipping extension 'colcon_notification.desktop_notification.terminal_notifier': Not used on non-Darwin systems
[13.633s] INFO:colcon.colcon_core.plugin_system:Skipping extension 'colcon_notification.desktop_notification.win32': Not used on non-Windows systems
[13.634s] INFO:colcon.colcon_notification.desktop_notification:Sending desktop notification using 'notify2'
[13.634s] DEBUG:colcon.colcon_notification.desktop_notification.notify2:Failed to initialize notify2: org.freedesktop.DBus.Error.AccessDenied: Failed to connect to socket /run/user/1000/bus: Operation not permitted
[13.634s] DEBUG:colcon.colcon_core.event_reactor:joined thread
[13.634s] INFO:colcon.colcon_core.shell:Creating prefix script '/home/wangjh/code/06imu_cube_calib/install/local_setup.ps1'
[13.634s] INFO:colcon.colcon_core.shell:Creating prefix util module '/home/wangjh/code/06imu_cube_calib/install/_local_setup_util_ps1.py'
[13.635s] INFO:colcon.colcon_core.shell:Creating prefix chain script '/home/wangjh/code/06imu_cube_calib/install/setup.ps1'
[13.635s] INFO:colcon.colcon_core.shell:Creating prefix script '/home/wangjh/code/06imu_cube_calib/install/local_setup.sh'
[13.635s] INFO:colcon.colcon_core.shell:Creating prefix util module '/home/wangjh/code/06imu_cube_calib/install/_local_setup_util_sh.py'
[13.635s] INFO:colcon.colcon_core.shell:Creating prefix chain script '/home/wangjh/code/06imu_cube_calib/install/setup.sh'
[13.636s] INFO:colcon.colcon_core.shell:Creating prefix script '/home/wangjh/code/06imu_cube_calib/install/local_setup.bash'
[13.636s] INFO:colcon.colcon_core.shell:Creating prefix chain script '/home/wangjh/code/06imu_cube_calib/install/setup.bash'
[13.636s] INFO:colcon.colcon_core.shell:Creating prefix script '/home/wangjh/code/06imu_cube_calib/install/local_setup.zsh'
[13.637s] INFO:colcon.colcon_core.shell:Creating prefix chain script '/home/wangjh/code/06imu_cube_calib/install/setup.zsh'
