[0.006s] Invoking command in '/home/wangjh/code/06imu_cube_calib /build/cube_imu_calibration': CMAKE_PREFIX_PATH=${CMAKE_PREFIX_PATH}:/opt/ros/jazzy DEBUGINFOD_URLS=https://debuginfod.ubuntu.com /usr/bin/cmake --build /home/wangjh/code/06imu_cube_calib /build/cube_imu_calibration -- -j24 -l24
[0.028s] -- Found ament_cmake: 2.5.6 (/opt/ros/jazzy/share/ament_cmake/cmake)
[0.130s] -- Found rclcpp: 28.1.18 (/opt/ros/jazzy/share/rclcpp/cmake)
[0.150s] -- Found rosidl_generator_c: 4.6.7 (/opt/ros/jazzy/share/rosidl_generator_c/cmake)
[0.155s] -- Found rosidl_generator_cpp: 4.6.7 (/opt/ros/jazzy/share/rosidl_generator_cpp/cmake)
[0.163s] -- Using all available rosidl_typesupport_c: rosidl_typesupport_fastrtps_c;rosidl_typesupport_introspection_c
[0.173s] -- Using all available rosidl_typesupport_cpp: rosidl_typesupport_fastrtps_cpp;rosidl_typesupport_introspection_cpp
[0.219s] -- Found rmw_implementation_cmake: 7.3.3 (/opt/ros/jazzy/share/rmw_implementation_cmake/cmake)
[0.220s] -- Found rmw_fastrtps_cpp: 8.4.3 (/opt/ros/jazzy/share/rmw_fastrtps_cpp/cmake)
[0.262s] -- Using RMW implementation 'rmw_fastrtps_cpp' as default
[0.301s] -- Found sensor_msgs: 5.3.7 (/opt/ros/jazzy/share/sensor_msgs/cmake)
[0.336s] -- Found std_srvs: 5.3.7 (/opt/ros/jazzy/share/std_srvs/cmake)
[0.347s] -- Found tf2: 0.36.20 (/opt/ros/jazzy/share/tf2/cmake)
[0.349s] -- Found tf2_ros: 0.36.20 (/opt/ros/jazzy/share/tf2_ros/cmake)
[0.424s] -- Found cv_bridge: 4.1.0 (/opt/ros/jazzy/share/cv_bridge/cmake)
[0.430s] -- Found image_transport: 5.1.7 (/opt/ros/jazzy/share/image_transport/cmake)
[0.433s] -- Found rosbag2_cpp: 0.26.10 (/opt/ros/jazzy/share/rosbag2_cpp/cmake)
[0.439s] -- Setting yaml-cpp_DIR to: '/opt/ros/jazzy/share/yaml_cpp_vendor/cmake/../../../opt/yaml_cpp_vendor/share/cmake/yaml-cpp'
[0.440s] -- Found rosidl_default_generators: 1.6.0 (/opt/ros/jazzy/share/rosidl_default_generators/cmake)
[0.447s] -- Found rosidl_adapter: 4.6.7 (/opt/ros/jazzy/share/rosidl_adapter/cmake)
[0.647s] -- Found ament_cmake_ros: 0.12.0 (/opt/ros/jazzy/share/ament_cmake_ros/cmake)
[0.835s] -- Using all available rosidl_typesupport_c: rosidl_typesupport_fastrtps_c;rosidl_typesupport_introspection_c
[0.914s] -- Using all available rosidl_typesupport_cpp: rosidl_typesupport_fastrtps_cpp;rosidl_typesupport_introspection_cpp
[0.914s] -- Found python_cmake_module: 0.11.1 (/opt/ros/jazzy/share/python_cmake_module/cmake)
[1.092s] -- Found Python3: /usr/bin/python3 (found version "3.12.3") found components: Interpreter Development NumPy Development.Module Development.Embed 
[1.146s] -- Found Python3: /usr/bin/python3 (found version "3.12.3") found components: Interpreter 
[1.153s] -- Configuring done (1.1s)
[1.190s] -- Generating done (0.0s)
[1.210s] -- Build files have been written to: /home/wangjh/code/06imu_cube_calib /build/cube_imu_calibration
[1.263s] [  2%] Built target cube_imu_calibration__rosidl_generator_type_description
[1.263s] [  4%] Building CXX object CMakeFiles/simulated_sensor_node.dir/src/simulated_sensor_node.cpp.o
[1.264s] [  7%] Built target cube_imu_calibration__rs
[1.270s] [  7%] Built target ament_cmake_python_copy_cube_imu_calibration
[1.271s] [ 12%] Built target data_recorder_node
[1.279s] [ 14%] Built target cube_imu_calibration__cpp
[1.280s] [ 26%] Built target cube_imu_calibration__rosidl_generator_c
[1.300s] [ 60%] Built target cube_imu_calibration__rosidl_typesupport_fastrtps_cpp
[1.300s] [ 60%] Built target cube_imu_calibration__rosidl_typesupport_c
[1.300s] [ 60%] Built target cube_imu_calibration__rosidl_typesupport_introspection_c
[1.300s] [ 63%] Built target cube_imu_calibration__rosidl_typesupport_fastrtps_c
[1.300s] [ 63%] Built target cube_imu_calibration__rosidl_typesupport_cpp
[1.300s] [ 70%] Built target cube_imu_calibration__rosidl_typesupport_introspection_cpp
[1.316s] [ 70%] Built target cube_imu_calibration
[1.324s] [ 75%] Built target apriltag_pose_node
[1.332s] [ 78%] Built target cube_imu_calibration__py
[1.349s] [ 82%] Built target cube_imu_calibration__rosidl_generator_py
[1.367s] [ 97%] Built target cube_imu_calibration_s__rosidl_typesupport_introspection_c
[1.367s] [ 97%] Built target cube_imu_calibration_s__rosidl_typesupport_fastrtps_c
[1.367s] [ 97%] Built target cube_imu_calibration_s__rosidl_typesupport_c
[1.404s] running egg_info
[1.413s] writing cube_imu_calibration.egg-info/PKG-INFO
[1.413s] writing dependency_links to cube_imu_calibration.egg-info/dependency_links.txt
[1.413s] writing top-level names to cube_imu_calibration.egg-info/top_level.txt
[1.437s] reading manifest file 'cube_imu_calibration.egg-info/SOURCES.txt'
[1.437s] writing manifest file 'cube_imu_calibration.egg-info/SOURCES.txt'
[1.454s] [ 97%] Built target ament_cmake_python_build_cube_imu_calibration_egg
[6.741s] [100%] Linking CXX executable simulated_sensor_node
[6.937s] [100%] Built target simulated_sensor_node
[6.946s] Invoked command in '/home/wangjh/code/06imu_cube_calib /build/cube_imu_calibration' returned '0': CMAKE_PREFIX_PATH=${CMAKE_PREFIX_PATH}:/opt/ros/jazzy DEBUGINFOD_URLS=https://debuginfod.ubuntu.com /usr/bin/cmake --build /home/wangjh/code/06imu_cube_calib /build/cube_imu_calibration -- -j24 -l24
[6.951s] Invoking command in '/home/wangjh/code/06imu_cube_calib /build/cube_imu_calibration': CMAKE_PREFIX_PATH=${CMAKE_PREFIX_PATH}:/opt/ros/jazzy DEBUGINFOD_URLS=https://debuginfod.ubuntu.com /usr/bin/cmake --install /home/wangjh/code/06imu_cube_calib /build/cube_imu_calibration
[6.956s] -- Install configuration: "Release"
[6.956s] -- Up-to-date: /home/wangjh/code/06imu_cube_calib /install/cube_imu_calibration/share/ament_index/resource_index/rosidl_interfaces/cube_imu_calibration
[6.956s] -- Up-to-date: /home/wangjh/code/06imu_cube_calib /install/cube_imu_calibration/share/cube_imu_calibration/msg/CubePose.json
[6.956s] -- Up-to-date: /home/wangjh/code/06imu_cube_calib /install/cube_imu_calibration/include/cube_imu_calibration/cube_imu_calibration
[6.957s] -- Up-to-date: /home/wangjh/code/06imu_cube_calib /install/cube_imu_calibration/include/cube_imu_calibration/cube_imu_calibration/msg
[6.957s] -- Up-to-date: /home/wangjh/code/06imu_cube_calib /install/cube_imu_calibration/include/cube_imu_calibration/cube_imu_calibration/msg/detail
[6.957s] -- Up-to-date: /home/wangjh/code/06imu_cube_calib /install/cube_imu_calibration/include/cube_imu_calibration/cube_imu_calibration/msg/detail/cube_pose__type_support.c
[6.957s] -- Up-to-date: /home/wangjh/code/06imu_cube_calib /install/cube_imu_calibration/include/cube_imu_calibration/cube_imu_calibration/msg/detail/cube_pose__functions.h
[6.957s] -- Up-to-date: /home/wangjh/code/06imu_cube_calib /install/cube_imu_calibration/include/cube_imu_calibration/cube_imu_calibration/msg/detail/cube_pose__description.c
[6.957s] -- Up-to-date: /home/wangjh/code/06imu_cube_calib /install/cube_imu_calibration/include/cube_imu_calibration/cube_imu_calibration/msg/detail/cube_pose__struct.h
[6.957s] -- Up-to-date: /home/wangjh/code/06imu_cube_calib /install/cube_imu_calibration/include/cube_imu_calibration/cube_imu_calibration/msg/detail/cube_pose__type_support.h
[6.957s] -- Up-to-date: /home/wangjh/code/06imu_cube_calib /install/cube_imu_calibration/include/cube_imu_calibration/cube_imu_calibration/msg/detail/cube_pose__functions.c
[6.957s] -- Up-to-date: /home/wangjh/code/06imu_cube_calib /install/cube_imu_calibration/include/cube_imu_calibration/cube_imu_calibration/msg/rosidl_generator_c__visibility_control.h
[6.957s] -- Up-to-date: /home/wangjh/code/06imu_cube_calib /install/cube_imu_calibration/include/cube_imu_calibration/cube_imu_calibration/msg/cube_pose.h
[6.957s] -- Up-to-date: /home/wangjh/code/06imu_cube_calib /install/cube_imu_calibration/share/cube_imu_calibration/environment/library_path.sh
[6.957s] -- Up-to-date: /home/wangjh/code/06imu_cube_calib /install/cube_imu_calibration/share/cube_imu_calibration/environment/library_path.dsv
[6.957s] -- Up-to-date: /home/wangjh/code/06imu_cube_calib /install/cube_imu_calibration/lib/libcube_imu_calibration__rosidl_generator_c.so
[6.957s] -- Up-to-date: /home/wangjh/code/06imu_cube_calib /install/cube_imu_calibration/include/cube_imu_calibration/cube_imu_calibration
[6.957s] -- Up-to-date: /home/wangjh/code/06imu_cube_calib /install/cube_imu_calibration/include/cube_imu_calibration/cube_imu_calibration/msg
[6.957s] -- Up-to-date: /home/wangjh/code/06imu_cube_calib /install/cube_imu_calibration/include/cube_imu_calibration/cube_imu_calibration/msg/detail
[6.957s] -- Up-to-date: /home/wangjh/code/06imu_cube_calib /install/cube_imu_calibration/include/cube_imu_calibration/cube_imu_calibration/msg/detail/cube_pose__rosidl_typesupport_fastrtps_c.h
[6.957s] -- Up-to-date: /home/wangjh/code/06imu_cube_calib /install/cube_imu_calibration/include/cube_imu_calibration/cube_imu_calibration/msg/rosidl_typesupport_fastrtps_c__visibility_control.h
[6.957s] -- Up-to-date: /home/wangjh/code/06imu_cube_calib /install/cube_imu_calibration/lib/libcube_imu_calibration__rosidl_typesupport_fastrtps_c.so
[6.957s] -- Up-to-date: /home/wangjh/code/06imu_cube_calib /install/cube_imu_calibration/include/cube_imu_calibration/cube_imu_calibration
[6.957s] -- Up-to-date: /home/wangjh/code/06imu_cube_calib /install/cube_imu_calibration/include/cube_imu_calibration/cube_imu_calibration/msg
[6.957s] -- Up-to-date: /home/wangjh/code/06imu_cube_calib /install/cube_imu_calibration/include/cube_imu_calibration/cube_imu_calibration/msg/detail
[6.958s] -- Up-to-date: /home/wangjh/code/06imu_cube_calib /install/cube_imu_calibration/include/cube_imu_calibration/cube_imu_calibration/msg/detail/cube_pose__struct.hpp
[6.958s] -- Up-to-date: /home/wangjh/code/06imu_cube_calib /install/cube_imu_calibration/include/cube_imu_calibration/cube_imu_calibration/msg/detail/cube_pose__traits.hpp
[6.958s] -- Up-to-date: /home/wangjh/code/06imu_cube_calib /install/cube_imu_calibration/include/cube_imu_calibration/cube_imu_calibration/msg/detail/cube_pose__builder.hpp
[6.958s] -- Up-to-date: /home/wangjh/code/06imu_cube_calib /install/cube_imu_calibration/include/cube_imu_calibration/cube_imu_calibration/msg/detail/cube_pose__type_support.hpp
[6.958s] -- Up-to-date: /home/wangjh/code/06imu_cube_calib /install/cube_imu_calibration/include/cube_imu_calibration/cube_imu_calibration/msg/cube_pose.hpp
[6.958s] -- Up-to-date: /home/wangjh/code/06imu_cube_calib /install/cube_imu_calibration/include/cube_imu_calibration/cube_imu_calibration/msg/rosidl_generator_cpp__visibility_control.hpp
[6.958s] -- Up-to-date: /home/wangjh/code/06imu_cube_calib /install/cube_imu_calibration/include/cube_imu_calibration/cube_imu_calibration
[6.958s] -- Up-to-date: /home/wangjh/code/06imu_cube_calib /install/cube_imu_calibration/include/cube_imu_calibration/cube_imu_calibration/msg
[6.958s] -- Up-to-date: /home/wangjh/code/06imu_cube_calib /install/cube_imu_calibration/include/cube_imu_calibration/cube_imu_calibration/msg/detail
[6.958s] -- Up-to-date: /home/wangjh/code/06imu_cube_calib /install/cube_imu_calibration/include/cube_imu_calibration/cube_imu_calibration/msg/detail/dds_fastrtps
[6.958s] -- Up-to-date: /home/wangjh/code/06imu_cube_calib /install/cube_imu_calibration/include/cube_imu_calibration/cube_imu_calibration/msg/detail/cube_pose__rosidl_typesupport_fastrtps_cpp.hpp
[6.958s] -- Up-to-date: /home/wangjh/code/06imu_cube_calib /install/cube_imu_calibration/include/cube_imu_calibration/cube_imu_calibration/msg/rosidl_typesupport_fastrtps_cpp__visibility_control.h
[6.958s] -- Up-to-date: /home/wangjh/code/06imu_cube_calib /install/cube_imu_calibration/lib/libcube_imu_calibration__rosidl_typesupport_fastrtps_cpp.so
[6.958s] -- Up-to-date: /home/wangjh/code/06imu_cube_calib /install/cube_imu_calibration/include/cube_imu_calibration/cube_imu_calibration
[6.958s] -- Up-to-date: /home/wangjh/code/06imu_cube_calib /install/cube_imu_calibration/include/cube_imu_calibration/cube_imu_calibration/msg
[6.958s] -- Up-to-date: /home/wangjh/code/06imu_cube_calib /install/cube_imu_calibration/include/cube_imu_calibration/cube_imu_calibration/msg/rosidl_typesupport_introspection_c__visibility_control.h
[6.958s] -- Up-to-date: /home/wangjh/code/06imu_cube_calib /install/cube_imu_calibration/include/cube_imu_calibration/cube_imu_calibration/msg/detail
[6.958s] -- Up-to-date: /home/wangjh/code/06imu_cube_calib /install/cube_imu_calibration/include/cube_imu_calibration/cube_imu_calibration/msg/detail/cube_pose__type_support.c
[6.958s] -- Up-to-date: /home/wangjh/code/06imu_cube_calib /install/cube_imu_calibration/include/cube_imu_calibration/cube_imu_calibration/msg/detail/cube_pose__rosidl_typesupport_introspection_c.h
[6.958s] -- Up-to-date: /home/wangjh/code/06imu_cube_calib /install/cube_imu_calibration/lib/libcube_imu_calibration__rosidl_typesupport_introspection_c.so
[6.958s] -- Up-to-date: /home/wangjh/code/06imu_cube_calib /install/cube_imu_calibration/lib/libcube_imu_calibration__rosidl_typesupport_c.so
[6.958s] -- Up-to-date: /home/wangjh/code/06imu_cube_calib /install/cube_imu_calibration/include/cube_imu_calibration/cube_imu_calibration
[6.958s] -- Up-to-date: /home/wangjh/code/06imu_cube_calib /install/cube_imu_calibration/include/cube_imu_calibration/cube_imu_calibration/msg
[6.958s] -- Up-to-date: /home/wangjh/code/06imu_cube_calib /install/cube_imu_calibration/include/cube_imu_calibration/cube_imu_calibration/msg/detail
[6.958s] -- Up-to-date: /home/wangjh/code/06imu_cube_calib /install/cube_imu_calibration/include/cube_imu_calibration/cube_imu_calibration/msg/detail/cube_pose__rosidl_typesupport_introspection_cpp.hpp
[6.958s] -- Up-to-date: /home/wangjh/code/06imu_cube_calib /install/cube_imu_calibration/include/cube_imu_calibration/cube_imu_calibration/msg/detail/cube_pose__type_support.cpp
[6.958s] -- Up-to-date: /home/wangjh/code/06imu_cube_calib /install/cube_imu_calibration/lib/libcube_imu_calibration__rosidl_typesupport_introspection_cpp.so
[6.958s] -- Up-to-date: /home/wangjh/code/06imu_cube_calib /install/cube_imu_calibration/lib/libcube_imu_calibration__rosidl_typesupport_cpp.so
[6.958s] -- Up-to-date: /home/wangjh/code/06imu_cube_calib /install/cube_imu_calibration/share/cube_imu_calibration/environment/pythonpath.sh
[6.958s] -- Up-to-date: /home/wangjh/code/06imu_cube_calib /install/cube_imu_calibration/share/cube_imu_calibration/environment/pythonpath.dsv
[6.958s] -- Up-to-date: /home/wangjh/code/06imu_cube_calib /install/cube_imu_calibration/lib/python3.12/site-packages/cube_imu_calibration-0.1.0-py3.12.egg-info
[6.958s] -- Installing: /home/wangjh/code/06imu_cube_calib /install/cube_imu_calibration/lib/python3.12/site-packages/cube_imu_calibration-0.1.0-py3.12.egg-info/dependency_links.txt
[6.958s] -- Installing: /home/wangjh/code/06imu_cube_calib /install/cube_imu_calibration/lib/python3.12/site-packages/cube_imu_calibration-0.1.0-py3.12.egg-info/SOURCES.txt
[6.959s] -- Installing: /home/wangjh/code/06imu_cube_calib /install/cube_imu_calibration/lib/python3.12/site-packages/cube_imu_calibration-0.1.0-py3.12.egg-info/top_level.txt
[6.959s] -- Installing: /home/wangjh/code/06imu_cube_calib /install/cube_imu_calibration/lib/python3.12/site-packages/cube_imu_calibration-0.1.0-py3.12.egg-info/PKG-INFO
[6.959s] -- Up-to-date: /home/wangjh/code/06imu_cube_calib /install/cube_imu_calibration/lib/python3.12/site-packages/cube_imu_calibration
[6.959s] -- Up-to-date: /home/wangjh/code/06imu_cube_calib /install/cube_imu_calibration/lib/python3.12/site-packages/cube_imu_calibration/_cube_imu_calibration_s.ep.rosidl_typesupport_c.c
[6.959s] -- Up-to-date: /home/wangjh/code/06imu_cube_calib /install/cube_imu_calibration/lib/python3.12/site-packages/cube_imu_calibration/_cube_imu_calibration_s.ep.rosidl_typesupport_introspection_c.c
[6.959s] -- Installing: /home/wangjh/code/06imu_cube_calib /install/cube_imu_calibration/lib/python3.12/site-packages/cube_imu_calibration/__init__.py
[6.959s] -- Up-to-date: /home/wangjh/code/06imu_cube_calib /install/cube_imu_calibration/lib/python3.12/site-packages/cube_imu_calibration/cube_imu_calibration_s__rosidl_typesupport_fastrtps_c.so
[6.959s] -- Up-to-date: /home/wangjh/code/06imu_cube_calib /install/cube_imu_calibration/lib/python3.12/site-packages/cube_imu_calibration/msg
[6.959s] -- Up-to-date: /home/wangjh/code/06imu_cube_calib /install/cube_imu_calibration/lib/python3.12/site-packages/cube_imu_calibration/msg/_cube_pose.py
[6.959s] -- Up-to-date: /home/wangjh/code/06imu_cube_calib /install/cube_imu_calibration/lib/python3.12/site-packages/cube_imu_calibration/msg/_cube_pose_s.c
[6.959s] -- Up-to-date: /home/wangjh/code/06imu_cube_calib /install/cube_imu_calibration/lib/python3.12/site-packages/cube_imu_calibration/msg/__init__.py
[6.959s] -- Up-to-date: /home/wangjh/code/06imu_cube_calib /install/cube_imu_calibration/lib/python3.12/site-packages/cube_imu_calibration/cube_imu_calibration_s__rosidl_typesupport_introspection_c.so
[6.959s] -- Up-to-date: /home/wangjh/code/06imu_cube_calib /install/cube_imu_calibration/lib/python3.12/site-packages/cube_imu_calibration/cube_imu_calibration_s__rosidl_typesupport_c.so
[6.959s] -- Up-to-date: /home/wangjh/code/06imu_cube_calib /install/cube_imu_calibration/lib/python3.12/site-packages/cube_imu_calibration/_cube_imu_calibration_s.ep.rosidl_typesupport_fastrtps_c.c
[6.979s] Listing '/home/wangjh/code/06imu_cube_calib /install/cube_imu_calibration/lib/python3.12/site-packages/cube_imu_calibration'...
[6.979s] Compiling '/home/wangjh/code/06imu_cube_calib /install/cube_imu_calibration/lib/python3.12/site-packages/cube_imu_calibration/__init__.py'...
[6.979s] Listing '/home/wangjh/code/06imu_cube_calib /install/cube_imu_calibration/lib/python3.12/site-packages/cube_imu_calibration/msg'...
[6.982s] -- Up-to-date: /home/wangjh/code/06imu_cube_calib /install/cube_imu_calibration/lib/python3.12/site-packages/cube_imu_calibration/cube_imu_calibration_s__rosidl_typesupport_fastrtps_c.so
[6.983s] -- Up-to-date: /home/wangjh/code/06imu_cube_calib /install/cube_imu_calibration/lib/python3.12/site-packages/cube_imu_calibration/cube_imu_calibration_s__rosidl_typesupport_introspection_c.so
[6.983s] -- Up-to-date: /home/wangjh/code/06imu_cube_calib /install/cube_imu_calibration/lib/python3.12/site-packages/cube_imu_calibration/cube_imu_calibration_s__rosidl_typesupport_c.so
[6.983s] -- Up-to-date: /home/wangjh/code/06imu_cube_calib /install/cube_imu_calibration/lib/libcube_imu_calibration__rosidl_generator_py.so
[6.983s] -- Up-to-date: /home/wangjh/code/06imu_cube_calib /install/cube_imu_calibration/share/ament_index/resource_index/rust_packages/cube_imu_calibration
[6.983s] -- Up-to-date: /home/wangjh/code/06imu_cube_calib /install/cube_imu_calibration/share/cube_imu_calibration/rust
[6.983s] -- Up-to-date: /home/wangjh/code/06imu_cube_calib /install/cube_imu_calibration/share/cube_imu_calibration/rust/Cargo.toml
[6.983s] -- Up-to-date: /home/wangjh/code/06imu_cube_calib /install/cube_imu_calibration/share/cube_imu_calibration/rust/build.rs
[6.983s] -- Up-to-date: /home/wangjh/code/06imu_cube_calib /install/cube_imu_calibration/share/cube_imu_calibration/rust/src
[6.983s] -- Up-to-date: /home/wangjh/code/06imu_cube_calib /install/cube_imu_calibration/share/cube_imu_calibration/rust/src/lib.rs
[6.983s] -- Up-to-date: /home/wangjh/code/06imu_cube_calib /install/cube_imu_calibration/share/cube_imu_calibration/rust/src/msg
[6.983s] -- Up-to-date: /home/wangjh/code/06imu_cube_calib /install/cube_imu_calibration/share/cube_imu_calibration/rust/src/msg/rmw.rs
[6.983s] -- Up-to-date: /home/wangjh/code/06imu_cube_calib /install/cube_imu_calibration/share/cube_imu_calibration/rust/src/msg.rs
[6.983s] -- Up-to-date: /home/wangjh/code/06imu_cube_calib /install/cube_imu_calibration/share/cube_imu_calibration/msg/CubePose.idl
[6.983s] -- Up-to-date: /home/wangjh/code/06imu_cube_calib /install/cube_imu_calibration/share/cube_imu_calibration/msg/CubePose.msg
[6.983s] -- Up-to-date: /home/wangjh/code/06imu_cube_calib /install/cube_imu_calibration/lib/cube_imu_calibration/data_recorder_node
[6.983s] -- Up-to-date: /home/wangjh/code/06imu_cube_calib /install/cube_imu_calibration/lib/cube_imu_calibration/apriltag_pose_node
[6.984s] -- Installing: /home/wangjh/code/06imu_cube_calib /install/cube_imu_calibration/lib/cube_imu_calibration/simulated_sensor_node
[6.984s] -- Set non-toolchain portion of runtime path of "/home/wangjh/code/06imu_cube_calib /install/cube_imu_calibration/lib/cube_imu_calibration/simulated_sensor_node" to ""
[6.984s] -- Up-to-date: /home/wangjh/code/06imu_cube_calib /install/cube_imu_calibration/lib/cube_imu_calibration/solve_extrinsics.py
[6.984s] -- Up-to-date: /home/wangjh/code/06imu_cube_calib /install/cube_imu_calibration/share/cube_imu_calibration/launch
[6.984s] -- Installing: /home/wangjh/code/06imu_cube_calib /install/cube_imu_calibration/share/cube_imu_calibration/launch/sim_demo_launch.py
[6.984s] -- Up-to-date: /home/wangjh/code/06imu_cube_calib /install/cube_imu_calibration/share/cube_imu_calibration/launch/calibration_launch.py
[6.984s] -- Up-to-date: /home/wangjh/code/06imu_cube_calib /install/cube_imu_calibration/share/cube_imu_calibration/config
[6.984s] -- Up-to-date: /home/wangjh/code/06imu_cube_calib /install/cube_imu_calibration/share/cube_imu_calibration/config/apriltag_params.yaml
[6.984s] -- Installing: /home/wangjh/code/06imu_cube_calib /install/cube_imu_calibration/share/cube_imu_calibration/README_JAZZY.txt
[6.984s] -- Up-to-date: /home/wangjh/code/06imu_cube_calib /install/cube_imu_calibration/share/ament_index/resource_index/package_run_dependencies/cube_imu_calibration
[6.984s] -- Up-to-date: /home/wangjh/code/06imu_cube_calib /install/cube_imu_calibration/share/ament_index/resource_index/parent_prefix_path/cube_imu_calibration
[6.984s] -- Up-to-date: /home/wangjh/code/06imu_cube_calib /install/cube_imu_calibration/share/cube_imu_calibration/environment/ament_prefix_path.sh
[6.984s] -- Up-to-date: /home/wangjh/code/06imu_cube_calib /install/cube_imu_calibration/share/cube_imu_calibration/environment/ament_prefix_path.dsv
[6.984s] -- Up-to-date: /home/wangjh/code/06imu_cube_calib /install/cube_imu_calibration/share/cube_imu_calibration/environment/path.sh
[6.984s] -- Up-to-date: /home/wangjh/code/06imu_cube_calib /install/cube_imu_calibration/share/cube_imu_calibration/environment/path.dsv
[6.984s] -- Up-to-date: /home/wangjh/code/06imu_cube_calib /install/cube_imu_calibration/share/cube_imu_calibration/local_setup.bash
[6.984s] -- Up-to-date: /home/wangjh/code/06imu_cube_calib /install/cube_imu_calibration/share/cube_imu_calibration/local_setup.sh
[6.985s] -- Up-to-date: /home/wangjh/code/06imu_cube_calib /install/cube_imu_calibration/share/cube_imu_calibration/local_setup.zsh
[6.985s] -- Up-to-date: /home/wangjh/code/06imu_cube_calib /install/cube_imu_calibration/share/cube_imu_calibration/local_setup.dsv
[6.985s] -- Installing: /home/wangjh/code/06imu_cube_calib /install/cube_imu_calibration/share/cube_imu_calibration/package.dsv
[6.985s] -- Up-to-date: /home/wangjh/code/06imu_cube_calib /install/cube_imu_calibration/share/ament_index/resource_index/packages/cube_imu_calibration
[6.985s] -- Up-to-date: /home/wangjh/code/06imu_cube_calib /install/cube_imu_calibration/share/cube_imu_calibration/cmake/export_cube_imu_calibration__rosidl_generator_cExport.cmake
[6.985s] -- Up-to-date: /home/wangjh/code/06imu_cube_calib /install/cube_imu_calibration/share/cube_imu_calibration/cmake/export_cube_imu_calibration__rosidl_generator_cExport-release.cmake
[6.985s] -- Up-to-date: /home/wangjh/code/06imu_cube_calib /install/cube_imu_calibration/share/cube_imu_calibration/cmake/export_cube_imu_calibration__rosidl_typesupport_fastrtps_cExport.cmake
[6.985s] -- Up-to-date: /home/wangjh/code/06imu_cube_calib /install/cube_imu_calibration/share/cube_imu_calibration/cmake/export_cube_imu_calibration__rosidl_typesupport_fastrtps_cExport-release.cmake
[6.985s] -- Up-to-date: /home/wangjh/code/06imu_cube_calib /install/cube_imu_calibration/share/cube_imu_calibration/cmake/export_cube_imu_calibration__rosidl_generator_cppExport.cmake
[6.985s] -- Up-to-date: /home/wangjh/code/06imu_cube_calib /install/cube_imu_calibration/share/cube_imu_calibration/cmake/export_cube_imu_calibration__rosidl_typesupport_fastrtps_cppExport.cmake
[6.985s] -- Up-to-date: /home/wangjh/code/06imu_cube_calib /install/cube_imu_calibration/share/cube_imu_calibration/cmake/export_cube_imu_calibration__rosidl_typesupport_fastrtps_cppExport-release.cmake
[6.985s] -- Up-to-date: /home/wangjh/code/06imu_cube_calib /install/cube_imu_calibration/share/cube_imu_calibration/cmake/cube_imu_calibration__rosidl_typesupport_introspection_cExport.cmake
[6.985s] -- Up-to-date: /home/wangjh/code/06imu_cube_calib /install/cube_imu_calibration/share/cube_imu_calibration/cmake/cube_imu_calibration__rosidl_typesupport_introspection_cExport-release.cmake
[6.985s] -- Up-to-date: /home/wangjh/code/06imu_cube_calib /install/cube_imu_calibration/share/cube_imu_calibration/cmake/cube_imu_calibration__rosidl_typesupport_cExport.cmake
[6.985s] -- Up-to-date: /home/wangjh/code/06imu_cube_calib /install/cube_imu_calibration/share/cube_imu_calibration/cmake/cube_imu_calibration__rosidl_typesupport_cExport-release.cmake
[6.985s] -- Up-to-date: /home/wangjh/code/06imu_cube_calib /install/cube_imu_calibration/share/cube_imu_calibration/cmake/cube_imu_calibration__rosidl_typesupport_introspection_cppExport.cmake
[6.985s] -- Up-to-date: /home/wangjh/code/06imu_cube_calib /install/cube_imu_calibration/share/cube_imu_calibration/cmake/cube_imu_calibration__rosidl_typesupport_introspection_cppExport-release.cmake
[6.985s] -- Up-to-date: /home/wangjh/code/06imu_cube_calib /install/cube_imu_calibration/share/cube_imu_calibration/cmake/cube_imu_calibration__rosidl_typesupport_cppExport.cmake
[6.985s] -- Up-to-date: /home/wangjh/code/06imu_cube_calib /install/cube_imu_calibration/share/cube_imu_calibration/cmake/cube_imu_calibration__rosidl_typesupport_cppExport-release.cmake
[6.985s] -- Up-to-date: /home/wangjh/code/06imu_cube_calib /install/cube_imu_calibration/share/cube_imu_calibration/cmake/export_cube_imu_calibration__rosidl_generator_pyExport.cmake
[6.985s] -- Up-to-date: /home/wangjh/code/06imu_cube_calib /install/cube_imu_calibration/share/cube_imu_calibration/cmake/export_cube_imu_calibration__rosidl_generator_pyExport-release.cmake
[6.985s] -- Up-to-date: /home/wangjh/code/06imu_cube_calib /install/cube_imu_calibration/share/cube_imu_calibration/cmake/rosidl_cmake-extras.cmake
[6.985s] -- Up-to-date: /home/wangjh/code/06imu_cube_calib /install/cube_imu_calibration/share/cube_imu_calibration/cmake/ament_cmake_export_dependencies-extras.cmake
[6.985s] -- Up-to-date: /home/wangjh/code/06imu_cube_calib /install/cube_imu_calibration/share/cube_imu_calibration/cmake/ament_cmake_export_include_directories-extras.cmake
[6.985s] -- Up-to-date: /home/wangjh/code/06imu_cube_calib /install/cube_imu_calibration/share/cube_imu_calibration/cmake/ament_cmake_export_libraries-extras.cmake
[6.986s] -- Up-to-date: /home/wangjh/code/06imu_cube_calib /install/cube_imu_calibration/share/cube_imu_calibration/cmake/ament_cmake_export_targets-extras.cmake
[6.986s] -- Up-to-date: /home/wangjh/code/06imu_cube_calib /install/cube_imu_calibration/share/cube_imu_calibration/cmake/rosidl_cmake_export_typesupport_targets-extras.cmake
[6.986s] -- Up-to-date: /home/wangjh/code/06imu_cube_calib /install/cube_imu_calibration/share/cube_imu_calibration/cmake/rosidl_cmake_export_typesupport_libraries-extras.cmake
[6.986s] -- Up-to-date: /home/wangjh/code/06imu_cube_calib /install/cube_imu_calibration/share/cube_imu_calibration/cmake/cube_imu_calibrationConfig.cmake
[6.986s] -- Up-to-date: /home/wangjh/code/06imu_cube_calib /install/cube_imu_calibration/share/cube_imu_calibration/cmake/cube_imu_calibrationConfig-version.cmake
[6.986s] -- Up-to-date: /home/wangjh/code/06imu_cube_calib /install/cube_imu_calibration/share/cube_imu_calibration/package.xml
[6.986s] Invoked command in '/home/wangjh/code/06imu_cube_calib /build/cube_imu_calibration' returned '0': CMAKE_PREFIX_PATH=${CMAKE_PREFIX_PATH}:/opt/ros/jazzy DEBUGINFOD_URLS=https://debuginfod.ubuntu.com /usr/bin/cmake --install /home/wangjh/code/06imu_cube_calib /build/cube_imu_calibration
