[0.006s] Invoking command in '/home/wangjh/code/06imu_cube_calib/build/cube_imu_calibration': CMAKE_PREFIX_PATH=${CMAKE_PREFIX_PATH}:/opt/ros/jazzy DEBUGINFOD_URLS=https://debuginfod.ubuntu.com /usr/bin/cmake --build /home/wangjh/code/06imu_cube_calib/build/cube_imu_calibration -- -j24 -l24
[0.042s] [  1%] Built target cube_imu_calibration__rosidl_generator_type_description
[0.042s] [  3%] Built target cube_imu_calibration__rs
[0.047s] [  6%] Built target simulated_sensor_node
[0.047s] [  6%] Built target ament_cmake_python_copy_cube_imu_calibration
[0.054s] [  8%] Built target cube_imu_calibration__cpp
[0.056s] [ 25%] Built target cube_imu_calibration__rosidl_generator_c
[0.074s] [ 74%] Built target cube_imu_calibration__rosidl_typesupport_fastrtps_cpp
[0.074s] [ 74%] Built target cube_imu_calibration__rosidl_typesupport_cpp
[0.074s] [ 74%] Built target cube_imu_calibration__rosidl_typesupport_introspection_cpp
[0.074s] [ 74%] Built target cube_imu_calibration__rosidl_typesupport_c
[0.075s] [ 74%] Built target cube_imu_calibration__rosidl_typesupport_introspection_c
[0.075s] [ 74%] Built target cube_imu_calibration__rosidl_typesupport_fastrtps_c
[0.088s] [ 74%] Built target cube_imu_calibration
[0.094s] [ 77%] Built target data_recorder_node
[0.102s] [ 80%] Built target cube_imu_calibration__py
[0.102s] [ 80%] Building CXX object CMakeFiles/real_sensor_node.dir/src/real_sensor_node.cpp.o
[0.117s] [ 87%] Built target cube_imu_calibration__rosidl_generator_py
[0.133s] [ 96%] Built target cube_imu_calibration_s__rosidl_typesupport_fastrtps_c
[0.133s] [ 96%] Built target cube_imu_calibration_s__rosidl_typesupport_introspection_c
[0.133s] [ 96%] Built target cube_imu_calibration_s__rosidl_typesupport_c
[0.174s] running egg_info
[0.183s] writing cube_imu_calibration.egg-info/PKG-INFO
[0.183s] writing dependency_links to cube_imu_calibration.egg-info/dependency_links.txt
[0.183s] writing top-level names to cube_imu_calibration.egg-info/top_level.txt
[0.206s] reading manifest file 'cube_imu_calibration.egg-info/SOURCES.txt'
[0.206s] writing manifest file 'cube_imu_calibration.egg-info/SOURCES.txt'
[0.222s] [ 96%] Built target ament_cmake_python_build_cube_imu_calibration_egg
[11.473s] [ 98%] Linking CXX executable real_sensor_node
[11.758s] [100%] Built target real_sensor_node
[11.764s] Invoked command in '/home/wangjh/code/06imu_cube_calib/build/cube_imu_calibration' returned '0': CMAKE_PREFIX_PATH=${CMAKE_PREFIX_PATH}:/opt/ros/jazzy DEBUGINFOD_URLS=https://debuginfod.ubuntu.com /usr/bin/cmake --build /home/wangjh/code/06imu_cube_calib/build/cube_imu_calibration -- -j24 -l24
[11.769s] Invoking command in '/home/wangjh/code/06imu_cube_calib/build/cube_imu_calibration': CMAKE_PREFIX_PATH=${CMAKE_PREFIX_PATH}:/opt/ros/jazzy DEBUGINFOD_URLS=https://debuginfod.ubuntu.com /usr/bin/cmake --install /home/wangjh/code/06imu_cube_calib/build/cube_imu_calibration
[11.774s] -- Install configuration: "Release"
[11.774s] -- Up-to-date: /home/wangjh/code/06imu_cube_calib/install/cube_imu_calibration/share/ament_index/resource_index/rosidl_interfaces/cube_imu_calibration
[11.774s] -- Up-to-date: /home/wangjh/code/06imu_cube_calib/install/cube_imu_calibration/share/cube_imu_calibration/msg/CubePose.json
[11.774s] -- Up-to-date: /home/wangjh/code/06imu_cube_calib/install/cube_imu_calibration/share/cube_imu_calibration/msg/CubePoseStatus.json
[11.774s] -- Up-to-date: /home/wangjh/code/06imu_cube_calib/install/cube_imu_calibration/share/cube_imu_calibration/msg/RecorderStatus.json
[11.774s] -- Up-to-date: /home/wangjh/code/06imu_cube_calib/install/cube_imu_calibration/include/cube_imu_calibration/cube_imu_calibration
[11.774s] -- Up-to-date: /home/wangjh/code/06imu_cube_calib/install/cube_imu_calibration/include/cube_imu_calibration/cube_imu_calibration/msg
[11.774s] -- Up-to-date: /home/wangjh/code/06imu_cube_calib/install/cube_imu_calibration/include/cube_imu_calibration/cube_imu_calibration/msg/detail
[11.774s] -- Up-to-date: /home/wangjh/code/06imu_cube_calib/install/cube_imu_calibration/include/cube_imu_calibration/cube_imu_calibration/msg/detail/cube_pose__type_support.c
[11.774s] -- Up-to-date: /home/wangjh/code/06imu_cube_calib/install/cube_imu_calibration/include/cube_imu_calibration/cube_imu_calibration/msg/detail/recorder_status__struct.h
[11.775s] -- Up-to-date: /home/wangjh/code/06imu_cube_calib/install/cube_imu_calibration/include/cube_imu_calibration/cube_imu_calibration/msg/detail/cube_pose__functions.h
[11.775s] -- Up-to-date: /home/wangjh/code/06imu_cube_calib/install/cube_imu_calibration/include/cube_imu_calibration/cube_imu_calibration/msg/detail/recorder_status__functions.h
[11.775s] -- Up-to-date: /home/wangjh/code/06imu_cube_calib/install/cube_imu_calibration/include/cube_imu_calibration/cube_imu_calibration/msg/detail/recorder_status__type_support.c
[11.775s] -- Up-to-date: /home/wangjh/code/06imu_cube_calib/install/cube_imu_calibration/include/cube_imu_calibration/cube_imu_calibration/msg/detail/recorder_status__description.c
[11.775s] -- Up-to-date: /home/wangjh/code/06imu_cube_calib/install/cube_imu_calibration/include/cube_imu_calibration/cube_imu_calibration/msg/detail/cube_pose__description.c
[11.775s] -- Up-to-date: /home/wangjh/code/06imu_cube_calib/install/cube_imu_calibration/include/cube_imu_calibration/cube_imu_calibration/msg/detail/cube_pose_status__type_support.h
[11.775s] -- Up-to-date: /home/wangjh/code/06imu_cube_calib/install/cube_imu_calibration/include/cube_imu_calibration/cube_imu_calibration/msg/detail/cube_pose__struct.h
[11.775s] -- Up-to-date: /home/wangjh/code/06imu_cube_calib/install/cube_imu_calibration/include/cube_imu_calibration/cube_imu_calibration/msg/detail/cube_pose_status__struct.h
[11.775s] -- Up-to-date: /home/wangjh/code/06imu_cube_calib/install/cube_imu_calibration/include/cube_imu_calibration/cube_imu_calibration/msg/detail/cube_pose_status__functions.c
[11.775s] -- Up-to-date: /home/wangjh/code/06imu_cube_calib/install/cube_imu_calibration/include/cube_imu_calibration/cube_imu_calibration/msg/detail/cube_pose__type_support.h
[11.775s] -- Up-to-date: /home/wangjh/code/06imu_cube_calib/install/cube_imu_calibration/include/cube_imu_calibration/cube_imu_calibration/msg/detail/cube_pose_status__type_support.c
[11.775s] -- Up-to-date: /home/wangjh/code/06imu_cube_calib/install/cube_imu_calibration/include/cube_imu_calibration/cube_imu_calibration/msg/detail/cube_pose__functions.c
[11.775s] -- Up-to-date: /home/wangjh/code/06imu_cube_calib/install/cube_imu_calibration/include/cube_imu_calibration/cube_imu_calibration/msg/detail/cube_pose_status__description.c
[11.775s] -- Up-to-date: /home/wangjh/code/06imu_cube_calib/install/cube_imu_calibration/include/cube_imu_calibration/cube_imu_calibration/msg/detail/recorder_status__type_support.h
[11.775s] -- Up-to-date: /home/wangjh/code/06imu_cube_calib/install/cube_imu_calibration/include/cube_imu_calibration/cube_imu_calibration/msg/detail/cube_pose_status__functions.h
[11.776s] -- Up-to-date: /home/wangjh/code/06imu_cube_calib/install/cube_imu_calibration/include/cube_imu_calibration/cube_imu_calibration/msg/detail/recorder_status__functions.c
[11.776s] -- Up-to-date: /home/wangjh/code/06imu_cube_calib/install/cube_imu_calibration/include/cube_imu_calibration/cube_imu_calibration/msg/rosidl_generator_c__visibility_control.h
[11.776s] -- Up-to-date: /home/wangjh/code/06imu_cube_calib/install/cube_imu_calibration/include/cube_imu_calibration/cube_imu_calibration/msg/cube_pose.h
[11.776s] -- Up-to-date: /home/wangjh/code/06imu_cube_calib/install/cube_imu_calibration/include/cube_imu_calibration/cube_imu_calibration/msg/recorder_status.h
[11.776s] -- Up-to-date: /home/wangjh/code/06imu_cube_calib/install/cube_imu_calibration/include/cube_imu_calibration/cube_imu_calibration/msg/cube_pose_status.h
[11.776s] -- Up-to-date: /home/wangjh/code/06imu_cube_calib/install/cube_imu_calibration/share/cube_imu_calibration/environment/library_path.sh
[11.776s] -- Up-to-date: /home/wangjh/code/06imu_cube_calib/install/cube_imu_calibration/share/cube_imu_calibration/environment/library_path.dsv
[11.776s] -- Up-to-date: /home/wangjh/code/06imu_cube_calib/install/cube_imu_calibration/lib/libcube_imu_calibration__rosidl_generator_c.so
[11.776s] -- Up-to-date: /home/wangjh/code/06imu_cube_calib/install/cube_imu_calibration/include/cube_imu_calibration/cube_imu_calibration
[11.776s] -- Up-to-date: /home/wangjh/code/06imu_cube_calib/install/cube_imu_calibration/include/cube_imu_calibration/cube_imu_calibration/msg
[11.776s] -- Up-to-date: /home/wangjh/code/06imu_cube_calib/install/cube_imu_calibration/include/cube_imu_calibration/cube_imu_calibration/msg/detail
[11.776s] -- Up-to-date: /home/wangjh/code/06imu_cube_calib/install/cube_imu_calibration/include/cube_imu_calibration/cube_imu_calibration/msg/detail/cube_pose_status__rosidl_typesupport_fastrtps_c.h
[11.776s] -- Up-to-date: /home/wangjh/code/06imu_cube_calib/install/cube_imu_calibration/include/cube_imu_calibration/cube_imu_calibration/msg/detail/recorder_status__rosidl_typesupport_fastrtps_c.h
[11.776s] -- Up-to-date: /home/wangjh/code/06imu_cube_calib/install/cube_imu_calibration/include/cube_imu_calibration/cube_imu_calibration/msg/detail/cube_pose__rosidl_typesupport_fastrtps_c.h
[11.776s] -- Up-to-date: /home/wangjh/code/06imu_cube_calib/install/cube_imu_calibration/include/cube_imu_calibration/cube_imu_calibration/msg/rosidl_typesupport_fastrtps_c__visibility_control.h
[11.776s] -- Up-to-date: /home/wangjh/code/06imu_cube_calib/install/cube_imu_calibration/lib/libcube_imu_calibration__rosidl_typesupport_fastrtps_c.so
[11.777s] -- Up-to-date: /home/wangjh/code/06imu_cube_calib/install/cube_imu_calibration/include/cube_imu_calibration/cube_imu_calibration
[11.777s] -- Up-to-date: /home/wangjh/code/06imu_cube_calib/install/cube_imu_calibration/include/cube_imu_calibration/cube_imu_calibration/msg
[11.777s] -- Up-to-date: /home/wangjh/code/06imu_cube_calib/install/cube_imu_calibration/include/cube_imu_calibration/cube_imu_calibration/msg/detail
[11.777s] -- Up-to-date: /home/wangjh/code/06imu_cube_calib/install/cube_imu_calibration/include/cube_imu_calibration/cube_imu_calibration/msg/detail/cube_pose__struct.hpp
[11.777s] -- Up-to-date: /home/wangjh/code/06imu_cube_calib/install/cube_imu_calibration/include/cube_imu_calibration/cube_imu_calibration/msg/detail/cube_pose__traits.hpp
[11.777s] -- Up-to-date: /home/wangjh/code/06imu_cube_calib/install/cube_imu_calibration/include/cube_imu_calibration/cube_imu_calibration/msg/detail/recorder_status__type_support.hpp
[11.777s] -- Up-to-date: /home/wangjh/code/06imu_cube_calib/install/cube_imu_calibration/include/cube_imu_calibration/cube_imu_calibration/msg/detail/cube_pose__builder.hpp
[11.777s] -- Up-to-date: /home/wangjh/code/06imu_cube_calib/install/cube_imu_calibration/include/cube_imu_calibration/cube_imu_calibration/msg/detail/cube_pose_status__traits.hpp
[11.777s] -- Up-to-date: /home/wangjh/code/06imu_cube_calib/install/cube_imu_calibration/include/cube_imu_calibration/cube_imu_calibration/msg/detail/recorder_status__traits.hpp
[11.777s] -- Up-to-date: /home/wangjh/code/06imu_cube_calib/install/cube_imu_calibration/include/cube_imu_calibration/cube_imu_calibration/msg/detail/cube_pose_status__builder.hpp
[11.777s] -- Up-to-date: /home/wangjh/code/06imu_cube_calib/install/cube_imu_calibration/include/cube_imu_calibration/cube_imu_calibration/msg/detail/cube_pose_status__type_support.hpp
[11.777s] -- Up-to-date: /home/wangjh/code/06imu_cube_calib/install/cube_imu_calibration/include/cube_imu_calibration/cube_imu_calibration/msg/detail/recorder_status__struct.hpp
[11.777s] -- Up-to-date: /home/wangjh/code/06imu_cube_calib/install/cube_imu_calibration/include/cube_imu_calibration/cube_imu_calibration/msg/detail/cube_pose_status__struct.hpp
[11.777s] -- Up-to-date: /home/wangjh/code/06imu_cube_calib/install/cube_imu_calibration/include/cube_imu_calibration/cube_imu_calibration/msg/detail/cube_pose__type_support.hpp
[11.777s] -- Up-to-date: /home/wangjh/code/06imu_cube_calib/install/cube_imu_calibration/include/cube_imu_calibration/cube_imu_calibration/msg/detail/recorder_status__builder.hpp
[11.777s] -- Up-to-date: /home/wangjh/code/06imu_cube_calib/install/cube_imu_calibration/include/cube_imu_calibration/cube_imu_calibration/msg/cube_pose.hpp
[11.777s] -- Up-to-date: /home/wangjh/code/06imu_cube_calib/install/cube_imu_calibration/include/cube_imu_calibration/cube_imu_calibration/msg/recorder_status.hpp
[11.777s] -- Up-to-date: /home/wangjh/code/06imu_cube_calib/install/cube_imu_calibration/include/cube_imu_calibration/cube_imu_calibration/msg/cube_pose_status.hpp
[11.777s] -- Up-to-date: /home/wangjh/code/06imu_cube_calib/install/cube_imu_calibration/include/cube_imu_calibration/cube_imu_calibration/msg/rosidl_generator_cpp__visibility_control.hpp
[11.777s] -- Up-to-date: /home/wangjh/code/06imu_cube_calib/install/cube_imu_calibration/include/cube_imu_calibration/cube_imu_calibration
[11.777s] -- Up-to-date: /home/wangjh/code/06imu_cube_calib/install/cube_imu_calibration/include/cube_imu_calibration/cube_imu_calibration/msg
[11.777s] -- Up-to-date: /home/wangjh/code/06imu_cube_calib/install/cube_imu_calibration/include/cube_imu_calibration/cube_imu_calibration/msg/detail
[11.777s] -- Up-to-date: /home/wangjh/code/06imu_cube_calib/install/cube_imu_calibration/include/cube_imu_calibration/cube_imu_calibration/msg/detail/dds_fastrtps
[11.777s] -- Up-to-date: /home/wangjh/code/06imu_cube_calib/install/cube_imu_calibration/include/cube_imu_calibration/cube_imu_calibration/msg/detail/cube_pose_status__rosidl_typesupport_fastrtps_cpp.hpp
[11.778s] -- Up-to-date: /home/wangjh/code/06imu_cube_calib/install/cube_imu_calibration/include/cube_imu_calibration/cube_imu_calibration/msg/detail/cube_pose__rosidl_typesupport_fastrtps_cpp.hpp
[11.778s] -- Up-to-date: /home/wangjh/code/06imu_cube_calib/install/cube_imu_calibration/include/cube_imu_calibration/cube_imu_calibration/msg/detail/recorder_status__rosidl_typesupport_fastrtps_cpp.hpp
[11.778s] -- Up-to-date: /home/wangjh/code/06imu_cube_calib/install/cube_imu_calibration/include/cube_imu_calibration/cube_imu_calibration/msg/rosidl_typesupport_fastrtps_cpp__visibility_control.h
[11.778s] -- Up-to-date: /home/wangjh/code/06imu_cube_calib/install/cube_imu_calibration/lib/libcube_imu_calibration__rosidl_typesupport_fastrtps_cpp.so
[11.778s] -- Up-to-date: /home/wangjh/code/06imu_cube_calib/install/cube_imu_calibration/include/cube_imu_calibration/cube_imu_calibration
[11.778s] -- Up-to-date: /home/wangjh/code/06imu_cube_calib/install/cube_imu_calibration/include/cube_imu_calibration/cube_imu_calibration/msg
[11.778s] -- Up-to-date: /home/wangjh/code/06imu_cube_calib/install/cube_imu_calibration/include/cube_imu_calibration/cube_imu_calibration/msg/rosidl_typesupport_introspection_c__visibility_control.h
[11.778s] -- Up-to-date: /home/wangjh/code/06imu_cube_calib/install/cube_imu_calibration/include/cube_imu_calibration/cube_imu_calibration/msg/detail
[11.778s] -- Up-to-date: /home/wangjh/code/06imu_cube_calib/install/cube_imu_calibration/include/cube_imu_calibration/cube_imu_calibration/msg/detail/recorder_status__rosidl_typesupport_introspection_c.h
[11.778s] -- Up-to-date: /home/wangjh/code/06imu_cube_calib/install/cube_imu_calibration/include/cube_imu_calibration/cube_imu_calibration/msg/detail/cube_pose__type_support.c
[11.778s] -- Up-to-date: /home/wangjh/code/06imu_cube_calib/install/cube_imu_calibration/include/cube_imu_calibration/cube_imu_calibration/msg/detail/recorder_status__type_support.c
[11.778s] -- Up-to-date: /home/wangjh/code/06imu_cube_calib/install/cube_imu_calibration/include/cube_imu_calibration/cube_imu_calibration/msg/detail/cube_pose__rosidl_typesupport_introspection_c.h
[11.778s] -- Up-to-date: /home/wangjh/code/06imu_cube_calib/install/cube_imu_calibration/include/cube_imu_calibration/cube_imu_calibration/msg/detail/cube_pose_status__type_support.c
[11.778s] -- Up-to-date: /home/wangjh/code/06imu_cube_calib/install/cube_imu_calibration/include/cube_imu_calibration/cube_imu_calibration/msg/detail/cube_pose_status__rosidl_typesupport_introspection_c.h
[11.778s] -- Up-to-date: /home/wangjh/code/06imu_cube_calib/install/cube_imu_calibration/lib/libcube_imu_calibration__rosidl_typesupport_introspection_c.so
[11.778s] -- Up-to-date: /home/wangjh/code/06imu_cube_calib/install/cube_imu_calibration/lib/libcube_imu_calibration__rosidl_typesupport_c.so
[11.778s] -- Up-to-date: /home/wangjh/code/06imu_cube_calib/install/cube_imu_calibration/include/cube_imu_calibration/cube_imu_calibration
[11.778s] -- Up-to-date: /home/wangjh/code/06imu_cube_calib/install/cube_imu_calibration/include/cube_imu_calibration/cube_imu_calibration/msg
[11.778s] -- Up-to-date: /home/wangjh/code/06imu_cube_calib/install/cube_imu_calibration/include/cube_imu_calibration/cube_imu_calibration/msg/detail
[11.778s] -- Up-to-date: /home/wangjh/code/06imu_cube_calib/install/cube_imu_calibration/include/cube_imu_calibration/cube_imu_calibration/msg/detail/cube_pose__rosidl_typesupport_introspection_cpp.hpp
[11.778s] -- Up-to-date: /home/wangjh/code/06imu_cube_calib/install/cube_imu_calibration/include/cube_imu_calibration/cube_imu_calibration/msg/detail/cube_pose_status__rosidl_typesupport_introspection_cpp.hpp
[11.778s] -- Up-to-date: /home/wangjh/code/06imu_cube_calib/install/cube_imu_calibration/include/cube_imu_calibration/cube_imu_calibration/msg/detail/recorder_status__rosidl_typesupport_introspection_cpp.hpp
[11.778s] -- Up-to-date: /home/wangjh/code/06imu_cube_calib/install/cube_imu_calibration/include/cube_imu_calibration/cube_imu_calibration/msg/detail/cube_pose__type_support.cpp
[11.778s] -- Up-to-date: /home/wangjh/code/06imu_cube_calib/install/cube_imu_calibration/include/cube_imu_calibration/cube_imu_calibration/msg/detail/recorder_status__type_support.cpp
[11.779s] -- Up-to-date: /home/wangjh/code/06imu_cube_calib/install/cube_imu_calibration/include/cube_imu_calibration/cube_imu_calibration/msg/detail/cube_pose_status__type_support.cpp
[11.779s] -- Up-to-date: /home/wangjh/code/06imu_cube_calib/install/cube_imu_calibration/lib/libcube_imu_calibration__rosidl_typesupport_introspection_cpp.so
[11.779s] -- Up-to-date: /home/wangjh/code/06imu_cube_calib/install/cube_imu_calibration/lib/libcube_imu_calibration__rosidl_typesupport_cpp.so
[11.779s] -- Up-to-date: /home/wangjh/code/06imu_cube_calib/install/cube_imu_calibration/share/cube_imu_calibration/environment/pythonpath.sh
[11.779s] -- Up-to-date: /home/wangjh/code/06imu_cube_calib/install/cube_imu_calibration/share/cube_imu_calibration/environment/pythonpath.dsv
[11.779s] -- Up-to-date: /home/wangjh/code/06imu_cube_calib/install/cube_imu_calibration/lib/python3.12/site-packages/cube_imu_calibration-0.1.0-py3.12.egg-info
[11.779s] -- Installing: /home/wangjh/code/06imu_cube_calib/install/cube_imu_calibration/lib/python3.12/site-packages/cube_imu_calibration-0.1.0-py3.12.egg-info/dependency_links.txt
[11.779s] -- Installing: /home/wangjh/code/06imu_cube_calib/install/cube_imu_calibration/lib/python3.12/site-packages/cube_imu_calibration-0.1.0-py3.12.egg-info/SOURCES.txt
[11.779s] -- Installing: /home/wangjh/code/06imu_cube_calib/install/cube_imu_calibration/lib/python3.12/site-packages/cube_imu_calibration-0.1.0-py3.12.egg-info/top_level.txt
[11.779s] -- Installing: /home/wangjh/code/06imu_cube_calib/install/cube_imu_calibration/lib/python3.12/site-packages/cube_imu_calibration-0.1.0-py3.12.egg-info/PKG-INFO
[11.779s] -- Up-to-date: /home/wangjh/code/06imu_cube_calib/install/cube_imu_calibration/lib/python3.12/site-packages/cube_imu_calibration
[11.779s] -- Up-to-date: /home/wangjh/code/06imu_cube_calib/install/cube_imu_calibration/lib/python3.12/site-packages/cube_imu_calibration/_cube_imu_calibration_s.ep.rosidl_typesupport_c.c
[11.779s] -- Up-to-date: /home/wangjh/code/06imu_cube_calib/install/cube_imu_calibration/lib/python3.12/site-packages/cube_imu_calibration/_cube_imu_calibration_s.ep.rosidl_typesupport_introspection_c.c
[11.779s] -- Up-to-date: /home/wangjh/code/06imu_cube_calib/install/cube_imu_calibration/lib/python3.12/site-packages/cube_imu_calibration/__init__.py
[11.779s] -- Up-to-date: /home/wangjh/code/06imu_cube_calib/install/cube_imu_calibration/lib/python3.12/site-packages/cube_imu_calibration/cube_imu_calibration_s__rosidl_typesupport_fastrtps_c.so
[11.779s] -- Up-to-date: /home/wangjh/code/06imu_cube_calib/install/cube_imu_calibration/lib/python3.12/site-packages/cube_imu_calibration/msg
[11.779s] -- Up-to-date: /home/wangjh/code/06imu_cube_calib/install/cube_imu_calibration/lib/python3.12/site-packages/cube_imu_calibration/msg/_cube_pose.py
[11.779s] -- Up-to-date: /home/wangjh/code/06imu_cube_calib/install/cube_imu_calibration/lib/python3.12/site-packages/cube_imu_calibration/msg/_cube_pose_s.c
[11.779s] -- Up-to-date: /home/wangjh/code/06imu_cube_calib/install/cube_imu_calibration/lib/python3.12/site-packages/cube_imu_calibration/msg/__init__.py
[11.779s] -- Up-to-date: /home/wangjh/code/06imu_cube_calib/install/cube_imu_calibration/lib/python3.12/site-packages/cube_imu_calibration/msg/_recorder_status.py
[11.779s] -- Up-to-date: /home/wangjh/code/06imu_cube_calib/install/cube_imu_calibration/lib/python3.12/site-packages/cube_imu_calibration/msg/_recorder_status_s.c
[11.779s] -- Up-to-date: /home/wangjh/code/06imu_cube_calib/install/cube_imu_calibration/lib/python3.12/site-packages/cube_imu_calibration/msg/_cube_pose_status.py
[11.779s] -- Up-to-date: /home/wangjh/code/06imu_cube_calib/install/cube_imu_calibration/lib/python3.12/site-packages/cube_imu_calibration/msg/_cube_pose_status_s.c
[11.779s] -- Up-to-date: /home/wangjh/code/06imu_cube_calib/install/cube_imu_calibration/lib/python3.12/site-packages/cube_imu_calibration/cube_imu_calibration_s__rosidl_typesupport_introspection_c.so
[11.780s] -- Up-to-date: /home/wangjh/code/06imu_cube_calib/install/cube_imu_calibration/lib/python3.12/site-packages/cube_imu_calibration/cube_imu_calibration_s__rosidl_typesupport_c.so
[11.780s] -- Up-to-date: /home/wangjh/code/06imu_cube_calib/install/cube_imu_calibration/lib/python3.12/site-packages/cube_imu_calibration/_cube_imu_calibration_s.ep.rosidl_typesupport_fastrtps_c.c
[11.798s] Listing '/home/wangjh/code/06imu_cube_calib/install/cube_imu_calibration/lib/python3.12/site-packages/cube_imu_calibration'...
[11.798s] Listing '/home/wangjh/code/06imu_cube_calib/install/cube_imu_calibration/lib/python3.12/site-packages/cube_imu_calibration/msg'...
[11.801s] -- Up-to-date: /home/wangjh/code/06imu_cube_calib/install/cube_imu_calibration/lib/python3.12/site-packages/cube_imu_calibration/cube_imu_calibration_s__rosidl_typesupport_fastrtps_c.so
[11.801s] -- Up-to-date: /home/wangjh/code/06imu_cube_calib/install/cube_imu_calibration/lib/python3.12/site-packages/cube_imu_calibration/cube_imu_calibration_s__rosidl_typesupport_introspection_c.so
[11.801s] -- Up-to-date: /home/wangjh/code/06imu_cube_calib/install/cube_imu_calibration/lib/python3.12/site-packages/cube_imu_calibration/cube_imu_calibration_s__rosidl_typesupport_c.so
[11.801s] -- Up-to-date: /home/wangjh/code/06imu_cube_calib/install/cube_imu_calibration/lib/libcube_imu_calibration__rosidl_generator_py.so
[11.801s] -- Up-to-date: /home/wangjh/code/06imu_cube_calib/install/cube_imu_calibration/share/ament_index/resource_index/rust_packages/cube_imu_calibration
[11.801s] -- Up-to-date: /home/wangjh/code/06imu_cube_calib/install/cube_imu_calibration/share/cube_imu_calibration/rust
[11.801s] -- Up-to-date: /home/wangjh/code/06imu_cube_calib/install/cube_imu_calibration/share/cube_imu_calibration/rust/Cargo.toml
[11.801s] -- Up-to-date: /home/wangjh/code/06imu_cube_calib/install/cube_imu_calibration/share/cube_imu_calibration/rust/build.rs
[11.801s] -- Up-to-date: /home/wangjh/code/06imu_cube_calib/install/cube_imu_calibration/share/cube_imu_calibration/rust/src
[11.802s] -- Up-to-date: /home/wangjh/code/06imu_cube_calib/install/cube_imu_calibration/share/cube_imu_calibration/rust/src/lib.rs
[11.802s] -- Up-to-date: /home/wangjh/code/06imu_cube_calib/install/cube_imu_calibration/share/cube_imu_calibration/rust/src/msg
[11.802s] -- Up-to-date: /home/wangjh/code/06imu_cube_calib/install/cube_imu_calibration/share/cube_imu_calibration/rust/src/msg/rmw.rs
[11.802s] -- Up-to-date: /home/wangjh/code/06imu_cube_calib/install/cube_imu_calibration/share/cube_imu_calibration/rust/src/msg.rs
[11.802s] -- Up-to-date: /home/wangjh/code/06imu_cube_calib/install/cube_imu_calibration/share/cube_imu_calibration/msg/CubePose.idl
[11.802s] -- Up-to-date: /home/wangjh/code/06imu_cube_calib/install/cube_imu_calibration/share/cube_imu_calibration/msg/CubePoseStatus.idl
[11.802s] -- Up-to-date: /home/wangjh/code/06imu_cube_calib/install/cube_imu_calibration/share/cube_imu_calibration/msg/RecorderStatus.idl
[11.802s] -- Up-to-date: /home/wangjh/code/06imu_cube_calib/install/cube_imu_calibration/share/cube_imu_calibration/msg/CubePose.msg
[11.802s] -- Up-to-date: /home/wangjh/code/06imu_cube_calib/install/cube_imu_calibration/share/cube_imu_calibration/msg/CubePoseStatus.msg
[11.802s] -- Up-to-date: /home/wangjh/code/06imu_cube_calib/install/cube_imu_calibration/share/cube_imu_calibration/msg/RecorderStatus.msg
[11.802s] -- Up-to-date: /home/wangjh/code/06imu_cube_calib/install/cube_imu_calibration/lib/cube_imu_calibration/data_recorder_node
[11.802s] -- Up-to-date: /home/wangjh/code/06imu_cube_calib/install/cube_imu_calibration/lib/cube_imu_calibration/simulated_sensor_node
[11.802s] -- Installing: /home/wangjh/code/06imu_cube_calib/install/cube_imu_calibration/lib/cube_imu_calibration/real_sensor_node
[11.803s] -- Set non-toolchain portion of runtime path of "/home/wangjh/code/06imu_cube_calib/install/cube_imu_calibration/lib/cube_imu_calibration/real_sensor_node" to "/home/wangjh/code/01历史代码/00历史代码/orbslam3_light/hardware/camera/orbbec_gemini_335/linux/third_party/pyorbbecsdk/sdk/lib/linux_x64"
[11.804s] -- Up-to-date: /home/wangjh/code/06imu_cube_calib/install/cube_imu_calibration/lib/cube_imu_calibration/calibration_gui.py
[11.804s] -- Up-to-date: /home/wangjh/code/06imu_cube_calib/install/cube_imu_calibration/lib/cube_imu_calibration/kalibr_workflow_check.py
[11.804s] -- Up-to-date: /home/wangjh/code/06imu_cube_calib/install/cube_imu_calibration/lib/cube_imu_calibration/solve_extrinsics.py
[11.804s] -- Up-to-date: /home/wangjh/code/06imu_cube_calib/install/cube_imu_calibration/lib/cube_imu_calibration/pose_imu_calibrator.py
[11.804s] -- Up-to-date: /home/wangjh/code/06imu_cube_calib/install/cube_imu_calibration/share/cube_imu_calibration/launch
[11.804s] -- Up-to-date: /home/wangjh/code/06imu_cube_calib/install/cube_imu_calibration/share/cube_imu_calibration/launch/sim_demo_launch.py
[11.804s] -- Up-to-date: /home/wangjh/code/06imu_cube_calib/install/cube_imu_calibration/share/cube_imu_calibration/launch/gui_launch.py
[11.805s] -- Up-to-date: /home/wangjh/code/06imu_cube_calib/install/cube_imu_calibration/share/cube_imu_calibration/launch/runtime_launch.py
[11.805s] -- Up-to-date: /home/wangjh/code/06imu_cube_calib/install/cube_imu_calibration/share/cube_imu_calibration/launch/calibration_launch.py
[11.805s] -- Up-to-date: /home/wangjh/code/06imu_cube_calib/install/cube_imu_calibration/share/cube_imu_calibration/launch/__pycache__
[11.805s] -- Installing: /home/wangjh/code/06imu_cube_calib/install/cube_imu_calibration/share/cube_imu_calibration/launch/__pycache__/runtime_launch.cpython-312.pyc
[11.805s] -- Up-to-date: /home/wangjh/code/06imu_cube_calib/install/cube_imu_calibration/share/cube_imu_calibration/launch/__pycache__/gui_launch.cpython-312.pyc
[11.805s] -- Up-to-date: /home/wangjh/code/06imu_cube_calib/install/cube_imu_calibration/share/cube_imu_calibration/launch/__pycache__/calibration_launch.cpython-312.pyc
[11.805s] -- Up-to-date: /home/wangjh/code/06imu_cube_calib/install/cube_imu_calibration/share/cube_imu_calibration/launch/__pycache__/raw_capture_launch.cpython-312.pyc
[11.805s] -- Up-to-date: /home/wangjh/code/06imu_cube_calib/install/cube_imu_calibration/share/cube_imu_calibration/launch/__pycache__/sim_demo_launch.cpython-312.pyc
[11.805s] -- Up-to-date: /home/wangjh/code/06imu_cube_calib/install/cube_imu_calibration/share/cube_imu_calibration/config
[11.805s] -- Up-to-date: /home/wangjh/code/06imu_cube_calib/install/cube_imu_calibration/share/cube_imu_calibration/config/apriltag_params.yaml
[11.805s] -- Up-to-date: /home/wangjh/code/06imu_cube_calib/install/cube_imu_calibration/share/cube_imu_calibration/README_JAZZY.txt
[11.805s] -- Up-to-date: /home/wangjh/code/06imu_cube_calib/install/cube_imu_calibration/share/ament_index/resource_index/package_run_dependencies/cube_imu_calibration
[11.805s] -- Up-to-date: /home/wangjh/code/06imu_cube_calib/install/cube_imu_calibration/share/ament_index/resource_index/parent_prefix_path/cube_imu_calibration
[11.805s] -- Up-to-date: /home/wangjh/code/06imu_cube_calib/install/cube_imu_calibration/share/cube_imu_calibration/environment/ament_prefix_path.sh
[11.805s] -- Up-to-date: /home/wangjh/code/06imu_cube_calib/install/cube_imu_calibration/share/cube_imu_calibration/environment/ament_prefix_path.dsv
[11.805s] -- Up-to-date: /home/wangjh/code/06imu_cube_calib/install/cube_imu_calibration/share/cube_imu_calibration/environment/path.sh
[11.806s] -- Up-to-date: /home/wangjh/code/06imu_cube_calib/install/cube_imu_calibration/share/cube_imu_calibration/environment/path.dsv
[11.806s] -- Up-to-date: /home/wangjh/code/06imu_cube_calib/install/cube_imu_calibration/share/cube_imu_calibration/local_setup.bash
[11.806s] -- Up-to-date: /home/wangjh/code/06imu_cube_calib/install/cube_imu_calibration/share/cube_imu_calibration/local_setup.sh
[11.806s] -- Up-to-date: /home/wangjh/code/06imu_cube_calib/install/cube_imu_calibration/share/cube_imu_calibration/local_setup.zsh
[11.806s] -- Up-to-date: /home/wangjh/code/06imu_cube_calib/install/cube_imu_calibration/share/cube_imu_calibration/local_setup.dsv
[11.807s] -- Installing: /home/wangjh/code/06imu_cube_calib/install/cube_imu_calibration/share/cube_imu_calibration/package.dsv
[11.807s] -- Up-to-date: /home/wangjh/code/06imu_cube_calib/install/cube_imu_calibration/share/ament_index/resource_index/packages/cube_imu_calibration
[11.807s] -- Up-to-date: /home/wangjh/code/06imu_cube_calib/install/cube_imu_calibration/share/cube_imu_calibration/cmake/export_cube_imu_calibration__rosidl_generator_cExport.cmake
[11.807s] -- Up-to-date: /home/wangjh/code/06imu_cube_calib/install/cube_imu_calibration/share/cube_imu_calibration/cmake/export_cube_imu_calibration__rosidl_generator_cExport-release.cmake
[11.807s] -- Up-to-date: /home/wangjh/code/06imu_cube_calib/install/cube_imu_calibration/share/cube_imu_calibration/cmake/export_cube_imu_calibration__rosidl_typesupport_fastrtps_cExport.cmake
[11.807s] -- Up-to-date: /home/wangjh/code/06imu_cube_calib/install/cube_imu_calibration/share/cube_imu_calibration/cmake/export_cube_imu_calibration__rosidl_typesupport_fastrtps_cExport-release.cmake
[11.807s] -- Up-to-date: /home/wangjh/code/06imu_cube_calib/install/cube_imu_calibration/share/cube_imu_calibration/cmake/export_cube_imu_calibration__rosidl_generator_cppExport.cmake
[11.807s] -- Up-to-date: /home/wangjh/code/06imu_cube_calib/install/cube_imu_calibration/share/cube_imu_calibration/cmake/export_cube_imu_calibration__rosidl_typesupport_fastrtps_cppExport.cmake
[11.807s] -- Up-to-date: /home/wangjh/code/06imu_cube_calib/install/cube_imu_calibration/share/cube_imu_calibration/cmake/export_cube_imu_calibration__rosidl_typesupport_fastrtps_cppExport-release.cmake
[11.807s] -- Up-to-date: /home/wangjh/code/06imu_cube_calib/install/cube_imu_calibration/share/cube_imu_calibration/cmake/cube_imu_calibration__rosidl_typesupport_introspection_cExport.cmake
[11.807s] -- Up-to-date: /home/wangjh/code/06imu_cube_calib/install/cube_imu_calibration/share/cube_imu_calibration/cmake/cube_imu_calibration__rosidl_typesupport_introspection_cExport-release.cmake
[11.807s] -- Up-to-date: /home/wangjh/code/06imu_cube_calib/install/cube_imu_calibration/share/cube_imu_calibration/cmake/cube_imu_calibration__rosidl_typesupport_cExport.cmake
[11.807s] -- Up-to-date: /home/wangjh/code/06imu_cube_calib/install/cube_imu_calibration/share/cube_imu_calibration/cmake/cube_imu_calibration__rosidl_typesupport_cExport-release.cmake
[11.807s] -- Up-to-date: /home/wangjh/code/06imu_cube_calib/install/cube_imu_calibration/share/cube_imu_calibration/cmake/cube_imu_calibration__rosidl_typesupport_introspection_cppExport.cmake
[11.807s] -- Up-to-date: /home/wangjh/code/06imu_cube_calib/install/cube_imu_calibration/share/cube_imu_calibration/cmake/cube_imu_calibration__rosidl_typesupport_introspection_cppExport-release.cmake
[11.807s] -- Up-to-date: /home/wangjh/code/06imu_cube_calib/install/cube_imu_calibration/share/cube_imu_calibration/cmake/cube_imu_calibration__rosidl_typesupport_cppExport.cmake
[11.807s] -- Up-to-date: /home/wangjh/code/06imu_cube_calib/install/cube_imu_calibration/share/cube_imu_calibration/cmake/cube_imu_calibration__rosidl_typesupport_cppExport-release.cmake
[11.807s] -- Up-to-date: /home/wangjh/code/06imu_cube_calib/install/cube_imu_calibration/share/cube_imu_calibration/cmake/export_cube_imu_calibration__rosidl_generator_pyExport.cmake
[11.807s] -- Up-to-date: /home/wangjh/code/06imu_cube_calib/install/cube_imu_calibration/share/cube_imu_calibration/cmake/export_cube_imu_calibration__rosidl_generator_pyExport-release.cmake
[11.807s] -- Up-to-date: /home/wangjh/code/06imu_cube_calib/install/cube_imu_calibration/share/cube_imu_calibration/cmake/rosidl_cmake-extras.cmake
[11.807s] -- Up-to-date: /home/wangjh/code/06imu_cube_calib/install/cube_imu_calibration/share/cube_imu_calibration/cmake/ament_cmake_export_dependencies-extras.cmake
[11.807s] -- Up-to-date: /home/wangjh/code/06imu_cube_calib/install/cube_imu_calibration/share/cube_imu_calibration/cmake/ament_cmake_export_include_directories-extras.cmake
[11.808s] -- Up-to-date: /home/wangjh/code/06imu_cube_calib/install/cube_imu_calibration/share/cube_imu_calibration/cmake/ament_cmake_export_libraries-extras.cmake
[11.808s] -- Up-to-date: /home/wangjh/code/06imu_cube_calib/install/cube_imu_calibration/share/cube_imu_calibration/cmake/ament_cmake_export_targets-extras.cmake
[11.808s] -- Up-to-date: /home/wangjh/code/06imu_cube_calib/install/cube_imu_calibration/share/cube_imu_calibration/cmake/rosidl_cmake_export_typesupport_targets-extras.cmake
[11.808s] -- Up-to-date: /home/wangjh/code/06imu_cube_calib/install/cube_imu_calibration/share/cube_imu_calibration/cmake/rosidl_cmake_export_typesupport_libraries-extras.cmake
[11.808s] -- Up-to-date: /home/wangjh/code/06imu_cube_calib/install/cube_imu_calibration/share/cube_imu_calibration/cmake/cube_imu_calibrationConfig.cmake
[11.808s] -- Up-to-date: /home/wangjh/code/06imu_cube_calib/install/cube_imu_calibration/share/cube_imu_calibration/cmake/cube_imu_calibrationConfig-version.cmake
[11.808s] -- Up-to-date: /home/wangjh/code/06imu_cube_calib/install/cube_imu_calibration/share/cube_imu_calibration/package.xml
[11.808s] Invoked command in '/home/wangjh/code/06imu_cube_calib/build/cube_imu_calibration' returned '0': CMAKE_PREFIX_PATH=${CMAKE_PREFIX_PATH}:/opt/ros/jazzy DEBUGINFOD_URLS=https://debuginfod.ubuntu.com /usr/bin/cmake --install /home/wangjh/code/06imu_cube_calib/build/cube_imu_calibration
