[0.008s] Invoking command in '/home/wangjh/code/06imu_cube_calib /build/cube_imu_calibration': CMAKE_PREFIX_PATH=${CMAKE_PREFIX_PATH}:/opt/ros/jazzy DEBUGINFOD_URLS=https://debuginfod.ubuntu.com /usr/bin/cmake --build /home/wangjh/code/06imu_cube_calib /build/cube_imu_calibration -- -j24 -l24
[0.055s] [  1%] Built target cube_imu_calibration__rosidl_generator_type_description
[0.055s] [  3%] Built target cube_imu_calibration__rs
[0.060s] [  7%] Built target simulated_sensor_node
[0.062s] [  7%] Built target ament_cmake_python_copy_cube_imu_calibration
[0.069s] [  9%] Built target cube_imu_calibration__cpp
[0.070s] [ 25%] Built target cube_imu_calibration__rosidl_generator_c
[0.089s] [ 72%] Built target cube_imu_calibration__rosidl_typesupport_c
[0.089s] [ 72%] Built target cube_imu_calibration__rosidl_typesupport_introspection_cpp
[0.090s] [ 72%] Built target cube_imu_calibration__rosidl_typesupport_introspection_c
[0.090s] [ 72%] Built target cube_imu_calibration__rosidl_typesupport_cpp
[0.090s] [ 72%] Built target cube_imu_calibration__rosidl_typesupport_fastrtps_cpp
[0.090s] [ 72%] Built target cube_imu_calibration__rosidl_typesupport_fastrtps_c
[0.111s] [ 76%] Built target apriltag_pose_node
[0.114s] [ 78%] Building CXX object CMakeFiles/data_recorder_node.dir/src/data_recorder_node.cpp.o
[0.124s] [ 78%] Built target cube_imu_calibration
[0.139s] [ 80%] Built target cube_imu_calibration__py
[0.155s] [ 86%] Built target cube_imu_calibration__rosidl_generator_py
[0.172s] [ 98%] Built target cube_imu_calibration_s__rosidl_typesupport_c
[0.172s] [ 98%] Built target cube_imu_calibration_s__rosidl_typesupport_introspection_c
[0.172s] [ 98%] Built target cube_imu_calibration_s__rosidl_typesupport_fastrtps_c
[0.194s] running egg_info
[0.203s] writing cube_imu_calibration.egg-info/PKG-INFO
[0.203s] writing dependency_links to cube_imu_calibration.egg-info/dependency_links.txt
[0.203s] writing top-level names to cube_imu_calibration.egg-info/top_level.txt
[0.226s] reading manifest file 'cube_imu_calibration.egg-info/SOURCES.txt'
[0.226s] writing manifest file 'cube_imu_calibration.egg-info/SOURCES.txt'
[0.247s] [ 98%] Built target ament_cmake_python_build_cube_imu_calibration_egg
[7.913s] [100%] Linking CXX executable data_recorder_node
[8.011s] [100%] Built target data_recorder_node
[8.019s] Invoked command in '/home/wangjh/code/06imu_cube_calib /build/cube_imu_calibration' returned '0': CMAKE_PREFIX_PATH=${CMAKE_PREFIX_PATH}:/opt/ros/jazzy DEBUGINFOD_URLS=https://debuginfod.ubuntu.com /usr/bin/cmake --build /home/wangjh/code/06imu_cube_calib /build/cube_imu_calibration -- -j24 -l24
[8.023s] Invoking command in '/home/wangjh/code/06imu_cube_calib /build/cube_imu_calibration': CMAKE_PREFIX_PATH=${CMAKE_PREFIX_PATH}:/opt/ros/jazzy DEBUGINFOD_URLS=https://debuginfod.ubuntu.com /usr/bin/cmake --install /home/wangjh/code/06imu_cube_calib /build/cube_imu_calibration
[8.028s] -- Install configuration: "Release"
[8.028s] -- Up-to-date: /home/wangjh/code/06imu_cube_calib /install/cube_imu_calibration/share/ament_index/resource_index/rosidl_interfaces/cube_imu_calibration
[8.028s] -- Up-to-date: /home/wangjh/code/06imu_cube_calib /install/cube_imu_calibration/share/cube_imu_calibration/msg/CubePose.json
[8.028s] -- Up-to-date: /home/wangjh/code/06imu_cube_calib /install/cube_imu_calibration/share/cube_imu_calibration/msg/RecorderStatus.json
[8.028s] -- Up-to-date: /home/wangjh/code/06imu_cube_calib /install/cube_imu_calibration/include/cube_imu_calibration/cube_imu_calibration
[8.028s] -- Up-to-date: /home/wangjh/code/06imu_cube_calib /install/cube_imu_calibration/include/cube_imu_calibration/cube_imu_calibration/msg
[8.028s] -- Up-to-date: /home/wangjh/code/06imu_cube_calib /install/cube_imu_calibration/include/cube_imu_calibration/cube_imu_calibration/msg/detail
[8.028s] -- Up-to-date: /home/wangjh/code/06imu_cube_calib /install/cube_imu_calibration/include/cube_imu_calibration/cube_imu_calibration/msg/detail/cube_pose__type_support.c
[8.028s] -- Up-to-date: /home/wangjh/code/06imu_cube_calib /install/cube_imu_calibration/include/cube_imu_calibration/cube_imu_calibration/msg/detail/recorder_status__struct.h
[8.028s] -- Up-to-date: /home/wangjh/code/06imu_cube_calib /install/cube_imu_calibration/include/cube_imu_calibration/cube_imu_calibration/msg/detail/cube_pose__functions.h
[8.028s] -- Up-to-date: /home/wangjh/code/06imu_cube_calib /install/cube_imu_calibration/include/cube_imu_calibration/cube_imu_calibration/msg/detail/recorder_status__functions.h
[8.029s] -- Up-to-date: /home/wangjh/code/06imu_cube_calib /install/cube_imu_calibration/include/cube_imu_calibration/cube_imu_calibration/msg/detail/recorder_status__type_support.c
[8.029s] -- Up-to-date: /home/wangjh/code/06imu_cube_calib /install/cube_imu_calibration/include/cube_imu_calibration/cube_imu_calibration/msg/detail/recorder_status__description.c
[8.029s] -- Up-to-date: /home/wangjh/code/06imu_cube_calib /install/cube_imu_calibration/include/cube_imu_calibration/cube_imu_calibration/msg/detail/cube_pose__description.c
[8.029s] -- Up-to-date: /home/wangjh/code/06imu_cube_calib /install/cube_imu_calibration/include/cube_imu_calibration/cube_imu_calibration/msg/detail/cube_pose__struct.h
[8.029s] -- Up-to-date: /home/wangjh/code/06imu_cube_calib /install/cube_imu_calibration/include/cube_imu_calibration/cube_imu_calibration/msg/detail/cube_pose__type_support.h
[8.029s] -- Up-to-date: /home/wangjh/code/06imu_cube_calib /install/cube_imu_calibration/include/cube_imu_calibration/cube_imu_calibration/msg/detail/cube_pose__functions.c
[8.029s] -- Up-to-date: /home/wangjh/code/06imu_cube_calib /install/cube_imu_calibration/include/cube_imu_calibration/cube_imu_calibration/msg/detail/recorder_status__type_support.h
[8.029s] -- Up-to-date: /home/wangjh/code/06imu_cube_calib /install/cube_imu_calibration/include/cube_imu_calibration/cube_imu_calibration/msg/detail/recorder_status__functions.c
[8.029s] -- Up-to-date: /home/wangjh/code/06imu_cube_calib /install/cube_imu_calibration/include/cube_imu_calibration/cube_imu_calibration/msg/rosidl_generator_c__visibility_control.h
[8.029s] -- Up-to-date: /home/wangjh/code/06imu_cube_calib /install/cube_imu_calibration/include/cube_imu_calibration/cube_imu_calibration/msg/cube_pose.h
[8.029s] -- Up-to-date: /home/wangjh/code/06imu_cube_calib /install/cube_imu_calibration/include/cube_imu_calibration/cube_imu_calibration/msg/recorder_status.h
[8.029s] -- Up-to-date: /home/wangjh/code/06imu_cube_calib /install/cube_imu_calibration/share/cube_imu_calibration/environment/library_path.sh
[8.029s] -- Up-to-date: /home/wangjh/code/06imu_cube_calib /install/cube_imu_calibration/share/cube_imu_calibration/environment/library_path.dsv
[8.029s] -- Up-to-date: /home/wangjh/code/06imu_cube_calib /install/cube_imu_calibration/lib/libcube_imu_calibration__rosidl_generator_c.so
[8.029s] -- Up-to-date: /home/wangjh/code/06imu_cube_calib /install/cube_imu_calibration/include/cube_imu_calibration/cube_imu_calibration
[8.029s] -- Up-to-date: /home/wangjh/code/06imu_cube_calib /install/cube_imu_calibration/include/cube_imu_calibration/cube_imu_calibration/msg
[8.029s] -- Up-to-date: /home/wangjh/code/06imu_cube_calib /install/cube_imu_calibration/include/cube_imu_calibration/cube_imu_calibration/msg/detail
[8.029s] -- Up-to-date: /home/wangjh/code/06imu_cube_calib /install/cube_imu_calibration/include/cube_imu_calibration/cube_imu_calibration/msg/detail/recorder_status__rosidl_typesupport_fastrtps_c.h
[8.029s] -- Up-to-date: /home/wangjh/code/06imu_cube_calib /install/cube_imu_calibration/include/cube_imu_calibration/cube_imu_calibration/msg/detail/cube_pose__rosidl_typesupport_fastrtps_c.h
[8.029s] -- Up-to-date: /home/wangjh/code/06imu_cube_calib /install/cube_imu_calibration/include/cube_imu_calibration/cube_imu_calibration/msg/rosidl_typesupport_fastrtps_c__visibility_control.h
[8.030s] -- Up-to-date: /home/wangjh/code/06imu_cube_calib /install/cube_imu_calibration/lib/libcube_imu_calibration__rosidl_typesupport_fastrtps_c.so
[8.030s] -- Up-to-date: /home/wangjh/code/06imu_cube_calib /install/cube_imu_calibration/include/cube_imu_calibration/cube_imu_calibration
[8.030s] -- Up-to-date: /home/wangjh/code/06imu_cube_calib /install/cube_imu_calibration/include/cube_imu_calibration/cube_imu_calibration/msg
[8.030s] -- Up-to-date: /home/wangjh/code/06imu_cube_calib /install/cube_imu_calibration/include/cube_imu_calibration/cube_imu_calibration/msg/detail
[8.030s] -- Up-to-date: /home/wangjh/code/06imu_cube_calib /install/cube_imu_calibration/include/cube_imu_calibration/cube_imu_calibration/msg/detail/cube_pose__struct.hpp
[8.030s] -- Up-to-date: /home/wangjh/code/06imu_cube_calib /install/cube_imu_calibration/include/cube_imu_calibration/cube_imu_calibration/msg/detail/cube_pose__traits.hpp
[8.030s] -- Up-to-date: /home/wangjh/code/06imu_cube_calib /install/cube_imu_calibration/include/cube_imu_calibration/cube_imu_calibration/msg/detail/recorder_status__type_support.hpp
[8.030s] -- Up-to-date: /home/wangjh/code/06imu_cube_calib /install/cube_imu_calibration/include/cube_imu_calibration/cube_imu_calibration/msg/detail/cube_pose__builder.hpp
[8.030s] -- Up-to-date: /home/wangjh/code/06imu_cube_calib /install/cube_imu_calibration/include/cube_imu_calibration/cube_imu_calibration/msg/detail/recorder_status__traits.hpp
[8.030s] -- Up-to-date: /home/wangjh/code/06imu_cube_calib /install/cube_imu_calibration/include/cube_imu_calibration/cube_imu_calibration/msg/detail/recorder_status__struct.hpp
[8.030s] -- Up-to-date: /home/wangjh/code/06imu_cube_calib /install/cube_imu_calibration/include/cube_imu_calibration/cube_imu_calibration/msg/detail/cube_pose__type_support.hpp
[8.030s] -- Up-to-date: /home/wangjh/code/06imu_cube_calib /install/cube_imu_calibration/include/cube_imu_calibration/cube_imu_calibration/msg/detail/recorder_status__builder.hpp
[8.030s] -- Up-to-date: /home/wangjh/code/06imu_cube_calib /install/cube_imu_calibration/include/cube_imu_calibration/cube_imu_calibration/msg/cube_pose.hpp
[8.030s] -- Up-to-date: /home/wangjh/code/06imu_cube_calib /install/cube_imu_calibration/include/cube_imu_calibration/cube_imu_calibration/msg/recorder_status.hpp
[8.030s] -- Up-to-date: /home/wangjh/code/06imu_cube_calib /install/cube_imu_calibration/include/cube_imu_calibration/cube_imu_calibration/msg/rosidl_generator_cpp__visibility_control.hpp
[8.030s] -- Up-to-date: /home/wangjh/code/06imu_cube_calib /install/cube_imu_calibration/include/cube_imu_calibration/cube_imu_calibration
[8.030s] -- Up-to-date: /home/wangjh/code/06imu_cube_calib /install/cube_imu_calibration/include/cube_imu_calibration/cube_imu_calibration/msg
[8.030s] -- Up-to-date: /home/wangjh/code/06imu_cube_calib /install/cube_imu_calibration/include/cube_imu_calibration/cube_imu_calibration/msg/detail
[8.030s] -- Up-to-date: /home/wangjh/code/06imu_cube_calib /install/cube_imu_calibration/include/cube_imu_calibration/cube_imu_calibration/msg/detail/dds_fastrtps
[8.030s] -- Up-to-date: /home/wangjh/code/06imu_cube_calib /install/cube_imu_calibration/include/cube_imu_calibration/cube_imu_calibration/msg/detail/cube_pose__rosidl_typesupport_fastrtps_cpp.hpp
[8.030s] -- Up-to-date: /home/wangjh/code/06imu_cube_calib /install/cube_imu_calibration/include/cube_imu_calibration/cube_imu_calibration/msg/detail/recorder_status__rosidl_typesupport_fastrtps_cpp.hpp
[8.030s] -- Up-to-date: /home/wangjh/code/06imu_cube_calib /install/cube_imu_calibration/include/cube_imu_calibration/cube_imu_calibration/msg/rosidl_typesupport_fastrtps_cpp__visibility_control.h
[8.030s] -- Up-to-date: /home/wangjh/code/06imu_cube_calib /install/cube_imu_calibration/lib/libcube_imu_calibration__rosidl_typesupport_fastrtps_cpp.so
[8.031s] -- Up-to-date: /home/wangjh/code/06imu_cube_calib /install/cube_imu_calibration/include/cube_imu_calibration/cube_imu_calibration
[8.031s] -- Up-to-date: /home/wangjh/code/06imu_cube_calib /install/cube_imu_calibration/include/cube_imu_calibration/cube_imu_calibration/msg
[8.031s] -- Up-to-date: /home/wangjh/code/06imu_cube_calib /install/cube_imu_calibration/include/cube_imu_calibration/cube_imu_calibration/msg/rosidl_typesupport_introspection_c__visibility_control.h
[8.031s] -- Up-to-date: /home/wangjh/code/06imu_cube_calib /install/cube_imu_calibration/include/cube_imu_calibration/cube_imu_calibration/msg/detail
[8.031s] -- Up-to-date: /home/wangjh/code/06imu_cube_calib /install/cube_imu_calibration/include/cube_imu_calibration/cube_imu_calibration/msg/detail/recorder_status__rosidl_typesupport_introspection_c.h
[8.031s] -- Up-to-date: /home/wangjh/code/06imu_cube_calib /install/cube_imu_calibration/include/cube_imu_calibration/cube_imu_calibration/msg/detail/cube_pose__type_support.c
[8.031s] -- Up-to-date: /home/wangjh/code/06imu_cube_calib /install/cube_imu_calibration/include/cube_imu_calibration/cube_imu_calibration/msg/detail/recorder_status__type_support.c
[8.031s] -- Up-to-date: /home/wangjh/code/06imu_cube_calib /install/cube_imu_calibration/include/cube_imu_calibration/cube_imu_calibration/msg/detail/cube_pose__rosidl_typesupport_introspection_c.h
[8.031s] -- Up-to-date: /home/wangjh/code/06imu_cube_calib /install/cube_imu_calibration/lib/libcube_imu_calibration__rosidl_typesupport_introspection_c.so
[8.031s] -- Up-to-date: /home/wangjh/code/06imu_cube_calib /install/cube_imu_calibration/lib/libcube_imu_calibration__rosidl_typesupport_c.so
[8.031s] -- Up-to-date: /home/wangjh/code/06imu_cube_calib /install/cube_imu_calibration/include/cube_imu_calibration/cube_imu_calibration
[8.031s] -- Up-to-date: /home/wangjh/code/06imu_cube_calib /install/cube_imu_calibration/include/cube_imu_calibration/cube_imu_calibration/msg
[8.031s] -- Up-to-date: /home/wangjh/code/06imu_cube_calib /install/cube_imu_calibration/include/cube_imu_calibration/cube_imu_calibration/msg/detail
[8.031s] -- Up-to-date: /home/wangjh/code/06imu_cube_calib /install/cube_imu_calibration/include/cube_imu_calibration/cube_imu_calibration/msg/detail/cube_pose__rosidl_typesupport_introspection_cpp.hpp
[8.031s] -- Up-to-date: /home/wangjh/code/06imu_cube_calib /install/cube_imu_calibration/include/cube_imu_calibration/cube_imu_calibration/msg/detail/recorder_status__rosidl_typesupport_introspection_cpp.hpp
[8.031s] -- Up-to-date: /home/wangjh/code/06imu_cube_calib /install/cube_imu_calibration/include/cube_imu_calibration/cube_imu_calibration/msg/detail/cube_pose__type_support.cpp
[8.031s] -- Up-to-date: /home/wangjh/code/06imu_cube_calib /install/cube_imu_calibration/include/cube_imu_calibration/cube_imu_calibration/msg/detail/recorder_status__type_support.cpp
[8.031s] -- Up-to-date: /home/wangjh/code/06imu_cube_calib /install/cube_imu_calibration/lib/libcube_imu_calibration__rosidl_typesupport_introspection_cpp.so
[8.031s] -- Up-to-date: /home/wangjh/code/06imu_cube_calib /install/cube_imu_calibration/lib/libcube_imu_calibration__rosidl_typesupport_cpp.so
[8.031s] -- Up-to-date: /home/wangjh/code/06imu_cube_calib /install/cube_imu_calibration/share/cube_imu_calibration/environment/pythonpath.sh
[8.031s] -- Up-to-date: /home/wangjh/code/06imu_cube_calib /install/cube_imu_calibration/share/cube_imu_calibration/environment/pythonpath.dsv
[8.031s] -- Up-to-date: /home/wangjh/code/06imu_cube_calib /install/cube_imu_calibration/lib/python3.12/site-packages/cube_imu_calibration-0.1.0-py3.12.egg-info
[8.031s] -- Installing: /home/wangjh/code/06imu_cube_calib /install/cube_imu_calibration/lib/python3.12/site-packages/cube_imu_calibration-0.1.0-py3.12.egg-info/dependency_links.txt
[8.031s] -- Installing: /home/wangjh/code/06imu_cube_calib /install/cube_imu_calibration/lib/python3.12/site-packages/cube_imu_calibration-0.1.0-py3.12.egg-info/SOURCES.txt
[8.031s] -- Installing: /home/wangjh/code/06imu_cube_calib /install/cube_imu_calibration/lib/python3.12/site-packages/cube_imu_calibration-0.1.0-py3.12.egg-info/top_level.txt
[8.031s] -- Installing: /home/wangjh/code/06imu_cube_calib /install/cube_imu_calibration/lib/python3.12/site-packages/cube_imu_calibration-0.1.0-py3.12.egg-info/PKG-INFO
[8.031s] -- Up-to-date: /home/wangjh/code/06imu_cube_calib /install/cube_imu_calibration/lib/python3.12/site-packages/cube_imu_calibration
[8.032s] -- Up-to-date: /home/wangjh/code/06imu_cube_calib /install/cube_imu_calibration/lib/python3.12/site-packages/cube_imu_calibration/_cube_imu_calibration_s.ep.rosidl_typesupport_c.c
[8.032s] -- Up-to-date: /home/wangjh/code/06imu_cube_calib /install/cube_imu_calibration/lib/python3.12/site-packages/cube_imu_calibration/_cube_imu_calibration_s.ep.rosidl_typesupport_introspection_c.c
[8.032s] -- Up-to-date: /home/wangjh/code/06imu_cube_calib /install/cube_imu_calibration/lib/python3.12/site-packages/cube_imu_calibration/__init__.py
[8.032s] -- Up-to-date: /home/wangjh/code/06imu_cube_calib /install/cube_imu_calibration/lib/python3.12/site-packages/cube_imu_calibration/cube_imu_calibration_s__rosidl_typesupport_fastrtps_c.so
[8.032s] -- Up-to-date: /home/wangjh/code/06imu_cube_calib /install/cube_imu_calibration/lib/python3.12/site-packages/cube_imu_calibration/msg
[8.032s] -- Up-to-date: /home/wangjh/code/06imu_cube_calib /install/cube_imu_calibration/lib/python3.12/site-packages/cube_imu_calibration/msg/_cube_pose.py
[8.032s] -- Up-to-date: /home/wangjh/code/06imu_cube_calib /install/cube_imu_calibration/lib/python3.12/site-packages/cube_imu_calibration/msg/_cube_pose_s.c
[8.032s] -- Up-to-date: /home/wangjh/code/06imu_cube_calib /install/cube_imu_calibration/lib/python3.12/site-packages/cube_imu_calibration/msg/__init__.py
[8.032s] -- Up-to-date: /home/wangjh/code/06imu_cube_calib /install/cube_imu_calibration/lib/python3.12/site-packages/cube_imu_calibration/msg/_recorder_status.py
[8.032s] -- Up-to-date: /home/wangjh/code/06imu_cube_calib /install/cube_imu_calibration/lib/python3.12/site-packages/cube_imu_calibration/msg/_recorder_status_s.c
[8.032s] -- Up-to-date: /home/wangjh/code/06imu_cube_calib /install/cube_imu_calibration/lib/python3.12/site-packages/cube_imu_calibration/cube_imu_calibration_s__rosidl_typesupport_introspection_c.so
[8.032s] -- Up-to-date: /home/wangjh/code/06imu_cube_calib /install/cube_imu_calibration/lib/python3.12/site-packages/cube_imu_calibration/cube_imu_calibration_s__rosidl_typesupport_c.so
[8.032s] -- Up-to-date: /home/wangjh/code/06imu_cube_calib /install/cube_imu_calibration/lib/python3.12/site-packages/cube_imu_calibration/_cube_imu_calibration_s.ep.rosidl_typesupport_fastrtps_c.c
[8.050s] Listing '/home/wangjh/code/06imu_cube_calib /install/cube_imu_calibration/lib/python3.12/site-packages/cube_imu_calibration'...
[8.050s] Listing '/home/wangjh/code/06imu_cube_calib /install/cube_imu_calibration/lib/python3.12/site-packages/cube_imu_calibration/msg'...
[8.053s] -- Up-to-date: /home/wangjh/code/06imu_cube_calib /install/cube_imu_calibration/lib/python3.12/site-packages/cube_imu_calibration/cube_imu_calibration_s__rosidl_typesupport_fastrtps_c.so
[8.053s] -- Up-to-date: /home/wangjh/code/06imu_cube_calib /install/cube_imu_calibration/lib/python3.12/site-packages/cube_imu_calibration/cube_imu_calibration_s__rosidl_typesupport_introspection_c.so
[8.053s] -- Up-to-date: /home/wangjh/code/06imu_cube_calib /install/cube_imu_calibration/lib/python3.12/site-packages/cube_imu_calibration/cube_imu_calibration_s__rosidl_typesupport_c.so
[8.054s] -- Up-to-date: /home/wangjh/code/06imu_cube_calib /install/cube_imu_calibration/lib/libcube_imu_calibration__rosidl_generator_py.so
[8.054s] -- Up-to-date: /home/wangjh/code/06imu_cube_calib /install/cube_imu_calibration/share/ament_index/resource_index/rust_packages/cube_imu_calibration
[8.054s] -- Up-to-date: /home/wangjh/code/06imu_cube_calib /install/cube_imu_calibration/share/cube_imu_calibration/rust
[8.054s] -- Up-to-date: /home/wangjh/code/06imu_cube_calib /install/cube_imu_calibration/share/cube_imu_calibration/rust/Cargo.toml
[8.054s] -- Up-to-date: /home/wangjh/code/06imu_cube_calib /install/cube_imu_calibration/share/cube_imu_calibration/rust/build.rs
[8.054s] -- Up-to-date: /home/wangjh/code/06imu_cube_calib /install/cube_imu_calibration/share/cube_imu_calibration/rust/src
[8.054s] -- Up-to-date: /home/wangjh/code/06imu_cube_calib /install/cube_imu_calibration/share/cube_imu_calibration/rust/src/lib.rs
[8.054s] -- Up-to-date: /home/wangjh/code/06imu_cube_calib /install/cube_imu_calibration/share/cube_imu_calibration/rust/src/msg
[8.054s] -- Up-to-date: /home/wangjh/code/06imu_cube_calib /install/cube_imu_calibration/share/cube_imu_calibration/rust/src/msg/rmw.rs
[8.054s] -- Up-to-date: /home/wangjh/code/06imu_cube_calib /install/cube_imu_calibration/share/cube_imu_calibration/rust/src/msg.rs
[8.054s] -- Up-to-date: /home/wangjh/code/06imu_cube_calib /install/cube_imu_calibration/share/cube_imu_calibration/msg/CubePose.idl
[8.054s] -- Up-to-date: /home/wangjh/code/06imu_cube_calib /install/cube_imu_calibration/share/cube_imu_calibration/msg/RecorderStatus.idl
[8.054s] -- Up-to-date: /home/wangjh/code/06imu_cube_calib /install/cube_imu_calibration/share/cube_imu_calibration/msg/CubePose.msg
[8.054s] -- Up-to-date: /home/wangjh/code/06imu_cube_calib /install/cube_imu_calibration/share/cube_imu_calibration/msg/RecorderStatus.msg
[8.054s] -- Installing: /home/wangjh/code/06imu_cube_calib /install/cube_imu_calibration/lib/cube_imu_calibration/data_recorder_node
[8.055s] -- Set non-toolchain portion of runtime path of "/home/wangjh/code/06imu_cube_calib /install/cube_imu_calibration/lib/cube_imu_calibration/data_recorder_node" to ""
[8.055s] -- Up-to-date: /home/wangjh/code/06imu_cube_calib /install/cube_imu_calibration/lib/cube_imu_calibration/apriltag_pose_node
[8.056s] -- Up-to-date: /home/wangjh/code/06imu_cube_calib /install/cube_imu_calibration/lib/cube_imu_calibration/simulated_sensor_node
[8.056s] -- Up-to-date: /home/wangjh/code/06imu_cube_calib /install/cube_imu_calibration/lib/cube_imu_calibration/calibration_gui.py
[8.056s] -- Up-to-date: /home/wangjh/code/06imu_cube_calib /install/cube_imu_calibration/lib/cube_imu_calibration/solve_extrinsics.py
[8.056s] -- Up-to-date: /home/wangjh/code/06imu_cube_calib /install/cube_imu_calibration/share/cube_imu_calibration/launch
[8.056s] -- Installing: /home/wangjh/code/06imu_cube_calib /install/cube_imu_calibration/share/cube_imu_calibration/launch/sim_demo_launch.py
[8.056s] -- Up-to-date: /home/wangjh/code/06imu_cube_calib /install/cube_imu_calibration/share/cube_imu_calibration/launch/gui_launch.py
[8.056s] -- Installing: /home/wangjh/code/06imu_cube_calib /install/cube_imu_calibration/share/cube_imu_calibration/launch/calibration_launch.py
[8.056s] -- Up-to-date: /home/wangjh/code/06imu_cube_calib /install/cube_imu_calibration/share/cube_imu_calibration/config
[8.056s] -- Installing: /home/wangjh/code/06imu_cube_calib /install/cube_imu_calibration/share/cube_imu_calibration/config/apriltag_params.yaml
[8.056s] -- Installing: /home/wangjh/code/06imu_cube_calib /install/cube_imu_calibration/share/cube_imu_calibration/README_JAZZY.txt
[8.056s] -- Up-to-date: /home/wangjh/code/06imu_cube_calib /install/cube_imu_calibration/share/ament_index/resource_index/package_run_dependencies/cube_imu_calibration
[8.056s] -- Up-to-date: /home/wangjh/code/06imu_cube_calib /install/cube_imu_calibration/share/ament_index/resource_index/parent_prefix_path/cube_imu_calibration
[8.056s] -- Up-to-date: /home/wangjh/code/06imu_cube_calib /install/cube_imu_calibration/share/cube_imu_calibration/environment/ament_prefix_path.sh
[8.057s] -- Up-to-date: /home/wangjh/code/06imu_cube_calib /install/cube_imu_calibration/share/cube_imu_calibration/environment/ament_prefix_path.dsv
[8.057s] -- Up-to-date: /home/wangjh/code/06imu_cube_calib /install/cube_imu_calibration/share/cube_imu_calibration/environment/path.sh
[8.057s] -- Up-to-date: /home/wangjh/code/06imu_cube_calib /install/cube_imu_calibration/share/cube_imu_calibration/environment/path.dsv
[8.057s] -- Up-to-date: /home/wangjh/code/06imu_cube_calib /install/cube_imu_calibration/share/cube_imu_calibration/local_setup.bash
[8.057s] -- Up-to-date: /home/wangjh/code/06imu_cube_calib /install/cube_imu_calibration/share/cube_imu_calibration/local_setup.sh
[8.057s] -- Up-to-date: /home/wangjh/code/06imu_cube_calib /install/cube_imu_calibration/share/cube_imu_calibration/local_setup.zsh
[8.057s] -- Up-to-date: /home/wangjh/code/06imu_cube_calib /install/cube_imu_calibration/share/cube_imu_calibration/local_setup.dsv
[8.057s] -- Installing: /home/wangjh/code/06imu_cube_calib /install/cube_imu_calibration/share/cube_imu_calibration/package.dsv
[8.057s] -- Up-to-date: /home/wangjh/code/06imu_cube_calib /install/cube_imu_calibration/share/ament_index/resource_index/packages/cube_imu_calibration
[8.057s] -- Up-to-date: /home/wangjh/code/06imu_cube_calib /install/cube_imu_calibration/share/cube_imu_calibration/cmake/export_cube_imu_calibration__rosidl_generator_cExport.cmake
[8.057s] -- Up-to-date: /home/wangjh/code/06imu_cube_calib /install/cube_imu_calibration/share/cube_imu_calibration/cmake/export_cube_imu_calibration__rosidl_generator_cExport-release.cmake
[8.057s] -- Up-to-date: /home/wangjh/code/06imu_cube_calib /install/cube_imu_calibration/share/cube_imu_calibration/cmake/export_cube_imu_calibration__rosidl_typesupport_fastrtps_cExport.cmake
[8.057s] -- Up-to-date: /home/wangjh/code/06imu_cube_calib /install/cube_imu_calibration/share/cube_imu_calibration/cmake/export_cube_imu_calibration__rosidl_typesupport_fastrtps_cExport-release.cmake
[8.057s] -- Up-to-date: /home/wangjh/code/06imu_cube_calib /install/cube_imu_calibration/share/cube_imu_calibration/cmake/export_cube_imu_calibration__rosidl_generator_cppExport.cmake
[8.057s] -- Up-to-date: /home/wangjh/code/06imu_cube_calib /install/cube_imu_calibration/share/cube_imu_calibration/cmake/export_cube_imu_calibration__rosidl_typesupport_fastrtps_cppExport.cmake
[8.057s] -- Up-to-date: /home/wangjh/code/06imu_cube_calib /install/cube_imu_calibration/share/cube_imu_calibration/cmake/export_cube_imu_calibration__rosidl_typesupport_fastrtps_cppExport-release.cmake
[8.057s] -- Up-to-date: /home/wangjh/code/06imu_cube_calib /install/cube_imu_calibration/share/cube_imu_calibration/cmake/cube_imu_calibration__rosidl_typesupport_introspection_cExport.cmake
[8.057s] -- Up-to-date: /home/wangjh/code/06imu_cube_calib /install/cube_imu_calibration/share/cube_imu_calibration/cmake/cube_imu_calibration__rosidl_typesupport_introspection_cExport-release.cmake
[8.057s] -- Up-to-date: /home/wangjh/code/06imu_cube_calib /install/cube_imu_calibration/share/cube_imu_calibration/cmake/cube_imu_calibration__rosidl_typesupport_cExport.cmake
[8.057s] -- Up-to-date: /home/wangjh/code/06imu_cube_calib /install/cube_imu_calibration/share/cube_imu_calibration/cmake/cube_imu_calibration__rosidl_typesupport_cExport-release.cmake
[8.057s] -- Up-to-date: /home/wangjh/code/06imu_cube_calib /install/cube_imu_calibration/share/cube_imu_calibration/cmake/cube_imu_calibration__rosidl_typesupport_introspection_cppExport.cmake
[8.057s] -- Up-to-date: /home/wangjh/code/06imu_cube_calib /install/cube_imu_calibration/share/cube_imu_calibration/cmake/cube_imu_calibration__rosidl_typesupport_introspection_cppExport-release.cmake
[8.057s] -- Up-to-date: /home/wangjh/code/06imu_cube_calib /install/cube_imu_calibration/share/cube_imu_calibration/cmake/cube_imu_calibration__rosidl_typesupport_cppExport.cmake
[8.057s] -- Up-to-date: /home/wangjh/code/06imu_cube_calib /install/cube_imu_calibration/share/cube_imu_calibration/cmake/cube_imu_calibration__rosidl_typesupport_cppExport-release.cmake
[8.057s] -- Up-to-date: /home/wangjh/code/06imu_cube_calib /install/cube_imu_calibration/share/cube_imu_calibration/cmake/export_cube_imu_calibration__rosidl_generator_pyExport.cmake
[8.057s] -- Up-to-date: /home/wangjh/code/06imu_cube_calib /install/cube_imu_calibration/share/cube_imu_calibration/cmake/export_cube_imu_calibration__rosidl_generator_pyExport-release.cmake
[8.058s] -- Up-to-date: /home/wangjh/code/06imu_cube_calib /install/cube_imu_calibration/share/cube_imu_calibration/cmake/rosidl_cmake-extras.cmake
[8.058s] -- Up-to-date: /home/wangjh/code/06imu_cube_calib /install/cube_imu_calibration/share/cube_imu_calibration/cmake/ament_cmake_export_dependencies-extras.cmake
[8.058s] -- Up-to-date: /home/wangjh/code/06imu_cube_calib /install/cube_imu_calibration/share/cube_imu_calibration/cmake/ament_cmake_export_include_directories-extras.cmake
[8.058s] -- Up-to-date: /home/wangjh/code/06imu_cube_calib /install/cube_imu_calibration/share/cube_imu_calibration/cmake/ament_cmake_export_libraries-extras.cmake
[8.058s] -- Up-to-date: /home/wangjh/code/06imu_cube_calib /install/cube_imu_calibration/share/cube_imu_calibration/cmake/ament_cmake_export_targets-extras.cmake
[8.058s] -- Up-to-date: /home/wangjh/code/06imu_cube_calib /install/cube_imu_calibration/share/cube_imu_calibration/cmake/rosidl_cmake_export_typesupport_targets-extras.cmake
[8.058s] -- Up-to-date: /home/wangjh/code/06imu_cube_calib /install/cube_imu_calibration/share/cube_imu_calibration/cmake/rosidl_cmake_export_typesupport_libraries-extras.cmake
[8.058s] -- Up-to-date: /home/wangjh/code/06imu_cube_calib /install/cube_imu_calibration/share/cube_imu_calibration/cmake/cube_imu_calibrationConfig.cmake
[8.058s] -- Up-to-date: /home/wangjh/code/06imu_cube_calib /install/cube_imu_calibration/share/cube_imu_calibration/cmake/cube_imu_calibrationConfig-version.cmake
[8.058s] -- Up-to-date: /home/wangjh/code/06imu_cube_calib /install/cube_imu_calibration/share/cube_imu_calibration/package.xml
[8.059s] Invoked command in '/home/wangjh/code/06imu_cube_calib /build/cube_imu_calibration' returned '0': CMAKE_PREFIX_PATH=${CMAKE_PREFIX_PATH}:/opt/ros/jazzy DEBUGINFOD_URLS=https://debuginfod.ubuntu.com /usr/bin/cmake --install /home/wangjh/code/06imu_cube_calib /build/cube_imu_calibration
