[0.007s] Invoking command in '/home/wangjh/code/06imu_cube_calib/build/cube_imu_calibration': CMAKE_PREFIX_PATH=${CMAKE_PREFIX_PATH}:/opt/ros/jazzy DEBUGINFOD_URLS=https://debuginfod.ubuntu.com /usr/bin/cmake --build /home/wangjh/code/06imu_cube_calib/build/cube_imu_calibration -- -j24 -l24
[0.043s] [  1%] Built target cube_imu_calibration__rs
[0.043s] [  3%] Built target cube_imu_calibration__rosidl_generator_type_description
[0.047s] [  7%] Built target simulated_sensor_node
[0.048s] [  7%] Built target ament_cmake_python_copy_cube_imu_calibration
[0.049s] [  9%] Building CXX object CMakeFiles/real_sensor_node.dir/src/real_sensor_node.cpp.o
[0.056s] [ 11%] Built target cube_imu_calibration__cpp
[0.058s] [ 26%] Built target cube_imu_calibration__rosidl_generator_c
[0.079s] [ 71%] Built target cube_imu_calibration__rosidl_typesupport_introspection_c
[0.079s] [ 67%] Built target cube_imu_calibration__rosidl_typesupport_cpp
[0.079s] [ 67%] Built target cube_imu_calibration__rosidl_typesupport_introspection_cpp
[0.079s] [ 73%] Built target cube_imu_calibration__rosidl_typesupport_c
[0.079s] [ 73%] Built target cube_imu_calibration__rosidl_typesupport_fastrtps_cpp
[0.080s] [ 73%] Built target cube_imu_calibration__rosidl_typesupport_fastrtps_c
[0.099s] [ 76%] Built target data_recorder_node
[0.114s] [ 76%] Built target cube_imu_calibration
[0.130s] [ 78%] Built target cube_imu_calibration__py
[0.146s] [ 84%] Built target cube_imu_calibration__rosidl_generator_py
[0.164s] [ 88%] Built target cube_imu_calibration_s__rosidl_typesupport_fastrtps_c
[0.164s] [ 96%] Built target cube_imu_calibration_s__rosidl_typesupport_c
[0.164s] [ 96%] Built target cube_imu_calibration_s__rosidl_typesupport_introspection_c
[0.188s] running egg_info
[0.197s] writing cube_imu_calibration.egg-info/PKG-INFO
[0.197s] writing dependency_links to cube_imu_calibration.egg-info/dependency_links.txt
[0.197s] writing top-level names to cube_imu_calibration.egg-info/top_level.txt
[0.224s] reading manifest file 'cube_imu_calibration.egg-info/SOURCES.txt'
[0.224s] writing manifest file 'cube_imu_calibration.egg-info/SOURCES.txt'
[0.244s] [ 96%] Built target ament_cmake_python_build_cube_imu_calibration_egg
[6.531s] [ 98%] Linking CXX executable real_sensor_node
[6.754s] [100%] Built target real_sensor_node
[6.762s] Invoked command in '/home/wangjh/code/06imu_cube_calib/build/cube_imu_calibration' returned '0': CMAKE_PREFIX_PATH=${CMAKE_PREFIX_PATH}:/opt/ros/jazzy DEBUGINFOD_URLS=https://debuginfod.ubuntu.com /usr/bin/cmake --build /home/wangjh/code/06imu_cube_calib/build/cube_imu_calibration -- -j24 -l24
[6.768s] Invoking command in '/home/wangjh/code/06imu_cube_calib/build/cube_imu_calibration': CMAKE_PREFIX_PATH=${CMAKE_PREFIX_PATH}:/opt/ros/jazzy DEBUGINFOD_URLS=https://debuginfod.ubuntu.com /usr/bin/cmake --install /home/wangjh/code/06imu_cube_calib/build/cube_imu_calibration
[6.773s] -- Install configuration: "Release"
[6.774s] -- Up-to-date: /home/wangjh/code/06imu_cube_calib/install/cube_imu_calibration/share/ament_index/resource_index/rosidl_interfaces/cube_imu_calibration
[6.774s] -- Up-to-date: /home/wangjh/code/06imu_cube_calib/install/cube_imu_calibration/share/cube_imu_calibration/msg/CubePose.json
[6.774s] -- Up-to-date: /home/wangjh/code/06imu_cube_calib/install/cube_imu_calibration/share/cube_imu_calibration/msg/RecorderStatus.json
[6.774s] -- Up-to-date: /home/wangjh/code/06imu_cube_calib/install/cube_imu_calibration/include/cube_imu_calibration/cube_imu_calibration
[6.774s] -- Up-to-date: /home/wangjh/code/06imu_cube_calib/install/cube_imu_calibration/include/cube_imu_calibration/cube_imu_calibration/msg
[6.774s] -- Up-to-date: /home/wangjh/code/06imu_cube_calib/install/cube_imu_calibration/include/cube_imu_calibration/cube_imu_calibration/msg/detail
[6.774s] -- Up-to-date: /home/wangjh/code/06imu_cube_calib/install/cube_imu_calibration/include/cube_imu_calibration/cube_imu_calibration/msg/detail/cube_pose__type_support.c
[6.774s] -- Up-to-date: /home/wangjh/code/06imu_cube_calib/install/cube_imu_calibration/include/cube_imu_calibration/cube_imu_calibration/msg/detail/recorder_status__struct.h
[6.774s] -- Up-to-date: /home/wangjh/code/06imu_cube_calib/install/cube_imu_calibration/include/cube_imu_calibration/cube_imu_calibration/msg/detail/cube_pose__functions.h
[6.774s] -- Up-to-date: /home/wangjh/code/06imu_cube_calib/install/cube_imu_calibration/include/cube_imu_calibration/cube_imu_calibration/msg/detail/recorder_status__functions.h
[6.774s] -- Up-to-date: /home/wangjh/code/06imu_cube_calib/install/cube_imu_calibration/include/cube_imu_calibration/cube_imu_calibration/msg/detail/recorder_status__type_support.c
[6.774s] -- Up-to-date: /home/wangjh/code/06imu_cube_calib/install/cube_imu_calibration/include/cube_imu_calibration/cube_imu_calibration/msg/detail/recorder_status__description.c
[6.774s] -- Up-to-date: /home/wangjh/code/06imu_cube_calib/install/cube_imu_calibration/include/cube_imu_calibration/cube_imu_calibration/msg/detail/cube_pose__description.c
[6.774s] -- Up-to-date: /home/wangjh/code/06imu_cube_calib/install/cube_imu_calibration/include/cube_imu_calibration/cube_imu_calibration/msg/detail/cube_pose__struct.h
[6.774s] -- Up-to-date: /home/wangjh/code/06imu_cube_calib/install/cube_imu_calibration/include/cube_imu_calibration/cube_imu_calibration/msg/detail/cube_pose__type_support.h
[6.774s] -- Up-to-date: /home/wangjh/code/06imu_cube_calib/install/cube_imu_calibration/include/cube_imu_calibration/cube_imu_calibration/msg/detail/cube_pose__functions.c
[6.775s] -- Up-to-date: /home/wangjh/code/06imu_cube_calib/install/cube_imu_calibration/include/cube_imu_calibration/cube_imu_calibration/msg/detail/recorder_status__type_support.h
[6.775s] -- Up-to-date: /home/wangjh/code/06imu_cube_calib/install/cube_imu_calibration/include/cube_imu_calibration/cube_imu_calibration/msg/detail/recorder_status__functions.c
[6.775s] -- Up-to-date: /home/wangjh/code/06imu_cube_calib/install/cube_imu_calibration/include/cube_imu_calibration/cube_imu_calibration/msg/rosidl_generator_c__visibility_control.h
[6.775s] -- Up-to-date: /home/wangjh/code/06imu_cube_calib/install/cube_imu_calibration/include/cube_imu_calibration/cube_imu_calibration/msg/cube_pose.h
[6.775s] -- Up-to-date: /home/wangjh/code/06imu_cube_calib/install/cube_imu_calibration/include/cube_imu_calibration/cube_imu_calibration/msg/recorder_status.h
[6.775s] -- Up-to-date: /home/wangjh/code/06imu_cube_calib/install/cube_imu_calibration/share/cube_imu_calibration/environment/library_path.sh
[6.775s] -- Up-to-date: /home/wangjh/code/06imu_cube_calib/install/cube_imu_calibration/share/cube_imu_calibration/environment/library_path.dsv
[6.775s] -- Up-to-date: /home/wangjh/code/06imu_cube_calib/install/cube_imu_calibration/lib/libcube_imu_calibration__rosidl_generator_c.so
[6.775s] -- Up-to-date: /home/wangjh/code/06imu_cube_calib/install/cube_imu_calibration/include/cube_imu_calibration/cube_imu_calibration
[6.775s] -- Up-to-date: /home/wangjh/code/06imu_cube_calib/install/cube_imu_calibration/include/cube_imu_calibration/cube_imu_calibration/msg
[6.775s] -- Up-to-date: /home/wangjh/code/06imu_cube_calib/install/cube_imu_calibration/include/cube_imu_calibration/cube_imu_calibration/msg/detail
[6.775s] -- Up-to-date: /home/wangjh/code/06imu_cube_calib/install/cube_imu_calibration/include/cube_imu_calibration/cube_imu_calibration/msg/detail/recorder_status__rosidl_typesupport_fastrtps_c.h
[6.775s] -- Up-to-date: /home/wangjh/code/06imu_cube_calib/install/cube_imu_calibration/include/cube_imu_calibration/cube_imu_calibration/msg/detail/cube_pose__rosidl_typesupport_fastrtps_c.h
[6.776s] -- Up-to-date: /home/wangjh/code/06imu_cube_calib/install/cube_imu_calibration/include/cube_imu_calibration/cube_imu_calibration/msg/rosidl_typesupport_fastrtps_c__visibility_control.h
[6.776s] -- Up-to-date: /home/wangjh/code/06imu_cube_calib/install/cube_imu_calibration/lib/libcube_imu_calibration__rosidl_typesupport_fastrtps_c.so
[6.776s] -- Up-to-date: /home/wangjh/code/06imu_cube_calib/install/cube_imu_calibration/include/cube_imu_calibration/cube_imu_calibration
[6.776s] -- Up-to-date: /home/wangjh/code/06imu_cube_calib/install/cube_imu_calibration/include/cube_imu_calibration/cube_imu_calibration/msg
[6.776s] -- Up-to-date: /home/wangjh/code/06imu_cube_calib/install/cube_imu_calibration/include/cube_imu_calibration/cube_imu_calibration/msg/detail
[6.776s] -- Up-to-date: /home/wangjh/code/06imu_cube_calib/install/cube_imu_calibration/include/cube_imu_calibration/cube_imu_calibration/msg/detail/cube_pose__struct.hpp
[6.776s] -- Up-to-date: /home/wangjh/code/06imu_cube_calib/install/cube_imu_calibration/include/cube_imu_calibration/cube_imu_calibration/msg/detail/cube_pose__traits.hpp
[6.776s] -- Up-to-date: /home/wangjh/code/06imu_cube_calib/install/cube_imu_calibration/include/cube_imu_calibration/cube_imu_calibration/msg/detail/recorder_status__type_support.hpp
[6.776s] -- Up-to-date: /home/wangjh/code/06imu_cube_calib/install/cube_imu_calibration/include/cube_imu_calibration/cube_imu_calibration/msg/detail/cube_pose__builder.hpp
[6.776s] -- Up-to-date: /home/wangjh/code/06imu_cube_calib/install/cube_imu_calibration/include/cube_imu_calibration/cube_imu_calibration/msg/detail/recorder_status__traits.hpp
[6.777s] -- Up-to-date: /home/wangjh/code/06imu_cube_calib/install/cube_imu_calibration/include/cube_imu_calibration/cube_imu_calibration/msg/detail/recorder_status__struct.hpp
[6.777s] -- Up-to-date: /home/wangjh/code/06imu_cube_calib/install/cube_imu_calibration/include/cube_imu_calibration/cube_imu_calibration/msg/detail/cube_pose__type_support.hpp
[6.777s] -- Up-to-date: /home/wangjh/code/06imu_cube_calib/install/cube_imu_calibration/include/cube_imu_calibration/cube_imu_calibration/msg/detail/recorder_status__builder.hpp
[6.777s] -- Up-to-date: /home/wangjh/code/06imu_cube_calib/install/cube_imu_calibration/include/cube_imu_calibration/cube_imu_calibration/msg/cube_pose.hpp
[6.777s] -- Up-to-date: /home/wangjh/code/06imu_cube_calib/install/cube_imu_calibration/include/cube_imu_calibration/cube_imu_calibration/msg/recorder_status.hpp
[6.777s] -- Up-to-date: /home/wangjh/code/06imu_cube_calib/install/cube_imu_calibration/include/cube_imu_calibration/cube_imu_calibration/msg/rosidl_generator_cpp__visibility_control.hpp
[6.777s] -- Up-to-date: /home/wangjh/code/06imu_cube_calib/install/cube_imu_calibration/include/cube_imu_calibration/cube_imu_calibration
[6.777s] -- Up-to-date: /home/wangjh/code/06imu_cube_calib/install/cube_imu_calibration/include/cube_imu_calibration/cube_imu_calibration/msg
[6.777s] -- Up-to-date: /home/wangjh/code/06imu_cube_calib/install/cube_imu_calibration/include/cube_imu_calibration/cube_imu_calibration/msg/detail
[6.777s] -- Up-to-date: /home/wangjh/code/06imu_cube_calib/install/cube_imu_calibration/include/cube_imu_calibration/cube_imu_calibration/msg/detail/dds_fastrtps
[6.777s] -- Up-to-date: /home/wangjh/code/06imu_cube_calib/install/cube_imu_calibration/include/cube_imu_calibration/cube_imu_calibration/msg/detail/cube_pose__rosidl_typesupport_fastrtps_cpp.hpp
[6.777s] -- Up-to-date: /home/wangjh/code/06imu_cube_calib/install/cube_imu_calibration/include/cube_imu_calibration/cube_imu_calibration/msg/detail/recorder_status__rosidl_typesupport_fastrtps_cpp.hpp
[6.777s] -- Up-to-date: /home/wangjh/code/06imu_cube_calib/install/cube_imu_calibration/include/cube_imu_calibration/cube_imu_calibration/msg/rosidl_typesupport_fastrtps_cpp__visibility_control.h
[6.777s] -- Up-to-date: /home/wangjh/code/06imu_cube_calib/install/cube_imu_calibration/lib/libcube_imu_calibration__rosidl_typesupport_fastrtps_cpp.so
[6.777s] -- Up-to-date: /home/wangjh/code/06imu_cube_calib/install/cube_imu_calibration/include/cube_imu_calibration/cube_imu_calibration
[6.777s] -- Up-to-date: /home/wangjh/code/06imu_cube_calib/install/cube_imu_calibration/include/cube_imu_calibration/cube_imu_calibration/msg
[6.777s] -- Up-to-date: /home/wangjh/code/06imu_cube_calib/install/cube_imu_calibration/include/cube_imu_calibration/cube_imu_calibration/msg/rosidl_typesupport_introspection_c__visibility_control.h
[6.777s] -- Up-to-date: /home/wangjh/code/06imu_cube_calib/install/cube_imu_calibration/include/cube_imu_calibration/cube_imu_calibration/msg/detail
[6.777s] -- Up-to-date: /home/wangjh/code/06imu_cube_calib/install/cube_imu_calibration/include/cube_imu_calibration/cube_imu_calibration/msg/detail/recorder_status__rosidl_typesupport_introspection_c.h
[6.777s] -- Up-to-date: /home/wangjh/code/06imu_cube_calib/install/cube_imu_calibration/include/cube_imu_calibration/cube_imu_calibration/msg/detail/cube_pose__type_support.c
[6.777s] -- Up-to-date: /home/wangjh/code/06imu_cube_calib/install/cube_imu_calibration/include/cube_imu_calibration/cube_imu_calibration/msg/detail/recorder_status__type_support.c
[6.777s] -- Up-to-date: /home/wangjh/code/06imu_cube_calib/install/cube_imu_calibration/include/cube_imu_calibration/cube_imu_calibration/msg/detail/cube_pose__rosidl_typesupport_introspection_c.h
[6.777s] -- Up-to-date: /home/wangjh/code/06imu_cube_calib/install/cube_imu_calibration/lib/libcube_imu_calibration__rosidl_typesupport_introspection_c.so
[6.777s] -- Up-to-date: /home/wangjh/code/06imu_cube_calib/install/cube_imu_calibration/lib/libcube_imu_calibration__rosidl_typesupport_c.so
[6.777s] -- Up-to-date: /home/wangjh/code/06imu_cube_calib/install/cube_imu_calibration/include/cube_imu_calibration/cube_imu_calibration
[6.778s] -- Up-to-date: /home/wangjh/code/06imu_cube_calib/install/cube_imu_calibration/include/cube_imu_calibration/cube_imu_calibration/msg
[6.778s] -- Up-to-date: /home/wangjh/code/06imu_cube_calib/install/cube_imu_calibration/include/cube_imu_calibration/cube_imu_calibration/msg/detail
[6.778s] -- Up-to-date: /home/wangjh/code/06imu_cube_calib/install/cube_imu_calibration/include/cube_imu_calibration/cube_imu_calibration/msg/detail/cube_pose__rosidl_typesupport_introspection_cpp.hpp
[6.778s] -- Up-to-date: /home/wangjh/code/06imu_cube_calib/install/cube_imu_calibration/include/cube_imu_calibration/cube_imu_calibration/msg/detail/recorder_status__rosidl_typesupport_introspection_cpp.hpp
[6.778s] -- Up-to-date: /home/wangjh/code/06imu_cube_calib/install/cube_imu_calibration/include/cube_imu_calibration/cube_imu_calibration/msg/detail/cube_pose__type_support.cpp
[6.778s] -- Up-to-date: /home/wangjh/code/06imu_cube_calib/install/cube_imu_calibration/include/cube_imu_calibration/cube_imu_calibration/msg/detail/recorder_status__type_support.cpp
[6.778s] -- Up-to-date: /home/wangjh/code/06imu_cube_calib/install/cube_imu_calibration/lib/libcube_imu_calibration__rosidl_typesupport_introspection_cpp.so
[6.778s] -- Up-to-date: /home/wangjh/code/06imu_cube_calib/install/cube_imu_calibration/lib/libcube_imu_calibration__rosidl_typesupport_cpp.so
[6.778s] -- Up-to-date: /home/wangjh/code/06imu_cube_calib/install/cube_imu_calibration/share/cube_imu_calibration/environment/pythonpath.sh
[6.778s] -- Up-to-date: /home/wangjh/code/06imu_cube_calib/install/cube_imu_calibration/share/cube_imu_calibration/environment/pythonpath.dsv
[6.778s] -- Up-to-date: /home/wangjh/code/06imu_cube_calib/install/cube_imu_calibration/lib/python3.12/site-packages/cube_imu_calibration-0.1.0-py3.12.egg-info
[6.778s] -- Installing: /home/wangjh/code/06imu_cube_calib/install/cube_imu_calibration/lib/python3.12/site-packages/cube_imu_calibration-0.1.0-py3.12.egg-info/dependency_links.txt
[6.778s] -- Installing: /home/wangjh/code/06imu_cube_calib/install/cube_imu_calibration/lib/python3.12/site-packages/cube_imu_calibration-0.1.0-py3.12.egg-info/SOURCES.txt
[6.778s] -- Installing: /home/wangjh/code/06imu_cube_calib/install/cube_imu_calibration/lib/python3.12/site-packages/cube_imu_calibration-0.1.0-py3.12.egg-info/top_level.txt
[6.778s] -- Installing: /home/wangjh/code/06imu_cube_calib/install/cube_imu_calibration/lib/python3.12/site-packages/cube_imu_calibration-0.1.0-py3.12.egg-info/PKG-INFO
[6.778s] -- Up-to-date: /home/wangjh/code/06imu_cube_calib/install/cube_imu_calibration/lib/python3.12/site-packages/cube_imu_calibration
[6.778s] -- Up-to-date: /home/wangjh/code/06imu_cube_calib/install/cube_imu_calibration/lib/python3.12/site-packages/cube_imu_calibration/_cube_imu_calibration_s.ep.rosidl_typesupport_c.c
[6.778s] -- Up-to-date: /home/wangjh/code/06imu_cube_calib/install/cube_imu_calibration/lib/python3.12/site-packages/cube_imu_calibration/_cube_imu_calibration_s.ep.rosidl_typesupport_introspection_c.c
[6.778s] -- Up-to-date: /home/wangjh/code/06imu_cube_calib/install/cube_imu_calibration/lib/python3.12/site-packages/cube_imu_calibration/__init__.py
[6.778s] -- Up-to-date: /home/wangjh/code/06imu_cube_calib/install/cube_imu_calibration/lib/python3.12/site-packages/cube_imu_calibration/cube_imu_calibration_s__rosidl_typesupport_fastrtps_c.so
[6.778s] -- Up-to-date: /home/wangjh/code/06imu_cube_calib/install/cube_imu_calibration/lib/python3.12/site-packages/cube_imu_calibration/msg
[6.778s] -- Up-to-date: /home/wangjh/code/06imu_cube_calib/install/cube_imu_calibration/lib/python3.12/site-packages/cube_imu_calibration/msg/_cube_pose.py
[6.778s] -- Up-to-date: /home/wangjh/code/06imu_cube_calib/install/cube_imu_calibration/lib/python3.12/site-packages/cube_imu_calibration/msg/_cube_pose_s.c
[6.778s] -- Up-to-date: /home/wangjh/code/06imu_cube_calib/install/cube_imu_calibration/lib/python3.12/site-packages/cube_imu_calibration/msg/__init__.py
[6.778s] -- Up-to-date: /home/wangjh/code/06imu_cube_calib/install/cube_imu_calibration/lib/python3.12/site-packages/cube_imu_calibration/msg/_recorder_status.py
[6.779s] -- Up-to-date: /home/wangjh/code/06imu_cube_calib/install/cube_imu_calibration/lib/python3.12/site-packages/cube_imu_calibration/msg/_recorder_status_s.c
[6.779s] -- Up-to-date: /home/wangjh/code/06imu_cube_calib/install/cube_imu_calibration/lib/python3.12/site-packages/cube_imu_calibration/cube_imu_calibration_s__rosidl_typesupport_introspection_c.so
[6.779s] -- Up-to-date: /home/wangjh/code/06imu_cube_calib/install/cube_imu_calibration/lib/python3.12/site-packages/cube_imu_calibration/cube_imu_calibration_s__rosidl_typesupport_c.so
[6.779s] -- Up-to-date: /home/wangjh/code/06imu_cube_calib/install/cube_imu_calibration/lib/python3.12/site-packages/cube_imu_calibration/_cube_imu_calibration_s.ep.rosidl_typesupport_fastrtps_c.c
[6.797s] Listing '/home/wangjh/code/06imu_cube_calib/install/cube_imu_calibration/lib/python3.12/site-packages/cube_imu_calibration'...
[6.797s] Listing '/home/wangjh/code/06imu_cube_calib/install/cube_imu_calibration/lib/python3.12/site-packages/cube_imu_calibration/msg'...
[6.800s] -- Up-to-date: /home/wangjh/code/06imu_cube_calib/install/cube_imu_calibration/lib/python3.12/site-packages/cube_imu_calibration/cube_imu_calibration_s__rosidl_typesupport_fastrtps_c.so
[6.800s] -- Up-to-date: /home/wangjh/code/06imu_cube_calib/install/cube_imu_calibration/lib/python3.12/site-packages/cube_imu_calibration/cube_imu_calibration_s__rosidl_typesupport_introspection_c.so
[6.800s] -- Up-to-date: /home/wangjh/code/06imu_cube_calib/install/cube_imu_calibration/lib/python3.12/site-packages/cube_imu_calibration/cube_imu_calibration_s__rosidl_typesupport_c.so
[6.800s] -- Up-to-date: /home/wangjh/code/06imu_cube_calib/install/cube_imu_calibration/lib/libcube_imu_calibration__rosidl_generator_py.so
[6.800s] -- Up-to-date: /home/wangjh/code/06imu_cube_calib/install/cube_imu_calibration/share/ament_index/resource_index/rust_packages/cube_imu_calibration
[6.801s] -- Up-to-date: /home/wangjh/code/06imu_cube_calib/install/cube_imu_calibration/share/cube_imu_calibration/rust
[6.801s] -- Up-to-date: /home/wangjh/code/06imu_cube_calib/install/cube_imu_calibration/share/cube_imu_calibration/rust/Cargo.toml
[6.801s] -- Up-to-date: /home/wangjh/code/06imu_cube_calib/install/cube_imu_calibration/share/cube_imu_calibration/rust/build.rs
[6.801s] -- Up-to-date: /home/wangjh/code/06imu_cube_calib/install/cube_imu_calibration/share/cube_imu_calibration/rust/src
[6.801s] -- Up-to-date: /home/wangjh/code/06imu_cube_calib/install/cube_imu_calibration/share/cube_imu_calibration/rust/src/lib.rs
[6.801s] -- Up-to-date: /home/wangjh/code/06imu_cube_calib/install/cube_imu_calibration/share/cube_imu_calibration/rust/src/msg
[6.801s] -- Up-to-date: /home/wangjh/code/06imu_cube_calib/install/cube_imu_calibration/share/cube_imu_calibration/rust/src/msg/rmw.rs
[6.801s] -- Up-to-date: /home/wangjh/code/06imu_cube_calib/install/cube_imu_calibration/share/cube_imu_calibration/rust/src/msg.rs
[6.801s] -- Up-to-date: /home/wangjh/code/06imu_cube_calib/install/cube_imu_calibration/share/cube_imu_calibration/msg/CubePose.idl
[6.801s] -- Up-to-date: /home/wangjh/code/06imu_cube_calib/install/cube_imu_calibration/share/cube_imu_calibration/msg/RecorderStatus.idl
[6.801s] -- Up-to-date: /home/wangjh/code/06imu_cube_calib/install/cube_imu_calibration/share/cube_imu_calibration/msg/CubePose.msg
[6.801s] -- Up-to-date: /home/wangjh/code/06imu_cube_calib/install/cube_imu_calibration/share/cube_imu_calibration/msg/RecorderStatus.msg
[6.801s] -- Up-to-date: /home/wangjh/code/06imu_cube_calib/install/cube_imu_calibration/lib/cube_imu_calibration/data_recorder_node
[6.801s] -- Up-to-date: /home/wangjh/code/06imu_cube_calib/install/cube_imu_calibration/lib/cube_imu_calibration/simulated_sensor_node
[6.801s] -- Installing: /home/wangjh/code/06imu_cube_calib/install/cube_imu_calibration/lib/cube_imu_calibration/real_sensor_node
[6.802s] -- Set non-toolchain portion of runtime path of "/home/wangjh/code/06imu_cube_calib/install/cube_imu_calibration/lib/cube_imu_calibration/real_sensor_node" to "/home/wangjh/code/01历史代码/00历史代码/orbslam3_light/hardware/camera/orbbec_gemini_335/linux/third_party/pyorbbecsdk/sdk/lib/linux_x64"
[6.802s] -- Up-to-date: /home/wangjh/code/06imu_cube_calib/install/cube_imu_calibration/lib/cube_imu_calibration/calibration_gui.py
[6.802s] -- Up-to-date: /home/wangjh/code/06imu_cube_calib/install/cube_imu_calibration/lib/cube_imu_calibration/kalibr_workflow_check.py
[6.802s] -- Up-to-date: /home/wangjh/code/06imu_cube_calib/install/cube_imu_calibration/lib/cube_imu_calibration/solve_extrinsics.py
[6.802s] -- Up-to-date: /home/wangjh/code/06imu_cube_calib/install/cube_imu_calibration/lib/cube_imu_calibration/pose_imu_calibrator.py
[6.802s] -- Up-to-date: /home/wangjh/code/06imu_cube_calib/install/cube_imu_calibration/share/cube_imu_calibration/launch
[6.802s] -- Up-to-date: /home/wangjh/code/06imu_cube_calib/install/cube_imu_calibration/share/cube_imu_calibration/launch/sim_demo_launch.py
[6.802s] -- Up-to-date: /home/wangjh/code/06imu_cube_calib/install/cube_imu_calibration/share/cube_imu_calibration/launch/gui_launch.py
[6.802s] -- Up-to-date: /home/wangjh/code/06imu_cube_calib/install/cube_imu_calibration/share/cube_imu_calibration/launch/runtime_launch.py
[6.802s] -- Up-to-date: /home/wangjh/code/06imu_cube_calib/install/cube_imu_calibration/share/cube_imu_calibration/launch/calibration_launch.py
[6.802s] -- Up-to-date: /home/wangjh/code/06imu_cube_calib/install/cube_imu_calibration/share/cube_imu_calibration/config
[6.803s] -- Up-to-date: /home/wangjh/code/06imu_cube_calib/install/cube_imu_calibration/share/cube_imu_calibration/config/apriltag_params.yaml
[6.803s] -- Up-to-date: /home/wangjh/code/06imu_cube_calib/install/cube_imu_calibration/share/cube_imu_calibration/README_JAZZY.txt
[6.803s] -- Up-to-date: /home/wangjh/code/06imu_cube_calib/install/cube_imu_calibration/share/ament_index/resource_index/package_run_dependencies/cube_imu_calibration
[6.803s] -- Up-to-date: /home/wangjh/code/06imu_cube_calib/install/cube_imu_calibration/share/ament_index/resource_index/parent_prefix_path/cube_imu_calibration
[6.803s] -- Up-to-date: /home/wangjh/code/06imu_cube_calib/install/cube_imu_calibration/share/cube_imu_calibration/environment/ament_prefix_path.sh
[6.803s] -- Up-to-date: /home/wangjh/code/06imu_cube_calib/install/cube_imu_calibration/share/cube_imu_calibration/environment/ament_prefix_path.dsv
[6.803s] -- Up-to-date: /home/wangjh/code/06imu_cube_calib/install/cube_imu_calibration/share/cube_imu_calibration/environment/path.sh
[6.803s] -- Up-to-date: /home/wangjh/code/06imu_cube_calib/install/cube_imu_calibration/share/cube_imu_calibration/environment/path.dsv
[6.803s] -- Up-to-date: /home/wangjh/code/06imu_cube_calib/install/cube_imu_calibration/share/cube_imu_calibration/local_setup.bash
[6.803s] -- Up-to-date: /home/wangjh/code/06imu_cube_calib/install/cube_imu_calibration/share/cube_imu_calibration/local_setup.sh
[6.803s] -- Up-to-date: /home/wangjh/code/06imu_cube_calib/install/cube_imu_calibration/share/cube_imu_calibration/local_setup.zsh
[6.803s] -- Up-to-date: /home/wangjh/code/06imu_cube_calib/install/cube_imu_calibration/share/cube_imu_calibration/local_setup.dsv
[6.803s] -- Installing: /home/wangjh/code/06imu_cube_calib/install/cube_imu_calibration/share/cube_imu_calibration/package.dsv
[6.803s] -- Up-to-date: /home/wangjh/code/06imu_cube_calib/install/cube_imu_calibration/share/ament_index/resource_index/packages/cube_imu_calibration
[6.803s] -- Up-to-date: /home/wangjh/code/06imu_cube_calib/install/cube_imu_calibration/share/cube_imu_calibration/cmake/export_cube_imu_calibration__rosidl_generator_cExport.cmake
[6.803s] -- Up-to-date: /home/wangjh/code/06imu_cube_calib/install/cube_imu_calibration/share/cube_imu_calibration/cmake/export_cube_imu_calibration__rosidl_generator_cExport-release.cmake
[6.803s] -- Up-to-date: /home/wangjh/code/06imu_cube_calib/install/cube_imu_calibration/share/cube_imu_calibration/cmake/export_cube_imu_calibration__rosidl_typesupport_fastrtps_cExport.cmake
[6.803s] -- Up-to-date: /home/wangjh/code/06imu_cube_calib/install/cube_imu_calibration/share/cube_imu_calibration/cmake/export_cube_imu_calibration__rosidl_typesupport_fastrtps_cExport-release.cmake
[6.803s] -- Up-to-date: /home/wangjh/code/06imu_cube_calib/install/cube_imu_calibration/share/cube_imu_calibration/cmake/export_cube_imu_calibration__rosidl_generator_cppExport.cmake
[6.804s] -- Up-to-date: /home/wangjh/code/06imu_cube_calib/install/cube_imu_calibration/share/cube_imu_calibration/cmake/export_cube_imu_calibration__rosidl_typesupport_fastrtps_cppExport.cmake
[6.804s] -- Up-to-date: /home/wangjh/code/06imu_cube_calib/install/cube_imu_calibration/share/cube_imu_calibration/cmake/export_cube_imu_calibration__rosidl_typesupport_fastrtps_cppExport-release.cmake
[6.804s] -- Up-to-date: /home/wangjh/code/06imu_cube_calib/install/cube_imu_calibration/share/cube_imu_calibration/cmake/cube_imu_calibration__rosidl_typesupport_introspection_cExport.cmake
[6.804s] -- Up-to-date: /home/wangjh/code/06imu_cube_calib/install/cube_imu_calibration/share/cube_imu_calibration/cmake/cube_imu_calibration__rosidl_typesupport_introspection_cExport-release.cmake
[6.804s] -- Up-to-date: /home/wangjh/code/06imu_cube_calib/install/cube_imu_calibration/share/cube_imu_calibration/cmake/cube_imu_calibration__rosidl_typesupport_cExport.cmake
[6.804s] -- Up-to-date: /home/wangjh/code/06imu_cube_calib/install/cube_imu_calibration/share/cube_imu_calibration/cmake/cube_imu_calibration__rosidl_typesupport_cExport-release.cmake
[6.804s] -- Up-to-date: /home/wangjh/code/06imu_cube_calib/install/cube_imu_calibration/share/cube_imu_calibration/cmake/cube_imu_calibration__rosidl_typesupport_introspection_cppExport.cmake
[6.804s] -- Up-to-date: /home/wangjh/code/06imu_cube_calib/install/cube_imu_calibration/share/cube_imu_calibration/cmake/cube_imu_calibration__rosidl_typesupport_introspection_cppExport-release.cmake
[6.804s] -- Up-to-date: /home/wangjh/code/06imu_cube_calib/install/cube_imu_calibration/share/cube_imu_calibration/cmake/cube_imu_calibration__rosidl_typesupport_cppExport.cmake
[6.804s] -- Up-to-date: /home/wangjh/code/06imu_cube_calib/install/cube_imu_calibration/share/cube_imu_calibration/cmake/cube_imu_calibration__rosidl_typesupport_cppExport-release.cmake
[6.805s] -- Up-to-date: /home/wangjh/code/06imu_cube_calib/install/cube_imu_calibration/share/cube_imu_calibration/cmake/export_cube_imu_calibration__rosidl_generator_pyExport.cmake
[6.805s] -- Up-to-date: /home/wangjh/code/06imu_cube_calib/install/cube_imu_calibration/share/cube_imu_calibration/cmake/export_cube_imu_calibration__rosidl_generator_pyExport-release.cmake
[6.805s] -- Up-to-date: /home/wangjh/code/06imu_cube_calib/install/cube_imu_calibration/share/cube_imu_calibration/cmake/rosidl_cmake-extras.cmake
[6.805s] -- Up-to-date: /home/wangjh/code/06imu_cube_calib/install/cube_imu_calibration/share/cube_imu_calibration/cmake/ament_cmake_export_dependencies-extras.cmake
[6.805s] -- Up-to-date: /home/wangjh/code/06imu_cube_calib/install/cube_imu_calibration/share/cube_imu_calibration/cmake/ament_cmake_export_include_directories-extras.cmake
[6.805s] -- Up-to-date: /home/wangjh/code/06imu_cube_calib/install/cube_imu_calibration/share/cube_imu_calibration/cmake/ament_cmake_export_libraries-extras.cmake
[6.805s] -- Up-to-date: /home/wangjh/code/06imu_cube_calib/install/cube_imu_calibration/share/cube_imu_calibration/cmake/ament_cmake_export_targets-extras.cmake
[6.805s] -- Up-to-date: /home/wangjh/code/06imu_cube_calib/install/cube_imu_calibration/share/cube_imu_calibration/cmake/rosidl_cmake_export_typesupport_targets-extras.cmake
[6.805s] -- Up-to-date: /home/wangjh/code/06imu_cube_calib/install/cube_imu_calibration/share/cube_imu_calibration/cmake/rosidl_cmake_export_typesupport_libraries-extras.cmake
[6.806s] -- Up-to-date: /home/wangjh/code/06imu_cube_calib/install/cube_imu_calibration/share/cube_imu_calibration/cmake/cube_imu_calibrationConfig.cmake
[6.806s] -- Up-to-date: /home/wangjh/code/06imu_cube_calib/install/cube_imu_calibration/share/cube_imu_calibration/cmake/cube_imu_calibrationConfig-version.cmake
[6.806s] -- Up-to-date: /home/wangjh/code/06imu_cube_calib/install/cube_imu_calibration/share/cube_imu_calibration/package.xml
[6.806s] Invoked command in '/home/wangjh/code/06imu_cube_calib/build/cube_imu_calibration' returned '0': CMAKE_PREFIX_PATH=${CMAKE_PREFIX_PATH}:/opt/ros/jazzy DEBUGINFOD_URLS=https://debuginfod.ubuntu.com /usr/bin/cmake --install /home/wangjh/code/06imu_cube_calib/build/cube_imu_calibration
