-- Found ament_cmake: 2.5.6 (/opt/ros/jazzy/share/ament_cmake/cmake)
-- Found rclcpp: 28.1.18 (/opt/ros/jazzy/share/rclcpp/cmake)
-- Found rosidl_generator_c: 4.6.7 (/opt/ros/jazzy/share/rosidl_generator_c/cmake)
-- Found rosidl_generator_cpp: 4.6.7 (/opt/ros/jazzy/share/rosidl_generator_cpp/cmake)
-- Using all available rosidl_typesupport_c: rosidl_typesupport_fastrtps_c;rosidl_typesupport_introspection_c
-- Using all available rosidl_typesupport_cpp: rosidl_typesupport_fastrtps_cpp;rosidl_typesupport_introspection_cpp
-- Found rmw_implementation_cmake: 7.3.3 (/opt/ros/jazzy/share/rmw_implementation_cmake/cmake)
-- Found rmw_fastrtps_cpp: 8.4.3 (/opt/ros/jazzy/share/rmw_fastrtps_cpp/cmake)
-- Using RMW implementation 'rmw_fastrtps_cpp' as default
-- Found sensor_msgs: 5.3.7 (/opt/ros/jazzy/share/sensor_msgs/cmake)
-- Found std_srvs: 5.3.7 (/opt/ros/jazzy/share/std_srvs/cmake)
-- Found cv_bridge: 4.1.0 (/opt/ros/jazzy/share/cv_bridge/cmake)
-- Found rosbag2_cpp: 0.26.10 (/opt/ros/jazzy/share/rosbag2_cpp/cmake)
-- Setting yaml-cpp_DIR to: '/opt/ros/jazzy/share/yaml_cpp_vendor/cmake/../../../opt/yaml_cpp_vendor/share/cmake/yaml-cpp'
-- Found rosidl_default_generators: 1.6.0 (/opt/ros/jazzy/share/rosidl_default_generators/cmake)
-- Found rosidl_adapter: 4.6.7 (/opt/ros/jazzy/share/rosidl_adapter/cmake)
-- Found OpenCV: /usr (found version "4.6.0") found components: core imgproc aruco videoio 
-- Found ament_cmake_ros: 0.12.0 (/opt/ros/jazzy/share/ament_cmake_ros/cmake)
-- Using all available rosidl_typesupport_c: rosidl_typesupport_fastrtps_c;rosidl_typesupport_introspection_c
-- Using all available rosidl_typesupport_cpp: rosidl_typesupport_fastrtps_cpp;rosidl_typesupport_introspection_cpp
-- Found python_cmake_module: 0.11.1 (/opt/ros/jazzy/share/python_cmake_module/cmake)
-- Found Python3: /usr/bin/python3 (found version "3.12.3") found components: Interpreter Development NumPy Development.Module Development.Embed 
-- Found Python3: /usr/bin/python3 (found version "3.12.3") found components: Interpreter 
-- Configuring done (1.0s)
-- Generating done (0.0s)
-- Build files have been written to: /home/wangjh/code/06imu_cube_calib/build/cube_imu_calibration
[  1%] Built target cube_imu_calibration__rosidl_generator_type_description
[  3%] Built target cube_imu_calibration__rs
[  3%] Built target ament_cmake_python_copy_cube_imu_calibration
[  6%] Built target simulated_sensor_node
[  8%] Built target cube_imu_calibration__cpp
[ 25%] Built target cube_imu_calibration__rosidl_generator_c
[ 40%] Built target cube_imu_calibration__rosidl_typesupport_c
[ 41%] Built target cube_imu_calibration__rosidl_typesupport_introspection_c
[ 50%] Built target cube_imu_calibration__rosidl_typesupport_introspection_cpp
[ 58%] Built target cube_imu_calibration__rosidl_typesupport_fastrtps_cpp
[ 69%] Built target cube_imu_calibration__rosidl_typesupport_cpp
[ 74%] Built target cube_imu_calibration__rosidl_typesupport_fastrtps_c
[ 74%] Built target cube_imu_calibration
[ 77%] Built target data_recorder_node
[ 79%] Building CXX object CMakeFiles/real_sensor_node.dir/src/real_sensor_node.cpp.o
[ 80%] Building CXX object CMakeFiles/real_sensor_node.dir/src/serial_imu_reader.cpp.o
[ 82%] Built target cube_imu_calibration__py
[ 88%] Built target cube_imu_calibration__rosidl_generator_py
[ 91%] Built target cube_imu_calibration_s__rosidl_typesupport_fastrtps_c
[ 95%] Built target cube_imu_calibration_s__rosidl_typesupport_introspection_c
[ 98%] Built target cube_imu_calibration_s__rosidl_typesupport_c
running egg_info
writing cube_imu_calibration.egg-info/PKG-INFO
writing dependency_links to cube_imu_calibration.egg-info/dependency_links.txt
writing top-level names to cube_imu_calibration.egg-info/top_level.txt
reading manifest file 'cube_imu_calibration.egg-info/SOURCES.txt'
writing manifest file 'cube_imu_calibration.egg-info/SOURCES.txt'
[ 98%] Built target ament_cmake_python_build_cube_imu_calibration_egg
