[0.007s] Invoking command in '/home/wangjh/code/06imu_cube_calib/build/cube_imu_calibration': CMAKE_PREFIX_PATH=${CMAKE_PREFIX_PATH}:/opt/ros/jazzy DEBUGINFOD_URLS=https://debuginfod.ubuntu.com /usr/bin/cmake --build /home/wangjh/code/06imu_cube_calib/build/cube_imu_calibration -- -j24 -l24
[0.030s] -- Found ament_cmake: 2.5.6 (/opt/ros/jazzy/share/ament_cmake/cmake)
[0.105s] -- Found rclcpp: 28.1.18 (/opt/ros/jazzy/share/rclcpp/cmake)
[0.127s] -- Found rosidl_generator_c: 4.6.7 (/opt/ros/jazzy/share/rosidl_generator_c/cmake)
[0.133s] -- Found rosidl_generator_cpp: 4.6.7 (/opt/ros/jazzy/share/rosidl_generator_cpp/cmake)
[0.142s] -- Using all available rosidl_typesupport_c: rosidl_typesupport_fastrtps_c;rosidl_typesupport_introspection_c
[0.152s] -- Using all available rosidl_typesupport_cpp: rosidl_typesupport_fastrtps_cpp;rosidl_typesupport_introspection_cpp
[0.202s] -- Found rmw_implementation_cmake: 7.3.3 (/opt/ros/jazzy/share/rmw_implementation_cmake/cmake)
[0.204s] -- Found rmw_fastrtps_cpp: 8.4.3 (/opt/ros/jazzy/share/rmw_fastrtps_cpp/cmake)
[0.254s] -- Using RMW implementation 'rmw_fastrtps_cpp' as default
[0.322s] -- Found sensor_msgs: 5.3.7 (/opt/ros/jazzy/share/sensor_msgs/cmake)
[0.375s] -- Found std_srvs: 5.3.7 (/opt/ros/jazzy/share/std_srvs/cmake)
[0.391s] -- Found cv_bridge: 4.1.0 (/opt/ros/jazzy/share/cv_bridge/cmake)
[0.401s] -- Found rosbag2_cpp: 0.26.10 (/opt/ros/jazzy/share/rosbag2_cpp/cmake)
[0.415s] -- Setting yaml-cpp_DIR to: '/opt/ros/jazzy/share/yaml_cpp_vendor/cmake/../../../opt/yaml_cpp_vendor/share/cmake/yaml-cpp'
[0.417s] -- Found rosidl_default_generators: 1.6.0 (/opt/ros/jazzy/share/rosidl_default_generators/cmake)
[0.424s] -- Found rosidl_adapter: 4.6.7 (/opt/ros/jazzy/share/rosidl_adapter/cmake)
[0.427s] -- Found OpenCV: /usr (found version "4.6.0") found components: core imgproc aruco videoio 
[0.611s] -- Found ament_cmake_ros: 0.12.0 (/opt/ros/jazzy/share/ament_cmake_ros/cmake)
[0.784s] -- Using all available rosidl_typesupport_c: rosidl_typesupport_fastrtps_c;rosidl_typesupport_introspection_c
[0.853s] -- Using all available rosidl_typesupport_cpp: rosidl_typesupport_fastrtps_cpp;rosidl_typesupport_introspection_cpp
[0.854s] -- Found python_cmake_module: 0.11.1 (/opt/ros/jazzy/share/python_cmake_module/cmake)
[1.002s] -- Found Python3: /usr/bin/python3 (found version "3.12.3") found components: Interpreter Development NumPy Development.Module Development.Embed 
[1.048s] -- Found Python3: /usr/bin/python3 (found version "3.12.3") found components: Interpreter 
[1.058s] -- Configuring done (1.0s)
[1.103s] -- Generating done (0.0s)
[1.114s] -- Build files have been written to: /home/wangjh/code/06imu_cube_calib/build/cube_imu_calibration
[1.140s] [  1%] Built target cube_imu_calibration__rosidl_generator_type_description
[1.140s] [  3%] Built target cube_imu_calibration__rs
[1.145s] [  3%] Built target ament_cmake_python_copy_cube_imu_calibration
[1.148s] [  6%] Built target simulated_sensor_node
[1.153s] [  8%] Built target cube_imu_calibration__cpp
[1.156s] [ 25%] Built target cube_imu_calibration__rosidl_generator_c
[1.174s] [ 40%] Built target cube_imu_calibration__rosidl_typesupport_c
[1.174s] [ 41%] Built target cube_imu_calibration__rosidl_typesupport_introspection_c
[1.176s] [ 50%] Built target cube_imu_calibration__rosidl_typesupport_introspection_cpp
[1.176s] [ 58%] Built target cube_imu_calibration__rosidl_typesupport_fastrtps_cpp
[1.177s] [ 69%] Built target cube_imu_calibration__rosidl_typesupport_cpp
[1.177s] [ 74%] Built target cube_imu_calibration__rosidl_typesupport_fastrtps_c
[1.192s] [ 74%] Built target cube_imu_calibration
[1.198s] [ 77%] Built target data_recorder_node
[1.202s] [ 79%] Building CXX object CMakeFiles/real_sensor_node.dir/src/real_sensor_node.cpp.o
[1.202s] [ 80%] Building CXX object CMakeFiles/real_sensor_node.dir/src/serial_imu_reader.cpp.o
[1.205s] [ 82%] Built target cube_imu_calibration__py
[1.223s] [ 88%] Built target cube_imu_calibration__rosidl_generator_py
[1.241s] [ 91%] Built target cube_imu_calibration_s__rosidl_typesupport_fastrtps_c
[1.241s] [ 95%] Built target cube_imu_calibration_s__rosidl_typesupport_introspection_c
[1.241s] [ 98%] Built target cube_imu_calibration_s__rosidl_typesupport_c
[1.281s] running egg_info
[1.292s] writing cube_imu_calibration.egg-info/PKG-INFO
[1.292s] writing dependency_links to cube_imu_calibration.egg-info/dependency_links.txt
[1.292s] writing top-level names to cube_imu_calibration.egg-info/top_level.txt
[1.319s] reading manifest file 'cube_imu_calibration.egg-info/SOURCES.txt'
[1.320s] writing manifest file 'cube_imu_calibration.egg-info/SOURCES.txt'
[1.340s] [ 98%] Built target ament_cmake_python_build_cube_imu_calibration_egg
[1.430s] /home/wangjh/code/06imu_cube_calib/cube_imu_calibration/src/real_sensor_node.cpp:34:10: fatal error: std_srvs/srv/trigger.hpp: No such file or directory
[1.430s]    34 | #include "std_srvs/srv/trigger.hpp"
[1.430s]       |          ^~~~~~~~~~~~~~~~~~~~~~~~~~
[1.430s] compilation terminated.
[1.434s] gmake[2]: *** [CMakeFiles/real_sensor_node.dir/build.make:76: CMakeFiles/real_sensor_node.dir/src/real_sensor_node.cpp.o] Error 1
[1.434s] gmake[2]: *** Waiting for unfinished jobs....
[2.227s] gmake[1]: *** [CMakeFiles/Makefile2:702: CMakeFiles/real_sensor_node.dir/all] Error 2
[2.227s] gmake: *** [Makefile:146: all] Error 2
[2.229s] Invoked command in '/home/wangjh/code/06imu_cube_calib/build/cube_imu_calibration' returned '2': CMAKE_PREFIX_PATH=${CMAKE_PREFIX_PATH}:/opt/ros/jazzy DEBUGINFOD_URLS=https://debuginfod.ubuntu.com /usr/bin/cmake --build /home/wangjh/code/06imu_cube_calib/build/cube_imu_calibration -- -j24 -l24
