-- Found ament_cmake: 2.5.6 (/opt/ros/jazzy/share/ament_cmake/cmake)
-- Found rclcpp: 28.1.18 (/opt/ros/jazzy/share/rclcpp/cmake)
-- Found rosidl_generator_c: 4.6.7 (/opt/ros/jazzy/share/rosidl_generator_c/cmake)
-- Found rosidl_generator_cpp: 4.6.7 (/opt/ros/jazzy/share/rosidl_generator_cpp/cmake)
-- Using all available rosidl_typesupport_c: rosidl_typesupport_fastrtps_c;rosidl_typesupport_introspection_c
-- Using all available rosidl_typesupport_cpp: rosidl_typesupport_fastrtps_cpp;rosidl_typesupport_introspection_cpp
-- Found rmw_implementation_cmake: 7.3.3 (/opt/ros/jazzy/share/rmw_implementation_cmake/cmake)
-- Found rmw_fastrtps_cpp: 8.4.3 (/opt/ros/jazzy/share/rmw_fastrtps_cpp/cmake)
-- Using RMW implementation 'rmw_fastrtps_cpp' as default
-- Found sensor_msgs: 5.3.7 (/opt/ros/jazzy/share/sensor_msgs/cmake)
-- Found std_srvs: 5.3.7 (/opt/ros/jazzy/share/std_srvs/cmake)
-- Found cv_bridge: 4.1.0 (/opt/ros/jazzy/share/cv_bridge/cmake)
-- Found rosbag2_cpp: 0.26.10 (/opt/ros/jazzy/share/rosbag2_cpp/cmake)
-- Setting yaml-cpp_DIR to: '/opt/ros/jazzy/share/yaml_cpp_vendor/cmake/../../../opt/yaml_cpp_vendor/share/cmake/yaml-cpp'
-- Found rosidl_default_generators: 1.6.0 (/opt/ros/jazzy/share/rosidl_default_generators/cmake)
-- Found rosidl_adapter: 4.6.7 (/opt/ros/jazzy/share/rosidl_adapter/cmake)
-- Found ament_cmake_ros: 0.12.0 (/opt/ros/jazzy/share/ament_cmake_ros/cmake)
-- Using all available rosidl_typesupport_c: rosidl_typesupport_fastrtps_c;rosidl_typesupport_introspection_c
-- Using all available rosidl_typesupport_cpp: rosidl_typesupport_fastrtps_cpp;rosidl_typesupport_introspection_cpp
-- Found python_cmake_module: 0.11.1 (/opt/ros/jazzy/share/python_cmake_module/cmake)
-- Found Python3: /usr/bin/python3 (found version "3.12.3") found components: Interpreter Development NumPy Development.Module Development.Embed 
-- Found Python3: /usr/bin/python3 (found version "3.12.3") found components: Interpreter 
-- Configuring done (0.9s)
-- Generating done (0.0s)
-- Build files have been written to: /home/wangjh/code/06imu_cube_calib/build/cube_imu_calibration
[  3%] Generating type hashes for ROS interfaces
[  3%] Generating Rust code for ROS interfaces
[  3%] Built target ament_cmake_python_copy_cube_imu_calibration
[  6%] Built target simulated_sensor_node
[ 11%] Built target real_sensor_node
running egg_info
writing cube_imu_calibration.egg-info/PKG-INFO
writing dependency_links to cube_imu_calibration.egg-info/dependency_links.txt
writing top-level names to cube_imu_calibration.egg-info/top_level.txt
[ 11%] Built target cube_imu_calibration__rosidl_generator_type_description
reading manifest file 'cube_imu_calibration.egg-info/SOURCES.txt'
writing manifest file 'cube_imu_calibration.egg-info/SOURCES.txt'
[ 12%] Generating C code for ROS interfaces
[ 12%] Built target cube_imu_calibration__rs
[ 14%] Generating C++ code for ROS interfaces
[ 14%] Built target ament_cmake_python_build_cube_imu_calibration_egg
[ 14%] Built target cube_imu_calibration__cpp
[ 17%] Building C object CMakeFiles/cube_imu_calibration__rosidl_generator_c.dir/rosidl_generator_c/cube_imu_calibration/msg/detail/cube_pose__functions.c.o
[ 17%] Building C object CMakeFiles/cube_imu_calibration__rosidl_generator_c.dir/rosidl_generator_c/cube_imu_calibration/msg/detail/cube_pose__type_support.c.o
[ 19%] Building C object CMakeFiles/cube_imu_calibration__rosidl_generator_c.dir/rosidl_generator_c/cube_imu_calibration/msg/detail/cube_pose__description.c.o
[ 20%] Building C object CMakeFiles/cube_imu_calibration__rosidl_generator_c.dir/rosidl_generator_c/cube_imu_calibration/msg/detail/cube_pose_status__description.c.o
[ 22%] Building C object CMakeFiles/cube_imu_calibration__rosidl_generator_c.dir/rosidl_generator_c/cube_imu_calibration/msg/detail/cube_pose_status__type_support.c.o
[ 24%] Building C object CMakeFiles/cube_imu_calibration__rosidl_generator_c.dir/rosidl_generator_c/cube_imu_calibration/msg/detail/recorder_status__description.c.o
[ 25%] Building C object CMakeFiles/cube_imu_calibration__rosidl_generator_c.dir/rosidl_generator_c/cube_imu_calibration/msg/detail/cube_pose_status__functions.c.o
[ 27%] Building C object CMakeFiles/cube_imu_calibration__rosidl_generator_c.dir/rosidl_generator_c/cube_imu_calibration/msg/detail/recorder_status__functions.c.o
[ 29%] Building C object CMakeFiles/cube_imu_calibration__rosidl_generator_c.dir/rosidl_generator_c/cube_imu_calibration/msg/detail/recorder_status__type_support.c.o
[ 30%] Linking C shared library libcube_imu_calibration__rosidl_generator_c.so
[ 30%] Built target cube_imu_calibration__rosidl_generator_c
[ 35%] Generating C type support for eProsima Fast-RTPS
[ 35%] Generating C type support dispatch for ROS interfaces
[ 37%] Generating C++ type support for eProsima Fast-RTPS
[ 37%] Generating C introspection for ROS interfaces
[ 38%] Generating C++ type support dispatch for ROS interfaces
[ 40%] Generating C++ introspection for ROS interfaces
[ 45%] Building CXX object CMakeFiles/cube_imu_calibration__rosidl_typesupport_cpp.dir/rosidl_typesupport_cpp/cube_imu_calibration/msg/recorder_status__type_support.cpp.o
[ 45%] Building CXX object CMakeFiles/cube_imu_calibration__rosidl_typesupport_cpp.dir/rosidl_typesupport_cpp/cube_imu_calibration/msg/cube_pose__type_support.cpp.o
[ 45%] Building CXX object CMakeFiles/cube_imu_calibration__rosidl_typesupport_cpp.dir/rosidl_typesupport_cpp/cube_imu_calibration/msg/cube_pose_status__type_support.cpp.o
[ 46%] Building CXX object CMakeFiles/cube_imu_calibration__rosidl_typesupport_c.dir/rosidl_typesupport_c/cube_imu_calibration/msg/cube_pose_status__type_support.cpp.o
[ 48%] Building CXX object CMakeFiles/cube_imu_calibration__rosidl_typesupport_c.dir/rosidl_typesupport_c/cube_imu_calibration/msg/cube_pose__type_support.cpp.o
[ 50%] Building CXX object CMakeFiles/cube_imu_calibration__rosidl_typesupport_c.dir/rosidl_typesupport_c/cube_imu_calibration/msg/recorder_status__type_support.cpp.o
[ 58%] Building CXX object CMakeFiles/cube_imu_calibration__rosidl_typesupport_introspection_cpp.dir/rosidl_typesupport_introspection_cpp/cube_imu_calibration/msg/detail/cube_pose_status__type_support.cpp.o
[ 58%] Building C object CMakeFiles/cube_imu_calibration__rosidl_typesupport_introspection_c.dir/rosidl_typesupport_introspection_c/cube_imu_calibration/msg/detail/recorder_status__type_support.c.o
[ 58%] Building CXX object CMakeFiles/cube_imu_calibration__rosidl_typesupport_introspection_cpp.dir/rosidl_typesupport_introspection_cpp/cube_imu_calibration/msg/detail/cube_pose__type_support.cpp.o
[ 58%] Building C object CMakeFiles/cube_imu_calibration__rosidl_typesupport_introspection_c.dir/rosidl_typesupport_introspection_c/cube_imu_calibration/msg/detail/cube_pose__type_support.c.o
[ 58%] Building C object CMakeFiles/cube_imu_calibration__rosidl_typesupport_introspection_c.dir/rosidl_typesupport_introspection_c/cube_imu_calibration/msg/detail/cube_pose_status__type_support.c.o
[ 59%] Building CXX object CMakeFiles/cube_imu_calibration__rosidl_typesupport_introspection_cpp.dir/rosidl_typesupport_introspection_cpp/cube_imu_calibration/msg/detail/recorder_status__type_support.cpp.o
[ 61%] Linking CXX shared library libcube_imu_calibration__rosidl_typesupport_c.so
[ 62%] Building CXX object CMakeFiles/cube_imu_calibration__rosidl_typesupport_fastrtps_cpp.dir/rosidl_typesupport_fastrtps_cpp/cube_imu_calibration/msg/detail/dds_fastrtps/cube_pose_status__type_support.cpp.o
[ 64%] Building CXX object CMakeFiles/cube_imu_calibration__rosidl_typesupport_fastrtps_cpp.dir/rosidl_typesupport_fastrtps_cpp/cube_imu_calibration/msg/detail/dds_fastrtps/recorder_status__type_support.cpp.o
[ 66%] Building CXX object CMakeFiles/cube_imu_calibration__rosidl_typesupport_fastrtps_cpp.dir/rosidl_typesupport_fastrtps_cpp/cube_imu_calibration/msg/detail/dds_fastrtps/cube_pose__type_support.cpp.o
[ 67%] Building CXX object CMakeFiles/cube_imu_calibration__rosidl_typesupport_fastrtps_c.dir/rosidl_typesupport_fastrtps_c/cube_imu_calibration/msg/detail/recorder_status__type_support_c.cpp.o
[ 69%] Building CXX object CMakeFiles/cube_imu_calibration__rosidl_typesupport_fastrtps_c.dir/rosidl_typesupport_fastrtps_c/cube_imu_calibration/msg/detail/cube_pose__type_support_c.cpp.o
[ 70%] Building CXX object CMakeFiles/cube_imu_calibration__rosidl_typesupport_fastrtps_c.dir/rosidl_typesupport_fastrtps_c/cube_imu_calibration/msg/detail/cube_pose_status__type_support_c.cpp.o
[ 72%] Linking C shared library libcube_imu_calibration__rosidl_typesupport_introspection_c.so
[ 72%] Built target cube_imu_calibration__rosidl_typesupport_c
[ 72%] Built target cube_imu_calibration__rosidl_typesupport_introspection_c
[ 74%] Linking CXX shared library libcube_imu_calibration__rosidl_typesupport_cpp.so
[ 75%] Linking CXX shared library libcube_imu_calibration__rosidl_typesupport_introspection_cpp.so
[ 75%] Built target cube_imu_calibration__rosidl_typesupport_cpp
[ 77%] Building CXX object CMakeFiles/data_recorder_node.dir/src/data_recorder_node.cpp.o
[ 77%] Built target cube_imu_calibration__rosidl_typesupport_introspection_cpp
[ 79%] Linking CXX shared library libcube_imu_calibration__rosidl_typesupport_fastrtps_cpp.so
[ 80%] Linking CXX shared library libcube_imu_calibration__rosidl_typesupport_fastrtps_c.so
[ 80%] Built target cube_imu_calibration__rosidl_typesupport_fastrtps_cpp
[ 80%] Built target cube_imu_calibration__rosidl_typesupport_fastrtps_c
[ 80%] Built target cube_imu_calibration
[ 82%] Generating Python code for ROS interfaces
[ 82%] Built target cube_imu_calibration__py
[ 85%] Building C object CMakeFiles/cube_imu_calibration__rosidl_generator_py.dir/rosidl_generator_py/cube_imu_calibration/msg/_cube_pose_s.c.o
[ 85%] Building C object CMakeFiles/cube_imu_calibration__rosidl_generator_py.dir/rosidl_generator_py/cube_imu_calibration/msg/_cube_pose_status_s.c.o
[ 87%] Building C object CMakeFiles/cube_imu_calibration__rosidl_generator_py.dir/rosidl_generator_py/cube_imu_calibration/msg/_recorder_status_s.c.o
[ 88%] Linking C shared library libcube_imu_calibration__rosidl_generator_py.so
[ 88%] Built target cube_imu_calibration__rosidl_generator_py
[ 93%] Building C object CMakeFiles/cube_imu_calibration_s__rosidl_typesupport_introspection_c.dir/rosidl_generator_py/cube_imu_calibration/_cube_imu_calibration_s.ep.rosidl_typesupport_introspection_c.c.o
[ 93%] Building C object CMakeFiles/cube_imu_calibration_s__rosidl_typesupport_c.dir/rosidl_generator_py/cube_imu_calibration/_cube_imu_calibration_s.ep.rosidl_typesupport_c.c.o
[ 93%] Building C object CMakeFiles/cube_imu_calibration_s__rosidl_typesupport_fastrtps_c.dir/rosidl_generator_py/cube_imu_calibration/_cube_imu_calibration_s.ep.rosidl_typesupport_fastrtps_c.c.o
[ 96%] Linking C shared module rosidl_generator_py/cube_imu_calibration/cube_imu_calibration_s__rosidl_typesupport_fastrtps_c.so
[ 96%] Linking C shared module rosidl_generator_py/cube_imu_calibration/cube_imu_calibration_s__rosidl_typesupport_introspection_c.so
[ 98%] Linking C shared module rosidl_generator_py/cube_imu_calibration/cube_imu_calibration_s__rosidl_typesupport_c.so
[ 98%] Built target cube_imu_calibration_s__rosidl_typesupport_c
[ 98%] Built target cube_imu_calibration_s__rosidl_typesupport_fastrtps_c
[ 98%] Built target cube_imu_calibration_s__rosidl_typesupport_introspection_c
[100%] Linking CXX executable data_recorder_node
[100%] Built target data_recorder_node
-- Install configuration: "Release"
-- Installing: /home/wangjh/code/06imu_cube_calib/install/cube_imu_calibration/share/ament_index/resource_index/rosidl_interfaces/cube_imu_calibration
-- Installing: /home/wangjh/code/06imu_cube_calib/install/cube_imu_calibration/share/cube_imu_calibration/msg/CubePose.json
-- Installing: /home/wangjh/code/06imu_cube_calib/install/cube_imu_calibration/share/cube_imu_calibration/msg/CubePoseStatus.json
-- Installing: /home/wangjh/code/06imu_cube_calib/install/cube_imu_calibration/share/cube_imu_calibration/msg/RecorderStatus.json
-- Up-to-date: /home/wangjh/code/06imu_cube_calib/install/cube_imu_calibration/include/cube_imu_calibration/cube_imu_calibration
-- Up-to-date: /home/wangjh/code/06imu_cube_calib/install/cube_imu_calibration/include/cube_imu_calibration/cube_imu_calibration/msg
-- Up-to-date: /home/wangjh/code/06imu_cube_calib/install/cube_imu_calibration/include/cube_imu_calibration/cube_imu_calibration/msg/detail
-- Installing: /home/wangjh/code/06imu_cube_calib/install/cube_imu_calibration/include/cube_imu_calibration/cube_imu_calibration/msg/detail/cube_pose__type_support.c
-- Installing: /home/wangjh/code/06imu_cube_calib/install/cube_imu_calibration/include/cube_imu_calibration/cube_imu_calibration/msg/detail/recorder_status__struct.h
-- Installing: /home/wangjh/code/06imu_cube_calib/install/cube_imu_calibration/include/cube_imu_calibration/cube_imu_calibration/msg/detail/cube_pose__functions.h
-- Installing: /home/wangjh/code/06imu_cube_calib/install/cube_imu_calibration/include/cube_imu_calibration/cube_imu_calibration/msg/detail/recorder_status__functions.h
-- Installing: /home/wangjh/code/06imu_cube_calib/install/cube_imu_calibration/include/cube_imu_calibration/cube_imu_calibration/msg/detail/recorder_status__type_support.c
-- Installing: /home/wangjh/code/06imu_cube_calib/install/cube_imu_calibration/include/cube_imu_calibration/cube_imu_calibration/msg/detail/recorder_status__description.c
-- Installing: /home/wangjh/code/06imu_cube_calib/install/cube_imu_calibration/include/cube_imu_calibration/cube_imu_calibration/msg/detail/cube_pose__description.c
-- Installing: /home/wangjh/code/06imu_cube_calib/install/cube_imu_calibration/include/cube_imu_calibration/cube_imu_calibration/msg/detail/cube_pose_status__type_support.h
-- Installing: /home/wangjh/code/06imu_cube_calib/install/cube_imu_calibration/include/cube_imu_calibration/cube_imu_calibration/msg/detail/cube_pose__struct.h
-- Installing: /home/wangjh/code/06imu_cube_calib/install/cube_imu_calibration/include/cube_imu_calibration/cube_imu_calibration/msg/detail/cube_pose_status__struct.h
-- Installing: /home/wangjh/code/06imu_cube_calib/install/cube_imu_calibration/include/cube_imu_calibration/cube_imu_calibration/msg/detail/cube_pose_status__functions.c
-- Installing: /home/wangjh/code/06imu_cube_calib/install/cube_imu_calibration/include/cube_imu_calibration/cube_imu_calibration/msg/detail/cube_pose__type_support.h
-- Installing: /home/wangjh/code/06imu_cube_calib/install/cube_imu_calibration/include/cube_imu_calibration/cube_imu_calibration/msg/detail/cube_pose_status__type_support.c
-- Installing: /home/wangjh/code/06imu_cube_calib/install/cube_imu_calibration/include/cube_imu_calibration/cube_imu_calibration/msg/detail/cube_pose__functions.c
-- Installing: /home/wangjh/code/06imu_cube_calib/install/cube_imu_calibration/include/cube_imu_calibration/cube_imu_calibration/msg/detail/cube_pose_status__description.c
-- Installing: /home/wangjh/code/06imu_cube_calib/install/cube_imu_calibration/include/cube_imu_calibration/cube_imu_calibration/msg/detail/recorder_status__type_support.h
-- Installing: /home/wangjh/code/06imu_cube_calib/install/cube_imu_calibration/include/cube_imu_calibration/cube_imu_calibration/msg/detail/cube_pose_status__functions.h
-- Installing: /home/wangjh/code/06imu_cube_calib/install/cube_imu_calibration/include/cube_imu_calibration/cube_imu_calibration/msg/detail/recorder_status__functions.c
-- Up-to-date: /home/wangjh/code/06imu_cube_calib/install/cube_imu_calibration/include/cube_imu_calibration/cube_imu_calibration/msg/rosidl_generator_c__visibility_control.h
-- Installing: /home/wangjh/code/06imu_cube_calib/install/cube_imu_calibration/include/cube_imu_calibration/cube_imu_calibration/msg/cube_pose.h
-- Installing: /home/wangjh/code/06imu_cube_calib/install/cube_imu_calibration/include/cube_imu_calibration/cube_imu_calibration/msg/recorder_status.h
-- Installing: /home/wangjh/code/06imu_cube_calib/install/cube_imu_calibration/include/cube_imu_calibration/cube_imu_calibration/msg/cube_pose_status.h
-- Up-to-date: /home/wangjh/code/06imu_cube_calib/install/cube_imu_calibration/share/cube_imu_calibration/environment/library_path.sh
-- Up-to-date: /home/wangjh/code/06imu_cube_calib/install/cube_imu_calibration/share/cube_imu_calibration/environment/library_path.dsv
-- Installing: /home/wangjh/code/06imu_cube_calib/install/cube_imu_calibration/lib/libcube_imu_calibration__rosidl_generator_c.so
-- Set non-toolchain portion of runtime path of "/home/wangjh/code/06imu_cube_calib/install/cube_imu_calibration/lib/libcube_imu_calibration__rosidl_generator_c.so" to ""
-- Up-to-date: /home/wangjh/code/06imu_cube_calib/install/cube_imu_calibration/include/cube_imu_calibration/cube_imu_calibration
-- Up-to-date: /home/wangjh/code/06imu_cube_calib/install/cube_imu_calibration/include/cube_imu_calibration/cube_imu_calibration/msg
-- Up-to-date: /home/wangjh/code/06imu_cube_calib/install/cube_imu_calibration/include/cube_imu_calibration/cube_imu_calibration/msg/detail
-- Installing: /home/wangjh/code/06imu_cube_calib/install/cube_imu_calibration/include/cube_imu_calibration/cube_imu_calibration/msg/detail/cube_pose_status__rosidl_typesupport_fastrtps_c.h
-- Installing: /home/wangjh/code/06imu_cube_calib/install/cube_imu_calibration/include/cube_imu_calibration/cube_imu_calibration/msg/detail/recorder_status__rosidl_typesupport_fastrtps_c.h
-- Installing: /home/wangjh/code/06imu_cube_calib/install/cube_imu_calibration/include/cube_imu_calibration/cube_imu_calibration/msg/detail/cube_pose__rosidl_typesupport_fastrtps_c.h
-- Up-to-date: /home/wangjh/code/06imu_cube_calib/install/cube_imu_calibration/include/cube_imu_calibration/cube_imu_calibration/msg/rosidl_typesupport_fastrtps_c__visibility_control.h
-- Installing: /home/wangjh/code/06imu_cube_calib/install/cube_imu_calibration/lib/libcube_imu_calibration__rosidl_typesupport_fastrtps_c.so
-- Set non-toolchain portion of runtime path of "/home/wangjh/code/06imu_cube_calib/install/cube_imu_calibration/lib/libcube_imu_calibration__rosidl_typesupport_fastrtps_c.so" to ""
-- Up-to-date: /home/wangjh/code/06imu_cube_calib/install/cube_imu_calibration/include/cube_imu_calibration/cube_imu_calibration
-- Up-to-date: /home/wangjh/code/06imu_cube_calib/install/cube_imu_calibration/include/cube_imu_calibration/cube_imu_calibration/msg
-- Up-to-date: /home/wangjh/code/06imu_cube_calib/install/cube_imu_calibration/include/cube_imu_calibration/cube_imu_calibration/msg/detail
-- Installing: /home/wangjh/code/06imu_cube_calib/install/cube_imu_calibration/include/cube_imu_calibration/cube_imu_calibration/msg/detail/cube_pose__struct.hpp
-- Installing: /home/wangjh/code/06imu_cube_calib/install/cube_imu_calibration/include/cube_imu_calibration/cube_imu_calibration/msg/detail/cube_pose__traits.hpp
-- Installing: /home/wangjh/code/06imu_cube_calib/install/cube_imu_calibration/include/cube_imu_calibration/cube_imu_calibration/msg/detail/recorder_status__type_support.hpp
-- Installing: /home/wangjh/code/06imu_cube_calib/install/cube_imu_calibration/include/cube_imu_calibration/cube_imu_calibration/msg/detail/cube_pose__builder.hpp
-- Installing: /home/wangjh/code/06imu_cube_calib/install/cube_imu_calibration/include/cube_imu_calibration/cube_imu_calibration/msg/detail/cube_pose_status__traits.hpp
-- Installing: /home/wangjh/code/06imu_cube_calib/install/cube_imu_calibration/include/cube_imu_calibration/cube_imu_calibration/msg/detail/recorder_status__traits.hpp
-- Installing: /home/wangjh/code/06imu_cube_calib/install/cube_imu_calibration/include/cube_imu_calibration/cube_imu_calibration/msg/detail/cube_pose_status__builder.hpp
-- Installing: /home/wangjh/code/06imu_cube_calib/install/cube_imu_calibration/include/cube_imu_calibration/cube_imu_calibration/msg/detail/cube_pose_status__type_support.hpp
-- Installing: /home/wangjh/code/06imu_cube_calib/install/cube_imu_calibration/include/cube_imu_calibration/cube_imu_calibration/msg/detail/recorder_status__struct.hpp
-- Installing: /home/wangjh/code/06imu_cube_calib/install/cube_imu_calibration/include/cube_imu_calibration/cube_imu_calibration/msg/detail/cube_pose_status__struct.hpp
-- Installing: /home/wangjh/code/06imu_cube_calib/install/cube_imu_calibration/include/cube_imu_calibration/cube_imu_calibration/msg/detail/cube_pose__type_support.hpp
-- Installing: /home/wangjh/code/06imu_cube_calib/install/cube_imu_calibration/include/cube_imu_calibration/cube_imu_calibration/msg/detail/recorder_status__builder.hpp
-- Installing: /home/wangjh/code/06imu_cube_calib/install/cube_imu_calibration/include/cube_imu_calibration/cube_imu_calibration/msg/cube_pose.hpp
-- Installing: /home/wangjh/code/06imu_cube_calib/install/cube_imu_calibration/include/cube_imu_calibration/cube_imu_calibration/msg/recorder_status.hpp
-- Installing: /home/wangjh/code/06imu_cube_calib/install/cube_imu_calibration/include/cube_imu_calibration/cube_imu_calibration/msg/cube_pose_status.hpp
-- Installing: /home/wangjh/code/06imu_cube_calib/install/cube_imu_calibration/include/cube_imu_calibration/cube_imu_calibration/msg/rosidl_generator_cpp__visibility_control.hpp
-- Up-to-date: /home/wangjh/code/06imu_cube_calib/install/cube_imu_calibration/include/cube_imu_calibration/cube_imu_calibration
-- Up-to-date: /home/wangjh/code/06imu_cube_calib/install/cube_imu_calibration/include/cube_imu_calibration/cube_imu_calibration/msg
-- Up-to-date: /home/wangjh/code/06imu_cube_calib/install/cube_imu_calibration/include/cube_imu_calibration/cube_imu_calibration/msg/detail
-- Up-to-date: /home/wangjh/code/06imu_cube_calib/install/cube_imu_calibration/include/cube_imu_calibration/cube_imu_calibration/msg/detail/dds_fastrtps
-- Installing: /home/wangjh/code/06imu_cube_calib/install/cube_imu_calibration/include/cube_imu_calibration/cube_imu_calibration/msg/detail/cube_pose_status__rosidl_typesupport_fastrtps_cpp.hpp
-- Installing: /home/wangjh/code/06imu_cube_calib/install/cube_imu_calibration/include/cube_imu_calibration/cube_imu_calibration/msg/detail/cube_pose__rosidl_typesupport_fastrtps_cpp.hpp
-- Installing: /home/wangjh/code/06imu_cube_calib/install/cube_imu_calibration/include/cube_imu_calibration/cube_imu_calibration/msg/detail/recorder_status__rosidl_typesupport_fastrtps_cpp.hpp
-- Up-to-date: /home/wangjh/code/06imu_cube_calib/install/cube_imu_calibration/include/cube_imu_calibration/cube_imu_calibration/msg/rosidl_typesupport_fastrtps_cpp__visibility_control.h
-- Installing: /home/wangjh/code/06imu_cube_calib/install/cube_imu_calibration/lib/libcube_imu_calibration__rosidl_typesupport_fastrtps_cpp.so
-- Set non-toolchain portion of runtime path of "/home/wangjh/code/06imu_cube_calib/install/cube_imu_calibration/lib/libcube_imu_calibration__rosidl_typesupport_fastrtps_cpp.so" to ""
-- Up-to-date: /home/wangjh/code/06imu_cube_calib/install/cube_imu_calibration/include/cube_imu_calibration/cube_imu_calibration
-- Up-to-date: /home/wangjh/code/06imu_cube_calib/install/cube_imu_calibration/include/cube_imu_calibration/cube_imu_calibration/msg
-- Up-to-date: /home/wangjh/code/06imu_cube_calib/install/cube_imu_calibration/include/cube_imu_calibration/cube_imu_calibration/msg/rosidl_typesupport_introspection_c__visibility_control.h
-- Up-to-date: /home/wangjh/code/06imu_cube_calib/install/cube_imu_calibration/include/cube_imu_calibration/cube_imu_calibration/msg/detail
-- Installing: /home/wangjh/code/06imu_cube_calib/install/cube_imu_calibration/include/cube_imu_calibration/cube_imu_calibration/msg/detail/recorder_status__rosidl_typesupport_introspection_c.h
-- Up-to-date: /home/wangjh/code/06imu_cube_calib/install/cube_imu_calibration/include/cube_imu_calibration/cube_imu_calibration/msg/detail/cube_pose__type_support.c
-- Up-to-date: /home/wangjh/code/06imu_cube_calib/install/cube_imu_calibration/include/cube_imu_calibration/cube_imu_calibration/msg/detail/recorder_status__type_support.c
-- Installing: /home/wangjh/code/06imu_cube_calib/install/cube_imu_calibration/include/cube_imu_calibration/cube_imu_calibration/msg/detail/cube_pose__rosidl_typesupport_introspection_c.h
-- Up-to-date: /home/wangjh/code/06imu_cube_calib/install/cube_imu_calibration/include/cube_imu_calibration/cube_imu_calibration/msg/detail/cube_pose_status__type_support.c
-- Installing: /home/wangjh/code/06imu_cube_calib/install/cube_imu_calibration/include/cube_imu_calibration/cube_imu_calibration/msg/detail/cube_pose_status__rosidl_typesupport_introspection_c.h
-- Installing: /home/wangjh/code/06imu_cube_calib/install/cube_imu_calibration/lib/libcube_imu_calibration__rosidl_typesupport_introspection_c.so
-- Set non-toolchain portion of runtime path of "/home/wangjh/code/06imu_cube_calib/install/cube_imu_calibration/lib/libcube_imu_calibration__rosidl_typesupport_introspection_c.so" to ""
-- Installing: /home/wangjh/code/06imu_cube_calib/install/cube_imu_calibration/lib/libcube_imu_calibration__rosidl_typesupport_c.so
-- Set non-toolchain portion of runtime path of "/home/wangjh/code/06imu_cube_calib/install/cube_imu_calibration/lib/libcube_imu_calibration__rosidl_typesupport_c.so" to ""
-- Up-to-date: /home/wangjh/code/06imu_cube_calib/install/cube_imu_calibration/include/cube_imu_calibration/cube_imu_calibration
-- Up-to-date: /home/wangjh/code/06imu_cube_calib/install/cube_imu_calibration/include/cube_imu_calibration/cube_imu_calibration/msg
-- Up-to-date: /home/wangjh/code/06imu_cube_calib/install/cube_imu_calibration/include/cube_imu_calibration/cube_imu_calibration/msg/detail
-- Installing: /home/wangjh/code/06imu_cube_calib/install/cube_imu_calibration/include/cube_imu_calibration/cube_imu_calibration/msg/detail/cube_pose__rosidl_typesupport_introspection_cpp.hpp
-- Installing: /home/wangjh/code/06imu_cube_calib/install/cube_imu_calibration/include/cube_imu_calibration/cube_imu_calibration/msg/detail/cube_pose_status__rosidl_typesupport_introspection_cpp.hpp
-- Installing: /home/wangjh/code/06imu_cube_calib/install/cube_imu_calibration/include/cube_imu_calibration/cube_imu_calibration/msg/detail/recorder_status__rosidl_typesupport_introspection_cpp.hpp
-- Installing: /home/wangjh/code/06imu_cube_calib/install/cube_imu_calibration/include/cube_imu_calibration/cube_imu_calibration/msg/detail/cube_pose__type_support.cpp
-- Installing: /home/wangjh/code/06imu_cube_calib/install/cube_imu_calibration/include/cube_imu_calibration/cube_imu_calibration/msg/detail/recorder_status__type_support.cpp
-- Installing: /home/wangjh/code/06imu_cube_calib/install/cube_imu_calibration/include/cube_imu_calibration/cube_imu_calibration/msg/detail/cube_pose_status__type_support.cpp
-- Installing: /home/wangjh/code/06imu_cube_calib/install/cube_imu_calibration/lib/libcube_imu_calibration__rosidl_typesupport_introspection_cpp.so
-- Set non-toolchain portion of runtime path of "/home/wangjh/code/06imu_cube_calib/install/cube_imu_calibration/lib/libcube_imu_calibration__rosidl_typesupport_introspection_cpp.so" to ""
-- Installing: /home/wangjh/code/06imu_cube_calib/install/cube_imu_calibration/lib/libcube_imu_calibration__rosidl_typesupport_cpp.so
-- Set non-toolchain portion of runtime path of "/home/wangjh/code/06imu_cube_calib/install/cube_imu_calibration/lib/libcube_imu_calibration__rosidl_typesupport_cpp.so" to ""
-- Up-to-date: /home/wangjh/code/06imu_cube_calib/install/cube_imu_calibration/share/cube_imu_calibration/environment/pythonpath.sh
-- Up-to-date: /home/wangjh/code/06imu_cube_calib/install/cube_imu_calibration/share/cube_imu_calibration/environment/pythonpath.dsv
-- Up-to-date: /home/wangjh/code/06imu_cube_calib/install/cube_imu_calibration/lib/python3.12/site-packages/cube_imu_calibration-0.1.0-py3.12.egg-info
-- Installing: /home/wangjh/code/06imu_cube_calib/install/cube_imu_calibration/lib/python3.12/site-packages/cube_imu_calibration-0.1.0-py3.12.egg-info/dependency_links.txt
-- Installing: /home/wangjh/code/06imu_cube_calib/install/cube_imu_calibration/lib/python3.12/site-packages/cube_imu_calibration-0.1.0-py3.12.egg-info/SOURCES.txt
-- Installing: /home/wangjh/code/06imu_cube_calib/install/cube_imu_calibration/lib/python3.12/site-packages/cube_imu_calibration-0.1.0-py3.12.egg-info/top_level.txt
-- Installing: /home/wangjh/code/06imu_cube_calib/install/cube_imu_calibration/lib/python3.12/site-packages/cube_imu_calibration-0.1.0-py3.12.egg-info/PKG-INFO
-- Up-to-date: /home/wangjh/code/06imu_cube_calib/install/cube_imu_calibration/lib/python3.12/site-packages/cube_imu_calibration
-- Installing: /home/wangjh/code/06imu_cube_calib/install/cube_imu_calibration/lib/python3.12/site-packages/cube_imu_calibration/_cube_imu_calibration_s.ep.rosidl_typesupport_c.c
-- Installing: /home/wangjh/code/06imu_cube_calib/install/cube_imu_calibration/lib/python3.12/site-packages/cube_imu_calibration/_cube_imu_calibration_s.ep.rosidl_typesupport_introspection_c.c
-- Installing: /home/wangjh/code/06imu_cube_calib/install/cube_imu_calibration/lib/python3.12/site-packages/cube_imu_calibration/__init__.py
-- Installing: /home/wangjh/code/06imu_cube_calib/install/cube_imu_calibration/lib/python3.12/site-packages/cube_imu_calibration/cube_imu_calibration_s__rosidl_typesupport_fastrtps_c.so
-- Up-to-date: /home/wangjh/code/06imu_cube_calib/install/cube_imu_calibration/lib/python3.12/site-packages/cube_imu_calibration/msg
-- Installing: /home/wangjh/code/06imu_cube_calib/install/cube_imu_calibration/lib/python3.12/site-packages/cube_imu_calibration/msg/_cube_pose.py
-- Installing: /home/wangjh/code/06imu_cube_calib/install/cube_imu_calibration/lib/python3.12/site-packages/cube_imu_calibration/msg/_cube_pose_s.c
-- Installing: /home/wangjh/code/06imu_cube_calib/install/cube_imu_calibration/lib/python3.12/site-packages/cube_imu_calibration/msg/__init__.py
-- Installing: /home/wangjh/code/06imu_cube_calib/install/cube_imu_calibration/lib/python3.12/site-packages/cube_imu_calibration/msg/_recorder_status.py
-- Installing: /home/wangjh/code/06imu_cube_calib/install/cube_imu_calibration/lib/python3.12/site-packages/cube_imu_calibration/msg/_recorder_status_s.c
-- Installing: /home/wangjh/code/06imu_cube_calib/install/cube_imu_calibration/lib/python3.12/site-packages/cube_imu_calibration/msg/_cube_pose_status.py
-- Installing: /home/wangjh/code/06imu_cube_calib/install/cube_imu_calibration/lib/python3.12/site-packages/cube_imu_calibration/msg/_cube_pose_status_s.c
-- Installing: /home/wangjh/code/06imu_cube_calib/install/cube_imu_calibration/lib/python3.12/site-packages/cube_imu_calibration/cube_imu_calibration_s__rosidl_typesupport_introspection_c.so
-- Installing: /home/wangjh/code/06imu_cube_calib/install/cube_imu_calibration/lib/python3.12/site-packages/cube_imu_calibration/cube_imu_calibration_s__rosidl_typesupport_c.so
-- Installing: /home/wangjh/code/06imu_cube_calib/install/cube_imu_calibration/lib/python3.12/site-packages/cube_imu_calibration/_cube_imu_calibration_s.ep.rosidl_typesupport_fastrtps_c.c
Listing '/home/wangjh/code/06imu_cube_calib/install/cube_imu_calibration/lib/python3.12/site-packages/cube_imu_calibration'...
Compiling '/home/wangjh/code/06imu_cube_calib/install/cube_imu_calibration/lib/python3.12/site-packages/cube_imu_calibration/__init__.py'...
Listing '/home/wangjh/code/06imu_cube_calib/install/cube_imu_calibration/lib/python3.12/site-packages/cube_imu_calibration/msg'...
Compiling '/home/wangjh/code/06imu_cube_calib/install/cube_imu_calibration/lib/python3.12/site-packages/cube_imu_calibration/msg/__init__.py'...
Compiling '/home/wangjh/code/06imu_cube_calib/install/cube_imu_calibration/lib/python3.12/site-packages/cube_imu_calibration/msg/_cube_pose.py'...
Compiling '/home/wangjh/code/06imu_cube_calib/install/cube_imu_calibration/lib/python3.12/site-packages/cube_imu_calibration/msg/_cube_pose_status.py'...
Compiling '/home/wangjh/code/06imu_cube_calib/install/cube_imu_calibration/lib/python3.12/site-packages/cube_imu_calibration/msg/_recorder_status.py'...
-- Installing: /home/wangjh/code/06imu_cube_calib/install/cube_imu_calibration/lib/python3.12/site-packages/cube_imu_calibration/cube_imu_calibration_s__rosidl_typesupport_fastrtps_c.so
-- Set non-toolchain portion of runtime path of "/home/wangjh/code/06imu_cube_calib/install/cube_imu_calibration/lib/python3.12/site-packages/cube_imu_calibration/cube_imu_calibration_s__rosidl_typesupport_fastrtps_c.so" to ""
-- Installing: /home/wangjh/code/06imu_cube_calib/install/cube_imu_calibration/lib/python3.12/site-packages/cube_imu_calibration/cube_imu_calibration_s__rosidl_typesupport_introspection_c.so
-- Set non-toolchain portion of runtime path of "/home/wangjh/code/06imu_cube_calib/install/cube_imu_calibration/lib/python3.12/site-packages/cube_imu_calibration/cube_imu_calibration_s__rosidl_typesupport_introspection_c.so" to ""
-- Installing: /home/wangjh/code/06imu_cube_calib/install/cube_imu_calibration/lib/python3.12/site-packages/cube_imu_calibration/cube_imu_calibration_s__rosidl_typesupport_c.so
-- Set non-toolchain portion of runtime path of "/home/wangjh/code/06imu_cube_calib/install/cube_imu_calibration/lib/python3.12/site-packages/cube_imu_calibration/cube_imu_calibration_s__rosidl_typesupport_c.so" to ""
-- Installing: /home/wangjh/code/06imu_cube_calib/install/cube_imu_calibration/lib/libcube_imu_calibration__rosidl_generator_py.so
-- Set non-toolchain portion of runtime path of "/home/wangjh/code/06imu_cube_calib/install/cube_imu_calibration/lib/libcube_imu_calibration__rosidl_generator_py.so" to ""
-- Up-to-date: /home/wangjh/code/06imu_cube_calib/install/cube_imu_calibration/share/ament_index/resource_index/rust_packages/cube_imu_calibration
-- Up-to-date: /home/wangjh/code/06imu_cube_calib/install/cube_imu_calibration/share/cube_imu_calibration/rust
-- Installing: /home/wangjh/code/06imu_cube_calib/install/cube_imu_calibration/share/cube_imu_calibration/rust/Cargo.toml
-- Installing: /home/wangjh/code/06imu_cube_calib/install/cube_imu_calibration/share/cube_imu_calibration/rust/build.rs
-- Up-to-date: /home/wangjh/code/06imu_cube_calib/install/cube_imu_calibration/share/cube_imu_calibration/rust/src
-- Installing: /home/wangjh/code/06imu_cube_calib/install/cube_imu_calibration/share/cube_imu_calibration/rust/src/lib.rs
-- Up-to-date: /home/wangjh/code/06imu_cube_calib/install/cube_imu_calibration/share/cube_imu_calibration/rust/src/msg
-- Installing: /home/wangjh/code/06imu_cube_calib/install/cube_imu_calibration/share/cube_imu_calibration/rust/src/msg/rmw.rs
-- Installing: /home/wangjh/code/06imu_cube_calib/install/cube_imu_calibration/share/cube_imu_calibration/rust/src/msg.rs
-- Up-to-date: /home/wangjh/code/06imu_cube_calib/install/cube_imu_calibration/share/cube_imu_calibration/msg/CubePose.idl
-- Installing: /home/wangjh/code/06imu_cube_calib/install/cube_imu_calibration/share/cube_imu_calibration/msg/CubePoseStatus.idl
-- Installing: /home/wangjh/code/06imu_cube_calib/install/cube_imu_calibration/share/cube_imu_calibration/msg/RecorderStatus.idl
-- Up-to-date: /home/wangjh/code/06imu_cube_calib/install/cube_imu_calibration/share/cube_imu_calibration/msg/CubePose.msg
-- Installing: /home/wangjh/code/06imu_cube_calib/install/cube_imu_calibration/share/cube_imu_calibration/msg/CubePoseStatus.msg
-- Installing: /home/wangjh/code/06imu_cube_calib/install/cube_imu_calibration/share/cube_imu_calibration/msg/RecorderStatus.msg
-- Installing: /home/wangjh/code/06imu_cube_calib/install/cube_imu_calibration/lib/cube_imu_calibration/data_recorder_node
-- Set non-toolchain portion of runtime path of "/home/wangjh/code/06imu_cube_calib/install/cube_imu_calibration/lib/cube_imu_calibration/data_recorder_node" to ""
-- Up-to-date: /home/wangjh/code/06imu_cube_calib/install/cube_imu_calibration/lib/cube_imu_calibration/simulated_sensor_node
-- Up-to-date: /home/wangjh/code/06imu_cube_calib/install/cube_imu_calibration/lib/cube_imu_calibration/real_sensor_node
-- Installing: /home/wangjh/code/06imu_cube_calib/install/cube_imu_calibration/lib/cube_imu_calibration/calibration_gui.py
-- Up-to-date: /home/wangjh/code/06imu_cube_calib/install/cube_imu_calibration/lib/cube_imu_calibration/kalibr_workflow_check.py
-- Up-to-date: /home/wangjh/code/06imu_cube_calib/install/cube_imu_calibration/lib/cube_imu_calibration/solve_extrinsics.py
-- Up-to-date: /home/wangjh/code/06imu_cube_calib/install/cube_imu_calibration/lib/cube_imu_calibration/pose_imu_calibrator.py
-- Up-to-date: /home/wangjh/code/06imu_cube_calib/install/cube_imu_calibration/share/cube_imu_calibration/launch
-- Up-to-date: /home/wangjh/code/06imu_cube_calib/install/cube_imu_calibration/share/cube_imu_calibration/launch/sim_demo_launch.py
-- Installing: /home/wangjh/code/06imu_cube_calib/install/cube_imu_calibration/share/cube_imu_calibration/launch/gui_launch.py
-- Installing: /home/wangjh/code/06imu_cube_calib/install/cube_imu_calibration/share/cube_imu_calibration/launch/runtime_launch.py
-- Installing: /home/wangjh/code/06imu_cube_calib/install/cube_imu_calibration/share/cube_imu_calibration/launch/calibration_launch.py
-- Up-to-date: /home/wangjh/code/06imu_cube_calib/install/cube_imu_calibration/share/cube_imu_calibration/launch/__pycache__
-- Installing: /home/wangjh/code/06imu_cube_calib/install/cube_imu_calibration/share/cube_imu_calibration/launch/__pycache__/runtime_launch.cpython-312.pyc
-- Installing: /home/wangjh/code/06imu_cube_calib/install/cube_imu_calibration/share/cube_imu_calibration/launch/__pycache__/gui_launch.cpython-312.pyc
-- Installing: /home/wangjh/code/06imu_cube_calib/install/cube_imu_calibration/share/cube_imu_calibration/launch/__pycache__/calibration_launch.cpython-312.pyc
-- Up-to-date: /home/wangjh/code/06imu_cube_calib/install/cube_imu_calibration/share/cube_imu_calibration/launch/__pycache__/sim_demo_launch.cpython-312.pyc
-- Up-to-date: /home/wangjh/code/06imu_cube_calib/install/cube_imu_calibration/share/cube_imu_calibration/config
-- Installing: /home/wangjh/code/06imu_cube_calib/install/cube_imu_calibration/share/cube_imu_calibration/config/apriltag_params.yaml
-- Up-to-date: /home/wangjh/code/06imu_cube_calib/install/cube_imu_calibration/share/cube_imu_calibration/README_JAZZY.txt
-- Up-to-date: /home/wangjh/code/06imu_cube_calib/install/cube_imu_calibration/share/ament_index/resource_index/package_run_dependencies/cube_imu_calibration
-- Up-to-date: /home/wangjh/code/06imu_cube_calib/install/cube_imu_calibration/share/ament_index/resource_index/parent_prefix_path/cube_imu_calibration
-- Up-to-date: /home/wangjh/code/06imu_cube_calib/install/cube_imu_calibration/share/cube_imu_calibration/environment/ament_prefix_path.sh
-- Up-to-date: /home/wangjh/code/06imu_cube_calib/install/cube_imu_calibration/share/cube_imu_calibration/environment/ament_prefix_path.dsv
-- Up-to-date: /home/wangjh/code/06imu_cube_calib/install/cube_imu_calibration/share/cube_imu_calibration/environment/path.sh
-- Up-to-date: /home/wangjh/code/06imu_cube_calib/install/cube_imu_calibration/share/cube_imu_calibration/environment/path.dsv
-- Up-to-date: /home/wangjh/code/06imu_cube_calib/install/cube_imu_calibration/share/cube_imu_calibration/local_setup.bash
-- Up-to-date: /home/wangjh/code/06imu_cube_calib/install/cube_imu_calibration/share/cube_imu_calibration/local_setup.sh
-- Up-to-date: /home/wangjh/code/06imu_cube_calib/install/cube_imu_calibration/share/cube_imu_calibration/local_setup.zsh
-- Up-to-date: /home/wangjh/code/06imu_cube_calib/install/cube_imu_calibration/share/cube_imu_calibration/local_setup.dsv
-- Installing: /home/wangjh/code/06imu_cube_calib/install/cube_imu_calibration/share/cube_imu_calibration/package.dsv
-- Up-to-date: /home/wangjh/code/06imu_cube_calib/install/cube_imu_calibration/share/ament_index/resource_index/packages/cube_imu_calibration
-- Up-to-date: /home/wangjh/code/06imu_cube_calib/install/cube_imu_calibration/share/cube_imu_calibration/cmake/export_cube_imu_calibration__rosidl_generator_cExport.cmake
-- Up-to-date: /home/wangjh/code/06imu_cube_calib/install/cube_imu_calibration/share/cube_imu_calibration/cmake/export_cube_imu_calibration__rosidl_generator_cExport-release.cmake
-- Up-to-date: /home/wangjh/code/06imu_cube_calib/install/cube_imu_calibration/share/cube_imu_calibration/cmake/export_cube_imu_calibration__rosidl_typesupport_fastrtps_cExport.cmake
-- Up-to-date: /home/wangjh/code/06imu_cube_calib/install/cube_imu_calibration/share/cube_imu_calibration/cmake/export_cube_imu_calibration__rosidl_typesupport_fastrtps_cExport-release.cmake
-- Up-to-date: /home/wangjh/code/06imu_cube_calib/install/cube_imu_calibration/share/cube_imu_calibration/cmake/export_cube_imu_calibration__rosidl_generator_cppExport.cmake
-- Up-to-date: /home/wangjh/code/06imu_cube_calib/install/cube_imu_calibration/share/cube_imu_calibration/cmake/export_cube_imu_calibration__rosidl_typesupport_fastrtps_cppExport.cmake
-- Up-to-date: /home/wangjh/code/06imu_cube_calib/install/cube_imu_calibration/share/cube_imu_calibration/cmake/export_cube_imu_calibration__rosidl_typesupport_fastrtps_cppExport-release.cmake
-- Up-to-date: /home/wangjh/code/06imu_cube_calib/install/cube_imu_calibration/share/cube_imu_calibration/cmake/cube_imu_calibration__rosidl_typesupport_introspection_cExport.cmake
-- Up-to-date: /home/wangjh/code/06imu_cube_calib/install/cube_imu_calibration/share/cube_imu_calibration/cmake/cube_imu_calibration__rosidl_typesupport_introspection_cExport-release.cmake
-- Up-to-date: /home/wangjh/code/06imu_cube_calib/install/cube_imu_calibration/share/cube_imu_calibration/cmake/cube_imu_calibration__rosidl_typesupport_cExport.cmake
-- Up-to-date: /home/wangjh/code/06imu_cube_calib/install/cube_imu_calibration/share/cube_imu_calibration/cmake/cube_imu_calibration__rosidl_typesupport_cExport-release.cmake
-- Up-to-date: /home/wangjh/code/06imu_cube_calib/install/cube_imu_calibration/share/cube_imu_calibration/cmake/cube_imu_calibration__rosidl_typesupport_introspection_cppExport.cmake
-- Up-to-date: /home/wangjh/code/06imu_cube_calib/install/cube_imu_calibration/share/cube_imu_calibration/cmake/cube_imu_calibration__rosidl_typesupport_introspection_cppExport-release.cmake
-- Up-to-date: /home/wangjh/code/06imu_cube_calib/install/cube_imu_calibration/share/cube_imu_calibration/cmake/cube_imu_calibration__rosidl_typesupport_cppExport.cmake
-- Up-to-date: /home/wangjh/code/06imu_cube_calib/install/cube_imu_calibration/share/cube_imu_calibration/cmake/cube_imu_calibration__rosidl_typesupport_cppExport-release.cmake
-- Up-to-date: /home/wangjh/code/06imu_cube_calib/install/cube_imu_calibration/share/cube_imu_calibration/cmake/export_cube_imu_calibration__rosidl_generator_pyExport.cmake
-- Up-to-date: /home/wangjh/code/06imu_cube_calib/install/cube_imu_calibration/share/cube_imu_calibration/cmake/export_cube_imu_calibration__rosidl_generator_pyExport-release.cmake
-- Installing: /home/wangjh/code/06imu_cube_calib/install/cube_imu_calibration/share/cube_imu_calibration/cmake/rosidl_cmake-extras.cmake
-- Up-to-date: /home/wangjh/code/06imu_cube_calib/install/cube_imu_calibration/share/cube_imu_calibration/cmake/ament_cmake_export_dependencies-extras.cmake
-- Up-to-date: /home/wangjh/code/06imu_cube_calib/install/cube_imu_calibration/share/cube_imu_calibration/cmake/ament_cmake_export_include_directories-extras.cmake
-- Up-to-date: /home/wangjh/code/06imu_cube_calib/install/cube_imu_calibration/share/cube_imu_calibration/cmake/ament_cmake_export_libraries-extras.cmake
-- Up-to-date: /home/wangjh/code/06imu_cube_calib/install/cube_imu_calibration/share/cube_imu_calibration/cmake/ament_cmake_export_targets-extras.cmake
-- Up-to-date: /home/wangjh/code/06imu_cube_calib/install/cube_imu_calibration/share/cube_imu_calibration/cmake/rosidl_cmake_export_typesupport_targets-extras.cmake
-- Up-to-date: /home/wangjh/code/06imu_cube_calib/install/cube_imu_calibration/share/cube_imu_calibration/cmake/rosidl_cmake_export_typesupport_libraries-extras.cmake
-- Up-to-date: /home/wangjh/code/06imu_cube_calib/install/cube_imu_calibration/share/cube_imu_calibration/cmake/cube_imu_calibrationConfig.cmake
-- Up-to-date: /home/wangjh/code/06imu_cube_calib/install/cube_imu_calibration/share/cube_imu_calibration/cmake/cube_imu_calibrationConfig-version.cmake
-- Up-to-date: /home/wangjh/code/06imu_cube_calib/install/cube_imu_calibration/share/cube_imu_calibration/package.xml
